#
# There is insufficient memory for the Java Runtime Environment to continue.
# Native memory allocation (malloc) failed to allocate 1472368 bytes for Chunk::new
# Possible reasons:
#   The system is out of physical RAM or swap space
#   The process is running with CompressedOops enabled, and the Java Heap may be blocking the growth of the native heap
# Possible solutions:
#   Reduce memory load on the system
#   Increase physical memory or swap space
#   Check if swap backing store is full
#   Decrease Java heap size (-Xmx/-Xms)
#   Decrease number of Java threads
#   Decrease Java thread stack sizes (-Xss)
#   Set larger code cache with -XX:ReservedCodeCacheSize=
#   JVM is running with Unscaled Compressed Oops mode in which the Java heap is
#     placed in the first 4GB address space. The Java Heap base address is the
#     maximum limit for the native heap growth. Please use -XX:HeapBaseMinAddress
#     to set the Java Heap base and to place the Java Heap above 4GB virtual address.
# This output file may be truncated or incomplete.
#
#  Out of Memory Error (t:/workspace/open/src/hotspot/share/memory/arena.cpp:196), pid=12844, tid=10944
#
# JRE version: Java(TM) SE Runtime Environment (13.0.2+8) (build 13.0.2+8)
# Java VM: Java HotSpot(TM) 64-Bit Server VM (13.0.2+8, mixed mode, sharing, tiered, compressed oops, g1 gc, windows-amd64)
# No core dump will be written. Minidumps are not enabled by default on client versions of Windows
#

---------------  S U M M A R Y ------------

Command Line: --add-opens=java.base/java.util=ALL-UNNAMED --add-opens=java.base/java.lang=ALL-UNNAMED --add-opens=java.base/java.lang.invoke=ALL-UNNAMED --add-opens=java.prefs/java.util.prefs=ALL-UNNAMED -XX:MaxMetaspaceSize=256m -XX:+HeapDumpOnOutOfMemoryError -Xms256m -Xmx512m -Dfile.encoding=windows-1252 -Duser.country=US -Duser.language=en -Duser.variant org.gradle.launcher.daemon.bootstrap.GradleDaemon 6.0

Host: Intel(R) Core(TM) i5-7200U CPU @ 2.50GHz, 4 cores, 7G,  Windows 10 , 64 bit Build 18362 (10.0.18362.778)
Time: Sun May 10 02:28:09 2020 India Standard Time elapsed time: 92 seconds (0d 0h 1m 32s)

---------------  T H R E A D  ---------------

Current thread (0x000002074d508000):  JavaThread "C2 CompilerThread1" daemon [_thread_in_native, id=10944, stack(0x0000000cb4000000,0x0000000cb4100000)]


Current CompileTask:
C2:  92135 10076       4       org.gradle.api.internal.artifacts.configurations.DefaultConfiguration::collectSuperConfigs (72 bytes)

Stack: [0x0000000cb4000000,0x0000000cb4100000]
Native frames: (J=compiled Java code, j=interpreted, Vv=VM code, C=native code)
V  [jvm.dll+0x624f9a]
V  [jvm.dll+0x770cfa]
V  [jvm.dll+0x7724af]
V  [jvm.dll+0x772ab3]
V  [jvm.dll+0x24bf08]
V  [jvm.dll+0xc1e47]
V  [jvm.dll+0xc23cc]
V  [jvm.dll+0x35c0c5]
V  [jvm.dll+0x19f100]
V  [jvm.dll+0x205d36]
V  [jvm.dll+0x204e3f]
V  [jvm.dll+0x189c2c]
V  [jvm.dll+0x213e6d]
V  [jvm.dll+0x2120bb]
V  [jvm.dll+0x736bb6]
V  [jvm.dll+0x72fcaa]
V  [jvm.dll+0x623ea6]
C  [ucrtbase.dll+0x20e72]
C  [KERNEL32.DLL+0x17bd4]
C  [ntdll.dll+0x6ce51]


---------------  P R O C E S S  ---------------

Threads class SMR info:
_java_thread_list=0x000002074d2cdac0, length=34, elements={
0x000002072c480800, 0x000002074725d800, 0x0000020747263000, 0x000002074727d800,
0x000002074727f800, 0x0000020747287800, 0x000002074728e000, 0x00000207472be800,
0x0000020747cc1000, 0x0000020747cdc000, 0x0000020747ff0800, 0x0000020747fb1800,
0x0000020748e18000, 0x00000207485c5800, 0x0000020748df3800, 0x0000020749a0f000,
0x0000020749a0e000, 0x0000020749a10000, 0x000002074894d000, 0x0000020748953800,
0x000002074894c800, 0x0000020748950800, 0x000002074894f000, 0x000002074894b800,
0x000002074894b000, 0x0000020748957000, 0x0000020748954800, 0x0000020748951800,
0x0000020748952000, 0x0000020748958000, 0x0000020748955800, 0x0000020748956000,
0x0000020748958800, 0x000002074d508000
}

Java Threads: ( => current thread )
  0x000002072c480800 JavaThread "main" [_thread_blocked, id=11516, stack(0x0000000cb1900000,0x0000000cb1a00000)]
  0x000002074725d800 JavaThread "Reference Handler" daemon [_thread_blocked, id=2756, stack(0x0000000cb2000000,0x0000000cb2100000)]
  0x0000020747263000 JavaThread "Finalizer" daemon [_thread_blocked, id=10400, stack(0x0000000cb2100000,0x0000000cb2200000)]
  0x000002074727d800 JavaThread "Signal Dispatcher" daemon [_thread_blocked, id=5004, stack(0x0000000cb2200000,0x0000000cb2300000)]
  0x000002074727f800 JavaThread "Attach Listener" daemon [_thread_blocked, id=12428, stack(0x0000000cb2300000,0x0000000cb2400000)]
  0x0000020747287800 JavaThread "C2 CompilerThread0" daemon [_thread_in_native, id=8284, stack(0x0000000cb2400000,0x0000000cb2500000)]
  0x000002074728e000 JavaThread "C1 CompilerThread0" daemon [_thread_blocked, id=12512, stack(0x0000000cb2500000,0x0000000cb2600000)]
  0x00000207472be800 JavaThread "Sweeper thread" daemon [_thread_blocked, id=6676, stack(0x0000000cb2600000,0x0000000cb2700000)]
  0x0000020747cc1000 JavaThread "Common-Cleaner" daemon [_thread_blocked, id=5944, stack(0x0000000cb2700000,0x0000000cb2800000)]
  0x0000020747cdc000 JavaThread "Service Thread" daemon [_thread_blocked, id=7836, stack(0x0000000cb2800000,0x0000000cb2900000)]
  0x0000020747ff0800 JavaThread "Daemon health stats" [_thread_blocked, id=11824, stack(0x0000000cb2e00000,0x0000000cb2f00000)]
  0x0000020747fb1800 JavaThread "Incoming local TCP Connector on port 58388" [_thread_in_native, id=3700, stack(0x0000000cb2d00000,0x0000000cb2e00000)]
  0x0000020748e18000 JavaThread "Daemon periodic checks" [_thread_blocked, id=7540, stack(0x0000000cb2f00000,0x0000000cb3000000)]
  0x00000207485c5800 JavaThread "Daemon" [_thread_blocked, id=2916, stack(0x0000000cb3000000,0x0000000cb3100000)]
  0x0000020748df3800 JavaThread "Daemon worker" [_thread_in_native, id=2380, stack(0x0000000cb3300000,0x0000000cb3400000)]
  0x0000020749a0f000 JavaThread "Cache worker for file hash cache (C:\Users\arpan\.gradle\caches\6.0\fileHashes)" [_thread_blocked, id=11252, stack(0x0000000cb3700000,0x0000000cb3800000)]
  0x0000020749a0e000 JavaThread "File lock request listener" [_thread_in_native, id=3604, stack(0x0000000cb3800000,0x0000000cb3900000)]
  0x0000020749a10000 JavaThread "Cache worker for journal cache (C:\Users\arpan\.gradle\caches\journal-1)" [_thread_blocked, id=10012, stack(0x0000000cb3900000,0x0000000cb3a00000)]
  0x000002074894d000 JavaThread "Cache worker for execution history cache (C:\Users\arpan\.gradle\caches\6.0\executionHistory)" [_thread_blocked, id=5728, stack(0x0000000cb3e00000,0x0000000cb3f00000)]
  0x0000020748953800 JavaThread "Memory manager" [_thread_blocked, id=6672, stack(0x0000000cb4300000,0x0000000cb4400000)]
  0x000002074894c800 JavaThread "Handler for socket connection from /127.0.0.1:58388 to /127.0.0.1:58430" [_thread_in_native, id=4196, stack(0x0000000cb1600000,0x0000000cb1700000)]
  0x0000020748950800 JavaThread "Cancel handler" [_thread_blocked, id=11060, stack(0x0000000cb1700000,0x0000000cb1800000)]
  0x000002074894f000 JavaThread "Asynchronous log dispatcher for DefaultDaemonConnection: socket connection from /127.0.0.1:58388 to /127.0.0.1:58430" [_thread_blocked, id=10648, stack(0x0000000cb1800000,0x0000000cb1900000)]
  0x000002074894b800 JavaThread "Stdin handler" [_thread_blocked, id=564, stack(0x0000000cb3100000,0x0000000cb3200000)]
  0x000002074894b000 JavaThread "Thread-26" [_thread_blocked, id=10176, stack(0x0000000cb3200000,0x0000000cb3300000)]
  0x0000020748957000 JavaThread "Cache worker for file hash cache (E:\reactnative\AnimalFarm\android\.gradle\6.0\fileHashes)" [_thread_blocked, id=13704, stack(0x0000000cb3400000,0x0000000cb3500000)]
  0x0000020748954800 JavaThread "Cache worker for cache directory md-supplier (C:\Users\arpan\.gradle\caches\6.0\md-supplier)" [_thread_blocked, id=13564, stack(0x0000000cb3500000,0x0000000cb3600000)]
  0x0000020748951800 JavaThread "Cache worker for cache directory md-rule (C:\Users\arpan\.gradle\caches\6.0\md-rule)" [_thread_blocked, id=3612, stack(0x0000000cb3600000,0x0000000cb3700000)]
  0x0000020748952000 JavaThread "Build operations" [_thread_blocked, id=6652, stack(0x0000000cb3a00000,0x0000000cb3b00000)]
  0x0000020748958000 JavaThread "Build operations Thread 2" [_thread_blocked, id=14216, stack(0x0000000cb3b00000,0x0000000cb3c00000)]
  0x0000020748955800 JavaThread "Build operations Thread 3" [_thread_blocked, id=1428, stack(0x0000000cb3c00000,0x0000000cb3d00000)]
  0x0000020748956000 JavaThread "Build operations Thread 4" [_thread_blocked, id=10436, stack(0x0000000cb3d00000,0x0000000cb3e00000)]
  0x0000020748958800 JavaThread "Cache worker for Build Output Cleanup Cache (E:\reactnative\AnimalFarm\android\.gradle\buildOutputCleanup)" [_thread_blocked, id=8556, stack(0x0000000cb3f00000,0x0000000cb4000000)]
=>0x000002074d508000 JavaThread "C2 CompilerThread1" daemon [_thread_in_native, id=10944, stack(0x0000000cb4000000,0x0000000cb4100000)]

Other Threads:
  0x0000020747259000 VMThread "VM Thread" [stack: 0x0000000cb1f00000,0x0000000cb2000000] [id=1828]
  0x0000020747ce1800 WatcherThread [stack: 0x0000000cb2900000,0x0000000cb2a00000] [id=6272]
  0x000002072c4a9800 GCTaskThread "GC Thread#0" [stack: 0x0000000cb1a00000,0x0000000cb1b00000] [id=2644]
  0x00000207484db800 GCTaskThread "GC Thread#1" [stack: 0x0000000cb2a00000,0x0000000cb2b00000] [id=14060]
  0x0000020748504000 GCTaskThread "GC Thread#2" [stack: 0x0000000cb2b00000,0x0000000cb2c00000] [id=1244]
  0x00000207484f4800 GCTaskThread "GC Thread#3" [stack: 0x0000000cb2c00000,0x0000000cb2d00000] [id=9416]
  0x000002072c4af000 ConcurrentGCThread "G1 Main Marker" [stack: 0x0000000cb1b00000,0x0000000cb1c00000] [id=4268]
  0x000002072c4b1000 ConcurrentGCThread "G1 Conc#0" [stack: 0x0000000cb1c00000,0x0000000cb1d00000] [id=9556]
  0x000002072c54d800 ConcurrentGCThread "G1 Refine#0" [stack: 0x0000000cb1d00000,0x0000000cb1e00000] [id=4460]
  0x000002074710e800 ConcurrentGCThread "G1 Young RemSet Sampling" [stack: 0x0000000cb1e00000,0x0000000cb1f00000] [id=12848]

Threads with active compile tasks:
C2 CompilerThread0    92202 10092       4       org.gradle.api.internal.attributes.DefaultMutableAttributeContainer::asImmutable (51 bytes)
C2 CompilerThread1    92202 10076       4       org.gradle.api.internal.artifacts.configurations.DefaultConfiguration::collectSuperConfigs (72 bytes)

VM state:not at safepoint (normal execution)

VM Mutex/Monitor currently owned by a thread: None

Heap address: 0x00000000e0000000, size: 512 MB, Compressed Oops mode: 32-bit
Narrow klass base: 0x0000000800000000, Narrow klass shift: 3
Compressed class space size: 260046848 Address: 0x0000000800b40000

Heap:
 garbage-first heap   total 262144K, used 143698K [0x00000000e0000000, 0x0000000100000000)
  region size 1024K, 68 young (69632K), 17 survivors (17408K)
 Metaspace       used 72450K, capacity 75884K, committed 76024K, reserved 319488K
  class space    used 9417K, capacity 10607K, committed 10744K, reserved 253952K
Heap Regions: E=young(eden), S=young(survivor), O=old, HS=humongous(starts), HC=humongous(continues), CS=collection set, F=free, A=archive, TAMS=top-at-mark-start (previous, next)
|   0|0x00000000e0000000, 0x00000000e0100000, 0x00000000e0100000|100%| O|  |TAMS 0x00000000e0100000, 0x00000000e0000000| Untracked 
|   1|0x00000000e0100000, 0x00000000e0200000, 0x00000000e0200000|100%| O|  |TAMS 0x00000000e0200000, 0x00000000e0100000| Untracked 
|   2|0x00000000e0200000, 0x00000000e0300000, 0x00000000e0300000|100%| O|  |TAMS 0x00000000e0300000, 0x00000000e0200000| Untracked 
|   3|0x00000000e0300000, 0x00000000e0400000, 0x00000000e0400000|100%|HS|  |TAMS 0x00000000e0400000, 0x00000000e0300000| Complete 
|   4|0x00000000e0400000, 0x00000000e0500000, 0x00000000e0500000|100%|HC|  |TAMS 0x00000000e0500000, 0x00000000e0400000| Complete 
|   5|0x00000000e0500000, 0x00000000e0600000, 0x00000000e0600000|100%|HC|  |TAMS 0x00000000e0600000, 0x00000000e0500000| Complete 
|   6|0x00000000e0600000, 0x00000000e0700000, 0x00000000e0700000|100%| O|  |TAMS 0x00000000e0700000, 0x00000000e0600000| Untracked 
|   7|0x00000000e0700000, 0x00000000e0800000, 0x00000000e0800000|100%| O|  |TAMS 0x00000000e0800000, 0x00000000e0700000| Untracked 
|   8|0x00000000e0800000, 0x00000000e0900000, 0x00000000e0900000|100%| O|  |TAMS 0x00000000e0900000, 0x00000000e0800000| Untracked 
|   9|0x00000000e0900000, 0x00000000e0a00000, 0x00000000e0a00000|100%| O|  |TAMS 0x00000000e0a00000, 0x00000000e0900000| Untracked 
|  10|0x00000000e0a00000, 0x00000000e0b00000, 0x00000000e0b00000|100%| O|  |TAMS 0x00000000e0b00000, 0x00000000e0a00000| Untracked 
|  11|0x00000000e0b00000, 0x00000000e0c00000, 0x00000000e0c00000|100%| O|  |TAMS 0x00000000e0c00000, 0x00000000e0b00000| Untracked 
|  12|0x00000000e0c00000, 0x00000000e0d00000, 0x00000000e0d00000|100%| O|  |TAMS 0x00000000e0d00000, 0x00000000e0c00000| Untracked 
|  13|0x00000000e0d00000, 0x00000000e0e00000, 0x00000000e0e00000|100%| O|  |TAMS 0x00000000e0e00000, 0x00000000e0d00000| Untracked 
|  14|0x00000000e0e00000, 0x00000000e0f00000, 0x00000000e0f00000|100%| O|  |TAMS 0x00000000e0f00000, 0x00000000e0e00000| Untracked 
|  15|0x00000000e0f00000, 0x00000000e1000000, 0x00000000e1000000|100%|HS|  |TAMS 0x00000000e1000000, 0x00000000e0f00000| Complete 
|  16|0x00000000e1000000, 0x00000000e1100000, 0x00000000e1100000|100%|HC|  |TAMS 0x00000000e1100000, 0x00000000e1000000| Complete 
|  17|0x00000000e1100000, 0x00000000e1200000, 0x00000000e1200000|100%|HC|  |TAMS 0x00000000e1200000, 0x00000000e1100000| Complete 
|  18|0x00000000e1200000, 0x00000000e1300000, 0x00000000e1300000|100%| O|  |TAMS 0x00000000e1300000, 0x00000000e1200000| Untracked 
|  19|0x00000000e1300000, 0x00000000e1400000, 0x00000000e1400000|100%| O|  |TAMS 0x00000000e1400000, 0x00000000e1300000| Untracked 
|  20|0x00000000e1400000, 0x00000000e1500000, 0x00000000e1500000|100%| O|  |TAMS 0x00000000e1500000, 0x00000000e1400000| Untracked 
|  21|0x00000000e1500000, 0x00000000e1600000, 0x00000000e1600000|100%|HS|  |TAMS 0x00000000e1600000, 0x00000000e1500000| Complete 
|  22|0x00000000e1600000, 0x00000000e1700000, 0x00000000e1700000|100%|HC|  |TAMS 0x00000000e1700000, 0x00000000e1600000| Complete 
|  23|0x00000000e1700000, 0x00000000e1800000, 0x00000000e1800000|100%| O|  |TAMS 0x00000000e1800000, 0x00000000e1700000| Untracked 
|  24|0x00000000e1800000, 0x00000000e1900000, 0x00000000e1900000|100%| O|  |TAMS 0x00000000e1900000, 0x00000000e1800000| Untracked 
|  25|0x00000000e1900000, 0x00000000e1a00000, 0x00000000e1a00000|100%| O|  |TAMS 0x00000000e1a00000, 0x00000000e1900000| Untracked 
|  26|0x00000000e1a00000, 0x00000000e1b00000, 0x00000000e1b00000|100%| O|  |TAMS 0x00000000e1b00000, 0x00000000e1a00000| Untracked 
|  27|0x00000000e1b00000, 0x00000000e1c00000, 0x00000000e1c00000|100%| O|  |TAMS 0x00000000e1be3e00, 0x00000000e1b00000| Untracked 
|  28|0x00000000e1c00000, 0x00000000e1d00000, 0x00000000e1d00000|100%| O|  |TAMS 0x00000000e1c00000, 0x00000000e1c00000| Untracked 
|  29|0x00000000e1d00000, 0x00000000e1e00000, 0x00000000e1e00000|100%| O|  |TAMS 0x00000000e1d00000, 0x00000000e1d00000| Untracked 
|  30|0x00000000e1e00000, 0x00000000e1f00000, 0x00000000e1f00000|100%| O|  |TAMS 0x00000000e1e00000, 0x00000000e1e00000| Untracked 
|  31|0x00000000e1f00000, 0x00000000e2000000, 0x00000000e2000000|100%| O|  |TAMS 0x00000000e1f00000, 0x00000000e1f00000| Untracked 
|  32|0x00000000e2000000, 0x00000000e2100000, 0x00000000e2100000|100%| O|  |TAMS 0x00000000e2000000, 0x00000000e2000000| Untracked 
|  33|0x00000000e2100000, 0x00000000e2200000, 0x00000000e2200000|100%| O|  |TAMS 0x00000000e2100000, 0x00000000e2100000| Untracked 
|  34|0x00000000e2200000, 0x00000000e2300000, 0x00000000e2300000|100%| O|  |TAMS 0x00000000e2200000, 0x00000000e2200000| Untracked 
|  35|0x00000000e2300000, 0x00000000e2400000, 0x00000000e2400000|100%| O|  |TAMS 0x00000000e2300000, 0x00000000e2300000| Untracked 
|  36|0x00000000e2400000, 0x00000000e2500000, 0x00000000e2500000|100%| O|  |TAMS 0x00000000e2400000, 0x00000000e2400000| Untracked 
|  37|0x00000000e2500000, 0x00000000e2600000, 0x00000000e2600000|100%|HS|  |TAMS 0x00000000e2500000, 0x00000000e2500000| Complete 
|  38|0x00000000e2600000, 0x00000000e2700000, 0x00000000e2700000|100%|HC|  |TAMS 0x00000000e2600000, 0x00000000e2600000| Complete 
|  39|0x00000000e2700000, 0x00000000e2800000, 0x00000000e2800000|100%|HC|  |TAMS 0x00000000e2700000, 0x00000000e2700000| Complete 
|  40|0x00000000e2800000, 0x00000000e2900000, 0x00000000e2900000|100%| O|  |TAMS 0x00000000e2800000, 0x00000000e2800000| Untracked 
|  41|0x00000000e2900000, 0x00000000e2a00000, 0x00000000e2a00000|100%| O|  |TAMS 0x00000000e2900000, 0x00000000e2900000| Untracked 
|  42|0x00000000e2a00000, 0x00000000e2b00000, 0x00000000e2b00000|100%| O|  |TAMS 0x00000000e2a00000, 0x00000000e2a00000| Untracked 
|  43|0x00000000e2b00000, 0x00000000e2c00000, 0x00000000e2c00000|100%| O|  |TAMS 0x00000000e2b00000, 0x00000000e2b00000| Untracked 
|  44|0x00000000e2c00000, 0x00000000e2d00000, 0x00000000e2d00000|100%| O|  |TAMS 0x00000000e2c00000, 0x00000000e2c00000| Untracked 
|  45|0x00000000e2d00000, 0x00000000e2e00000, 0x00000000e2e00000|100%| O|  |TAMS 0x00000000e2d00000, 0x00000000e2d00000| Untracked 
|  46|0x00000000e2e00000, 0x00000000e2f00000, 0x00000000e2f00000|100%| O|  |TAMS 0x00000000e2e00000, 0x00000000e2e00000| Untracked 
|  47|0x00000000e2f00000, 0x00000000e3000000, 0x00000000e3000000|100%| O|  |TAMS 0x00000000e2f00000, 0x00000000e2f00000| Untracked 
|  48|0x00000000e3000000, 0x00000000e3100000, 0x00000000e3100000|100%| O|  |TAMS 0x00000000e3000000, 0x00000000e3000000| Untracked 
|  49|0x00000000e3100000, 0x00000000e3200000, 0x00000000e3200000|100%| O|  |TAMS 0x00000000e3100000, 0x00000000e3100000| Untracked 
|  50|0x00000000e3200000, 0x00000000e3300000, 0x00000000e3300000|100%| O|  |TAMS 0x00000000e3200000, 0x00000000e3200000| Untracked 
|  51|0x00000000e3300000, 0x00000000e3400000, 0x00000000e3400000|100%| O|  |TAMS 0x00000000e3300000, 0x00000000e3300000| Untracked 
|  52|0x00000000e3400000, 0x00000000e3500000, 0x00000000e3500000|100%| O|  |TAMS 0x00000000e3400000, 0x00000000e3400000| Untracked 
|  53|0x00000000e3500000, 0x00000000e3600000, 0x00000000e3600000|100%| O|  |TAMS 0x00000000e3500000, 0x00000000e3500000| Untracked 
|  54|0x00000000e3600000, 0x00000000e3700000, 0x00000000e3700000|100%| O|  |TAMS 0x00000000e3600000, 0x00000000e3600000| Untracked 
|  55|0x00000000e3700000, 0x00000000e3800000, 0x00000000e3800000|100%| O|  |TAMS 0x00000000e3700000, 0x00000000e3700000| Untracked 
|  56|0x00000000e3800000, 0x00000000e3900000, 0x00000000e3900000|100%| O|  |TAMS 0x00000000e3800000, 0x00000000e3800000| Untracked 
|  57|0x00000000e3900000, 0x00000000e3a00000, 0x00000000e3a00000|100%| O|  |TAMS 0x00000000e3900000, 0x00000000e3900000| Untracked 
|  58|0x00000000e3a00000, 0x00000000e3b00000, 0x00000000e3b00000|100%| O|  |TAMS 0x00000000e3a00000, 0x00000000e3a00000| Untracked 
|  59|0x00000000e3b00000, 0x00000000e3c00000, 0x00000000e3c00000|100%| O|  |TAMS 0x00000000e3b00000, 0x00000000e3b00000| Untracked 
|  60|0x00000000e3c00000, 0x00000000e3d00000, 0x00000000e3d00000|100%| O|  |TAMS 0x00000000e3c00000, 0x00000000e3c00000| Untracked 
|  61|0x00000000e3d00000, 0x00000000e3e00000, 0x00000000e3e00000|100%| O|  |TAMS 0x00000000e3d00000, 0x00000000e3d00000| Untracked 
|  62|0x00000000e3e00000, 0x00000000e3f00000, 0x00000000e3f00000|100%| O|  |TAMS 0x00000000e3e00000, 0x00000000e3e00000| Untracked 
|  63|0x00000000e3f00000, 0x00000000e4000000, 0x00000000e4000000|100%| O|  |TAMS 0x00000000e3f00000, 0x00000000e3f00000| Untracked 
|  64|0x00000000e4000000, 0x00000000e4100000, 0x00000000e4100000|100%| O|  |TAMS 0x00000000e4000000, 0x00000000e4000000| Untracked 
|  65|0x00000000e4100000, 0x00000000e4200000, 0x00000000e4200000|100%| O|  |TAMS 0x00000000e4100000, 0x00000000e4100000| Untracked 
|  66|0x00000000e4200000, 0x00000000e4300000, 0x00000000e4300000|100%| O|  |TAMS 0x00000000e4200000, 0x00000000e4200000| Untracked 
|  67|0x00000000e4300000, 0x00000000e4400000, 0x00000000e4400000|100%| O|  |TAMS 0x00000000e4300000, 0x00000000e4300000| Untracked 
|  68|0x00000000e4400000, 0x00000000e4454a00, 0x00000000e4500000| 33%| O|  |TAMS 0x00000000e4400000, 0x00000000e4400000| Untracked 
|  69|0x00000000e4500000, 0x00000000e4600000, 0x00000000e4600000|100%|HS|  |TAMS 0x00000000e4500000, 0x00000000e4500000| Complete 
|  70|0x00000000e4600000, 0x00000000e4700000, 0x00000000e4700000|100%|HC|  |TAMS 0x00000000e4600000, 0x00000000e4600000| Complete 
|  71|0x00000000e4700000, 0x00000000e4800000, 0x00000000e4800000|100%|HS|  |TAMS 0x00000000e4700000, 0x00000000e4700000| Complete 
|  72|0x00000000e4800000, 0x00000000e4900000, 0x00000000e4900000|100%|HC|  |TAMS 0x00000000e4800000, 0x00000000e4800000| Complete 
|  73|0x00000000e4900000, 0x00000000e4a00000, 0x00000000e4a00000|100%|HC|  |TAMS 0x00000000e4900000, 0x00000000e4900000| Complete 
|  74|0x00000000e4a00000, 0x00000000e4a00000, 0x00000000e4b00000|  0%| F|  |TAMS 0x00000000e4a00000, 0x00000000e4a00000| Untracked 
|  75|0x00000000e4b00000, 0x00000000e4b00000, 0x00000000e4c00000|  0%| F|  |TAMS 0x00000000e4b00000, 0x00000000e4b00000| Untracked 
|  76|0x00000000e4c00000, 0x00000000e4c00000, 0x00000000e4d00000|  0%| F|  |TAMS 0x00000000e4c00000, 0x00000000e4c00000| Untracked 
|  77|0x00000000e4d00000, 0x00000000e4d00000, 0x00000000e4e00000|  0%| F|  |TAMS 0x00000000e4d00000, 0x00000000e4d00000| Untracked 
|  78|0x00000000e4e00000, 0x00000000e4e00000, 0x00000000e4f00000|  0%| F|  |TAMS 0x00000000e4e00000, 0x00000000e4e00000| Untracked 
|  79|0x00000000e4f00000, 0x00000000e4f00000, 0x00000000e5000000|  0%| F|  |TAMS 0x00000000e4f00000, 0x00000000e4f00000| Untracked 
|  80|0x00000000e5000000, 0x00000000e5000000, 0x00000000e5100000|  0%| F|  |TAMS 0x00000000e5000000, 0x00000000e5000000| Untracked 
|  81|0x00000000e5100000, 0x00000000e5100000, 0x00000000e5200000|  0%| F|  |TAMS 0x00000000e5100000, 0x00000000e5100000| Untracked 
|  82|0x00000000e5200000, 0x00000000e5200000, 0x00000000e5300000|  0%| F|  |TAMS 0x00000000e5200000, 0x00000000e5200000| Untracked 
|  83|0x00000000e5300000, 0x00000000e5300000, 0x00000000e5400000|  0%| F|  |TAMS 0x00000000e5300000, 0x00000000e5300000| Untracked 
|  84|0x00000000e5400000, 0x00000000e5400000, 0x00000000e5500000|  0%| F|  |TAMS 0x00000000e5400000, 0x00000000e5400000| Untracked 
|  85|0x00000000e5500000, 0x00000000e5500000, 0x00000000e5600000|  0%| F|  |TAMS 0x00000000e5500000, 0x00000000e5500000| Untracked 
|  86|0x00000000e5600000, 0x00000000e5600000, 0x00000000e5700000|  0%| F|  |TAMS 0x00000000e5600000, 0x00000000e5600000| Untracked 
|  87|0x00000000e5700000, 0x00000000e5700000, 0x00000000e5800000|  0%| F|  |TAMS 0x00000000e5700000, 0x00000000e5700000| Untracked 
|  88|0x00000000e5800000, 0x00000000e5800000, 0x00000000e5900000|  0%| F|  |TAMS 0x00000000e5800000, 0x00000000e5800000| Untracked 
|  89|0x00000000e5900000, 0x00000000e5900000, 0x00000000e5a00000|  0%| F|  |TAMS 0x00000000e5900000, 0x00000000e5900000| Untracked 
|  90|0x00000000e5a00000, 0x00000000e5a00000, 0x00000000e5b00000|  0%| F|  |TAMS 0x00000000e5a00000, 0x00000000e5a00000| Untracked 
|  91|0x00000000e5b00000, 0x00000000e5b00000, 0x00000000e5c00000|  0%| F|  |TAMS 0x00000000e5b00000, 0x00000000e5b00000| Untracked 
|  92|0x00000000e5c00000, 0x00000000e5c00000, 0x00000000e5d00000|  0%| F|  |TAMS 0x00000000e5c00000, 0x00000000e5c00000| Untracked 
|  93|0x00000000e5d00000, 0x00000000e5d00000, 0x00000000e5e00000|  0%| F|  |TAMS 0x00000000e5d00000, 0x00000000e5d00000| Untracked 
|  94|0x00000000e5e00000, 0x00000000e5e00000, 0x00000000e5f00000|  0%| F|  |TAMS 0x00000000e5e00000, 0x00000000e5e00000| Untracked 
|  95|0x00000000e5f00000, 0x00000000e5f00000, 0x00000000e6000000|  0%| F|  |TAMS 0x00000000e5f00000, 0x00000000e5f00000| Untracked 
|  96|0x00000000e6000000, 0x00000000e6000000, 0x00000000e6100000|  0%| F|  |TAMS 0x00000000e6000000, 0x00000000e6000000| Untracked 
|  97|0x00000000e6100000, 0x00000000e6100000, 0x00000000e6200000|  0%| F|  |TAMS 0x00000000e6100000, 0x00000000e6100000| Untracked 
|  98|0x00000000e6200000, 0x00000000e6200000, 0x00000000e6300000|  0%| F|  |TAMS 0x00000000e6200000, 0x00000000e6200000| Untracked 
|  99|0x00000000e6300000, 0x00000000e6300000, 0x00000000e6400000|  0%| F|  |TAMS 0x00000000e6300000, 0x00000000e6300000| Untracked 
| 100|0x00000000e6400000, 0x00000000e6400000, 0x00000000e6500000|  0%| F|  |TAMS 0x00000000e6400000, 0x00000000e6400000| Untracked 
| 101|0x00000000e6500000, 0x00000000e6500000, 0x00000000e6600000|  0%| F|  |TAMS 0x00000000e6500000, 0x00000000e6500000| Untracked 
| 102|0x00000000e6600000, 0x00000000e6600000, 0x00000000e6700000|  0%| F|  |TAMS 0x00000000e6600000, 0x00000000e6600000| Untracked 
| 103|0x00000000e6700000, 0x00000000e6700000, 0x00000000e6800000|  0%| F|  |TAMS 0x00000000e6700000, 0x00000000e6700000| Untracked 
| 104|0x00000000e6800000, 0x00000000e6800000, 0x00000000e6900000|  0%| F|  |TAMS 0x00000000e6800000, 0x00000000e6800000| Untracked 
| 105|0x00000000e6900000, 0x00000000e6900000, 0x00000000e6a00000|  0%| F|  |TAMS 0x00000000e6900000, 0x00000000e6900000| Untracked 
| 106|0x00000000e6a00000, 0x00000000e6a00000, 0x00000000e6b00000|  0%| F|  |TAMS 0x00000000e6a00000, 0x00000000e6a00000| Untracked 
| 107|0x00000000e6b00000, 0x00000000e6b00000, 0x00000000e6c00000|  0%| F|  |TAMS 0x00000000e6b00000, 0x00000000e6b00000| Untracked 
| 108|0x00000000e6c00000, 0x00000000e6c00000, 0x00000000e6d00000|  0%| F|  |TAMS 0x00000000e6c00000, 0x00000000e6c00000| Untracked 
| 109|0x00000000e6d00000, 0x00000000e6d00000, 0x00000000e6e00000|  0%| F|  |TAMS 0x00000000e6d00000, 0x00000000e6d00000| Untracked 
| 110|0x00000000e6e00000, 0x00000000e6e00000, 0x00000000e6f00000|  0%| F|  |TAMS 0x00000000e6e00000, 0x00000000e6e00000| Untracked 
| 111|0x00000000e6f00000, 0x00000000e6f00000, 0x00000000e7000000|  0%| F|  |TAMS 0x00000000e6f00000, 0x00000000e6f00000| Untracked 
| 112|0x00000000e7000000, 0x00000000e7000000, 0x00000000e7100000|  0%| F|  |TAMS 0x00000000e7000000, 0x00000000e7000000| Untracked 
| 113|0x00000000e7100000, 0x00000000e7100000, 0x00000000e7200000|  0%| F|  |TAMS 0x00000000e7100000, 0x00000000e7100000| Untracked 
| 114|0x00000000e7200000, 0x00000000e7200000, 0x00000000e7300000|  0%| F|  |TAMS 0x00000000e7200000, 0x00000000e7200000| Untracked 
| 115|0x00000000e7300000, 0x00000000e7300000, 0x00000000e7400000|  0%| F|  |TAMS 0x00000000e7300000, 0x00000000e7300000| Untracked 
| 116|0x00000000e7400000, 0x00000000e7400000, 0x00000000e7500000|  0%| F|  |TAMS 0x00000000e7400000, 0x00000000e7400000| Untracked 
| 117|0x00000000e7500000, 0x00000000e7500000, 0x00000000e7600000|  0%| F|  |TAMS 0x00000000e7500000, 0x00000000e7500000| Untracked 
| 118|0x00000000e7600000, 0x00000000e7600000, 0x00000000e7700000|  0%| F|  |TAMS 0x00000000e7600000, 0x00000000e7600000| Untracked 
| 119|0x00000000e7700000, 0x00000000e7700000, 0x00000000e7800000|  0%| F|  |TAMS 0x00000000e7700000, 0x00000000e7700000| Untracked 
| 120|0x00000000e7800000, 0x00000000e7900000, 0x00000000e7900000|100%| S|CS|TAMS 0x00000000e7800000, 0x00000000e7800000| Complete 
| 121|0x00000000e7900000, 0x00000000e7a00000, 0x00000000e7a00000|100%| S|CS|TAMS 0x00000000e7900000, 0x00000000e7900000| Complete 
| 122|0x00000000e7a00000, 0x00000000e7b00000, 0x00000000e7b00000|100%| S|CS|TAMS 0x00000000e7a00000, 0x00000000e7a00000| Complete 
| 123|0x00000000e7b00000, 0x00000000e7c00000, 0x00000000e7c00000|100%| S|CS|TAMS 0x00000000e7b00000, 0x00000000e7b00000| Complete 
| 124|0x00000000e7c00000, 0x00000000e7d00000, 0x00000000e7d00000|100%| S|CS|TAMS 0x00000000e7c00000, 0x00000000e7c00000| Complete 
| 125|0x00000000e7d00000, 0x00000000e7e00000, 0x00000000e7e00000|100%| S|CS|TAMS 0x00000000e7d00000, 0x00000000e7d00000| Complete 
| 126|0x00000000e7e00000, 0x00000000e7f00000, 0x00000000e7f00000|100%| S|CS|TAMS 0x00000000e7e00000, 0x00000000e7e00000| Complete 
| 127|0x00000000e7f00000, 0x00000000e8000000, 0x00000000e8000000|100%| S|CS|TAMS 0x00000000e7f00000, 0x00000000e7f00000| Complete 
| 128|0x00000000e8000000, 0x00000000e8100000, 0x00000000e8100000|100%| S|CS|TAMS 0x00000000e8000000, 0x00000000e8000000| Complete 
| 129|0x00000000e8100000, 0x00000000e8200000, 0x00000000e8200000|100%| S|CS|TAMS 0x00000000e8100000, 0x00000000e8100000| Complete 
| 130|0x00000000e8200000, 0x00000000e8300000, 0x00000000e8300000|100%| S|CS|TAMS 0x00000000e8200000, 0x00000000e8200000| Complete 
| 131|0x00000000e8300000, 0x00000000e8400000, 0x00000000e8400000|100%| S|CS|TAMS 0x00000000e8300000, 0x00000000e8300000| Complete 
| 132|0x00000000e8400000, 0x00000000e8500000, 0x00000000e8500000|100%| S|CS|TAMS 0x00000000e8400000, 0x00000000e8400000| Complete 
| 133|0x00000000e8500000, 0x00000000e8600000, 0x00000000e8600000|100%| S|CS|TAMS 0x00000000e8500000, 0x00000000e8500000| Complete 
| 134|0x00000000e8600000, 0x00000000e8700000, 0x00000000e8700000|100%| S|CS|TAMS 0x00000000e8600000, 0x00000000e8600000| Complete 
| 135|0x00000000e8700000, 0x00000000e8800000, 0x00000000e8800000|100%| S|CS|TAMS 0x00000000e8700000, 0x00000000e8700000| Complete 
| 136|0x00000000e8800000, 0x00000000e8900000, 0x00000000e8900000|100%| S|CS|TAMS 0x00000000e8800000, 0x00000000e8800000| Complete 
| 137|0x00000000e8900000, 0x00000000e8900000, 0x00000000e8a00000|  0%| F|  |TAMS 0x00000000e8900000, 0x00000000e8900000| Untracked 
| 138|0x00000000e8a00000, 0x00000000e8a00000, 0x00000000e8b00000|  0%| F|  |TAMS 0x00000000e8a00000, 0x00000000e8a00000| Untracked 
| 139|0x00000000e8b00000, 0x00000000e8b00000, 0x00000000e8c00000|  0%| F|  |TAMS 0x00000000e8b00000, 0x00000000e8b00000| Untracked 
| 140|0x00000000e8c00000, 0x00000000e8c00000, 0x00000000e8d00000|  0%| F|  |TAMS 0x00000000e8c00000, 0x00000000e8c00000| Untracked 
| 141|0x00000000e8d00000, 0x00000000e8d00000, 0x00000000e8e00000|  0%| F|  |TAMS 0x00000000e8d00000, 0x00000000e8d00000| Untracked 
| 142|0x00000000e8e00000, 0x00000000e8e00000, 0x00000000e8f00000|  0%| F|  |TAMS 0x00000000e8e00000, 0x00000000e8e00000| Untracked 
| 143|0x00000000e8f00000, 0x00000000e8f00000, 0x00000000e9000000|  0%| F|  |TAMS 0x00000000e8f00000, 0x00000000e8f00000| Untracked 
| 144|0x00000000e9000000, 0x00000000e9000000, 0x00000000e9100000|  0%| F|  |TAMS 0x00000000e9000000, 0x00000000e9000000| Untracked 
| 145|0x00000000e9100000, 0x00000000e9100000, 0x00000000e9200000|  0%| F|  |TAMS 0x00000000e9100000, 0x00000000e9100000| Untracked 
| 146|0x00000000e9200000, 0x00000000e9200000, 0x00000000e9300000|  0%| F|  |TAMS 0x00000000e9200000, 0x00000000e9200000| Untracked 
| 147|0x00000000e9300000, 0x00000000e9300000, 0x00000000e9400000|  0%| F|  |TAMS 0x00000000e9300000, 0x00000000e9300000| Untracked 
| 148|0x00000000e9400000, 0x00000000e9400000, 0x00000000e9500000|  0%| F|  |TAMS 0x00000000e9400000, 0x00000000e9400000| Untracked 
| 149|0x00000000e9500000, 0x00000000e9500000, 0x00000000e9600000|  0%| F|  |TAMS 0x00000000e9500000, 0x00000000e9500000| Untracked 
| 150|0x00000000e9600000, 0x00000000e9600000, 0x00000000e9700000|  0%| F|  |TAMS 0x00000000e9600000, 0x00000000e9600000| Untracked 
| 151|0x00000000e9700000, 0x00000000e9700000, 0x00000000e9800000|  0%| F|  |TAMS 0x00000000e9700000, 0x00000000e9700000| Untracked 
| 152|0x00000000e9800000, 0x00000000e9800000, 0x00000000e9900000|  0%| F|  |TAMS 0x00000000e9800000, 0x00000000e9800000| Untracked 
| 153|0x00000000e9900000, 0x00000000e9900000, 0x00000000e9a00000|  0%| F|  |TAMS 0x00000000e9900000, 0x00000000e9900000| Untracked 
| 154|0x00000000e9a00000, 0x00000000e9a00000, 0x00000000e9b00000|  0%| F|  |TAMS 0x00000000e9a00000, 0x00000000e9a00000| Untracked 
| 155|0x00000000e9b00000, 0x00000000e9b00000, 0x00000000e9c00000|  0%| F|  |TAMS 0x00000000e9b00000, 0x00000000e9b00000| Untracked 
| 156|0x00000000e9c00000, 0x00000000e9c00000, 0x00000000e9d00000|  0%| F|  |TAMS 0x00000000e9c00000, 0x00000000e9c00000| Untracked 
| 157|0x00000000e9d00000, 0x00000000e9d00000, 0x00000000e9e00000|  0%| F|  |TAMS 0x00000000e9d00000, 0x00000000e9d00000| Untracked 
| 158|0x00000000e9e00000, 0x00000000e9e00000, 0x00000000e9f00000|  0%| F|  |TAMS 0x00000000e9e00000, 0x00000000e9e00000| Untracked 
| 159|0x00000000e9f00000, 0x00000000e9f00000, 0x00000000ea000000|  0%| F|  |TAMS 0x00000000e9f00000, 0x00000000e9f00000| Untracked 
| 160|0x00000000ea000000, 0x00000000ea000000, 0x00000000ea100000|  0%| F|  |TAMS 0x00000000ea000000, 0x00000000ea000000| Untracked 
| 161|0x00000000ea100000, 0x00000000ea100000, 0x00000000ea200000|  0%| F|  |TAMS 0x00000000ea100000, 0x00000000ea100000| Untracked 
| 162|0x00000000ea200000, 0x00000000ea200000, 0x00000000ea300000|  0%| F|  |TAMS 0x00000000ea200000, 0x00000000ea200000| Untracked 
| 163|0x00000000ea300000, 0x00000000ea300000, 0x00000000ea400000|  0%| F|  |TAMS 0x00000000ea300000, 0x00000000ea300000| Untracked 
| 164|0x00000000ea400000, 0x00000000ea400000, 0x00000000ea500000|  0%| F|  |TAMS 0x00000000ea400000, 0x00000000ea400000| Untracked 
| 165|0x00000000ea500000, 0x00000000ea500000, 0x00000000ea600000|  0%| F|  |TAMS 0x00000000ea500000, 0x00000000ea500000| Untracked 
| 166|0x00000000ea600000, 0x00000000ea600000, 0x00000000ea700000|  0%| F|  |TAMS 0x00000000ea600000, 0x00000000ea600000| Untracked 
| 167|0x00000000ea700000, 0x00000000ea700000, 0x00000000ea800000|  0%| F|  |TAMS 0x00000000ea700000, 0x00000000ea700000| Untracked 
| 168|0x00000000ea800000, 0x00000000ea800000, 0x00000000ea900000|  0%| F|  |TAMS 0x00000000ea800000, 0x00000000ea800000| Untracked 
| 169|0x00000000ea900000, 0x00000000ea900000, 0x00000000eaa00000|  0%| F|  |TAMS 0x00000000ea900000, 0x00000000ea900000| Untracked 
| 170|0x00000000eaa00000, 0x00000000eaa00000, 0x00000000eab00000|  0%| F|  |TAMS 0x00000000eaa00000, 0x00000000eaa00000| Untracked 
| 171|0x00000000eab00000, 0x00000000eab00000, 0x00000000eac00000|  0%| F|  |TAMS 0x00000000eab00000, 0x00000000eab00000| Untracked 
| 172|0x00000000eac00000, 0x00000000eac00000, 0x00000000ead00000|  0%| F|  |TAMS 0x00000000eac00000, 0x00000000eac00000| Untracked 
| 173|0x00000000ead00000, 0x00000000ead00000, 0x00000000eae00000|  0%| F|  |TAMS 0x00000000ead00000, 0x00000000ead00000| Untracked 
| 174|0x00000000eae00000, 0x00000000eae00000, 0x00000000eaf00000|  0%| F|  |TAMS 0x00000000eae00000, 0x00000000eae00000| Untracked 
| 175|0x00000000eaf00000, 0x00000000eaf00000, 0x00000000eb000000|  0%| F|  |TAMS 0x00000000eaf00000, 0x00000000eaf00000| Untracked 
| 176|0x00000000eb000000, 0x00000000eb000000, 0x00000000eb100000|  0%| F|  |TAMS 0x00000000eb000000, 0x00000000eb000000| Untracked 
| 177|0x00000000eb100000, 0x00000000eb100000, 0x00000000eb200000|  0%| F|  |TAMS 0x00000000eb100000, 0x00000000eb100000| Untracked 
| 178|0x00000000eb200000, 0x00000000eb200000, 0x00000000eb300000|  0%| F|  |TAMS 0x00000000eb200000, 0x00000000eb200000| Untracked 
| 179|0x00000000eb300000, 0x00000000eb300000, 0x00000000eb400000|  0%| F|  |TAMS 0x00000000eb300000, 0x00000000eb300000| Untracked 
| 180|0x00000000eb400000, 0x00000000eb400000, 0x00000000eb500000|  0%| F|  |TAMS 0x00000000eb400000, 0x00000000eb400000| Untracked 
| 181|0x00000000eb500000, 0x00000000eb500000, 0x00000000eb600000|  0%| F|  |TAMS 0x00000000eb500000, 0x00000000eb500000| Untracked 
| 182|0x00000000eb600000, 0x00000000eb600000, 0x00000000eb700000|  0%| F|  |TAMS 0x00000000eb600000, 0x00000000eb600000| Untracked 
| 183|0x00000000eb700000, 0x00000000eb700000, 0x00000000eb800000|  0%| F|  |TAMS 0x00000000eb700000, 0x00000000eb700000| Untracked 
| 184|0x00000000eb800000, 0x00000000eb800000, 0x00000000eb900000|  0%| F|  |TAMS 0x00000000eb800000, 0x00000000eb800000| Untracked 
| 185|0x00000000eb900000, 0x00000000eb900000, 0x00000000eba00000|  0%| F|  |TAMS 0x00000000eb900000, 0x00000000eb900000| Untracked 
| 186|0x00000000eba00000, 0x00000000eba00000, 0x00000000ebb00000|  0%| F|  |TAMS 0x00000000eba00000, 0x00000000eba00000| Untracked 
| 187|0x00000000ebb00000, 0x00000000ebb00000, 0x00000000ebc00000|  0%| F|  |TAMS 0x00000000ebb00000, 0x00000000ebb00000| Untracked 
| 188|0x00000000ebc00000, 0x00000000ebc00000, 0x00000000ebd00000|  0%| F|  |TAMS 0x00000000ebc00000, 0x00000000ebc00000| Untracked 
| 189|0x00000000ebd00000, 0x00000000ebd00000, 0x00000000ebe00000|  0%| F|  |TAMS 0x00000000ebd00000, 0x00000000ebd00000| Untracked 
| 190|0x00000000ebe00000, 0x00000000ebe00000, 0x00000000ebf00000|  0%| F|  |TAMS 0x00000000ebe00000, 0x00000000ebe00000| Untracked 
| 191|0x00000000ebf00000, 0x00000000ebf00000, 0x00000000ec000000|  0%| F|  |TAMS 0x00000000ebf00000, 0x00000000ebf00000| Untracked 
| 192|0x00000000ec000000, 0x00000000ec000000, 0x00000000ec100000|  0%| F|  |TAMS 0x00000000ec000000, 0x00000000ec000000| Untracked 
| 193|0x00000000ec100000, 0x00000000ec100000, 0x00000000ec200000|  0%| F|  |TAMS 0x00000000ec100000, 0x00000000ec100000| Untracked 
| 194|0x00000000ec200000, 0x00000000ec200000, 0x00000000ec300000|  0%| F|  |TAMS 0x00000000ec200000, 0x00000000ec200000| Untracked 
| 195|0x00000000ec300000, 0x00000000ec300000, 0x00000000ec400000|  0%| F|  |TAMS 0x00000000ec300000, 0x00000000ec300000| Untracked 
| 196|0x00000000ec400000, 0x00000000ec400000, 0x00000000ec500000|  0%| F|  |TAMS 0x00000000ec400000, 0x00000000ec400000| Untracked 
| 197|0x00000000ec500000, 0x00000000ec500000, 0x00000000ec600000|  0%| F|  |TAMS 0x00000000ec500000, 0x00000000ec500000| Untracked 
| 198|0x00000000ec600000, 0x00000000ec600000, 0x00000000ec700000|  0%| F|  |TAMS 0x00000000ec600000, 0x00000000ec600000| Untracked 
| 199|0x00000000ec700000, 0x00000000ec700000, 0x00000000ec800000|  0%| F|  |TAMS 0x00000000ec700000, 0x00000000ec700000| Untracked 
| 200|0x00000000ec800000, 0x00000000ec800000, 0x00000000ec900000|  0%| F|  |TAMS 0x00000000ec800000, 0x00000000ec800000| Untracked 
| 201|0x00000000ec900000, 0x00000000ec900000, 0x00000000eca00000|  0%| F|  |TAMS 0x00000000ec900000, 0x00000000ec900000| Untracked 
| 202|0x00000000eca00000, 0x00000000eca00000, 0x00000000ecb00000|  0%| F|  |TAMS 0x00000000eca00000, 0x00000000eca00000| Untracked 
| 203|0x00000000ecb00000, 0x00000000ecb00000, 0x00000000ecc00000|  0%| F|  |TAMS 0x00000000ecb00000, 0x00000000ecb00000| Untracked 
| 204|0x00000000ecc00000, 0x00000000ecc00000, 0x00000000ecd00000|  0%| F|  |TAMS 0x00000000ecc00000, 0x00000000ecc00000| Untracked 
| 205|0x00000000ecd00000, 0x00000000ece00000, 0x00000000ece00000|100%| E|  |TAMS 0x00000000ecd00000, 0x00000000ecd00000| Complete 
| 206|0x00000000ece00000, 0x00000000ecf00000, 0x00000000ecf00000|100%| E|CS|TAMS 0x00000000ece00000, 0x00000000ece00000| Complete 
| 207|0x00000000ecf00000, 0x00000000ed000000, 0x00000000ed000000|100%| E|CS|TAMS 0x00000000ecf00000, 0x00000000ecf00000| Complete 
| 208|0x00000000ed000000, 0x00000000ed100000, 0x00000000ed100000|100%| E|CS|TAMS 0x00000000ed000000, 0x00000000ed000000| Complete 
| 209|0x00000000ed100000, 0x00000000ed200000, 0x00000000ed200000|100%| E|CS|TAMS 0x00000000ed100000, 0x00000000ed100000| Complete 
| 210|0x00000000ed200000, 0x00000000ed300000, 0x00000000ed300000|100%| E|CS|TAMS 0x00000000ed200000, 0x00000000ed200000| Complete 
| 211|0x00000000ed300000, 0x00000000ed400000, 0x00000000ed400000|100%| E|CS|TAMS 0x00000000ed300000, 0x00000000ed300000| Complete 
| 212|0x00000000ed400000, 0x00000000ed500000, 0x00000000ed500000|100%| E|CS|TAMS 0x00000000ed400000, 0x00000000ed400000| Complete 
| 213|0x00000000ed500000, 0x00000000ed600000, 0x00000000ed600000|100%| E|CS|TAMS 0x00000000ed500000, 0x00000000ed500000| Complete 
| 214|0x00000000ed600000, 0x00000000ed700000, 0x00000000ed700000|100%| E|CS|TAMS 0x00000000ed600000, 0x00000000ed600000| Complete 
| 215|0x00000000ed700000, 0x00000000ed800000, 0x00000000ed800000|100%| E|CS|TAMS 0x00000000ed700000, 0x00000000ed700000| Complete 
| 216|0x00000000ed800000, 0x00000000ed900000, 0x00000000ed900000|100%| E|CS|TAMS 0x00000000ed800000, 0x00000000ed800000| Complete 
| 217|0x00000000ed900000, 0x00000000eda00000, 0x00000000eda00000|100%| E|CS|TAMS 0x00000000ed900000, 0x00000000ed900000| Complete 
| 218|0x00000000eda00000, 0x00000000edb00000, 0x00000000edb00000|100%| E|CS|TAMS 0x00000000eda00000, 0x00000000eda00000| Complete 
| 219|0x00000000edb00000, 0x00000000edc00000, 0x00000000edc00000|100%| E|CS|TAMS 0x00000000edb00000, 0x00000000edb00000| Complete 
| 220|0x00000000edc00000, 0x00000000edd00000, 0x00000000edd00000|100%| E|CS|TAMS 0x00000000edc00000, 0x00000000edc00000| Complete 
| 221|0x00000000edd00000, 0x00000000ede00000, 0x00000000ede00000|100%| E|CS|TAMS 0x00000000edd00000, 0x00000000edd00000| Complete 
| 222|0x00000000ede00000, 0x00000000edf00000, 0x00000000edf00000|100%| E|CS|TAMS 0x00000000ede00000, 0x00000000ede00000| Complete 
| 223|0x00000000edf00000, 0x00000000ee000000, 0x00000000ee000000|100%| E|CS|TAMS 0x00000000edf00000, 0x00000000edf00000| Complete 
| 224|0x00000000ee000000, 0x00000000ee100000, 0x00000000ee100000|100%| E|CS|TAMS 0x00000000ee000000, 0x00000000ee000000| Complete 
| 225|0x00000000ee100000, 0x00000000ee200000, 0x00000000ee200000|100%| E|CS|TAMS 0x00000000ee100000, 0x00000000ee100000| Complete 
| 226|0x00000000ee200000, 0x00000000ee300000, 0x00000000ee300000|100%| E|CS|TAMS 0x00000000ee200000, 0x00000000ee200000| Complete 
| 227|0x00000000ee300000, 0x00000000ee400000, 0x00000000ee400000|100%| E|CS|TAMS 0x00000000ee300000, 0x00000000ee300000| Complete 
| 228|0x00000000ee400000, 0x00000000ee500000, 0x00000000ee500000|100%| E|CS|TAMS 0x00000000ee400000, 0x00000000ee400000| Complete 
| 229|0x00000000ee500000, 0x00000000ee600000, 0x00000000ee600000|100%| E|CS|TAMS 0x00000000ee500000, 0x00000000ee500000| Complete 
| 230|0x00000000ee600000, 0x00000000ee700000, 0x00000000ee700000|100%| E|CS|TAMS 0x00000000ee600000, 0x00000000ee600000| Complete 
| 231|0x00000000ee700000, 0x00000000ee800000, 0x00000000ee800000|100%| E|CS|TAMS 0x00000000ee700000, 0x00000000ee700000| Complete 
| 232|0x00000000ee800000, 0x00000000ee900000, 0x00000000ee900000|100%| E|CS|TAMS 0x00000000ee800000, 0x00000000ee800000| Complete 
| 233|0x00000000ee900000, 0x00000000eea00000, 0x00000000eea00000|100%| E|CS|TAMS 0x00000000ee900000, 0x00000000ee900000| Complete 
| 234|0x00000000eea00000, 0x00000000eeb00000, 0x00000000eeb00000|100%| E|CS|TAMS 0x00000000eea00000, 0x00000000eea00000| Complete 
| 235|0x00000000eeb00000, 0x00000000eec00000, 0x00000000eec00000|100%| E|CS|TAMS 0x00000000eeb00000, 0x00000000eeb00000| Complete 
| 236|0x00000000eec00000, 0x00000000eed00000, 0x00000000eed00000|100%| E|CS|TAMS 0x00000000eec00000, 0x00000000eec00000| Complete 
| 237|0x00000000eed00000, 0x00000000eee00000, 0x00000000eee00000|100%| E|CS|TAMS 0x00000000eed00000, 0x00000000eed00000| Complete 
| 238|0x00000000eee00000, 0x00000000eef00000, 0x00000000eef00000|100%| E|CS|TAMS 0x00000000eee00000, 0x00000000eee00000| Complete 
| 239|0x00000000eef00000, 0x00000000ef000000, 0x00000000ef000000|100%| E|CS|TAMS 0x00000000eef00000, 0x00000000eef00000| Complete 
| 240|0x00000000ef000000, 0x00000000ef100000, 0x00000000ef100000|100%| E|CS|TAMS 0x00000000ef000000, 0x00000000ef000000| Complete 
| 241|0x00000000ef100000, 0x00000000ef200000, 0x00000000ef200000|100%| E|CS|TAMS 0x00000000ef100000, 0x00000000ef100000| Complete 
| 242|0x00000000ef200000, 0x00000000ef300000, 0x00000000ef300000|100%| E|CS|TAMS 0x00000000ef200000, 0x00000000ef200000| Complete 
| 243|0x00000000ef300000, 0x00000000ef400000, 0x00000000ef400000|100%| E|CS|TAMS 0x00000000ef300000, 0x00000000ef300000| Complete 
| 244|0x00000000ef400000, 0x00000000ef500000, 0x00000000ef500000|100%| E|CS|TAMS 0x00000000ef400000, 0x00000000ef400000| Complete 
| 245|0x00000000ef500000, 0x00000000ef600000, 0x00000000ef600000|100%| E|CS|TAMS 0x00000000ef500000, 0x00000000ef500000| Complete 
| 246|0x00000000ef600000, 0x00000000ef700000, 0x00000000ef700000|100%| E|CS|TAMS 0x00000000ef600000, 0x00000000ef600000| Complete 
| 247|0x00000000ef700000, 0x00000000ef800000, 0x00000000ef800000|100%| E|CS|TAMS 0x00000000ef700000, 0x00000000ef700000| Complete 
| 248|0x00000000ef800000, 0x00000000ef900000, 0x00000000ef900000|100%| E|CS|TAMS 0x00000000ef800000, 0x00000000ef800000| Complete 
| 249|0x00000000ef900000, 0x00000000efa00000, 0x00000000efa00000|100%| E|CS|TAMS 0x00000000ef900000, 0x00000000ef900000| Complete 
| 250|0x00000000efa00000, 0x00000000efb00000, 0x00000000efb00000|100%| E|CS|TAMS 0x00000000efa00000, 0x00000000efa00000| Complete 
| 251|0x00000000efb00000, 0x00000000efc00000, 0x00000000efc00000|100%| E|CS|TAMS 0x00000000efb00000, 0x00000000efb00000| Complete 
| 252|0x00000000efc00000, 0x00000000efd00000, 0x00000000efd00000|100%| E|CS|TAMS 0x00000000efc00000, 0x00000000efc00000| Complete 
| 253|0x00000000efd00000, 0x00000000efe00000, 0x00000000efe00000|100%| E|CS|TAMS 0x00000000efd00000, 0x00000000efd00000| Complete 
| 254|0x00000000efe00000, 0x00000000eff00000, 0x00000000eff00000|100%| E|CS|TAMS 0x00000000efe00000, 0x00000000efe00000| Complete 
| 255|0x00000000eff00000, 0x00000000f0000000, 0x00000000f0000000|100%| E|CS|TAMS 0x00000000eff00000, 0x00000000eff00000| Complete 

Card table byte_map: [0x0000020743a80000,0x0000020743b80000] _byte_map_base: 0x0000020743380000

Marking Bits (Prev, Next): (CMBitMap*) 0x000002072c4aa618, (CMBitMap*) 0x000002072c4aa5d8
 Prev Bits: [0x0000020744480000, 0x0000020744c80000)
 Next Bits: [0x0000020743c80000, 0x0000020744480000)

Polling page: 0x000002072a440000

Metaspace:

Usage:
  Non-class:     63.75 MB capacity,    61.56 MB ( 97%) used,     2.00 MB (  3%) free+waste,   193.50 KB ( <1%) overhead. 
      Class:     10.36 MB capacity,     9.20 MB ( 89%) used,     1.07 MB ( 10%) free+waste,    94.50 KB ( <1%) overhead. 
       Both:     74.11 MB capacity,    70.75 MB ( 95%) used,     3.07 MB (  4%) free+waste,   288.00 KB ( <1%) overhead. 

Virtual space:
  Non-class space:       64.00 MB reserved,      63.75 MB (>99%) committed 
      Class space:      248.00 MB reserved,      10.49 MB (  4%) committed 
             Both:      312.00 MB reserved,      74.24 MB ( 24%) committed 

Chunk freelists:
   Non-Class:  3.00 KB
       Class:  17.00 KB
        Both:  20.00 KB

MaxMetaspaceSize: 256.00 MB
CompressedClassSpaceSize: 248.00 MB

CodeHeap 'non-profiled nmethods': size=120000Kb used=5625Kb max_used=5625Kb free=114374Kb
 bounds [0x000002073c450000, 0x000002073c9e0000, 0x0000020743980000]
CodeHeap 'profiled nmethods': size=120000Kb used=20487Kb max_used=20487Kb free=99513Kb
 bounds [0x0000020734f20000, 0x0000020736330000, 0x000002073c450000]
CodeHeap 'non-nmethods': size=5760Kb used=2389Kb max_used=2456Kb free=3370Kb
 bounds [0x0000020734980000, 0x0000020734c00000, 0x0000020734f20000]
 total_blobs=13909 nmethods=8913 adapters=784
 compilation: enabled
              stopped_count=0, restarted_count=0
 full_count=0

Compilation events (20 events):
Event: 91.972 Thread 0x000002074728e000 10151       3       org.gradle.api.internal.artifacts.publish.DefaultPublishArtifact::<init> (40 bytes)
Event: 91.973 Thread 0x000002074728e000 nmethod 10151 0x0000020736328610 code [0x0000020736328820, 0x0000020736329030]
Event: 91.973 Thread 0x000002074728e000 10150       3       org.gradle.internal.instantiation.generator.ManagedObjectFactory$ManagedPropertyName::<init> (15 bytes)
Event: 91.973 Thread 0x000002074728e000 nmethod 10150 0x0000020736329290 code [0x0000020736329440, 0x00000207363296d8]
Event: 91.973 Thread 0x000002074728e000 10152       1       org.gradle.api.internal.tasks.DefaultTaskInputs::access$200 (5 bytes)
Event: 91.973 Thread 0x000002074728e000 nmethod 10152 0x000002073c702910 code [0x000002073c702aa0, 0x000002073c702b98]
Event: 91.977 Thread 0x000002074728e000 10154       1       org.gradle.internal.component.model.LocalComponentDependencyMetadata::isConstraint (5 bytes)
Event: 91.977 Thread 0x000002074728e000 nmethod 10154 0x000002073c702590 code [0x000002073c702720, 0x000002073c702858]
Event: 91.978 Thread 0x000002074728e000 10155       1       org.gradle.api.internal.tasks.TaskStateInternal::getExecuting (5 bytes)
Event: 91.978 Thread 0x000002074728e000 nmethod 10155 0x000002073c702210 code [0x000002073c7023a0, 0x000002073c7024d8]
Event: 91.978 Thread 0x000002074728e000 10156       3       org.gradle.api.internal.tasks.DefaultTaskInputPropertyRegistration::optional (7 bytes)
Event: 91.978 Thread 0x000002074728e000 nmethod 10156 0x00000207351a7990 code [0x00000207351a7b20, 0x00000207351a7cb8]
Event: 91.980 Thread 0x000002074728e000 10157       3       org.gradle.api.internal.DefaultDomainObjectCollection::createFilter (9 bytes)
Event: 91.981 Thread 0x000002074728e000 nmethod 10157 0x0000020736329790 code [0x0000020736329960, 0x0000020736329dd8]
Event: 91.981 Thread 0x000002074728e000 10158       3       org.gradle.api.internal.collections.CollectionFilter::<init> (9 bytes)
Event: 91.981 Thread 0x000002074728e000 nmethod 10158 0x0000020736329f90 code [0x000002073632a160, 0x000002073632a518]
Event: 91.981 Thread 0x000002074728e000 10159       3       org.gradle.api.internal.collections.DefaultCollectionEventRegister::filtered (11 bytes)
Event: 91.981 Thread 0x000002074728e000 nmethod 10159 0x000002073632a690 code [0x000002073632a860, 0x000002073632ac78]
Event: 92.108 Thread 0x000002074728e000 10160       1       org.gradle.internal.resource.ExternalResourceName::getPath (5 bytes)
Event: 92.108 Thread 0x000002074728e000 nmethod 10160 0x000002073c701c90 code [0x000002073c701e20, 0x000002073c701f58]

GC Heap History (20 events):
Event: 9.094 GC heap before
{Heap before GC invocations=3 (full 0):
 garbage-first heap   total 262144K, used 52472K [0x00000000e0000000, 0x0000000100000000)
  region size 1024K, 43 young (44032K), 4 survivors (4096K)
 Metaspace       used 10686K, capacity 11023K, committed 11136K, reserved 264192K
  class space    used 1521K, capacity 1646K, committed 1664K, reserved 253952K
}
Event: 9.105 GC heap after
{Heap after GC invocations=4 (full 0):
 garbage-first heap   total 262144K, used 15160K [0x00000000e0000000, 0x0000000100000000)
  region size 1024K, 3 young (3072K), 3 survivors (3072K)
 Metaspace       used 10686K, capacity 11023K, committed 11136K, reserved 264192K
  class space    used 1521K, capacity 1646K, committed 1664K, reserved 253952K
}
Event: 13.037 GC heap before
{Heap before GC invocations=4 (full 0):
 garbage-first heap   total 262144K, used 69432K [0x00000000e0000000, 0x0000000100000000)
  region size 1024K, 57 young (58368K), 3 survivors (3072K)
 Metaspace       used 18889K, capacity 19379K, committed 19584K, reserved 272384K
  class space    used 2688K, capacity 2855K, committed 2944K, reserved 253952K
}
Event: 13.047 GC heap after
{Heap after GC invocations=5 (full 0):
 garbage-first heap   total 262144K, used 18413K [0x00000000e0000000, 0x0000000100000000)
  region size 1024K, 6 young (6144K), 6 survivors (6144K)
 Metaspace       used 18889K, capacity 19379K, committed 19584K, reserved 272384K
  class space    used 2688K, capacity 2855K, committed 2944K, reserved 253952K
}
Event: 14.715 GC heap before
{Heap before GC invocations=5 (full 0):
 garbage-first heap   total 262144K, used 20461K [0x00000000e0000000, 0x0000000100000000)
  region size 1024K, 9 young (9216K), 6 survivors (6144K)
 Metaspace       used 20491K, capacity 20979K, committed 21248K, reserved 272384K
  class space    used 2868K, capacity 3047K, committed 3072K, reserved 253952K
}
Event: 14.735 GC heap after
{Heap after GC invocations=6 (full 0):
 garbage-first heap   total 262144K, used 19097K [0x00000000e0000000, 0x0000000100000000)
  region size 1024K, 4 young (4096K), 4 survivors (4096K)
 Metaspace       used 20491K, capacity 20979K, committed 21248K, reserved 272384K
  class space    used 2868K, capacity 3047K, committed 3072K, reserved 253952K
}
Event: 23.909 GC heap before
{Heap before GC invocations=7 (full 0):
 garbage-first heap   total 262144K, used 85657K [0x00000000e0000000, 0x0000000100000000)
  region size 1024K, 67 young (68608K), 4 survivors (4096K)
 Metaspace       used 27805K, capacity 28445K, committed 28672K, reserved 278528K
  class space    used 3745K, capacity 3996K, committed 4096K, reserved 253952K
}
Event: 23.924 GC heap after
{Heap after GC invocations=8 (full 0):
 garbage-first heap   total 262144K, used 23783K [0x00000000e0000000, 0x0000000100000000)
  region size 1024K, 9 young (9216K), 9 survivors (9216K)
 Metaspace       used 27805K, capacity 28445K, committed 28672K, reserved 278528K
  class space    used 3745K, capacity 3996K, committed 4096K, reserved 253952K
}
Event: 27.285 GC heap before
{Heap before GC invocations=8 (full 0):
 garbage-first heap   total 262144K, used 114919K [0x00000000e0000000, 0x0000000100000000)
  region size 1024K, 95 young (97280K), 9 survivors (9216K)
 Metaspace       used 33654K, capacity 34570K, committed 34688K, reserved 284672K
  class space    used 4592K, capacity 4886K, committed 4992K, reserved 253952K
}
Event: 27.304 GC heap after
{Heap after GC invocations=9 (full 0):
 garbage-first heap   total 262144K, used 32787K [0x00000000e0000000, 0x0000000100000000)
  region size 1024K, 12 young (12288K), 12 survivors (12288K)
 Metaspace       used 33654K, capacity 34570K, committed 34688K, reserved 284672K
  class space    used 4592K, capacity 4886K, committed 4992K, reserved 253952K
}
Event: 28.363 GC heap before
{Heap before GC invocations=9 (full 0):
 garbage-first heap   total 262144K, used 47123K [0x00000000e0000000, 0x0000000100000000)
  region size 1024K, 26 young (26624K), 12 survivors (12288K)
 Metaspace       used 34626K, capacity 35520K, committed 35584K, reserved 284672K
  class space    used 4722K, capacity 5090K, committed 5120K, reserved 253952K
}
Event: 28.391 GC heap after
{Heap after GC invocations=10 (full 0):
 garbage-first heap   total 262144K, used 38236K [0x00000000e0000000, 0x0000000100000000)
  region size 1024K, 10 young (10240K), 10 survivors (10240K)
 Metaspace       used 34626K, capacity 35520K, committed 35584K, reserved 284672K
  class space    used 4722K, capacity 5090K, committed 5120K, reserved 253952K
}
Event: 36.002 GC heap before
{Heap before GC invocations=11 (full 0):
 garbage-first heap   total 262144K, used 166236K [0x00000000e0000000, 0x0000000100000000)
  region size 1024K, 135 young (138240K), 10 survivors (10240K)
 Metaspace       used 52281K, capacity 53572K, committed 53880K, reserved 301056K
  class space    used 6907K, capacity 7404K, committed 7544K, reserved 253952K
}
Event: 36.025 GC heap after
{Heap after GC invocations=12 (full 0):
 garbage-first heap   total 262144K, used 45967K [0x00000000e0000000, 0x0000000100000000)
  region size 1024K, 17 young (17408K), 17 survivors (17408K)
 Metaspace       used 52281K, capacity 53572K, committed 53880K, reserved 301056K
  class space    used 6907K, capacity 7404K, committed 7544K, reserved 253952K
}
Event: 38.754 GC heap before
{Heap before GC invocations=12 (full 0):
 garbage-first heap   total 262144K, used 111503K [0x00000000e0000000, 0x0000000100000000)
  region size 1024K, 82 young (83968K), 17 survivors (17408K)
 Metaspace       used 58330K, capacity 59763K, committed 59896K, reserved 307200K
  class space    used 7726K, capacity 8311K, committed 8440K, reserved 253952K
}
Event: 38.790 GC heap after
{Heap after GC invocations=13 (full 0):
 garbage-first heap   total 262144K, used 48594K [0x00000000e0000000, 0x0000000100000000)
  region size 1024K, 11 young (11264K), 11 survivors (11264K)
 Metaspace       used 58330K, capacity 59763K, committed 59896K, reserved 307200K
  class space    used 7726K, capacity 8311K, committed 8440K, reserved 253952K
}
Event: 72.829 GC heap before
{Heap before GC invocations=14 (full 0):
 garbage-first heap   total 262144K, used 180690K [0x00000000e0000000, 0x0000000100000000)
  region size 1024K, 138 young (141312K), 11 survivors (11264K)
 Metaspace       used 66203K, capacity 68236K, committed 68344K, reserved 313344K
  class space    used 8607K, capacity 9404K, committed 9464K, reserved 253952K
}
Event: 72.862 GC heap after
{Heap after GC invocations=15 (full 0):
 garbage-first heap   total 262144K, used 66125K [0x00000000e0000000, 0x0000000100000000)
  region size 1024K, 17 young (17408K), 17 survivors (17408K)
 Metaspace       used 66203K, capacity 68236K, committed 68344K, reserved 313344K
  class space    used 8607K, capacity 9404K, committed 9464K, reserved 253952K
}
Event: 87.084 GC heap before
{Heap before GC invocations=15 (full 0):
 garbage-first heap   total 262144K, used 187981K [0x00000000e0000000, 0x0000000100000000)
  region size 1024K, 136 young (139264K), 17 survivors (17408K)
 Metaspace       used 70061K, capacity 73276K, committed 73464K, reserved 317440K
  class space    used 9109K, capacity 10201K, committed 10232K, reserved 253952K
}
Event: 87.142 GC heap after
{Heap after GC invocations=16 (full 0):
 garbage-first heap   total 262144K, used 87378K [0x00000000e0000000, 0x0000000100000000)
  region size 1024K, 17 young (17408K), 17 survivors (17408K)
 Metaspace       used 70061K, capacity 73276K, committed 73464K, reserved 317440K
  class space    used 9109K, capacity 10201K, committed 10232K, reserved 253952K
}

Deoptimization events (20 events):
Event: 91.198 Thread 0x0000020748df3800 Uncommon trap: trap_request=0xffffff45 fr.pc=0x000002073c637e6c relative=0x00000000000001cc
Event: 91.198 Thread 0x0000020748df3800 Uncommon trap: reason=unstable_if action=reinterpret pc=0x000002073c637e6c method=com.esotericsoftware.kryo.io.Input.require(I)I @ 65 c2
Event: 91.198 Thread 0x0000020748df3800 DEOPT PACKING pc=0x000002073c637e6c sp=0x0000000cb33f9df0
Event: 91.198 Thread 0x0000020748df3800 DEOPT UNPACKING pc=0x00000207349c912f sp=0x0000000cb33f9da0 mode 2
Event: 91.219 Thread 0x0000020748df3800 Uncommon trap: trap_request=0xffffff45 fr.pc=0x000002073c5e691c relative=0x000000000000007c
Event: 91.219 Thread 0x0000020748df3800 Uncommon trap: reason=unstable_if action=reinterpret pc=0x000002073c5e691c method=com.google.common.cache.LocalCache.isExpired(Lcom/google/common/cache/ReferenceEntry;J)Z @ 9 c2
Event: 91.219 Thread 0x0000020748df3800 DEOPT PACKING pc=0x000002073c5e691c sp=0x0000000cb33fa100
Event: 91.219 Thread 0x0000020748df3800 DEOPT UNPACKING pc=0x00000207349c912f sp=0x0000000cb33fa090 mode 2
Event: 91.569 Thread 0x0000020748df3800 Uncommon trap: trap_request=0xffffff45 fr.pc=0x000002073c9284f0 relative=0x00000000000001d0
Event: 91.569 Thread 0x0000020748df3800 Uncommon trap: reason=unstable_if action=reinterpret pc=0x000002073c9284f0 method=java.util.ArrayDeque.addFirst(Ljava/lang/Object;)V @ 42 c2
Event: 91.569 Thread 0x0000020748df3800 DEOPT PACKING pc=0x000002073c9284f0 sp=0x0000000cb33fbb70
Event: 91.569 Thread 0x0000020748df3800 DEOPT UNPACKING pc=0x00000207349c912f sp=0x0000000cb33fbb20 mode 2
Event: 91.580 Thread 0x0000020748df3800 Uncommon trap: trap_request=0xffffff45 fr.pc=0x000002073c5bfd40 relative=0x00000000000004c0
Event: 91.580 Thread 0x0000020748df3800 Uncommon trap: reason=unstable_if action=reinterpret pc=0x000002073c5bfd40 method=org.gradle.api.internal.DefaultCollectionCallbackActionDecorator.decorate(Lorg/gradle/api/Action;)Lorg/gradle/api/Action; @ 24 c2
Event: 91.580 Thread 0x0000020748df3800 DEOPT PACKING pc=0x000002073c5bfd40 sp=0x0000000cb33fae60
Event: 91.580 Thread 0x0000020748df3800 DEOPT UNPACKING pc=0x00000207349c912f sp=0x0000000cb33fae48 mode 2
Event: 92.005 Thread 0x0000020748df3800 Uncommon trap: trap_request=0xffffff45 fr.pc=0x000002073c7513d8 relative=0x0000000000000f58
Event: 92.005 Thread 0x0000020748df3800 Uncommon trap: reason=unstable_if action=reinterpret pc=0x000002073c7513d8 method=java.util.regex.Pattern.curly(Ljava/util/regex/Pattern$Node;I)Ljava/util/regex/Pattern$Node; @ 8 c2
Event: 92.005 Thread 0x0000020748df3800 DEOPT PACKING pc=0x000002073c7513d8 sp=0x0000000cb33f8140
Event: 92.005 Thread 0x0000020748df3800 DEOPT UNPACKING pc=0x00000207349c912f sp=0x0000000cb33f8070 mode 2

Classes unloaded (0 events):
No events

Classes redefined (0 events):
No events

Internal exceptions (20 events):
Event: 85.254 Thread 0x0000020748df3800 Exception <a 'java/lang/ClassNotFoundException'{0x00000000e965fc20}: build_d8t600sj1qoikd3hwd5q03o8w$_run_closure1$_closure4BeanInfo> (0x00000000e965fc20) 
thrown [t:/workspace/open/src/hotspot/share/classfile/systemDictionary.cpp, line 232]
Event: 85.255 Thread 0x0000020748df3800 Exception <a 'java/lang/ClassNotFoundException'{0x00000000e966c898}: build_d8t600sj1qoikd3hwd5q03o8w$_run_closure1$_closure4Customizer> (0x00000000e966c898) 
thrown [t:/workspace/open/src/hotspot/share/classfile/systemDictionary.cpp, line 232]
Event: 85.257 Thread 0x0000020748df3800 Exception <a 'java/lang/ClassNotFoundException'{0x00000000e9692040}: build_d8t600sj1qoikd3hwd5q03o8w$_run_closure1BeanInfo> (0x00000000e9692040) 
thrown [t:/workspace/open/src/hotspot/share/classfile/systemDictionary.cpp, line 232]
Event: 85.259 Thread 0x0000020748df3800 Exception <a 'java/lang/ClassNotFoundException'{0x00000000e969f6f0}: build_d8t600sj1qoikd3hwd5q03o8w$_run_closure1Customizer> (0x00000000e969f6f0) 
thrown [t:/workspace/open/src/hotspot/share/classfile/systemDictionary.cpp, line 232]
Event: 85.899 Thread 0x0000020748df3800 Exception <a 'java/lang/ClassNotFoundException'{0x00000000e94b8c58}: build_rjsmbujzn2gn4sz82ilxxxf4BeanInfo> (0x00000000e94b8c58) 
thrown [t:/workspace/open/src/hotspot/share/classfile/systemDictionary.cpp, line 232]
Event: 85.900 Thread 0x0000020748df3800 Exception <a 'java/lang/ClassNotFoundException'{0x00000000e94c1f68}: build_rjsmbujzn2gn4sz82ilxxxf4Customizer> (0x00000000e94c1f68) 
thrown [t:/workspace/open/src/hotspot/share/classfile/systemDictionary.cpp, line 232]
Event: 86.167 Thread 0x0000020748df3800 Exception <a 'java/lang/ClassNotFoundException'{0x00000000e913d440}: build_rjsmbujzn2gn4sz82ilxxxf4BeanInfo> (0x00000000e913d440) 
thrown [t:/workspace/open/src/hotspot/share/classfile/systemDictionary.cpp, line 232]
Event: 86.168 Thread 0x0000020748df3800 Exception <a 'java/lang/ClassNotFoundException'{0x00000000e91466c8}: build_rjsmbujzn2gn4sz82ilxxxf4Customizer> (0x00000000e91466c8) 
thrown [t:/workspace/open/src/hotspot/share/classfile/systemDictionary.cpp, line 232]
Event: 86.170 Thread 0x0000020748df3800 Exception <a 'sun/nio/fs/WindowsException'{0x00000000e915e998}> (0x00000000e915e998) 
thrown [t:/workspace/open/src/hotspot/share/prims/jni.cpp, line 598]
Event: 86.345 Thread 0x0000020748df3800 Exception <a 'java/lang/ClassNotFoundException'{0x00000000e8e2db50}: build_rjsmbujzn2gn4sz82ilxxxf4$_run_closure1BeanInfo> (0x00000000e8e2db50) 
thrown [t:/workspace/open/src/hotspot/share/classfile/systemDictionary.cpp, line 232]
Event: 86.347 Thread 0x0000020748df3800 Exception <a 'java/lang/ClassNotFoundException'{0x00000000e8e3e488}: build_rjsmbujzn2gn4sz82ilxxxf4$_run_closure1Customizer> (0x00000000e8e3e488) 
thrown [t:/workspace/open/src/hotspot/share/classfile/systemDictionary.cpp, line 232]
Event: 86.720 Thread 0x0000020748df3800 Exception <a 'java/lang/ClassNotFoundException'{0x00000000e8c66140}: build_51v03neh0r9pe3oouhe9txysrBeanInfo> (0x00000000e8c66140) 
thrown [t:/workspace/open/src/hotspot/share/classfile/systemDictionary.cpp, line 232]
Event: 86.720 Thread 0x0000020748df3800 Exception <a 'java/lang/ClassNotFoundException'{0x00000000e8c6f470}: build_51v03neh0r9pe3oouhe9txysrCustomizer> (0x00000000e8c6f470) 
thrown [t:/workspace/open/src/hotspot/share/classfile/systemDictionary.cpp, line 232]
Event: 87.329 Thread 0x0000020748df3800 Exception <a 'java/lang/ClassNotFoundException'{0x00000000efb3e098}: build_51v03neh0r9pe3oouhe9txysrBeanInfo> (0x00000000efb3e098) 
thrown [t:/workspace/open/src/hotspot/share/classfile/systemDictionary.cpp, line 232]
Event: 87.334 Thread 0x0000020748df3800 Exception <a 'java/lang/ClassNotFoundException'{0x00000000efb47358}: build_51v03neh0r9pe3oouhe9txysrCustomizer> (0x00000000efb47358) 
thrown [t:/workspace/open/src/hotspot/share/classfile/systemDictionary.cpp, line 232]
Event: 87.336 Thread 0x0000020748df3800 Exception <a 'sun/nio/fs/WindowsException'{0x00000000efb62538}> (0x00000000efb62538) 
thrown [t:/workspace/open/src/hotspot/share/prims/jni.cpp, line 598]
Event: 90.068 Thread 0x0000020748df3800 Exception <a 'java/lang/ClassNotFoundException'{0x00000000eed75778}: build_51v03neh0r9pe3oouhe9txysr$_run_closure1BeanInfo> (0x00000000eed75778) 
thrown [t:/workspace/open/src/hotspot/share/classfile/systemDictionary.cpp, line 232]
Event: 90.069 Thread 0x0000020748df3800 Exception <a 'java/lang/ClassNotFoundException'{0x00000000eed870b0}: build_51v03neh0r9pe3oouhe9txysr$_run_closure1Customizer> (0x00000000eed870b0) 
thrown [t:/workspace/open/src/hotspot/share/classfile/systemDictionary.cpp, line 232]
Event: 90.345 Thread 0x0000020748df3800 Exception <a 'java/lang/NoSuchMethodError'{0x00000000eea3fff0}: 'java.lang.Object java.lang.invoke.DirectMethodHandle$Holder.newInvokeSpecial(java.lang.Object, java.lang.Object, java.lang.Object, java.lang.Object, java.lang.Object, java.lang.Object, java.lang.Object, java.lang.Object, java.lang.Object, int, int)'> (0x00000000eea3fff0) 
thrown [t:/workspace/open/src/hotspot/share/interpreter/linkResolver.cpp, line 767]
Event: 91.580 Thread 0x0000020748df3800 Implicit null exception at 0x000002073c5bf9e7 to 0x000002073c5bfd36

Events (20 events):
Event: 92.008 loading class org/gradle/internal/resource/transfer/CacheAwareExternalResourceAccessor$DefaultResourceFileStore
Event: 92.008 loading class org/gradle/internal/resource/transfer/CacheAwareExternalResourceAccessor$DefaultResourceFileStore done
Event: 92.009 loading class org/gradle/internal/resource/local/LocalFileStandInExternalResource
Event: 92.009 loading class org/gradle/internal/resource/local/LocalFileStandInExternalResource done
Event: 92.102 loading class org/gradle/internal/resource/AbstractExternalResource
Event: 92.102 loading class org/gradle/internal/resource/AbstractExternalResource done
Event: 92.105 loading class org/gradle/api/internal/artifacts/ivyservice/ivyresolve/CachingModuleComponentRepository$1
Event: 92.105 loading class org/gradle/api/internal/artifacts/ivyservice/ivyresolve/CachingModuleComponentRepository$1 done
Event: 92.106 loading class org/gradle/api/internal/artifacts/ivyservice/modulecache/dynamicversions/ModuleVersionsCacheEntry
Event: 92.106 loading class org/gradle/api/internal/artifacts/ivyservice/modulecache/dynamicversions/ModuleVersionsCacheEntry done
Event: 92.107 loading class org/gradle/api/internal/artifacts/ivyservice/ivyresolve/DynamicVersionResolver$1
Event: 92.107 loading class org/gradle/api/internal/artifacts/ivyservice/ivyresolve/DynamicVersionResolver$1 done
Event: 92.108 loading class org/gradle/api/internal/artifacts/repositories/maven/MavenMetadataLoader$2
Event: 92.108 loading class org/gradle/api/internal/artifacts/repositories/maven/MavenMetadataLoader$2 done
Event: 92.109 loading class org/gradle/internal/ErroringAction
Event: 92.109 loading class org/gradle/internal/ErroringAction done
Event: 92.109 loading class org/gradle/api/internal/artifacts/repositories/maven/MavenMetadataLoader$2$1
Event: 92.109 loading class org/gradle/api/internal/artifacts/repositories/maven/MavenMetadataLoader$2$1 done
Event: 92.110 loading class org/apache/ivy/util/ContextualSAXHandler
Event: 92.110 loading class org/apache/ivy/util/ContextualSAXHandler done


Dynamic libraries:
0x00007ff6c11f0000 - 0x00007ff6c11ff000 	C:\Program Files\Java\jdk-13.0.2\bin\java.exe
0x00007fff8d720000 - 0x00007fff8d910000 	C:\WINDOWS\SYSTEM32\ntdll.dll
0x00007fff8bae0000 - 0x00007fff8bb92000 	C:\WINDOWS\System32\KERNEL32.DLL
0x00007fff8b520000 - 0x00007fff8b7c3000 	C:\WINDOWS\System32\KERNELBASE.dll
0x00007fff8a8d0000 - 0x00007fff8a9ca000 	C:\WINDOWS\System32\ucrtbase.dll
0x00007fff76f80000 - 0x00007fff76f98000 	C:\Program Files\Java\jdk-13.0.2\bin\jli.dll
0x00007fff724c0000 - 0x00007fff724d5000 	C:\Program Files\Java\jdk-13.0.2\bin\VCRUNTIME140.dll
0x00007fff8c6c0000 - 0x00007fff8c763000 	C:\WINDOWS\System32\ADVAPI32.dll
0x00007fff8c770000 - 0x00007fff8c80e000 	C:\WINDOWS\System32\msvcrt.dll
0x00007fff8ba40000 - 0x00007fff8bad7000 	C:\WINDOWS\System32\sechost.dll
0x00007fff8d340000 - 0x00007fff8d460000 	C:\WINDOWS\System32\RPCRT4.dll
0x00007fff8d050000 - 0x00007fff8d1e4000 	C:\WINDOWS\System32\USER32.dll
0x00007fff8b150000 - 0x00007fff8b171000 	C:\WINDOWS\System32\win32u.dll
0x00007fff8d1f0000 - 0x00007fff8d216000 	C:\WINDOWS\System32\GDI32.dll
0x00007fff8a6b0000 - 0x00007fff8a844000 	C:\WINDOWS\System32\gdi32full.dll
0x00007fff8b1e0000 - 0x00007fff8b27e000 	C:\WINDOWS\System32\msvcp_win.dll
0x00007fff7b670000 - 0x00007fff7b8f5000 	C:\WINDOWS\WinSxS\amd64_microsoft.windows.common-controls_6595b64144ccf1df_6.0.18362.778_none_e6c6b761130d4fb8\COMCTL32.dll
0x00007fff8c810000 - 0x00007fff8cb46000 	C:\WINDOWS\System32\combase.dll
0x00007fff8b280000 - 0x00007fff8b300000 	C:\WINDOWS\System32\bcryptPrimitives.dll
0x00007fff85b50000 - 0x00007fff85b5a000 	C:\WINDOWS\SYSTEM32\VERSION.dll
0x00007fff8cfc0000 - 0x00007fff8cfee000 	C:\WINDOWS\System32\IMM32.DLL
0x00007fff5a190000 - 0x00007fff5a22b000 	C:\Program Files\Java\jdk-13.0.2\bin\msvcp140.dll
0x00007fff39720000 - 0x00007fff3a27d000 	C:\Program Files\Java\jdk-13.0.2\bin\server\jvm.dll
0x00007fff8d530000 - 0x00007fff8d538000 	C:\WINDOWS\System32\PSAPI.DLL
0x00007fff86ea0000 - 0x00007fff86ec4000 	C:\WINDOWS\SYSTEM32\WINMM.dll
0x00007fff7f470000 - 0x00007fff7f479000 	C:\WINDOWS\SYSTEM32\WSOCK32.dll
0x00007fff8c650000 - 0x00007fff8c6bf000 	C:\WINDOWS\System32\WS2_32.dll
0x00007fff86e70000 - 0x00007fff86e9d000 	C:\WINDOWS\SYSTEM32\WINMMBASE.dll
0x00007fff8a850000 - 0x00007fff8a89a000 	C:\WINDOWS\System32\cfgmgr32.dll
0x00007fff8a670000 - 0x00007fff8a681000 	C:\WINDOWS\System32\kernel.appcore.dll
0x00007fff84e70000 - 0x00007fff84e80000 	C:\Program Files\Java\jdk-13.0.2\bin\verify.dll
0x00007fff756f0000 - 0x00007fff758e4000 	C:\WINDOWS\SYSTEM32\DBGHELP.DLL
0x00007fff75610000 - 0x00007fff7563a000 	C:\WINDOWS\SYSTEM32\dbgcore.DLL
0x00007fff71680000 - 0x00007fff716a6000 	C:\Program Files\Java\jdk-13.0.2\bin\java.dll
0x00007fff72180000 - 0x00007fff72197000 	C:\Program Files\Java\jdk-13.0.2\bin\zip.dll
0x00007fff7d4a0000 - 0x00007fff7d4aa000 	C:\Program Files\Java\jdk-13.0.2\bin\jimage.dll
0x00007fff8be90000 - 0x00007fff8c575000 	C:\WINDOWS\System32\SHELL32.dll
0x00007fff8d290000 - 0x00007fff8d339000 	C:\WINDOWS\System32\shcore.dll
0x00007fff8a9d0000 - 0x00007fff8b150000 	C:\WINDOWS\System32\windows.storage.dll
0x00007fff8a5f0000 - 0x00007fff8a613000 	C:\WINDOWS\System32\profapi.dll
0x00007fff8a620000 - 0x00007fff8a66a000 	C:\WINDOWS\System32\powrprof.dll
0x00007fff8a5e0000 - 0x00007fff8a5f0000 	C:\WINDOWS\System32\UMPDC.dll
0x00007fff8cff0000 - 0x00007fff8d042000 	C:\WINDOWS\System32\shlwapi.dll
0x00007fff8b300000 - 0x00007fff8b317000 	C:\WINDOWS\System32\cryptsp.dll
0x00007fff71cf0000 - 0x00007fff71d09000 	C:\Program Files\Java\jdk-13.0.2\bin\net.dll
0x00007fff7ea60000 - 0x00007fff7eb50000 	C:\WINDOWS\SYSTEM32\WINHTTP.dll
0x00007fff89e50000 - 0x00007fff89eb7000 	C:\WINDOWS\system32\mswsock.dll
0x00007fff71b50000 - 0x00007fff71b63000 	C:\Program Files\Java\jdk-13.0.2\bin\nio.dll
0x00007fff71650000 - 0x00007fff71676000 	C:\Users\arpan\.gradle\native\30\windows-amd64\native-platform.dll
0x00007fff74000000 - 0x00007fff74009000 	C:\Program Files\Java\jdk-13.0.2\bin\management.dll
0x00007fff71a10000 - 0x00007fff71a1b000 	C:\Program Files\Java\jdk-13.0.2\bin\management_ext.dll
0x00007fff899c0000 - 0x00007fff899f3000 	C:\WINDOWS\system32\rsaenh.dll
0x00007fff8a8a0000 - 0x00007fff8a8c6000 	C:\WINDOWS\System32\bcrypt.dll
0x00007fff8a500000 - 0x00007fff8a525000 	C:\WINDOWS\SYSTEM32\USERENV.dll
0x00007fff8a020000 - 0x00007fff8a02c000 	C:\WINDOWS\SYSTEM32\CRYPTBASE.dll
0x00007fff89b60000 - 0x00007fff89b9a000 	C:\WINDOWS\SYSTEM32\IPHLPAPI.DLL
0x00007fff8b9b0000 - 0x00007fff8b9b8000 	C:\WINDOWS\System32\NSI.dll
0x00007fff7e990000 - 0x00007fff7e9a6000 	C:\WINDOWS\SYSTEM32\dhcpcsvc6.DLL
0x00007fff7e970000 - 0x00007fff7e98c000 	C:\WINDOWS\SYSTEM32\dhcpcsvc.DLL
0x00007fff89ba0000 - 0x00007fff89c6a000 	C:\WINDOWS\SYSTEM32\DNSAPI.dll

dbghelp: loaded successfully - version: 4.0.5 - missing functions: none
symbol engine: initialized successfully - sym options: 0x614 - pdb path: .;C:\Program Files\Java\jdk-13.0.2\bin;C:\WINDOWS\SYSTEM32;C:\WINDOWS\WinSxS\amd64_microsoft.windows.common-controls_6595b64144ccf1df_6.0.18362.778_none_e6c6b761130d4fb8;C:\Program Files\Java\jdk-13.0.2\bin\server;C:\Users\arpan\.gradle\native\30\windows-amd64

VM Arguments:
jvm_args: --add-opens=java.base/java.util=ALL-UNNAMED --add-opens=java.base/java.lang=ALL-UNNAMED --add-opens=java.base/java.lang.invoke=ALL-UNNAMED --add-opens=java.prefs/java.util.prefs=ALL-UNNAMED -XX:MaxMetaspaceSize=256m -XX:+HeapDumpOnOutOfMemoryError -Xms256m -Xmx512m -Dfile.encoding=windows-1252 -Duser.country=US -Duser.language=en -Duser.variant 
java_command: org.gradle.launcher.daemon.bootstrap.GradleDaemon 6.0
java_class_path (initial): C:\Users\arpan\.gradle\wrapper\dists\gradle-6.0-all\cra2s42cvogxluqqpvbc5e9xd\gradle-6.0\lib\gradle-launcher-6.0.jar
Launcher Type: SUN_STANDARD

[Global flags]
     intx CICompilerCount                          = 3                                         {product} {ergonomic}
   size_t CompressedClassSpaceSize                 = 260046848                                 {product} {ergonomic}
     uint ConcGCThreads                            = 1                                         {product} {ergonomic}
     uint G1ConcRefinementThreads                  = 4                                         {product} {ergonomic}
   size_t G1HeapRegionSize                         = 1048576                                   {product} {ergonomic}
    uintx GCDrainStackTargetSize                   = 64                                        {product} {ergonomic}
     bool HeapDumpOnOutOfMemoryError               = true                                   {manageable} {command line}
   size_t InitialHeapSize                          = 268435456                                 {product} {command line}
   size_t MarkStackSize                            = 4194304                                   {product} {ergonomic}
   size_t MaxHeapSize                              = 536870912                                 {product} {command line}
   size_t MaxMetaspaceSize                         = 268435456                                 {product} {command line}
   size_t MaxNewSize                               = 321912832                                 {product} {ergonomic}
   size_t MinHeapDeltaBytes                        = 1048576                                   {product} {ergonomic}
   size_t MinHeapSize                              = 268435456                                 {product} {command line}
    uintx NonNMethodCodeHeapSize                   = 5832780                                {pd product} {ergonomic}
    uintx NonProfiledCodeHeapSize                  = 122912730                              {pd product} {ergonomic}
    uintx ProfiledCodeHeapSize                     = 122912730                              {pd product} {ergonomic}
    uintx ReservedCodeCacheSize                    = 251658240                              {pd product} {ergonomic}
     bool SegmentedCodeCache                       = true                                      {product} {ergonomic}
   size_t SoftMaxHeapSize                          = 536870912                              {manageable} {ergonomic}
     bool UseCompressedClassPointers               = true                                 {lp64_product} {ergonomic}
     bool UseCompressedOops                        = true                                 {lp64_product} {ergonomic}
     bool UseG1GC                                  = true                                      {product} {ergonomic}
     bool UseLargePagesIndividualAllocation        = false                                  {pd product} {ergonomic}

Logging:
Log output configuration:
 #0: stdout all=warning uptime,level,tags
 #1: stderr all=off uptime,level,tags

Environment Variables:
JAVA_HOME=C:\Program Files\Java\jdk-13.0.2
CLASSPATH=E:\reactnative\AnimalFarm\android\\gradle\wrapper\gradle-wrapper.jar
PATH=C:\Program Files (x86)\Common Files\Oracle\Java\javapath;C:\Program Files\Java\jdk-13.0.2\bin;C:\PROGRA~1\PTC\MKSTOO~1\bin64;C:\PROGRA~1\PTC\MKSTOO~1\bin;C:\PROGRA~1\PTC\MKSTOO~1\bin\X11;C:\PROGRA~1\PTC\MKSTOO~1\mksnt;C:\Program Files (x86)\Intel\iCLS Client\;C:\Program Files\Intel\iCLS Client\;C:\ProgramData\Oracle\Java\javapath;C:\WINDOWS\system32;C:\WINDOWS;C:\WINDOWS\System32\Wbem;C:\WINDOWS\System32\WindowsPowerShell\v1.0\;C:\Program Files (x86)\NVIDIA Corporation\PhysX\Common;C:\WINDOWS\System32\OpenSSH\;C:\Program Files (x86)\Intel\Intel(R) Management Engine Components\DAL;C:\Program Files\Intel\Intel(R) Management Engine Components\DAL;C:\Program Files (x86)\Intel\Intel(R) Management Engine Components\IPT;C:\Program Files\Intel\Intel(R) Management Engine Components\IPT;C:\Program Files\NVIDIA Corporation\NVIDIA NvDLISR;C:\WINDOWS\system32;C:\WINDOWS;C:\WINDOWS\System32\Wbem;C:\WINDOWS\System32\WindowsPowerShell\v1.0\;C:\WINDOWS\System32\OpenSSH\;C:\Program Files\Microsoft VS Code\bin;C:\Program Files (x86)\Brackets\command;C:\ProgramData\chocolatey\bin;C:\Program Files\Java\jdk1.8.0_231\bin;c:\Users\arpan\AppData\Local\Android\Sdk\platform-tools;C:\Program Files\Git\cmd;C:\Program Files\nodejs\;C:\Program Files\Java\jre1.8.0_241\bin;C:\Program Files\Java\jdk-13.0.2\bin;c:\Users\arpan\AppData\Local\Android\Sdk\platform-tools;C:\Users\arpan\AppData\Local\Microsoft\WindowsApps;C:\Program Files\Microsoft VS Code\bin;C:\Program Files\Java\jdk-12.0.2\bin;C:\Program Files\heroku\bin;C:\Users\arpan\AppData\Roaming\npm;
USERNAME=arpan
DISPLAY=:0.0
OS=Windows_NT
PROCESSOR_IDENTIFIER=Intel64 Family 6 Model 142 Stepping 9, GenuineIntel



---------------  S Y S T E M  ---------------

OS: Windows 10 , 64 bit Build 18362 (10.0.18362.778)

CPU:total 4 (initial active 4) (2 cores per cpu, 2 threads per core) family 6 model 142 stepping 9, cmov, cx8, fxsr, mmx, sse, sse2, sse3, ssse3, sse4.1, sse4.2, popcnt, avx, avx2, aes, clmul, erms, 3dnowpref, lzcnt, ht, tsc, tscinvbit, bmi1, bmi2, adx, fma

Memory: 4k page, system-wide physical 8060M (954M free)
TotalPageFile size 8060M (AvailPageFile size 41M)
current process WorkingSet (physical memory assigned to process): 458M, peak: 462M
current process commit charge ("private bytes"): 534M, peak: 537M

vm_info: Java HotSpot(TM) 64-Bit Server VM (13.0.2+8) for windows-amd64 JRE (13.0.2+8), built on Dec 11 2019 09:20:33 by "mach5one" with unknown MS VC++:1916

END.
