#
# There is insufficient memory for the Java Runtime Environment to continue.
# Native memory allocation (malloc) failed to allocate 630352 bytes for Chunk::new
# Possible reasons:
#   The system is out of physical RAM or swap space
#   The process is running with CompressedOops enabled, and the Java Heap may be blocking the growth of the native heap
# Possible solutions:
#   Reduce memory load on the system
#   Increase physical memory or swap space
#   Check if swap backing store is full
#   Decrease Java heap size (-Xmx/-Xms)
#   Decrease number of Java threads
#   Decrease Java thread stack sizes (-Xss)
#   Set larger code cache with -XX:ReservedCodeCacheSize=
#   JVM is running with Unscaled Compressed Oops mode in which the Java heap is
#     placed in the first 4GB address space. The Java Heap base address is the
#     maximum limit for the native heap growth. Please use -XX:HeapBaseMinAddress
#     to set the Java Heap base and to place the Java Heap above 4GB virtual address.
# This output file may be truncated or incomplete.
#
#  Out of Memory Error (t:/workspace/open/src/hotspot/share/memory/arena.cpp:196), pid=616, tid=5216
#
# JRE version: Java(TM) SE Runtime Environment (13.0.2+8) (build 13.0.2+8)
# Java VM: Java HotSpot(TM) 64-Bit Server VM (13.0.2+8, mixed mode, sharing, tiered, compressed oops, g1 gc, windows-amd64)
# No core dump will be written. Minidumps are not enabled by default on client versions of Windows
#

---------------  S U M M A R Y ------------

Command Line: -Xmx64m -Xms64m -Dorg.gradle.appname=gradlew org.gradle.wrapper.GradleWrapperMain app:installDebug -PreactNativeDevServerPort=8081

Host: Intel(R) Core(TM) i5-7200U CPU @ 2.50GHz, 4 cores, 7G,  Windows 10 , 64 bit Build 18362 (10.0.18362.778)
Time: Fri May 15 02:04:37 2020 India Standard Time elapsed time: 1 seconds (0d 0h 0m 1s)

---------------  T H R E A D  ---------------

Current thread (0x000002aaff6af800):  JavaThread "C2 CompilerThread0" daemon [_thread_in_native, id=5216, stack(0x000000f228600000,0x000000f228700000)]


Current CompileTask:
C2:   1236  743   !   4       jdk.internal.loader.URLClassPath$JarLoader::getResource (65 bytes)

Stack: [0x000000f228600000,0x000000f228700000]
Native frames: (J=compiled Java code, j=interpreted, Vv=VM code, C=native code)
V  [jvm.dll+0x624f9a]
V  [jvm.dll+0x770cfa]
V  [jvm.dll+0x7724af]
V  [jvm.dll+0x772ab3]
V  [jvm.dll+0x24bf08]
V  [jvm.dll+0xc1e47]
V  [jvm.dll+0xc23cc]
V  [jvm.dll+0x35c0c5]
V  [jvm.dll+0x327803]
V  [jvm.dll+0x326bda]
V  [jvm.dll+0x205c27]
V  [jvm.dll+0x204e3f]
V  [jvm.dll+0x189c2c]
V  [jvm.dll+0x213e6d]
V  [jvm.dll+0x2120bb]
V  [jvm.dll+0x736bb6]
V  [jvm.dll+0x72fcaa]
V  [jvm.dll+0x623ea6]
C  [ucrtbase.dll+0x20e72]
C  [KERNEL32.DLL+0x17bd4]
C  [ntdll.dll+0x6ce51]


---------------  P R O C E S S  ---------------

Threads class SMR info:
_java_thread_list=0x000002aa9989e080, length=12, elements={
0x000002aafc69c800, 0x000002aaff68a000, 0x000002aaff68d800, 0x000002aaff6ad800,
0x000002aaff6ae800, 0x000002aaff6af800, 0x000002aaff6b1000, 0x000002aaff6c4800,
0x000002aaff90b800, 0x000002aaff963000, 0x000002aa999f5800, 0x000002aa99a02800
}

Java Threads: ( => current thread )
  0x000002aafc69c800 JavaThread "main" [_thread_in_vm, id=3872, stack(0x000000f227b00000,0x000000f227c00000)]
  0x000002aaff68a000 JavaThread "Reference Handler" daemon [_thread_blocked, id=12624, stack(0x000000f228200000,0x000000f228300000)]
  0x000002aaff68d800 JavaThread "Finalizer" daemon [_thread_blocked, id=10244, stack(0x000000f228300000,0x000000f228400000)]
  0x000002aaff6ad800 JavaThread "Signal Dispatcher" daemon [_thread_blocked, id=1292, stack(0x000000f228400000,0x000000f228500000)]
  0x000002aaff6ae800 JavaThread "Attach Listener" daemon [_thread_blocked, id=2196, stack(0x000000f228500000,0x000000f228600000)]
=>0x000002aaff6af800 JavaThread "C2 CompilerThread0" daemon [_thread_in_native, id=5216, stack(0x000000f228600000,0x000000f228700000)]
  0x000002aaff6b1000 JavaThread "C1 CompilerThread0" daemon [_thread_in_native, id=7948, stack(0x000000f228700000,0x000000f228800000)]
  0x000002aaff6c4800 JavaThread "Sweeper thread" daemon [_thread_blocked, id=8968, stack(0x000000f228800000,0x000000f228900000)]
  0x000002aaff90b800 JavaThread "Service Thread" daemon [_thread_blocked, id=8424, stack(0x000000f228900000,0x000000f228a00000)]
  0x000002aaff963000 JavaThread "Common-Cleaner" daemon [_thread_blocked, id=2072, stack(0x000000f228b00000,0x000000f228c00000)]
  0x000002aa999f5800 JavaThread "pool-1-thread-1" [_thread_blocked, id=12300, stack(0x000000f228d00000,0x000000f228e00000)]
  0x000002aa99a02800 JavaThread "C2 CompilerThread1" daemon [_thread_in_native, id=9980, stack(0x000000f228e00000,0x000000f228f00000)]

Other Threads:
  0x000002aafc76e800 VMThread "VM Thread" [stack: 0x000000f228100000,0x000000f228200000] [id=6128] _threads_hazard_ptr=0x000002aa9989e080
  0x000002aaff95c800 WatcherThread [stack: 0x000000f228a00000,0x000000f228b00000] [id=8476]
  0x000002aafc6bc800 GCTaskThread "GC Thread#0" [stack: 0x000000f227c00000,0x000000f227d00000] [id=3432]
  0x000002aa99492000 GCTaskThread "GC Thread#1" [stack: 0x000000f228c00000,0x000000f228d00000] [id=10912]
  0x000002aafc6be800 ConcurrentGCThread "G1 Main Marker" [stack: 0x000000f227d00000,0x000000f227e00000] [id=11448]
  0x000002aafc6c0000 ConcurrentGCThread "G1 Conc#0" [stack: 0x000000f227e00000,0x000000f227f00000] [id=9892]
  0x000002aafc714800 ConcurrentGCThread "G1 Refine#0" [stack: 0x000000f227f00000,0x000000f228000000] [id=8288]
  0x000002aafc715800 ConcurrentGCThread "G1 Young RemSet Sampling" [stack: 0x000000f228000000,0x000000f228100000] [id=6572]

Threads with active compile tasks:
C2 CompilerThread0     1391  743   !   4       jdk.internal.loader.URLClassPath$JarLoader::getResource (65 bytes)
C1 CompilerThread0     1391  833       3       jdk.internal.org.objectweb.asm.Frame::execute (2305 bytes)
C2 CompilerThread1     1391  745       4       java.util.jar.JarFile::getEntry (22 bytes)

VM state:synchronizing (normal execution)

VM Mutex/Monitor currently owned by a thread:  ([mutex/lock_event])
[0x000002aafc698f70] Threads_lock - owner thread: 0x000002aafc76e800

Heap address: 0x00000000fc000000, size: 64 MB, Compressed Oops mode: 32-bit
Narrow klass base: 0x0000000800000000, Narrow klass shift: 3
Compressed class space size: 1073741824 Address: 0x0000000800b40000

Heap:
 garbage-first heap   total 65536K, used 16013K [0x00000000fc000000, 0x0000000100000000)
  region size 1024K, 11 young (11264K), 2 survivors (2048K)
 Metaspace       used 4372K, capacity 6885K, committed 7040K, reserved 1056768K
  class space    used 575K, capacity 828K, committed 896K, reserved 1048576K
Heap Regions: E=young(eden), S=young(survivor), O=old, HS=humongous(starts), HC=humongous(continues), CS=collection set, F=free, A=archive, TAMS=top-at-mark-start (previous, next)
|   0|0x00000000fc000000, 0x00000000fc000000, 0x00000000fc100000|  0%| F|  |TAMS 0x00000000fc000000, 0x00000000fc000000| Untracked 
|   1|0x00000000fc100000, 0x00000000fc100000, 0x00000000fc200000|  0%| F|  |TAMS 0x00000000fc100000, 0x00000000fc100000| Untracked 
|   2|0x00000000fc200000, 0x00000000fc200000, 0x00000000fc300000|  0%| F|  |TAMS 0x00000000fc200000, 0x00000000fc200000| Untracked 
|   3|0x00000000fc300000, 0x00000000fc400000, 0x00000000fc400000|100%|HS|  |TAMS 0x00000000fc300000, 0x00000000fc300000| Complete 
|   4|0x00000000fc400000, 0x00000000fc500000, 0x00000000fc500000|100%|HC|  |TAMS 0x00000000fc400000, 0x00000000fc400000| Complete 
|   5|0x00000000fc500000, 0x00000000fc600000, 0x00000000fc600000|100%|HC|  |TAMS 0x00000000fc500000, 0x00000000fc500000| Complete 
|   6|0x00000000fc600000, 0x00000000fc700000, 0x00000000fc700000|100%| O|  |TAMS 0x00000000fc600000, 0x00000000fc600000| Untracked 
|   7|0x00000000fc700000, 0x00000000fc800000, 0x00000000fc800000|100%| O|  |TAMS 0x00000000fc700000, 0x00000000fc700000| Untracked 
|   8|0x00000000fc800000, 0x00000000fc8a3608, 0x00000000fc900000| 63%| O|  |TAMS 0x00000000fc800000, 0x00000000fc800000| Untracked 
|   9|0x00000000fc900000, 0x00000000fc900000, 0x00000000fca00000|  0%| F|  |TAMS 0x00000000fc900000, 0x00000000fc900000| Untracked 
|  10|0x00000000fca00000, 0x00000000fca00000, 0x00000000fcb00000|  0%| F|  |TAMS 0x00000000fca00000, 0x00000000fca00000| Untracked 
|  11|0x00000000fcb00000, 0x00000000fcb00000, 0x00000000fcc00000|  0%| F|  |TAMS 0x00000000fcb00000, 0x00000000fcb00000| Untracked 
|  12|0x00000000fcc00000, 0x00000000fcc00000, 0x00000000fcd00000|  0%| F|  |TAMS 0x00000000fcc00000, 0x00000000fcc00000| Untracked 
|  13|0x00000000fcd00000, 0x00000000fcd00000, 0x00000000fce00000|  0%| F|  |TAMS 0x00000000fcd00000, 0x00000000fcd00000| Untracked 
|  14|0x00000000fce00000, 0x00000000fce00000, 0x00000000fcf00000|  0%| F|  |TAMS 0x00000000fce00000, 0x00000000fce00000| Untracked 
|  15|0x00000000fcf00000, 0x00000000fcf00000, 0x00000000fd000000|  0%| F|  |TAMS 0x00000000fcf00000, 0x00000000fcf00000| Untracked 
|  16|0x00000000fd000000, 0x00000000fd000000, 0x00000000fd100000|  0%| F|  |TAMS 0x00000000fd000000, 0x00000000fd000000| Untracked 
|  17|0x00000000fd100000, 0x00000000fd100000, 0x00000000fd200000|  0%| F|  |TAMS 0x00000000fd100000, 0x00000000fd100000| Untracked 
|  18|0x00000000fd200000, 0x00000000fd200000, 0x00000000fd300000|  0%| F|  |TAMS 0x00000000fd200000, 0x00000000fd200000| Untracked 
|  19|0x00000000fd300000, 0x00000000fd300000, 0x00000000fd400000|  0%| F|  |TAMS 0x00000000fd300000, 0x00000000fd300000| Untracked 
|  20|0x00000000fd400000, 0x00000000fd400000, 0x00000000fd500000|  0%| F|  |TAMS 0x00000000fd400000, 0x00000000fd400000| Untracked 
|  21|0x00000000fd500000, 0x00000000fd500000, 0x00000000fd600000|  0%| F|  |TAMS 0x00000000fd500000, 0x00000000fd500000| Untracked 
|  22|0x00000000fd600000, 0x00000000fd600000, 0x00000000fd700000|  0%| F|  |TAMS 0x00000000fd600000, 0x00000000fd600000| Untracked 
|  23|0x00000000fd700000, 0x00000000fd700000, 0x00000000fd800000|  0%| F|  |TAMS 0x00000000fd700000, 0x00000000fd700000| Untracked 
|  24|0x00000000fd800000, 0x00000000fd800000, 0x00000000fd900000|  0%| F|  |TAMS 0x00000000fd800000, 0x00000000fd800000| Untracked 
|  25|0x00000000fd900000, 0x00000000fd900000, 0x00000000fda00000|  0%| F|  |TAMS 0x00000000fd900000, 0x00000000fd900000| Untracked 
|  26|0x00000000fda00000, 0x00000000fda00000, 0x00000000fdb00000|  0%| F|  |TAMS 0x00000000fda00000, 0x00000000fda00000| Untracked 
|  27|0x00000000fdb00000, 0x00000000fdb00000, 0x00000000fdc00000|  0%| F|  |TAMS 0x00000000fdb00000, 0x00000000fdb00000| Untracked 
|  28|0x00000000fdc00000, 0x00000000fdc00000, 0x00000000fdd00000|  0%| F|  |TAMS 0x00000000fdc00000, 0x00000000fdc00000| Untracked 
|  29|0x00000000fdd00000, 0x00000000fdd00000, 0x00000000fde00000|  0%| F|  |TAMS 0x00000000fdd00000, 0x00000000fdd00000| Untracked 
|  30|0x00000000fde00000, 0x00000000fde00000, 0x00000000fdf00000|  0%| F|  |TAMS 0x00000000fde00000, 0x00000000fde00000| Untracked 
|  31|0x00000000fdf00000, 0x00000000fdf00000, 0x00000000fe000000|  0%| F|  |TAMS 0x00000000fdf00000, 0x00000000fdf00000| Untracked 
|  32|0x00000000fe000000, 0x00000000fe000000, 0x00000000fe100000|  0%| F|  |TAMS 0x00000000fe000000, 0x00000000fe000000| Untracked 
|  33|0x00000000fe100000, 0x00000000fe100000, 0x00000000fe200000|  0%| F|  |TAMS 0x00000000fe100000, 0x00000000fe100000| Untracked 
|  34|0x00000000fe200000, 0x00000000fe200000, 0x00000000fe300000|  0%| F|  |TAMS 0x00000000fe200000, 0x00000000fe200000| Untracked 
|  35|0x00000000fe300000, 0x00000000fe300000, 0x00000000fe400000|  0%| F|  |TAMS 0x00000000fe300000, 0x00000000fe300000| Untracked 
|  36|0x00000000fe400000, 0x00000000fe400000, 0x00000000fe500000|  0%| F|  |TAMS 0x00000000fe400000, 0x00000000fe400000| Untracked 
|  37|0x00000000fe500000, 0x00000000fe500000, 0x00000000fe600000|  0%| F|  |TAMS 0x00000000fe500000, 0x00000000fe500000| Untracked 
|  38|0x00000000fe600000, 0x00000000fe600000, 0x00000000fe700000|  0%| F|  |TAMS 0x00000000fe600000, 0x00000000fe600000| Untracked 
|  39|0x00000000fe700000, 0x00000000fe700000, 0x00000000fe800000|  0%| F|  |TAMS 0x00000000fe700000, 0x00000000fe700000| Untracked 
|  40|0x00000000fe800000, 0x00000000fe800000, 0x00000000fe900000|  0%| F|  |TAMS 0x00000000fe800000, 0x00000000fe800000| Untracked 
|  41|0x00000000fe900000, 0x00000000fe900000, 0x00000000fea00000|  0%| F|  |TAMS 0x00000000fe900000, 0x00000000fe900000| Untracked 
|  42|0x00000000fea00000, 0x00000000fea00000, 0x00000000feb00000|  0%| F|  |TAMS 0x00000000fea00000, 0x00000000fea00000| Untracked 
|  43|0x00000000feb00000, 0x00000000feb00000, 0x00000000fec00000|  0%| F|  |TAMS 0x00000000feb00000, 0x00000000feb00000| Untracked 
|  44|0x00000000fec00000, 0x00000000fec00000, 0x00000000fed00000|  0%| F|  |TAMS 0x00000000fec00000, 0x00000000fec00000| Untracked 
|  45|0x00000000fed00000, 0x00000000fed00000, 0x00000000fee00000|  0%| F|  |TAMS 0x00000000fed00000, 0x00000000fed00000| Untracked 
|  46|0x00000000fee00000, 0x00000000fee00000, 0x00000000fef00000|  0%| F|  |TAMS 0x00000000fee00000, 0x00000000fee00000| Untracked 
|  47|0x00000000fef00000, 0x00000000fef00000, 0x00000000ff000000|  0%| F|  |TAMS 0x00000000fef00000, 0x00000000fef00000| Untracked 
|  48|0x00000000ff000000, 0x00000000ff100000, 0x00000000ff100000|100%| S|CS|TAMS 0x00000000ff000000, 0x00000000ff000000| Complete 
|  49|0x00000000ff100000, 0x00000000ff200000, 0x00000000ff200000|100%| S|CS|TAMS 0x00000000ff100000, 0x00000000ff100000| Complete 
|  50|0x00000000ff200000, 0x00000000ff200000, 0x00000000ff300000|  0%| F|  |TAMS 0x00000000ff200000, 0x00000000ff200000| Untracked 
|  51|0x00000000ff300000, 0x00000000ff300000, 0x00000000ff400000|  0%| F|  |TAMS 0x00000000ff300000, 0x00000000ff300000| Untracked 
|  52|0x00000000ff400000, 0x00000000ff400000, 0x00000000ff500000|  0%| F|  |TAMS 0x00000000ff400000, 0x00000000ff400000| Untracked 
|  53|0x00000000ff500000, 0x00000000ff500000, 0x00000000ff600000|  0%| F|  |TAMS 0x00000000ff500000, 0x00000000ff500000| Untracked 
|  54|0x00000000ff600000, 0x00000000ff600000, 0x00000000ff700000|  0%| F|  |TAMS 0x00000000ff600000, 0x00000000ff600000| Untracked 
|  55|0x00000000ff700000, 0x00000000ff780800, 0x00000000ff800000| 50%| E|  |TAMS 0x00000000ff700000, 0x00000000ff700000| Complete 
|  56|0x00000000ff800000, 0x00000000ff900000, 0x00000000ff900000|100%| E|CS|TAMS 0x00000000ff800000, 0x00000000ff800000| Complete 
|  57|0x00000000ff900000, 0x00000000ffa00000, 0x00000000ffa00000|100%| E|CS|TAMS 0x00000000ff900000, 0x00000000ff900000| Complete 
|  58|0x00000000ffa00000, 0x00000000ffb00000, 0x00000000ffb00000|100%| E|CS|TAMS 0x00000000ffa00000, 0x00000000ffa00000| Complete 
|  59|0x00000000ffb00000, 0x00000000ffc00000, 0x00000000ffc00000|100%| E|CS|TAMS 0x00000000ffb00000, 0x00000000ffb00000| Complete 
|  60|0x00000000ffc00000, 0x00000000ffd00000, 0x00000000ffd00000|100%| E|CS|TAMS 0x00000000ffc00000, 0x00000000ffc00000| Complete 
|  61|0x00000000ffd00000, 0x00000000ffe00000, 0x00000000ffe00000|100%| E|CS|TAMS 0x00000000ffd00000, 0x00000000ffd00000| Complete 
|  62|0x00000000ffe00000, 0x00000000fff00000, 0x00000000fff00000|100%| E|CS|TAMS 0x00000000ffe00000, 0x00000000ffe00000| Complete 
|  63|0x00000000fff00000, 0x0000000100000000, 0x0000000100000000|100%| E|CS|TAMS 0x00000000fff00000, 0x00000000fff00000| Complete 

Card table byte_map: [0x000002aafe6d0000,0x000002aafe6f0000] _byte_map_base: 0x000002aafdef0000

Marking Bits (Prev, Next): (CMBitMap*) 0x000002aafc6bd438, (CMBitMap*) 0x000002aafc6bd478
 Prev Bits: [0x000002aafe710000, 0x000002aafe810000)
 Next Bits: [0x000002aafe810000, 0x000002aafe910000)

Polling page: 0x000002aafc770000

Metaspace:

Usage:
  Non-class:      5.92 MB capacity,     3.71 MB ( 63%) used,     2.20 MB ( 37%) free+waste,     6.19 KB ( <1%) overhead. 
      Class:    828.00 KB capacity,   575.65 KB ( 70%) used,   248.54 KB ( 30%) free+waste,     3.81 KB ( <1%) overhead. 
       Both:      6.72 MB capacity,     4.27 MB ( 64%) used,     2.44 MB ( 36%) free+waste,    10.00 KB ( <1%) overhead. 

Virtual space:
  Non-class space:        8.00 MB reserved,       6.00 MB ( 75%) committed 
      Class space:        1.00 GB reserved,     896.00 KB ( <1%) committed 
             Both:        1.01 GB reserved,       6.88 MB ( <1%) committed 

Chunk freelists:
   Non-Class:  23.00 KB
       Class:  4.00 KB
        Both:  27.00 KB

MaxMetaspaceSize: 17179869184.00 GB
CompressedClassSpaceSize: 1.00 GB

CodeHeap 'non-profiled nmethods': size=120000Kb used=280Kb max_used=280Kb free=119719Kb
 bounds [0x000002aa8ff00000, 0x000002aa90170000, 0x000002aa97430000]
CodeHeap 'profiled nmethods': size=120000Kb used=1616Kb max_used=1616Kb free=118383Kb
 bounds [0x000002aa889d0000, 0x000002aa88c40000, 0x000002aa8ff00000]
CodeHeap 'non-nmethods': size=5760Kb used=1158Kb max_used=1176Kb free=4601Kb
 bounds [0x000002aa88430000, 0x000002aa886a0000, 0x000002aa889d0000]
 total_blobs=1679 nmethods=826 adapters=316
 compilation: enabled
              stopped_count=0, restarted_count=0
 full_count=0

Compilation events (20 events):
Event: 1.207 Thread 0x000002aaff6b1000  789       3       java.lang.reflect.ProxyGenerator$ConstantPool$IndirectEntry::equals (49 bytes)
Event: 1.208 Thread 0x000002aaff6b1000 nmethod 789 0x000002aa88b55a90 code [0x000002aa88b55c40, 0x000002aa88b560f8]
Event: 1.208 Thread 0x000002aaff6b1000  790       3       java.io.DataOutputStream::writeShort (35 bytes)
Event: 1.208 Thread 0x000002aaff6b1000 nmethod 790 0x000002aa88b56210 code [0x000002aa88b563e0, 0x000002aa88b567e0]
Event: 1.208 Thread 0x000002aaff6b1000  791       3       java.lang.reflect.ProxyGenerator$ConstantPool$IndirectEntry::<init> (20 bytes)
Event: 1.209 Thread 0x000002aaff6b1000 nmethod 791 0x000002aa88b56910 code [0x000002aa88b56ac0, 0x000002aa88b56d18]
Event: 1.209 Thread 0x000002aaff6b1000  792       3       java.lang.reflect.ProxyGenerator$ConstantPool$IndirectEntry::<init> (20 bytes)
Event: 1.209 Thread 0x000002aaff6b1000 nmethod 792 0x000002aa88b56e10 code [0x000002aa88b56fc0, 0x000002aa88b571f8]
Event: 1.209 Thread 0x000002aaff6b1000  793       3       java.lang.reflect.ProxyGenerator$ConstantPool::getClass (21 bytes)
Event: 1.209 Thread 0x000002aaff6b1000 nmethod 793 0x000002aa88b57310 code [0x000002aa88b57500, 0x000002aa88b57a10]
Event: 1.210 Thread 0x000002aaff6b1000  794       3       java.io.DataOutputStream::writeUTF (411 bytes)
Event: 1.212 Thread 0x000002aaff6b1000 nmethod 794 0x000002aa88b57c10 code [0x000002aa88b57fa0, 0x000002aa88b59f30]
Event: 1.212 Thread 0x000002aaff6b1000  795  s    3       java.io.DataOutputStream::write (16 bytes)
Event: 1.213 Thread 0x000002aaff6b1000 nmethod 795 0x000002aa88b5aa10 code [0x000002aa88b5abe0, 0x000002aa88b5b090]
Event: 1.213 Thread 0x000002aaff6b1000  796       3       java.util.Objects::checkFromIndexSize (8 bytes)
Event: 1.213 Thread 0x000002aaff6b1000 nmethod 796 0x000002aa88b5b190 code [0x000002aa88b5b340, 0x000002aa88b5b5b0]
Event: 1.214 Thread 0x000002aaff6b1000  797       3       jdk.internal.reflect.ReflectionFactory::langReflectAccess (15 bytes)
Event: 1.215 Thread 0x000002aaff6b1000 nmethod 797 0x000002aa88b5b690 code [0x000002aa88b5b840, 0x000002aa88b5ba58]
Event: 1.219 Thread 0x000002aaff6b1000  800       3       java.lang.invoke.LambdaForm$Name::initIndex (26 bytes)
Event: 1.219 Thread 0x000002aaff6b1000 nmethod 800 0x000002aa88b5bb10 code [0x000002aa88b5bcc0, 0x000002aa88b5bed8]

GC Heap History (2 events):
Event: 0.947 GC heap before
{Heap before GC invocations=0 (full 0):
 garbage-first heap   total 65536K, used 20480K [0x00000000fc000000, 0x0000000100000000)
  region size 1024K, 14 young (14336K), 0 survivors (0K)
 Metaspace       used 2530K, capacity 5480K, committed 5760K, reserved 1056768K
  class space    used 293K, capacity 592K, committed 640K, reserved 1048576K
}
Event: 0.954 GC heap after
{Heap after GC invocations=1 (full 0):
 garbage-first heap   total 65536K, used 7821K [0x00000000fc000000, 0x0000000100000000)
  region size 1024K, 2 young (2048K), 2 survivors (2048K)
 Metaspace       used 2530K, capacity 5480K, committed 5760K, reserved 1056768K
  class space    used 293K, capacity 592K, committed 640K, reserved 1048576K
}

Deoptimization events (20 events):
Event: 1.032 Thread 0x000002aafc69c800 Uncommon trap: trap_request=0xffffffde fr.pc=0x000002aa8ff1d768 relative=0x00000000000003e8
Event: 1.032 Thread 0x000002aafc69c800 Uncommon trap: reason=class_check action=maybe_recompile pc=0x000002aa8ff1d768 method=java.util.regex.Matcher.match(II)Z @ 121 c2
Event: 1.032 Thread 0x000002aafc69c800 DEOPT PACKING pc=0x000002aa8ff1d768 sp=0x000000f227bfd720
Event: 1.032 Thread 0x000002aafc69c800 DEOPT UNPACKING pc=0x000002aa8847912f sp=0x000000f227bfd6c8 mode 2
Event: 1.032 Thread 0x000002aafc69c800 Uncommon trap: trap_request=0xffffffde fr.pc=0x000002aa8ff1d768 relative=0x00000000000003e8
Event: 1.032 Thread 0x000002aafc69c800 Uncommon trap: reason=class_check action=maybe_recompile pc=0x000002aa8ff1d768 method=java.util.regex.Matcher.match(II)Z @ 121 c2
Event: 1.032 Thread 0x000002aafc69c800 DEOPT PACKING pc=0x000002aa8ff1d768 sp=0x000000f227bfd720
Event: 1.032 Thread 0x000002aafc69c800 DEOPT UNPACKING pc=0x000002aa8847912f sp=0x000000f227bfd6c8 mode 2
Event: 1.032 Thread 0x000002aafc69c800 Uncommon trap: trap_request=0xffffffde fr.pc=0x000002aa8ff1d768 relative=0x00000000000003e8
Event: 1.032 Thread 0x000002aafc69c800 Uncommon trap: reason=class_check action=maybe_recompile pc=0x000002aa8ff1d768 method=java.util.regex.Matcher.match(II)Z @ 121 c2
Event: 1.032 Thread 0x000002aafc69c800 DEOPT PACKING pc=0x000002aa8ff1d768 sp=0x000000f227bfd720
Event: 1.033 Thread 0x000002aafc69c800 DEOPT UNPACKING pc=0x000002aa8847912f sp=0x000000f227bfd6c8 mode 2
Event: 1.033 Thread 0x000002aafc69c800 Uncommon trap: trap_request=0xffffffde fr.pc=0x000002aa8ff1d768 relative=0x00000000000003e8
Event: 1.033 Thread 0x000002aafc69c800 Uncommon trap: reason=class_check action=maybe_recompile pc=0x000002aa8ff1d768 method=java.util.regex.Matcher.match(II)Z @ 121 c2
Event: 1.033 Thread 0x000002aafc69c800 DEOPT PACKING pc=0x000002aa8ff1d768 sp=0x000000f227bfd720
Event: 1.033 Thread 0x000002aafc69c800 DEOPT UNPACKING pc=0x000002aa8847912f sp=0x000000f227bfd6c8 mode 2
Event: 1.147 Thread 0x000002aafc69c800 Uncommon trap: trap_request=0xffffff45 fr.pc=0x000002aa8ff23e10 relative=0x0000000000000070
Event: 1.147 Thread 0x000002aafc69c800 Uncommon trap: reason=unstable_if action=reinterpret pc=0x000002aa8ff23e10 method=java.io.WinNTFileSystem.isSlash(C)Z @ 9 c2
Event: 1.147 Thread 0x000002aafc69c800 DEOPT PACKING pc=0x000002aa8ff23e10 sp=0x000000f227bfc6f0
Event: 1.147 Thread 0x000002aafc69c800 DEOPT UNPACKING pc=0x000002aa8847912f sp=0x000000f227bfc678 mode 2

Classes unloaded (0 events):
No events

Classes redefined (0 events):
No events

Internal exceptions (4 events):
Event: 0.337 Thread 0x000002aafc69c800 Exception <a 'java/lang/NoSuchMethodError'{0x00000000ffc7a368}: 'int java.lang.invoke.DirectMethodHandle$Holder.invokeSpecialIFC(java.lang.Object, java.lang.Object, int)'> (0x00000000ffc7a368) 
thrown [t:/workspace/open/src/hotspot/share/interpreter/linkResolver.cpp, line 767]
Event: 1.065 Thread 0x000002aafc69c800 Exception <a 'java/lang/NoSuchMethodError'{0x00000000ffc5e220}: 'java.lang.Object java.lang.invoke.DirectMethodHandle$Holder.invokeVirtual(java.lang.Object, java.lang.Object, java.lang.Object, java.lang.Object, java.lang.Object)'> (0x00000000ffc5e220) 
thrown [t:/workspace/open/src/hotspot/share/interpreter/linkResolver.cpp, line 767]
Event: 1.154 Thread 0x000002aafc69c800 Exception <a 'java/lang/NoClassDefFoundError'{0x00000000ff918f50}: org/slf4j/impl/StaticMarkerBinder> (0x00000000ff918f50) 
thrown [t:/workspace/open/src/hotspot/share/classfile/systemDictionary.cpp, line 221]
Event: 1.220 Thread 0x000002aafc69c800 Exception <a 'java/lang/NoSuchMethodError'{0x00000000ff72cad8}: 'java.lang.Object java.lang.invoke.Invokers$Holder.invoker(java.lang.Object, java.lang.Object, java.lang.Object, java.lang.Object, java.lang.Object)'> (0x00000000ff72cad8) 
thrown [t:/workspace/open/src/hotspot/share/interpreter/linkResolver.cpp, line 767]

Events (20 events):
Event: 1.222 loading class java/lang/InternalError
Event: 1.222 loading class java/lang/InternalError done
Event: 1.222 loading class java/lang/invoke/MethodHandleImpl$2
Event: 1.222 loading class java/lang/invoke/MethodHandleImpl$2 done
Event: 1.223 loading class java/lang/invoke/MethodHandleImpl$ArrayAccessor
Event: 1.223 loading class java/lang/invoke/MethodHandleImpl$ArrayAccessor done
Event: 1.223 loading class java/lang/invoke/MethodHandleImpl$ArrayAccessor$1
Event: 1.223 loading class java/lang/ClassValue
Event: 1.223 loading class java/lang/ClassValue done
Event: 1.223 loading class java/lang/invoke/MethodHandleImpl$ArrayAccessor$1 done
Event: 1.223 loading class java/lang/ClassValue$Entry
Event: 1.223 loading class java/lang/ClassValue$Entry done
Event: 1.223 loading class java/lang/ClassValue$Identity
Event: 1.223 loading class java/lang/ClassValue$Identity done
Event: 1.223 loading class java/lang/ClassValue$Version
Event: 1.223 loading class java/lang/ClassValue$Version done
Event: 1.223 loading class java/lang/ClassValue$ClassValueMap
Event: 1.223 loading class java/lang/ClassValue$ClassValueMap done
Event: 1.223 Executing VM operation: Deoptimize
Event: 1.224 Executing VM operation: Deoptimize done


Dynamic libraries:
0x00007ff725260000 - 0x00007ff72526f000 	C:\Program Files\Java\jdk-13.0.2\bin\java.exe
0x00007ffca0c80000 - 0x00007ffca0e70000 	C:\WINDOWS\SYSTEM32\ntdll.dll
0x00007ffca0580000 - 0x00007ffca0632000 	C:\WINDOWS\System32\KERNEL32.DLL
0x00007ffc9e640000 - 0x00007ffc9e8e3000 	C:\WINDOWS\System32\KERNELBASE.dll
0x00007ffc9eb80000 - 0x00007ffc9ec7a000 	C:\WINDOWS\System32\ucrtbase.dll
0x00007ffc8f2e0000 - 0x00007ffc8f2f8000 	C:\Program Files\Java\jdk-13.0.2\bin\jli.dll
0x00007ffc9ef20000 - 0x00007ffc9efc3000 	C:\WINDOWS\System32\ADVAPI32.dll
0x00007ffc9f730000 - 0x00007ffc9f7ce000 	C:\WINDOWS\System32\msvcrt.dll
0x00007ffc96380000 - 0x00007ffc96395000 	C:\Program Files\Java\jdk-13.0.2\bin\VCRUNTIME140.dll
0x00007ffca0370000 - 0x00007ffca0407000 	C:\WINDOWS\System32\sechost.dll
0x00007ffc9fbe0000 - 0x00007ffc9fd00000 	C:\WINDOWS\System32\RPCRT4.dll
0x00007ffc9f7d0000 - 0x00007ffc9f964000 	C:\WINDOWS\System32\USER32.dll
0x00007ffc9eb50000 - 0x00007ffc9eb71000 	C:\WINDOWS\System32\win32u.dll
0x00007ffc9ee20000 - 0x00007ffc9ee46000 	C:\WINDOWS\System32\GDI32.dll
0x00007ffc9e3f0000 - 0x00007ffc9e584000 	C:\WINDOWS\System32\gdi32full.dll
0x00007ffc9eab0000 - 0x00007ffc9eb4e000 	C:\WINDOWS\System32\msvcp_win.dll
0x00007ffc8a630000 - 0x00007ffc8a8b5000 	C:\WINDOWS\WinSxS\amd64_microsoft.windows.common-controls_6595b64144ccf1df_6.0.18362.778_none_e6c6b761130d4fb8\COMCTL32.dll
0x00007ffc9fe10000 - 0x00007ffca0146000 	C:\WINDOWS\System32\combase.dll
0x00007ffc9ec80000 - 0x00007ffc9ed00000 	C:\WINDOWS\System32\bcryptPrimitives.dll
0x00007ffc97580000 - 0x00007ffc9758a000 	C:\WINDOWS\SYSTEM32\VERSION.dll
0x00007ffc9fde0000 - 0x00007ffc9fe0e000 	C:\WINDOWS\System32\IMM32.DLL
0x00007ffc6f240000 - 0x00007ffc6f2db000 	C:\Program Files\Java\jdk-13.0.2\bin\msvcp140.dll
0x00007ffc51360000 - 0x00007ffc51ebd000 	C:\Program Files\Java\jdk-13.0.2\bin\server\jvm.dll
0x00007ffca0410000 - 0x00007ffca0418000 	C:\WINDOWS\System32\PSAPI.DLL
0x00007ffc96a40000 - 0x00007ffc96a49000 	C:\WINDOWS\SYSTEM32\WSOCK32.dll
0x00007ffc9fd70000 - 0x00007ffc9fddf000 	C:\WINDOWS\System32\WS2_32.dll
0x00007ffc9a890000 - 0x00007ffc9a8b4000 	C:\WINDOWS\SYSTEM32\WINMM.dll
0x00007ffc9a860000 - 0x00007ffc9a88d000 	C:\WINDOWS\SYSTEM32\winmmbase.dll
0x00007ffc9ea60000 - 0x00007ffc9eaaa000 	C:\WINDOWS\System32\cfgmgr32.dll
0x00007ffc9db50000 - 0x00007ffc9db61000 	C:\WINDOWS\System32\kernel.appcore.dll
0x00007ffc964c0000 - 0x00007ffc964d0000 	C:\Program Files\Java\jdk-13.0.2\bin\verify.dll
0x00007ffc89c40000 - 0x00007ffc89e34000 	C:\WINDOWS\SYSTEM32\DBGHELP.DLL
0x00007ffc879c0000 - 0x00007ffc879ea000 	C:\WINDOWS\SYSTEM32\dbgcore.DLL
0x00007ffc8a3d0000 - 0x00007ffc8a3f6000 	C:\Program Files\Java\jdk-13.0.2\bin\java.dll
0x00007ffc8c4c0000 - 0x00007ffc8c4d7000 	C:\Program Files\Java\jdk-13.0.2\bin\zip.dll
0x00007ffc90a80000 - 0x00007ffc90a8a000 	C:\Program Files\Java\jdk-13.0.2\bin\jimage.dll
0x00007ffc9f040000 - 0x00007ffc9f725000 	C:\WINDOWS\System32\SHELL32.dll
0x00007ffca06c0000 - 0x00007ffca0769000 	C:\WINDOWS\System32\shcore.dll
0x00007ffc9dc70000 - 0x00007ffc9e3f0000 	C:\WINDOWS\System32\windows.storage.dll
0x00007ffc9db90000 - 0x00007ffc9dbb3000 	C:\WINDOWS\System32\profapi.dll
0x00007ffc9dbc0000 - 0x00007ffc9dc0a000 	C:\WINDOWS\System32\powrprof.dll
0x00007ffc9db40000 - 0x00007ffc9db50000 	C:\WINDOWS\System32\UMPDC.dll
0x00007ffca0770000 - 0x00007ffca07c2000 	C:\WINDOWS\System32\shlwapi.dll
0x00007ffc9e8f0000 - 0x00007ffc9e907000 	C:\WINDOWS\System32\cryptsp.dll
0x00007ffc8b6c0000 - 0x00007ffc8b6d9000 	C:\Program Files\Java\jdk-13.0.2\bin\net.dll
0x00007ffc993e0000 - 0x00007ffc994d0000 	C:\WINDOWS\SYSTEM32\WINHTTP.dll
0x00007ffc9d3b0000 - 0x00007ffc9d417000 	C:\WINDOWS\system32\mswsock.dll
0x00007ffc84c40000 - 0x00007ffc84c53000 	C:\Program Files\Java\jdk-13.0.2\bin\nio.dll
0x00007ffc84bf0000 - 0x00007ffc84c16000 	C:\Users\arpan\.gradle\native\30\windows-amd64\native-platform.dll
0x00007ffc96c90000 - 0x00007ffc96c9a000 	C:\Users\arpan\.gradle\native\jansi\1.18\windows64\jansi.dll

dbghelp: loaded successfully - version: 4.0.5 - missing functions: none
symbol engine: initialized successfully - sym options: 0x614 - pdb path: .;C:\Program Files\Java\jdk-13.0.2\bin;C:\WINDOWS\SYSTEM32;C:\WINDOWS\WinSxS\amd64_microsoft.windows.common-controls_6595b64144ccf1df_6.0.18362.778_none_e6c6b761130d4fb8;C:\Program Files\Java\jdk-13.0.2\bin\server;C:\Users\arpan\.gradle\native\30\windows-amd64;C:\Users\arpan\.gradle\native\jansi\1.18\windows64

VM Arguments:
jvm_args: -Xmx64m -Xms64m -Dorg.gradle.appname=gradlew 
java_command: org.gradle.wrapper.GradleWrapperMain app:installDebug -PreactNativeDevServerPort=8081
java_class_path (initial): E:\reactnative\AnimalFarm\android\\gradle\wrapper\gradle-wrapper.jar
Launcher Type: SUN_STANDARD

[Global flags]
     intx CICompilerCount                          = 3                                         {product} {ergonomic}
     uint ConcGCThreads                            = 1                                         {product} {ergonomic}
     uint G1ConcRefinementThreads                  = 4                                         {product} {ergonomic}
   size_t G1HeapRegionSize                         = 1048576                                   {product} {ergonomic}
    uintx GCDrainStackTargetSize                   = 64                                        {product} {ergonomic}
   size_t InitialHeapSize                          = 67108864                                  {product} {command line}
   size_t MarkStackSize                            = 4194304                                   {product} {ergonomic}
   size_t MaxHeapSize                              = 67108864                                  {product} {command line}
   size_t MaxNewSize                               = 39845888                                  {product} {ergonomic}
   size_t MinHeapDeltaBytes                        = 1048576                                   {product} {ergonomic}
   size_t MinHeapSize                              = 67108864                                  {product} {command line}
    uintx NonNMethodCodeHeapSize                   = 5832780                                {pd product} {ergonomic}
    uintx NonProfiledCodeHeapSize                  = 122912730                              {pd product} {ergonomic}
    uintx ProfiledCodeHeapSize                     = 122912730                              {pd product} {ergonomic}
    uintx ReservedCodeCacheSize                    = 251658240                              {pd product} {ergonomic}
     bool SegmentedCodeCache                       = true                                      {product} {ergonomic}
   size_t SoftMaxHeapSize                          = 67108864                               {manageable} {ergonomic}
     bool UseCompressedClassPointers               = true                                 {lp64_product} {ergonomic}
     bool UseCompressedOops                        = true                                 {lp64_product} {ergonomic}
     bool UseG1GC                                  = true                                      {product} {ergonomic}
     bool UseLargePagesIndividualAllocation        = false                                  {pd product} {ergonomic}

Logging:
Log output configuration:
 #0: stdout all=warning uptime,level,tags
 #1: stderr all=off uptime,level,tags

Environment Variables:
JAVA_HOME=C:\Program Files\Java\jdk-13.0.2
CLASSPATH=E:\reactnative\AnimalFarm\android\\gradle\wrapper\gradle-wrapper.jar
PATH=C:\Program Files (x86)\Common Files\Oracle\Java\javapath;C:\Program Files\Java\jdk-13.0.2\bin;C:\PROGRA~1\PTC\MKSTOO~1\bin64;C:\PROGRA~1\PTC\MKSTOO~1\bin;C:\PROGRA~1\PTC\MKSTOO~1\bin\X11;C:\PROGRA~1\PTC\MKSTOO~1\mksnt;C:\Program Files (x86)\Intel\iCLS Client\;C:\Program Files\Intel\iCLS Client\;C:\ProgramData\Oracle\Java\javapath;C:\WINDOWS\system32;C:\WINDOWS;C:\WINDOWS\System32\Wbem;C:\WINDOWS\System32\WindowsPowerShell\v1.0\;C:\Program Files (x86)\NVIDIA Corporation\PhysX\Common;C:\WINDOWS\System32\OpenSSH\;C:\Program Files (x86)\Intel\Intel(R) Management Engine Components\DAL;C:\Program Files\Intel\Intel(R) Management Engine Components\DAL;C:\Program Files (x86)\Intel\Intel(R) Management Engine Components\IPT;C:\Program Files\Intel\Intel(R) Management Engine Components\IPT;C:\Program Files\NVIDIA Corporation\NVIDIA NvDLISR;C:\WINDOWS\system32;C:\WINDOWS;C:\WINDOWS\System32\Wbem;C:\WINDOWS\System32\WindowsPowerShell\v1.0\;C:\WINDOWS\System32\OpenSSH\;C:\Program Files\Microsoft VS Code\bin;C:\Program Files (x86)\Brackets\command;C:\ProgramData\chocolatey\bin;C:\Program Files\Java\jdk1.8.0_231\bin;c:\Users\arpan\AppData\Local\Android\Sdk\platform-tools;C:\Program Files\Git\cmd;C:\Program Files\nodejs\;C:\Program Files\Java\jre1.8.0_241\bin;C:\Program Files\Java\jdk-13.0.2\bin;c:\Users\arpan\AppData\Local\Android\Sdk\platform-tools;C:\Users\arpan\AppData\Local\Microsoft\WindowsApps;C:\Program Files\Microsoft VS Code\bin;C:\Program Files\Java\jdk-12.0.2\bin;C:\Program Files\heroku\bin;C:\Users\arpan\AppData\Roaming\npm;
USERNAME=arpan
DISPLAY=:0.0
OS=Windows_NT
PROCESSOR_IDENTIFIER=Intel64 Family 6 Model 142 Stepping 9, GenuineIntel



---------------  S Y S T E M  ---------------

OS: Windows 10 , 64 bit Build 18362 (10.0.18362.778)

CPU:total 4 (initial active 4) (2 cores per cpu, 2 threads per core) family 6 model 142 stepping 9, cmov, cx8, fxsr, mmx, sse, sse2, sse3, ssse3, sse4.1, sse4.2, popcnt, avx, avx2, aes, clmul, erms, 3dnowpref, lzcnt, ht, tsc, tscinvbit, bmi1, bmi2, adx, fma

Memory: 4k page, system-wide physical 8060M (1356M free)
TotalPageFile size 8060M (AvailPageFile size 2M)
current process WorkingSet (physical memory assigned to process): 72M, peak: 72M
current process commit charge ("private bytes"): 156M, peak: 156M

vm_info: Java HotSpot(TM) 64-Bit Server VM (13.0.2+8) for windows-amd64 JRE (13.0.2+8), built on Dec 11 2019 09:20:33 by "mach5one" with unknown MS VC++:1916

END.
