#
# There is insufficient memory for the Java Runtime Environment to continue.
# Native memory allocation (mmap) failed to map 35651584 bytes for Failed to commit area from 0x00000000f3600000 to 0x00000000f5800000 of length 35651584.
# Possible reasons:
#   The system is out of physical RAM or swap space
#   The process is running with CompressedOops enabled, and the Java Heap may be blocking the growth of the native heap
# Possible solutions:
#   Reduce memory load on the system
#   Increase physical memory or swap space
#   Check if swap backing store is full
#   Decrease Java heap size (-Xmx/-Xms)
#   Decrease number of Java threads
#   Decrease Java thread stack sizes (-Xss)
#   Set larger code cache with -XX:ReservedCodeCacheSize=
#   JVM is running with Unscaled Compressed Oops mode in which the Java heap is
#     placed in the first 4GB address space. The Java Heap base address is the
#     maximum limit for the native heap growth. Please use -XX:HeapBaseMinAddress
#     to set the Java Heap base and to place the Java Heap above 4GB virtual address.
# This output file may be truncated or incomplete.
#
#  Out of Memory Error (t:/workspace/open/src/hotspot/os/windows/os_windows.cpp:3301), pid=14956, tid=12600
#
# JRE version: Java(TM) SE Runtime Environment (13.0.2+8) (build 13.0.2+8)
# Java VM: Java HotSpot(TM) 64-Bit Server VM (13.0.2+8, mixed mode, sharing, tiered, compressed oops, g1 gc, windows-amd64)
# No core dump will be written. Minidumps are not enabled by default on client versions of Windows
#

---------------  S U M M A R Y ------------

Command Line: --add-opens=java.base/java.util=ALL-UNNAMED --add-opens=java.base/java.lang=ALL-UNNAMED --add-opens=java.base/java.lang.invoke=ALL-UNNAMED --add-opens=java.prefs/java.util.prefs=ALL-UNNAMED -XX:MaxMetaspaceSize=256m -XX:+HeapDumpOnOutOfMemoryError -Xms256m -Xmx512m -Dfile.encoding=windows-1252 -Duser.country=US -Duser.language=en -Duser.variant org.gradle.launcher.daemon.bootstrap.GradleDaemon 6.0

Host: Intel(R) Core(TM) i5-7200U CPU @ 2.50GHz, 4 cores, 7G,  Windows 10 , 64 bit Build 18362 (10.0.18362.778)
Time: Wed May  6 17:55:40 2020 India Standard Time elapsed time: 411 seconds (0d 0h 6m 51s)

---------------  T H R E A D  ---------------

Current thread (0x00000242d49ec000):  VMThread "VM Thread" [stack: 0x000000bb46800000,0x000000bb46900000] [id=12600]

Stack: [0x000000bb46800000,0x000000bb46900000]
[error occurred during error reporting (printing stack bounds), id 0xc0000005, EXCEPTION_ACCESS_VIOLATION (0xc0000005) at pc=0x00000242c19b10ad]

Native frames: (J=compiled Java code, j=interpreted, Vv=VM code, C=native code)
V  [jvm.dll+0x624f9a]
V  [jvm.dll+0x770cfa]
V  [jvm.dll+0x7724af]
V  [jvm.dll+0x772a15]
V  [jvm.dll+0x7729cb]
V  [jvm.dll+0x6244df]
C  [ntdll.dll+0x785b6]
C  [ntdll.dll+0x6a056]
C  [ntdll.dll+0x9fe3e]
C  0x00000242c19b10ad

VM_Operation (0x000000bb464ff890): G1Concurrent, mode: safepoint, requested by thread 0x00000242b7d11800


---------------  P R O C E S S  ---------------

Threads class SMR info:
_java_thread_list=0x00000242d9595890, length=41, elements={
0x00000242b7ce2800, 0x00000242d49f0000, 0x00000242d49f1800, 0x00000242d4a0e800,
0x00000242d4a10800, 0x00000242d4a11800, 0x00000242d5388800, 0x00000242d538b000,
0x00000242d5460800, 0x00000242d546b800, 0x00000242d67f6000, 0x00000242d557b800,
0x00000242d59b6800, 0x00000242d696d800, 0x00000242d696e800, 0x00000242d696f800,
0x00000242d696a800, 0x00000242d71e8800, 0x00000242d71e6000, 0x00000242df5f7800,
0x00000242df5fa000, 0x00000242df5f7000, 0x00000242df5fb000, 0x00000242df5f8800,
0x00000242df5f5000, 0x00000242df5f9000, 0x00000242df5fb800, 0x00000242df5f6000,
0x00000242df5fe000, 0x00000242df600000, 0x00000242df5ff000, 0x00000242df600800,
0x00000242df601800, 0x00000242df602000, 0x00000242df5fc800, 0x00000242df5fd800,
0x00000242df603000, 0x00000242dbfa9000, 0x00000242df604000, 0x00000242d71de800,
0x00000242d71df800
}

Java Threads: ( => current thread )
  0x00000242b7ce2800 JavaThread "main" [_thread_blocked, id=7572, stack(0x000000bb46200000,0x000000bb46300000)]
  0x00000242d49f0000 JavaThread "Reference Handler" daemon [_thread_blocked, id=13300, stack(0x000000bb46900000,0x000000bb46a00000)]
  0x00000242d49f1800 JavaThread "Finalizer" daemon [_thread_blocked, id=9260, stack(0x000000bb46a00000,0x000000bb46b00000)]
  0x00000242d4a0e800 JavaThread "Signal Dispatcher" daemon [_thread_blocked, id=13256, stack(0x000000bb46b00000,0x000000bb46c00000)]
  0x00000242d4a10800 JavaThread "Attach Listener" daemon [_thread_blocked, id=11824, stack(0x000000bb46c00000,0x000000bb46d00000)]
  0x00000242d4a11800 JavaThread "C2 CompilerThread0" daemon [_thread_blocked, id=13220, stack(0x000000bb46d00000,0x000000bb46e00000)]
  0x00000242d5388800 JavaThread "C1 CompilerThread0" daemon [_thread_blocked, id=11068, stack(0x000000bb46e00000,0x000000bb46f00000)]
  0x00000242d538b000 JavaThread "Sweeper thread" daemon [_thread_blocked, id=9264, stack(0x000000bb46f00000,0x000000bb47000000)]
  0x00000242d5460800 JavaThread "Common-Cleaner" daemon [_thread_blocked, id=14704, stack(0x000000bb47000000,0x000000bb47100000)]
  0x00000242d546b800 JavaThread "Service Thread" daemon [_thread_blocked, id=10508, stack(0x000000bb47100000,0x000000bb47200000)]
  0x00000242d67f6000 JavaThread "Daemon health stats" [_thread_blocked, id=12768, stack(0x000000bb47700000,0x000000bb47800000)]
  0x00000242d557b800 JavaThread "Incoming local TCP Connector on port 52650" [_thread_in_native, id=15700, stack(0x000000bb47300000,0x000000bb47400000)]
  0x00000242d59b6800 JavaThread "Daemon periodic checks" [_thread_blocked, id=1284, stack(0x000000bb47800000,0x000000bb47900000)]
  0x00000242d696d800 JavaThread "Cache worker for file hash cache (C:\Users\arpan\.gradle\caches\6.0\fileHashes)" [_thread_blocked, id=11308, stack(0x000000bb48000000,0x000000bb48100000)]
  0x00000242d696e800 JavaThread "File lock request listener" [_thread_in_native, id=16276, stack(0x000000bb48100000,0x000000bb48200000)]
  0x00000242d696f800 JavaThread "Cache worker for journal cache (C:\Users\arpan\.gradle\caches\journal-1)" [_thread_blocked, id=15020, stack(0x000000bb48200000,0x000000bb48300000)]
  0x00000242d696a800 JavaThread "Cache worker for execution history cache (C:\Users\arpan\.gradle\caches\6.0\executionHistory)" [_thread_blocked, id=9484, stack(0x000000bb48600000,0x000000bb48700000)]
  0x00000242d71e8800 JavaThread "Memory manager" [_thread_blocked, id=104, stack(0x000000bb48c00000,0x000000bb48d00000)]
  0x00000242d71e6000 JavaThread "Cache worker for file content cache (C:\Users\arpan\.gradle\caches\6.0\fileContent)" [_thread_blocked, id=10908, stack(0x000000bb48e00000,0x000000bb48f00000)]
  0x00000242df5f7800 JavaThread "Monitor" [_thread_in_native, id=11600, stack(0x000000bb49400000,0x000000bb49500000)]
  0x00000242df5fa000 JavaThread "Device List Monitor" [_thread_in_native, id=12564, stack(0x000000bb49500000,0x000000bb49600000)]
  0x00000242df5f7000 JavaThread "Daemon Thread 3" [_thread_blocked, id=16260, stack(0x000000bb45f00000,0x000000bb46000000)]
  0x00000242df5fb000 JavaThread "Handler for socket connection from /127.0.0.1:52650 to /127.0.0.1:53817" [_thread_in_native, id=9832, stack(0x000000bb46000000,0x000000bb46100000)]
  0x00000242df5f8800 JavaThread "Cancel handler" [_thread_blocked, id=6524, stack(0x000000bb46100000,0x000000bb46200000)]
  0x00000242df5f5000 JavaThread "Daemon worker Thread 3" [_thread_blocked, id=6800, stack(0x000000bb47900000,0x000000bb47a00000)]
  0x00000242df5f9000 JavaThread "Asynchronous log dispatcher for DefaultDaemonConnection: socket connection from /127.0.0.1:52650 to /127.0.0.1:53817" [_thread_blocked, id=14920, stack(0x000000bb47a00000,0x000000bb47b00000)]
  0x00000242df5fb800 JavaThread "Stdin handler" [_thread_blocked, id=15100, stack(0x000000bb47b00000,0x000000bb47c00000)]
  0x00000242df5f6000 JavaThread "Thread-48" [_thread_blocked, id=9776, stack(0x000000bb47c00000,0x000000bb47d00000)]
  0x00000242df5fe000 JavaThread "Cache worker for file hash cache (E:\reactnative\AnimalFarm\android\.gradle\6.0\fileHashes)" [_thread_blocked, id=11364, stack(0x000000bb47d00000,0x000000bb47e00000)]
  0x00000242df600000 JavaThread "Cache worker for cache directory md-supplier (C:\Users\arpan\.gradle\caches\6.0\md-supplier)" [_thread_blocked, id=13984, stack(0x000000bb47f00000,0x000000bb48000000)]
  0x00000242df5ff000 JavaThread "Cache worker for cache directory md-rule (C:\Users\arpan\.gradle\caches\6.0\md-rule)" [_thread_blocked, id=14376, stack(0x000000bb48300000,0x000000bb48400000)]
  0x00000242df600800 JavaThread "Build operations" [_thread_blocked, id=8488, stack(0x000000bb48400000,0x000000bb48500000)]
  0x00000242df601800 JavaThread "Build operations Thread 2" [_thread_blocked, id=13708, stack(0x000000bb48500000,0x000000bb48600000)]
  0x00000242df602000 JavaThread "Build operations Thread 3" [_thread_blocked, id=9568, stack(0x000000bb48700000,0x000000bb48800000)]
  0x00000242df5fc800 JavaThread "Build operations Thread 4" [_thread_blocked, id=16288, stack(0x000000bb48800000,0x000000bb48900000)]
  0x00000242df5fd800 JavaThread "Cache worker for Build Output Cleanup Cache (E:\reactnative\AnimalFarm\android\.gradle\buildOutputCleanup)" [_thread_blocked, id=11488, stack(0x000000bb48d00000,0x000000bb48e00000)]
  0x00000242df603000 JavaThread "Cache worker for file content cache (E:\reactnative\AnimalFarm\android\.gradle\6.0\fileContent)" [_thread_blocked, id=15756, stack(0x000000bb49300000,0x000000bb49400000)]
  0x00000242dbfa9000 JavaThread "C2 CompilerThread1" daemon [_thread_blocked, id=3752, stack(0x000000bb49200000,0x000000bb49300000)]
  0x00000242df604000 JavaThread "Execution worker for ':'" [_thread_blocked, id=6176, stack(0x000000bb49600000,0x000000bb49700000)]
  0x00000242d71de800 JavaThread "Execution worker for ':' Thread 2" [_thread_blocked, id=13548, stack(0x000000bb49700000,0x000000bb49800000)]
  0x00000242d71df800 JavaThread "Execution worker for ':' Thread 3" [_thread_blocked, id=4776, stack(0x000000bb49800000,0x000000bb49900000)]

Other Threads:
=>0x00000242d49ec000 VMThread "VM Thread" [stack: 0x000000bb46800000,0x000000bb46900000] [id=12600]
  0x00000242d547a000 WatcherThread [stack: 0x000000bb47200000,0x000000bb47300000] [id=13228]
  0x00000242b7d0c000 GCTaskThread "GC Thread#0" [stack: 0x000000bb46300000,0x000000bb46400000] [id=13604]
  0x00000242d5f5e800 GCTaskThread "GC Thread#1" [stack: 0x000000bb47400000,0x000000bb47500000] [id=16000]
  0x00000242d5f5c000 GCTaskThread "GC Thread#2" [stack: 0x000000bb47500000,0x000000bb47600000] [id=13264]
  0x00000242d5749000 GCTaskThread "GC Thread#3" [stack: 0x000000bb47600000,0x000000bb47700000] [id=15988]
  0x00000242b7d11800 ConcurrentGCThread "G1 Main Marker" [stack: 0x000000bb46400000,0x000000bb46500000] [id=11708]
  0x00000242b7d12800 ConcurrentGCThread "G1 Conc#0" [stack: 0x000000bb46500000,0x000000bb46600000] [id=10760]
  0x00000242d489c800 ConcurrentGCThread "G1 Refine#0" [stack: 0x000000bb46600000,0x000000bb46700000] [id=5968]
  0x00000242da423800 ConcurrentGCThread "G1 Refine#1" [stack: 0x000000bb48900000,0x000000bb48a00000] [id=15464]
  0x00000242d489e000 ConcurrentGCThread "G1 Young RemSet Sampling" [stack: 0x000000bb46700000,0x000000bb46800000] [id=12276]

Threads with active compile tasks:
C2 CompilerThread0   411926 16222       4       org.gradle.internal.logging.sink.OutputEventTransformer::onOutput (399 bytes)
C2 CompilerThread1   411926 16235       4       org.gradle.internal.fingerprint.impl.AbsolutePathFingerprintingStrategy$1::visitFile (72 bytes)

VM state:at safepoint (normal execution)

VM Mutex/Monitor currently owned by a thread:  ([mutex/lock_event])
[0x00000242b7cdebd0] Threads_lock - owner thread: 0x00000242d49ec000
[0x00000242b7cde630] Heap_lock - owner thread: 0x00000242b7d11800

Heap address: 0x00000000e0000000, size: 512 MB, Compressed Oops mode: 32-bit
Narrow klass base: 0x0000000800000000, Narrow klass shift: 3
Compressed class space size: 260046848 Address: 0x0000000800b40000

Heap:
 garbage-first heap   total 352256K, used 208763K [0x00000000e0000000, 0x0000000100000000)
  region size 1024K, 17 young (17408K), 9 survivors (9216K)
 Metaspace       used 87751K, capacity 91570K, committed 91904K, reserved 333824K
  class space    used 11191K, capacity 12486K, committed 12544K, reserved 253952K
Heap Regions: E=young(eden), S=young(survivor), O=old, HS=humongous(starts), HC=humongous(continues), CS=collection set, F=free, A=archive, TAMS=top-at-mark-start (previous, next)
|   0|0x00000000e0000000, 0x00000000e0100000, 0x00000000e0100000|100%| O|  |TAMS 0x00000000e0100000, 0x00000000e0000000| Updating 
|   1|0x00000000e0100000, 0x00000000e0200000, 0x00000000e0200000|100%| O|  |TAMS 0x00000000e0200000, 0x00000000e0100000| Updating 
|   2|0x00000000e0200000, 0x00000000e0300000, 0x00000000e0300000|100%| O|  |TAMS 0x00000000e0300000, 0x00000000e0200000| Updating 
|   3|0x00000000e0300000, 0x00000000e0400000, 0x00000000e0400000|100%|HS|  |TAMS 0x00000000e0400000, 0x00000000e0300000| Complete 
|   4|0x00000000e0400000, 0x00000000e0500000, 0x00000000e0500000|100%|HC|  |TAMS 0x00000000e0500000, 0x00000000e0400000| Complete 
|   5|0x00000000e0500000, 0x00000000e0600000, 0x00000000e0600000|100%|HC|  |TAMS 0x00000000e0600000, 0x00000000e0500000| Complete 
|   6|0x00000000e0600000, 0x00000000e0700000, 0x00000000e0700000|100%| O|  |TAMS 0x00000000e0700000, 0x00000000e0600000| Updating 
|   7|0x00000000e0700000, 0x00000000e0800000, 0x00000000e0800000|100%| O|  |TAMS 0x00000000e0800000, 0x00000000e0700000| Updating 
|   8|0x00000000e0800000, 0x00000000e0900000, 0x00000000e0900000|100%| O|  |TAMS 0x00000000e0900000, 0x00000000e0800000| Updating 
|   9|0x00000000e0900000, 0x00000000e0a00000, 0x00000000e0a00000|100%| O|  |TAMS 0x00000000e0a00000, 0x00000000e0900000| Updating 
|  10|0x00000000e0a00000, 0x00000000e0b00000, 0x00000000e0b00000|100%| O|  |TAMS 0x00000000e0b00000, 0x00000000e0a00000| Updating 
|  11|0x00000000e0b00000, 0x00000000e0c00000, 0x00000000e0c00000|100%| O|  |TAMS 0x00000000e0c00000, 0x00000000e0b00000| Updating 
|  12|0x00000000e0c00000, 0x00000000e0d00000, 0x00000000e0d00000|100%| O|  |TAMS 0x00000000e0d00000, 0x00000000e0c00000| Updating 
|  13|0x00000000e0d00000, 0x00000000e0e00000, 0x00000000e0e00000|100%| O|  |TAMS 0x00000000e0e00000, 0x00000000e0d00000| Updating 
|  14|0x00000000e0e00000, 0x00000000e0f00000, 0x00000000e0f00000|100%| O|  |TAMS 0x00000000e0f00000, 0x00000000e0e00000| Updating 
|  15|0x00000000e0f00000, 0x00000000e1000000, 0x00000000e1000000|100%|HS|  |TAMS 0x00000000e1000000, 0x00000000e0f00000| Complete 
|  16|0x00000000e1000000, 0x00000000e1100000, 0x00000000e1100000|100%|HC|  |TAMS 0x00000000e1100000, 0x00000000e1000000| Complete 
|  17|0x00000000e1100000, 0x00000000e1200000, 0x00000000e1200000|100%|HC|  |TAMS 0x00000000e1200000, 0x00000000e1100000| Complete 
|  18|0x00000000e1200000, 0x00000000e1300000, 0x00000000e1300000|100%| O|  |TAMS 0x00000000e1300000, 0x00000000e1200000| Updating 
|  19|0x00000000e1300000, 0x00000000e1400000, 0x00000000e1400000|100%| O|  |TAMS 0x00000000e1400000, 0x00000000e1300000| Updating 
|  20|0x00000000e1400000, 0x00000000e1500000, 0x00000000e1500000|100%| O|  |TAMS 0x00000000e1500000, 0x00000000e1400000| Updating 
|  21|0x00000000e1500000, 0x00000000e1600000, 0x00000000e1600000|100%|HS|  |TAMS 0x00000000e1600000, 0x00000000e1500000| Complete 
|  22|0x00000000e1600000, 0x00000000e1700000, 0x00000000e1700000|100%|HC|  |TAMS 0x00000000e1700000, 0x00000000e1600000| Complete 
|  23|0x00000000e1700000, 0x00000000e1800000, 0x00000000e1800000|100%| O|  |TAMS 0x00000000e1800000, 0x00000000e1700000| Updating 
|  24|0x00000000e1800000, 0x00000000e1900000, 0x00000000e1900000|100%| O|  |TAMS 0x00000000e1900000, 0x00000000e1800000| Updating 
|  25|0x00000000e1900000, 0x00000000e1a00000, 0x00000000e1a00000|100%| O|  |TAMS 0x00000000e1a00000, 0x00000000e1900000| Updating 
|  26|0x00000000e1a00000, 0x00000000e1b00000, 0x00000000e1b00000|100%| O|  |TAMS 0x00000000e1b00000, 0x00000000e1a00000| Updating 
|  27|0x00000000e1b00000, 0x00000000e1c00000, 0x00000000e1c00000|100%| O|  |TAMS 0x00000000e1c00000, 0x00000000e1b00000| Updating 
|  28|0x00000000e1c00000, 0x00000000e1d00000, 0x00000000e1d00000|100%| O|  |TAMS 0x00000000e1d00000, 0x00000000e1c00000| Updating 
|  29|0x00000000e1d00000, 0x00000000e1e00000, 0x00000000e1e00000|100%| O|  |TAMS 0x00000000e1e00000, 0x00000000e1d00000| Updating 
|  30|0x00000000e1e00000, 0x00000000e1f00000, 0x00000000e1f00000|100%| O|  |TAMS 0x00000000e1f00000, 0x00000000e1e00000| Updating 
|  31|0x00000000e1f00000, 0x00000000e2000000, 0x00000000e2000000|100%| O|  |TAMS 0x00000000e2000000, 0x00000000e1f00000| Updating 
|  32|0x00000000e2000000, 0x00000000e2100000, 0x00000000e2100000|100%| O|  |TAMS 0x00000000e2100000, 0x00000000e2000000| Updating 
|  33|0x00000000e2100000, 0x00000000e2200000, 0x00000000e2200000|100%| O|  |TAMS 0x00000000e2200000, 0x00000000e2100000| Updating 
|  34|0x00000000e2200000, 0x00000000e2300000, 0x00000000e2300000|100%| O|  |TAMS 0x00000000e2300000, 0x00000000e2200000| Updating 
|  35|0x00000000e2300000, 0x00000000e2400000, 0x00000000e2400000|100%| O|  |TAMS 0x00000000e2400000, 0x00000000e2300000| Updating 
|  36|0x00000000e2400000, 0x00000000e2500000, 0x00000000e2500000|100%| O|  |TAMS 0x00000000e2500000, 0x00000000e2400000| Updating 
|  37|0x00000000e2500000, 0x00000000e2600000, 0x00000000e2600000|100%|HS|  |TAMS 0x00000000e2600000, 0x00000000e2500000| Complete 
|  38|0x00000000e2600000, 0x00000000e2700000, 0x00000000e2700000|100%|HC|  |TAMS 0x00000000e2700000, 0x00000000e2600000| Complete 
|  39|0x00000000e2700000, 0x00000000e2800000, 0x00000000e2800000|100%|HC|  |TAMS 0x00000000e2800000, 0x00000000e2700000| Complete 
|  40|0x00000000e2800000, 0x00000000e2900000, 0x00000000e2900000|100%| O|  |TAMS 0x00000000e2900000, 0x00000000e2800000| Updating 
|  41|0x00000000e2900000, 0x00000000e2a00000, 0x00000000e2a00000|100%| O|  |TAMS 0x00000000e2a00000, 0x00000000e2900000| Updating 
|  42|0x00000000e2a00000, 0x00000000e2b00000, 0x00000000e2b00000|100%| O|  |TAMS 0x00000000e2b00000, 0x00000000e2a00000| Updating 
|  43|0x00000000e2b00000, 0x00000000e2c00000, 0x00000000e2c00000|100%| O|  |TAMS 0x00000000e2c00000, 0x00000000e2b00000| Updating 
|  44|0x00000000e2c00000, 0x00000000e2d00000, 0x00000000e2d00000|100%| O|  |TAMS 0x00000000e2d00000, 0x00000000e2c00000| Updating 
|  45|0x00000000e2d00000, 0x00000000e2e00000, 0x00000000e2e00000|100%| O|  |TAMS 0x00000000e2e00000, 0x00000000e2d00000| Updating 
|  46|0x00000000e2e00000, 0x00000000e2f00000, 0x00000000e2f00000|100%| O|  |TAMS 0x00000000e2f00000, 0x00000000e2e00000| Updating 
|  47|0x00000000e2f00000, 0x00000000e3000000, 0x00000000e3000000|100%| O|  |TAMS 0x00000000e3000000, 0x00000000e2f00000| Updating 
|  48|0x00000000e3000000, 0x00000000e3100000, 0x00000000e3100000|100%| O|  |TAMS 0x00000000e3100000, 0x00000000e3000000| Updating 
|  49|0x00000000e3100000, 0x00000000e3200000, 0x00000000e3200000|100%| O|  |TAMS 0x00000000e3200000, 0x00000000e3100000| Updating 
|  50|0x00000000e3200000, 0x00000000e3300000, 0x00000000e3300000|100%|HS|  |TAMS 0x00000000e3300000, 0x00000000e3200000| Complete 
|  51|0x00000000e3300000, 0x00000000e3400000, 0x00000000e3400000|100%|HC|  |TAMS 0x00000000e3400000, 0x00000000e3300000| Complete 
|  52|0x00000000e3400000, 0x00000000e3500000, 0x00000000e3500000|100%|HS|  |TAMS 0x00000000e3500000, 0x00000000e3400000| Complete 
|  53|0x00000000e3500000, 0x00000000e3600000, 0x00000000e3600000|100%|HC|  |TAMS 0x00000000e3600000, 0x00000000e3500000| Complete 
|  54|0x00000000e3600000, 0x00000000e3700000, 0x00000000e3700000|100%|HC|  |TAMS 0x00000000e3700000, 0x00000000e3600000| Complete 
|  55|0x00000000e3700000, 0x00000000e3800000, 0x00000000e3800000|100%| O|  |TAMS 0x00000000e3800000, 0x00000000e3700000| Updating 
|  56|0x00000000e3800000, 0x00000000e3900000, 0x00000000e3900000|100%| O|  |TAMS 0x00000000e3900000, 0x00000000e3800000| Updating 
|  57|0x00000000e3900000, 0x00000000e3a00000, 0x00000000e3a00000|100%| O|  |TAMS 0x00000000e3a00000, 0x00000000e3900000| Updating 
|  58|0x00000000e3a00000, 0x00000000e3b00000, 0x00000000e3b00000|100%| O|  |TAMS 0x00000000e3b00000, 0x00000000e3a00000| Updating 
|  59|0x00000000e3b00000, 0x00000000e3c00000, 0x00000000e3c00000|100%| O|  |TAMS 0x00000000e3c00000, 0x00000000e3b00000| Updating 
|  60|0x00000000e3c00000, 0x00000000e3d00000, 0x00000000e3d00000|100%| O|  |TAMS 0x00000000e3d00000, 0x00000000e3c00000| Updating 
|  61|0x00000000e3d00000, 0x00000000e3e00000, 0x00000000e3e00000|100%| O|  |TAMS 0x00000000e3e00000, 0x00000000e3d00000| Updating 
|  62|0x00000000e3e00000, 0x00000000e3f00000, 0x00000000e3f00000|100%| O|  |TAMS 0x00000000e3f00000, 0x00000000e3e00000| Updating 
|  63|0x00000000e3f00000, 0x00000000e4000000, 0x00000000e4000000|100%| O|  |TAMS 0x00000000e4000000, 0x00000000e3f00000| Updating 
|  64|0x00000000e4000000, 0x00000000e4100000, 0x00000000e4100000|100%| O|  |TAMS 0x00000000e4100000, 0x00000000e4000000| Updating 
|  65|0x00000000e4100000, 0x00000000e4200000, 0x00000000e4200000|100%| O|  |TAMS 0x00000000e4200000, 0x00000000e4100000| Updating 
|  66|0x00000000e4200000, 0x00000000e4300000, 0x00000000e4300000|100%| O|  |TAMS 0x00000000e4300000, 0x00000000e4200000| Updating 
|  67|0x00000000e4300000, 0x00000000e4400000, 0x00000000e4400000|100%| O|  |TAMS 0x00000000e4400000, 0x00000000e4300000| Updating 
|  68|0x00000000e4400000, 0x00000000e4500000, 0x00000000e4500000|100%| O|  |TAMS 0x00000000e4500000, 0x00000000e4400000| Updating 
|  69|0x00000000e4500000, 0x00000000e4600000, 0x00000000e4600000|100%| O|  |TAMS 0x00000000e4600000, 0x00000000e4500000| Updating 
|  70|0x00000000e4600000, 0x00000000e4700000, 0x00000000e4700000|100%| O|  |TAMS 0x00000000e4700000, 0x00000000e4600000| Updating 
|  71|0x00000000e4700000, 0x00000000e4800000, 0x00000000e4800000|100%| O|  |TAMS 0x00000000e4800000, 0x00000000e4700000| Updating 
|  72|0x00000000e4800000, 0x00000000e4900000, 0x00000000e4900000|100%| O|  |TAMS 0x00000000e4900000, 0x00000000e4800000| Updating 
|  73|0x00000000e4900000, 0x00000000e4a00000, 0x00000000e4a00000|100%| O|  |TAMS 0x00000000e4a00000, 0x00000000e4900000| Updating 
|  74|0x00000000e4a00000, 0x00000000e4b00000, 0x00000000e4b00000|100%| O|  |TAMS 0x00000000e4b00000, 0x00000000e4a00000| Updating 
|  75|0x00000000e4b00000, 0x00000000e4c00000, 0x00000000e4c00000|100%| O|  |TAMS 0x00000000e4c00000, 0x00000000e4b00000| Updating 
|  76|0x00000000e4c00000, 0x00000000e4d00000, 0x00000000e4d00000|100%| O|  |TAMS 0x00000000e4d00000, 0x00000000e4c00000| Updating 
|  77|0x00000000e4d00000, 0x00000000e4e00000, 0x00000000e4e00000|100%| O|  |TAMS 0x00000000e4e00000, 0x00000000e4d00000| Updating 
|  78|0x00000000e4e00000, 0x00000000e4f00000, 0x00000000e4f00000|100%| O|  |TAMS 0x00000000e4f00000, 0x00000000e4e00000| Updating 
|  79|0x00000000e4f00000, 0x00000000e5000000, 0x00000000e5000000|100%| O|  |TAMS 0x00000000e5000000, 0x00000000e4f00000| Updating 
|  80|0x00000000e5000000, 0x00000000e5100000, 0x00000000e5100000|100%| O|  |TAMS 0x00000000e5100000, 0x00000000e5000000| Updating 
|  81|0x00000000e5100000, 0x00000000e5200000, 0x00000000e5200000|100%| O|  |TAMS 0x00000000e5200000, 0x00000000e5100000| Updating 
|  82|0x00000000e5200000, 0x00000000e5300000, 0x00000000e5300000|100%| O|  |TAMS 0x00000000e5300000, 0x00000000e5200000| Updating 
|  83|0x00000000e5300000, 0x00000000e5400000, 0x00000000e5400000|100%| O|  |TAMS 0x00000000e5400000, 0x00000000e5300000| Updating 
|  84|0x00000000e5400000, 0x00000000e5500000, 0x00000000e5500000|100%| O|  |TAMS 0x00000000e5500000, 0x00000000e5400000| Updating 
|  85|0x00000000e5500000, 0x00000000e5600000, 0x00000000e5600000|100%| O|  |TAMS 0x00000000e5600000, 0x00000000e5500000| Updating 
|  86|0x00000000e5600000, 0x00000000e5700000, 0x00000000e5700000|100%| O|  |TAMS 0x00000000e5700000, 0x00000000e5600000| Updating 
|  87|0x00000000e5700000, 0x00000000e5800000, 0x00000000e5800000|100%| O|  |TAMS 0x00000000e5800000, 0x00000000e5700000| Updating 
|  88|0x00000000e5800000, 0x00000000e5900000, 0x00000000e5900000|100%| O|  |TAMS 0x00000000e5900000, 0x00000000e5800000| Updating 
|  89|0x00000000e5900000, 0x00000000e5a00000, 0x00000000e5a00000|100%| O|  |TAMS 0x00000000e5a00000, 0x00000000e5900000| Updating 
|  90|0x00000000e5a00000, 0x00000000e5b00000, 0x00000000e5b00000|100%| O|  |TAMS 0x00000000e5b00000, 0x00000000e5a00000| Updating 
|  91|0x00000000e5b00000, 0x00000000e5c00000, 0x00000000e5c00000|100%| O|  |TAMS 0x00000000e5c00000, 0x00000000e5b00000| Updating 
|  92|0x00000000e5c00000, 0x00000000e5d00000, 0x00000000e5d00000|100%| O|  |TAMS 0x00000000e5d00000, 0x00000000e5c00000| Updating 
|  93|0x00000000e5d00000, 0x00000000e5e00000, 0x00000000e5e00000|100%| O|  |TAMS 0x00000000e5e00000, 0x00000000e5d00000| Updating 
|  94|0x00000000e5e00000, 0x00000000e5f00000, 0x00000000e5f00000|100%| O|  |TAMS 0x00000000e5f00000, 0x00000000e5e00000| Updating 
|  95|0x00000000e5f00000, 0x00000000e6000000, 0x00000000e6000000|100%| O|  |TAMS 0x00000000e6000000, 0x00000000e5f00000| Updating 
|  96|0x00000000e6000000, 0x00000000e6100000, 0x00000000e6100000|100%| O|  |TAMS 0x00000000e6100000, 0x00000000e6000000| Updating 
|  97|0x00000000e6100000, 0x00000000e6200000, 0x00000000e6200000|100%| O|  |TAMS 0x00000000e6200000, 0x00000000e6100000| Updating 
|  98|0x00000000e6200000, 0x00000000e6300000, 0x00000000e6300000|100%| O|  |TAMS 0x00000000e6300000, 0x00000000e6200000| Updating 
|  99|0x00000000e6300000, 0x00000000e6400000, 0x00000000e6400000|100%| O|  |TAMS 0x00000000e6400000, 0x00000000e6300000| Updating 
| 100|0x00000000e6400000, 0x00000000e6500000, 0x00000000e6500000|100%| O|  |TAMS 0x00000000e6500000, 0x00000000e6400000| Updating 
| 101|0x00000000e6500000, 0x00000000e6600000, 0x00000000e6600000|100%| O|  |TAMS 0x00000000e6600000, 0x00000000e6500000| Updating 
| 102|0x00000000e6600000, 0x00000000e6700000, 0x00000000e6700000|100%| O|  |TAMS 0x00000000e6700000, 0x00000000e6600000| Updating 
| 103|0x00000000e6700000, 0x00000000e6800000, 0x00000000e6800000|100%| O|  |TAMS 0x00000000e6800000, 0x00000000e6700000| Updating 
| 104|0x00000000e6800000, 0x00000000e6900000, 0x00000000e6900000|100%| O|  |TAMS 0x00000000e6900000, 0x00000000e6800000| Updating 
| 105|0x00000000e6900000, 0x00000000e6a00000, 0x00000000e6a00000|100%| O|  |TAMS 0x00000000e6a00000, 0x00000000e6900000| Updating 
| 106|0x00000000e6a00000, 0x00000000e6b00000, 0x00000000e6b00000|100%| O|  |TAMS 0x00000000e6b00000, 0x00000000e6a00000| Updating 
| 107|0x00000000e6b00000, 0x00000000e6c00000, 0x00000000e6c00000|100%| O|  |TAMS 0x00000000e6c00000, 0x00000000e6b00000| Updating 
| 108|0x00000000e6c00000, 0x00000000e6d00000, 0x00000000e6d00000|100%| O|  |TAMS 0x00000000e6d00000, 0x00000000e6c00000| Updating 
| 109|0x00000000e6d00000, 0x00000000e6e00000, 0x00000000e6e00000|100%| O|  |TAMS 0x00000000e6e00000, 0x00000000e6d00000| Updating 
| 110|0x00000000e6e00000, 0x00000000e6f00000, 0x00000000e6f00000|100%| O|  |TAMS 0x00000000e6f00000, 0x00000000e6e00000| Updating 
| 111|0x00000000e6f00000, 0x00000000e7000000, 0x00000000e7000000|100%| O|  |TAMS 0x00000000e7000000, 0x00000000e6f00000| Updating 
| 112|0x00000000e7000000, 0x00000000e7100000, 0x00000000e7100000|100%| O|  |TAMS 0x00000000e7100000, 0x00000000e7000000| Updating 
| 113|0x00000000e7100000, 0x00000000e7200000, 0x00000000e7200000|100%| O|  |TAMS 0x00000000e7200000, 0x00000000e7100000| Updating 
| 114|0x00000000e7200000, 0x00000000e7200000, 0x00000000e7300000|  0%| F|  |TAMS 0x00000000e7200000, 0x00000000e7200000| Untracked 
| 115|0x00000000e7300000, 0x00000000e7400000, 0x00000000e7400000|100%| O|  |TAMS 0x00000000e7400000, 0x00000000e7300000| Updating 
| 116|0x00000000e7400000, 0x00000000e7500000, 0x00000000e7500000|100%| O|  |TAMS 0x00000000e7500000, 0x00000000e7400000| Updating 
| 117|0x00000000e7500000, 0x00000000e7600000, 0x00000000e7600000|100%| O|  |TAMS 0x00000000e7600000, 0x00000000e7500000| Updating 
| 118|0x00000000e7600000, 0x00000000e7700000, 0x00000000e7700000|100%| O|  |TAMS 0x00000000e7700000, 0x00000000e7600000| Updating 
| 119|0x00000000e7700000, 0x00000000e7800000, 0x00000000e7800000|100%| O|  |TAMS 0x00000000e7800000, 0x00000000e7700000| Updating 
| 120|0x00000000e7800000, 0x00000000e7900000, 0x00000000e7900000|100%| O|  |TAMS 0x00000000e7900000, 0x00000000e7800000| Updating 
| 121|0x00000000e7900000, 0x00000000e7a00000, 0x00000000e7a00000|100%| O|  |TAMS 0x00000000e7a00000, 0x00000000e7900000| Updating 
| 122|0x00000000e7a00000, 0x00000000e7b00000, 0x00000000e7b00000|100%| O|  |TAMS 0x00000000e7b00000, 0x00000000e7a00000| Updating 
| 123|0x00000000e7b00000, 0x00000000e7c00000, 0x00000000e7c00000|100%| O|  |TAMS 0x00000000e7c00000, 0x00000000e7b00000| Updating 
| 124|0x00000000e7c00000, 0x00000000e7d00000, 0x00000000e7d00000|100%| O|  |TAMS 0x00000000e7d00000, 0x00000000e7c00000| Updating 
| 125|0x00000000e7d00000, 0x00000000e7e00000, 0x00000000e7e00000|100%| O|  |TAMS 0x00000000e7e00000, 0x00000000e7d00000| Updating 
| 126|0x00000000e7e00000, 0x00000000e7f00000, 0x00000000e7f00000|100%| O|  |TAMS 0x00000000e7f00000, 0x00000000e7e00000| Updating 
| 127|0x00000000e7f00000, 0x00000000e8000000, 0x00000000e8000000|100%| O|  |TAMS 0x00000000e8000000, 0x00000000e7f00000| Updating 
| 128|0x00000000e8000000, 0x00000000e8100000, 0x00000000e8100000|100%| O|  |TAMS 0x00000000e8100000, 0x00000000e8000000| Updating 
| 129|0x00000000e8100000, 0x00000000e8200000, 0x00000000e8200000|100%| O|  |TAMS 0x00000000e8200000, 0x00000000e8100000| Updating 
| 130|0x00000000e8200000, 0x00000000e8300000, 0x00000000e8300000|100%| O|  |TAMS 0x00000000e8300000, 0x00000000e8200000| Updating 
| 131|0x00000000e8300000, 0x00000000e8400000, 0x00000000e8400000|100%| O|  |TAMS 0x00000000e8400000, 0x00000000e8300000| Updating 
| 132|0x00000000e8400000, 0x00000000e8500000, 0x00000000e8500000|100%| O|  |TAMS 0x00000000e8500000, 0x00000000e8400000| Updating 
| 133|0x00000000e8500000, 0x00000000e8600000, 0x00000000e8600000|100%| O|  |TAMS 0x00000000e8600000, 0x00000000e8500000| Updating 
| 134|0x00000000e8600000, 0x00000000e8700000, 0x00000000e8700000|100%| O|  |TAMS 0x00000000e8700000, 0x00000000e8600000| Updating 
| 135|0x00000000e8700000, 0x00000000e8800000, 0x00000000e8800000|100%| O|  |TAMS 0x00000000e8800000, 0x00000000e8700000| Updating 
| 136|0x00000000e8800000, 0x00000000e8900000, 0x00000000e8900000|100%| O|  |TAMS 0x00000000e8900000, 0x00000000e8800000| Updating 
| 137|0x00000000e8900000, 0x00000000e8a00000, 0x00000000e8a00000|100%| O|  |TAMS 0x00000000e8a00000, 0x00000000e8900000| Updating 
| 138|0x00000000e8a00000, 0x00000000e8b00000, 0x00000000e8b00000|100%| O|  |TAMS 0x00000000e8b00000, 0x00000000e8a00000| Updating 
| 139|0x00000000e8b00000, 0x00000000e8c00000, 0x00000000e8c00000|100%| O|  |TAMS 0x00000000e8c00000, 0x00000000e8b00000| Updating 
| 140|0x00000000e8c00000, 0x00000000e8d00000, 0x00000000e8d00000|100%| O|  |TAMS 0x00000000e8d00000, 0x00000000e8c00000| Updating 
| 141|0x00000000e8d00000, 0x00000000e8e00000, 0x00000000e8e00000|100%| O|  |TAMS 0x00000000e8e00000, 0x00000000e8d00000| Updating 
| 142|0x00000000e8e00000, 0x00000000e8f00000, 0x00000000e8f00000|100%| O|  |TAMS 0x00000000e8f00000, 0x00000000e8e00000| Updating 
| 143|0x00000000e8f00000, 0x00000000e9000000, 0x00000000e9000000|100%| O|  |TAMS 0x00000000e9000000, 0x00000000e8f00000| Updating 
| 144|0x00000000e9000000, 0x00000000e9100000, 0x00000000e9100000|100%| O|  |TAMS 0x00000000e9100000, 0x00000000e9000000| Updating 
| 145|0x00000000e9100000, 0x00000000e9200000, 0x00000000e9200000|100%| O|  |TAMS 0x00000000e9200000, 0x00000000e9100000| Updating 
| 146|0x00000000e9200000, 0x00000000e9300000, 0x00000000e9300000|100%| O|  |TAMS 0x00000000e9300000, 0x00000000e9200000| Updating 
| 147|0x00000000e9300000, 0x00000000e9400000, 0x00000000e9400000|100%| O|  |TAMS 0x00000000e9400000, 0x00000000e9300000| Updating 
| 148|0x00000000e9400000, 0x00000000e9500000, 0x00000000e9500000|100%| O|  |TAMS 0x00000000e9500000, 0x00000000e9400000| Updating 
| 149|0x00000000e9500000, 0x00000000e9600000, 0x00000000e9600000|100%| O|  |TAMS 0x00000000e9600000, 0x00000000e9500000| Updating 
| 150|0x00000000e9600000, 0x00000000e9700000, 0x00000000e9700000|100%| O|  |TAMS 0x00000000e9700000, 0x00000000e9600000| Updating 
| 151|0x00000000e9700000, 0x00000000e9800000, 0x00000000e9800000|100%| O|  |TAMS 0x00000000e9800000, 0x00000000e9700000| Updating 
| 152|0x00000000e9800000, 0x00000000e9900000, 0x00000000e9900000|100%| O|  |TAMS 0x00000000e9900000, 0x00000000e9800000| Updating 
| 153|0x00000000e9900000, 0x00000000e9a00000, 0x00000000e9a00000|100%| O|  |TAMS 0x00000000e9a00000, 0x00000000e9900000| Updating 
| 154|0x00000000e9a00000, 0x00000000e9b00000, 0x00000000e9b00000|100%| O|  |TAMS 0x00000000e9b00000, 0x00000000e9a00000| Updating 
| 155|0x00000000e9b00000, 0x00000000e9c00000, 0x00000000e9c00000|100%| O|  |TAMS 0x00000000e9c00000, 0x00000000e9b00000| Updating 
| 156|0x00000000e9c00000, 0x00000000e9d00000, 0x00000000e9d00000|100%| O|  |TAMS 0x00000000e9d00000, 0x00000000e9c00000| Updating 
| 157|0x00000000e9d00000, 0x00000000e9e00000, 0x00000000e9e00000|100%| O|  |TAMS 0x00000000e9e00000, 0x00000000e9d00000| Updating 
| 158|0x00000000e9e00000, 0x00000000e9f00000, 0x00000000e9f00000|100%| O|  |TAMS 0x00000000e9f00000, 0x00000000e9e00000| Updating 
| 159|0x00000000e9f00000, 0x00000000ea000000, 0x00000000ea000000|100%| O|  |TAMS 0x00000000ea000000, 0x00000000e9f00000| Updating 
| 160|0x00000000ea000000, 0x00000000ea100000, 0x00000000ea100000|100%| O|  |TAMS 0x00000000ea100000, 0x00000000ea000000| Updating 
| 161|0x00000000ea100000, 0x00000000ea200000, 0x00000000ea200000|100%| O|  |TAMS 0x00000000ea200000, 0x00000000ea100000| Updating 
| 162|0x00000000ea200000, 0x00000000ea300000, 0x00000000ea300000|100%| O|  |TAMS 0x00000000ea300000, 0x00000000ea200000| Updating 
| 163|0x00000000ea300000, 0x00000000ea400000, 0x00000000ea400000|100%| O|  |TAMS 0x00000000ea400000, 0x00000000ea300000| Updating 
| 164|0x00000000ea400000, 0x00000000ea500000, 0x00000000ea500000|100%| O|  |TAMS 0x00000000ea500000, 0x00000000ea400000| Updating 
| 165|0x00000000ea500000, 0x00000000ea600000, 0x00000000ea600000|100%| O|  |TAMS 0x00000000ea600000, 0x00000000ea500000| Updating 
| 166|0x00000000ea600000, 0x00000000ea700000, 0x00000000ea700000|100%| O|  |TAMS 0x00000000ea700000, 0x00000000ea600000| Updating 
| 167|0x00000000ea700000, 0x00000000ea800000, 0x00000000ea800000|100%| O|  |TAMS 0x00000000ea800000, 0x00000000ea700000| Updating 
| 168|0x00000000ea800000, 0x00000000ea900000, 0x00000000ea900000|100%| O|  |TAMS 0x00000000ea900000, 0x00000000ea800000| Updating 
| 169|0x00000000ea900000, 0x00000000eaa00000, 0x00000000eaa00000|100%| O|  |TAMS 0x00000000eaa00000, 0x00000000ea900000| Updating 
| 170|0x00000000eaa00000, 0x00000000eab00000, 0x00000000eab00000|100%| O|  |TAMS 0x00000000eab00000, 0x00000000eaa00000| Updating 
| 171|0x00000000eab00000, 0x00000000eac00000, 0x00000000eac00000|100%| O|  |TAMS 0x00000000eac00000, 0x00000000eab00000| Updating 
| 172|0x00000000eac00000, 0x00000000ead00000, 0x00000000ead00000|100%| O|  |TAMS 0x00000000ead00000, 0x00000000eac00000| Updating 
| 173|0x00000000ead00000, 0x00000000eae00000, 0x00000000eae00000|100%| O|  |TAMS 0x00000000eae00000, 0x00000000ead00000| Updating 
| 174|0x00000000eae00000, 0x00000000eaf00000, 0x00000000eaf00000|100%| O|  |TAMS 0x00000000eae00000, 0x00000000eae00000| Untracked 
| 175|0x00000000eaf00000, 0x00000000eb000000, 0x00000000eb000000|100%| O|  |TAMS 0x00000000eaf00000, 0x00000000eaf00000| Untracked 
| 176|0x00000000eb000000, 0x00000000eb100000, 0x00000000eb100000|100%| O|  |TAMS 0x00000000eb000000, 0x00000000eb000000| Untracked 
| 177|0x00000000eb100000, 0x00000000eb200000, 0x00000000eb200000|100%| O|  |TAMS 0x00000000eb100000, 0x00000000eb100000| Untracked 
| 178|0x00000000eb200000, 0x00000000eb300000, 0x00000000eb300000|100%| O|  |TAMS 0x00000000eb200000, 0x00000000eb200000| Untracked 
| 179|0x00000000eb300000, 0x00000000eb400000, 0x00000000eb400000|100%| O|  |TAMS 0x00000000eb300000, 0x00000000eb300000| Untracked 
| 180|0x00000000eb400000, 0x00000000eb500000, 0x00000000eb500000|100%| O|  |TAMS 0x00000000eb400000, 0x00000000eb400000| Untracked 
| 181|0x00000000eb500000, 0x00000000eb600000, 0x00000000eb600000|100%| O|  |TAMS 0x00000000eb500000, 0x00000000eb500000| Untracked 
| 182|0x00000000eb600000, 0x00000000eb700000, 0x00000000eb700000|100%| O|  |TAMS 0x00000000eb600000, 0x00000000eb600000| Untracked 
| 183|0x00000000eb700000, 0x00000000eb800000, 0x00000000eb800000|100%| O|  |TAMS 0x00000000eb700000, 0x00000000eb700000| Untracked 
| 184|0x00000000eb800000, 0x00000000eb900000, 0x00000000eb900000|100%| O|  |TAMS 0x00000000eb800000, 0x00000000eb800000| Untracked 
| 185|0x00000000eb900000, 0x00000000eba00000, 0x00000000eba00000|100%| O|  |TAMS 0x00000000eb900000, 0x00000000eb900000| Untracked 
| 186|0x00000000eba00000, 0x00000000ebb00000, 0x00000000ebb00000|100%| O|  |TAMS 0x00000000eba00000, 0x00000000eba00000| Untracked 
| 187|0x00000000ebb00000, 0x00000000ebc00000, 0x00000000ebc00000|100%| O|  |TAMS 0x00000000ebb00000, 0x00000000ebb00000| Untracked 
| 188|0x00000000ebc00000, 0x00000000ebd00000, 0x00000000ebd00000|100%| O|  |TAMS 0x00000000ebc00000, 0x00000000ebc00000| Untracked 
| 189|0x00000000ebd00000, 0x00000000ebddee00, 0x00000000ebe00000| 87%| O|  |TAMS 0x00000000ebd00000, 0x00000000ebd00000| Untracked 
| 190|0x00000000ebe00000, 0x00000000ebe00000, 0x00000000ebf00000|  0%| F|  |TAMS 0x00000000ebe00000, 0x00000000ebe00000| Untracked 
| 191|0x00000000ebf00000, 0x00000000ebf00000, 0x00000000ec000000|  0%| F|  |TAMS 0x00000000ebf00000, 0x00000000ebf00000| Untracked 
| 192|0x00000000ec000000, 0x00000000ec000000, 0x00000000ec100000|  0%| F|  |TAMS 0x00000000ec000000, 0x00000000ec000000| Untracked 
| 193|0x00000000ec100000, 0x00000000ec100000, 0x00000000ec200000|  0%| F|  |TAMS 0x00000000ec100000, 0x00000000ec100000| Untracked 
| 194|0x00000000ec200000, 0x00000000ec200000, 0x00000000ec300000|  0%| F|  |TAMS 0x00000000ec200000, 0x00000000ec200000| Untracked 
| 195|0x00000000ec300000, 0x00000000ec300000, 0x00000000ec400000|  0%| F|  |TAMS 0x00000000ec300000, 0x00000000ec300000| Untracked 
| 196|0x00000000ec400000, 0x00000000ec400000, 0x00000000ec500000|  0%| F|  |TAMS 0x00000000ec400000, 0x00000000ec400000| Untracked 
| 197|0x00000000ec500000, 0x00000000ec500000, 0x00000000ec600000|  0%| F|  |TAMS 0x00000000ec500000, 0x00000000ec500000| Untracked 
| 198|0x00000000ec600000, 0x00000000ec600000, 0x00000000ec700000|  0%| F|  |TAMS 0x00000000ec600000, 0x00000000ec600000| Untracked 
| 199|0x00000000ec700000, 0x00000000ec700000, 0x00000000ec800000|  0%| F|  |TAMS 0x00000000ec700000, 0x00000000ec700000| Untracked 
| 200|0x00000000ec800000, 0x00000000ec800000, 0x00000000ec900000|  0%| F|  |TAMS 0x00000000ec800000, 0x00000000ec800000| Untracked 
| 201|0x00000000ec900000, 0x00000000ec900000, 0x00000000eca00000|  0%| F|  |TAMS 0x00000000ec900000, 0x00000000ec900000| Untracked 
| 202|0x00000000eca00000, 0x00000000eca00000, 0x00000000ecb00000|  0%| F|  |TAMS 0x00000000eca00000, 0x00000000eca00000| Untracked 
| 203|0x00000000ecb00000, 0x00000000ecb00000, 0x00000000ecc00000|  0%| F|  |TAMS 0x00000000ecb00000, 0x00000000ecb00000| Untracked 
| 204|0x00000000ecc00000, 0x00000000ecc00000, 0x00000000ecd00000|  0%| F|  |TAMS 0x00000000ecc00000, 0x00000000ecc00000| Untracked 
| 205|0x00000000ecd00000, 0x00000000ecd00000, 0x00000000ece00000|  0%| F|  |TAMS 0x00000000ecd00000, 0x00000000ecd00000| Untracked 
| 206|0x00000000ece00000, 0x00000000ece00000, 0x00000000ecf00000|  0%| F|  |TAMS 0x00000000ece00000, 0x00000000ece00000| Untracked 
| 207|0x00000000ecf00000, 0x00000000ecf00000, 0x00000000ed000000|  0%| F|  |TAMS 0x00000000ecf00000, 0x00000000ecf00000| Untracked 
| 208|0x00000000ed000000, 0x00000000ed000000, 0x00000000ed100000|  0%| F|  |TAMS 0x00000000ed000000, 0x00000000ed000000| Untracked 
| 209|0x00000000ed100000, 0x00000000ed100000, 0x00000000ed200000|  0%| F|  |TAMS 0x00000000ed100000, 0x00000000ed100000| Untracked 
| 210|0x00000000ed200000, 0x00000000ed200000, 0x00000000ed300000|  0%| F|  |TAMS 0x00000000ed200000, 0x00000000ed200000| Untracked 
| 211|0x00000000ed300000, 0x00000000ed300000, 0x00000000ed400000|  0%| F|  |TAMS 0x00000000ed300000, 0x00000000ed300000| Untracked 
| 212|0x00000000ed400000, 0x00000000ed400000, 0x00000000ed500000|  0%| F|  |TAMS 0x00000000ed400000, 0x00000000ed400000| Untracked 
| 213|0x00000000ed500000, 0x00000000ed500000, 0x00000000ed600000|  0%| F|  |TAMS 0x00000000ed500000, 0x00000000ed500000| Untracked 
| 214|0x00000000ed600000, 0x00000000ed600000, 0x00000000ed700000|  0%| F|  |TAMS 0x00000000ed600000, 0x00000000ed600000| Untracked 
| 215|0x00000000ed700000, 0x00000000ed700000, 0x00000000ed800000|  0%| F|  |TAMS 0x00000000ed700000, 0x00000000ed700000| Untracked 
| 216|0x00000000ed800000, 0x00000000ed800000, 0x00000000ed900000|  0%| F|  |TAMS 0x00000000ed800000, 0x00000000ed800000| Untracked 
| 217|0x00000000ed900000, 0x00000000ed900000, 0x00000000eda00000|  0%| F|  |TAMS 0x00000000ed900000, 0x00000000ed900000| Untracked 
| 218|0x00000000eda00000, 0x00000000eda00000, 0x00000000edb00000|  0%| F|  |TAMS 0x00000000eda00000, 0x00000000eda00000| Untracked 
| 219|0x00000000edb00000, 0x00000000edb00000, 0x00000000edc00000|  0%| F|  |TAMS 0x00000000edb00000, 0x00000000edb00000| Untracked 
| 220|0x00000000edc00000, 0x00000000edc00000, 0x00000000edd00000|  0%| F|  |TAMS 0x00000000edc00000, 0x00000000edc00000| Untracked 
| 221|0x00000000edd00000, 0x00000000edd00000, 0x00000000ede00000|  0%| F|  |TAMS 0x00000000edd00000, 0x00000000edd00000| Untracked 
| 222|0x00000000ede00000, 0x00000000ede00000, 0x00000000edf00000|  0%| F|  |TAMS 0x00000000ede00000, 0x00000000ede00000| Untracked 
| 223|0x00000000edf00000, 0x00000000edf00000, 0x00000000ee000000|  0%| F|  |TAMS 0x00000000edf00000, 0x00000000edf00000| Untracked 
| 224|0x00000000ee000000, 0x00000000ee000000, 0x00000000ee100000|  0%| F|  |TAMS 0x00000000ee000000, 0x00000000ee000000| Untracked 
| 225|0x00000000ee100000, 0x00000000ee100000, 0x00000000ee200000|  0%| F|  |TAMS 0x00000000ee100000, 0x00000000ee100000| Untracked 
| 226|0x00000000ee200000, 0x00000000ee200000, 0x00000000ee300000|  0%| F|  |TAMS 0x00000000ee200000, 0x00000000ee200000| Untracked 
| 227|0x00000000ee300000, 0x00000000ee300000, 0x00000000ee400000|  0%| F|  |TAMS 0x00000000ee300000, 0x00000000ee300000| Untracked 
| 228|0x00000000ee400000, 0x00000000ee400000, 0x00000000ee500000|  0%| F|  |TAMS 0x00000000ee400000, 0x00000000ee400000| Untracked 
| 229|0x00000000ee500000, 0x00000000ee500000, 0x00000000ee600000|  0%| F|  |TAMS 0x00000000ee500000, 0x00000000ee500000| Untracked 
| 230|0x00000000ee600000, 0x00000000ee600000, 0x00000000ee700000|  0%| F|  |TAMS 0x00000000ee600000, 0x00000000ee600000| Untracked 
| 231|0x00000000ee700000, 0x00000000ee800000, 0x00000000ee800000|100%| S|CS|TAMS 0x00000000ee700000, 0x00000000ee700000| Complete 
| 232|0x00000000ee800000, 0x00000000ee900000, 0x00000000ee900000|100%| S|CS|TAMS 0x00000000ee800000, 0x00000000ee800000| Complete 
| 233|0x00000000ee900000, 0x00000000eea00000, 0x00000000eea00000|100%| S|CS|TAMS 0x00000000ee900000, 0x00000000ee900000| Complete 
| 234|0x00000000eea00000, 0x00000000eeb00000, 0x00000000eeb00000|100%| S|CS|TAMS 0x00000000eea00000, 0x00000000eea00000| Complete 
| 235|0x00000000eeb00000, 0x00000000eec00000, 0x00000000eec00000|100%| S|CS|TAMS 0x00000000eeb00000, 0x00000000eeb00000| Complete 
| 236|0x00000000eec00000, 0x00000000eed00000, 0x00000000eed00000|100%| S|CS|TAMS 0x00000000eec00000, 0x00000000eec00000| Complete 
| 237|0x00000000eed00000, 0x00000000eee00000, 0x00000000eee00000|100%| S|CS|TAMS 0x00000000eed00000, 0x00000000eed00000| Complete 
| 238|0x00000000eee00000, 0x00000000eef00000, 0x00000000eef00000|100%| S|CS|TAMS 0x00000000eee00000, 0x00000000eee00000| Complete 
| 239|0x00000000eef00000, 0x00000000ef000000, 0x00000000ef000000|100%| S|CS|TAMS 0x00000000eef00000, 0x00000000eef00000| Complete 
| 240|0x00000000ef000000, 0x00000000ef000000, 0x00000000ef100000|  0%| F|  |TAMS 0x00000000ef000000, 0x00000000ef000000| Untracked 
| 241|0x00000000ef100000, 0x00000000ef100000, 0x00000000ef200000|  0%| F|  |TAMS 0x00000000ef100000, 0x00000000ef100000| Untracked 
| 242|0x00000000ef200000, 0x00000000ef200000, 0x00000000ef300000|  0%| F|  |TAMS 0x00000000ef200000, 0x00000000ef200000| Untracked 
| 243|0x00000000ef300000, 0x00000000ef300000, 0x00000000ef400000|  0%| F|  |TAMS 0x00000000ef300000, 0x00000000ef300000| Untracked 
| 244|0x00000000ef400000, 0x00000000ef400000, 0x00000000ef500000|  0%| F|  |TAMS 0x00000000ef400000, 0x00000000ef400000| Untracked 
| 245|0x00000000ef500000, 0x00000000ef500000, 0x00000000ef600000|  0%| F|  |TAMS 0x00000000ef500000, 0x00000000ef500000| Untracked 
| 246|0x00000000ef600000, 0x00000000ef600000, 0x00000000ef700000|  0%| F|  |TAMS 0x00000000ef600000, 0x00000000ef600000| Untracked 
| 247|0x00000000ef700000, 0x00000000ef700000, 0x00000000ef800000|  0%| F|  |TAMS 0x00000000ef700000, 0x00000000ef700000| Untracked 
| 248|0x00000000ef800000, 0x00000000ef800000, 0x00000000ef900000|  0%| F|  |TAMS 0x00000000ef800000, 0x00000000ef800000| Untracked 
| 249|0x00000000ef900000, 0x00000000ef900000, 0x00000000efa00000|  0%| F|  |TAMS 0x00000000ef900000, 0x00000000ef900000| Untracked 
| 250|0x00000000efa00000, 0x00000000efa00000, 0x00000000efb00000|  0%| F|  |TAMS 0x00000000efa00000, 0x00000000efa00000| Untracked 
| 251|0x00000000efb00000, 0x00000000efb00000, 0x00000000efc00000|  0%| F|  |TAMS 0x00000000efb00000, 0x00000000efb00000| Untracked 
| 252|0x00000000efc00000, 0x00000000efc00000, 0x00000000efd00000|  0%| F|  |TAMS 0x00000000efc00000, 0x00000000efc00000| Untracked 
| 253|0x00000000efd00000, 0x00000000efd00000, 0x00000000efe00000|  0%| F|  |TAMS 0x00000000efd00000, 0x00000000efd00000| Untracked 
| 254|0x00000000efe00000, 0x00000000efe00000, 0x00000000eff00000|  0%| F|  |TAMS 0x00000000efe00000, 0x00000000efe00000| Untracked 
| 255|0x00000000eff00000, 0x00000000eff00000, 0x00000000f0000000|  0%| F|  |TAMS 0x00000000eff00000, 0x00000000eff00000| Untracked 
| 256|0x00000000f0000000, 0x00000000f0000000, 0x00000000f0100000|  0%| F|  |TAMS 0x00000000f0000000, 0x00000000f0000000| Untracked 
| 257|0x00000000f0100000, 0x00000000f0100000, 0x00000000f0200000|  0%| F|  |TAMS 0x00000000f0100000, 0x00000000f0100000| Untracked 
| 258|0x00000000f0200000, 0x00000000f0200000, 0x00000000f0300000|  0%| F|  |TAMS 0x00000000f0200000, 0x00000000f0200000| Untracked 
| 259|0x00000000f0300000, 0x00000000f0300000, 0x00000000f0400000|  0%| F|  |TAMS 0x00000000f0300000, 0x00000000f0300000| Untracked 
| 260|0x00000000f0400000, 0x00000000f0400000, 0x00000000f0500000|  0%| F|  |TAMS 0x00000000f0400000, 0x00000000f0400000| Untracked 
| 261|0x00000000f0500000, 0x00000000f0500000, 0x00000000f0600000|  0%| F|  |TAMS 0x00000000f0500000, 0x00000000f0500000| Untracked 
| 262|0x00000000f0600000, 0x00000000f0600000, 0x00000000f0700000|  0%| F|  |TAMS 0x00000000f0600000, 0x00000000f0600000| Untracked 
| 263|0x00000000f0700000, 0x00000000f0700000, 0x00000000f0800000|  0%| F|  |TAMS 0x00000000f0700000, 0x00000000f0700000| Untracked 
| 264|0x00000000f0800000, 0x00000000f0800000, 0x00000000f0900000|  0%| F|  |TAMS 0x00000000f0800000, 0x00000000f0800000| Untracked 
| 265|0x00000000f0900000, 0x00000000f0900000, 0x00000000f0a00000|  0%| F|  |TAMS 0x00000000f0900000, 0x00000000f0900000| Untracked 
| 266|0x00000000f0a00000, 0x00000000f0a00000, 0x00000000f0b00000|  0%| F|  |TAMS 0x00000000f0a00000, 0x00000000f0a00000| Untracked 
| 267|0x00000000f0b00000, 0x00000000f0b00000, 0x00000000f0c00000|  0%| F|  |TAMS 0x00000000f0b00000, 0x00000000f0b00000| Untracked 
| 268|0x00000000f0c00000, 0x00000000f0c00000, 0x00000000f0d00000|  0%| F|  |TAMS 0x00000000f0c00000, 0x00000000f0c00000| Untracked 
| 269|0x00000000f0d00000, 0x00000000f0d00000, 0x00000000f0e00000|  0%| F|  |TAMS 0x00000000f0d00000, 0x00000000f0d00000| Untracked 
| 270|0x00000000f0e00000, 0x00000000f0e00000, 0x00000000f0f00000|  0%| F|  |TAMS 0x00000000f0e00000, 0x00000000f0e00000| Untracked 
| 271|0x00000000f0f00000, 0x00000000f0f00000, 0x00000000f1000000|  0%| F|  |TAMS 0x00000000f0f00000, 0x00000000f0f00000| Untracked 
| 272|0x00000000f1000000, 0x00000000f1000000, 0x00000000f1100000|  0%| F|  |TAMS 0x00000000f1000000, 0x00000000f1000000| Untracked 
| 273|0x00000000f1100000, 0x00000000f1100000, 0x00000000f1200000|  0%| F|  |TAMS 0x00000000f1100000, 0x00000000f1100000| Untracked 
| 274|0x00000000f1200000, 0x00000000f1200000, 0x00000000f1300000|  0%| F|  |TAMS 0x00000000f1200000, 0x00000000f1200000| Untracked 
| 275|0x00000000f1300000, 0x00000000f1300000, 0x00000000f1400000|  0%| F|  |TAMS 0x00000000f1300000, 0x00000000f1300000| Untracked 
| 276|0x00000000f1400000, 0x00000000f1400000, 0x00000000f1500000|  0%| F|  |TAMS 0x00000000f1400000, 0x00000000f1400000| Untracked 
| 277|0x00000000f1500000, 0x00000000f1500000, 0x00000000f1600000|  0%| F|  |TAMS 0x00000000f1500000, 0x00000000f1500000| Untracked 
| 278|0x00000000f1600000, 0x00000000f1600000, 0x00000000f1700000|  0%| F|  |TAMS 0x00000000f1600000, 0x00000000f1600000| Untracked 
| 279|0x00000000f1700000, 0x00000000f1700000, 0x00000000f1800000|  0%| F|  |TAMS 0x00000000f1700000, 0x00000000f1700000| Untracked 
| 280|0x00000000f1800000, 0x00000000f1800000, 0x00000000f1900000|  0%| F|  |TAMS 0x00000000f1800000, 0x00000000f1800000| Untracked 
| 281|0x00000000f1900000, 0x00000000f1900000, 0x00000000f1a00000|  0%| F|  |TAMS 0x00000000f1900000, 0x00000000f1900000| Untracked 
| 282|0x00000000f1a00000, 0x00000000f1a00000, 0x00000000f1b00000|  0%| F|  |TAMS 0x00000000f1a00000, 0x00000000f1a00000| Untracked 
| 283|0x00000000f1b00000, 0x00000000f1b00000, 0x00000000f1c00000|  0%| F|  |TAMS 0x00000000f1b00000, 0x00000000f1b00000| Untracked 
| 284|0x00000000f1c00000, 0x00000000f1c00000, 0x00000000f1d00000|  0%| F|  |TAMS 0x00000000f1c00000, 0x00000000f1c00000| Untracked 
| 285|0x00000000f1d00000, 0x00000000f1d00000, 0x00000000f1e00000|  0%| F|  |TAMS 0x00000000f1d00000, 0x00000000f1d00000| Untracked 
| 286|0x00000000f1e00000, 0x00000000f1e00000, 0x00000000f1f00000|  0%| F|  |TAMS 0x00000000f1e00000, 0x00000000f1e00000| Untracked 
| 287|0x00000000f1f00000, 0x00000000f1f00000, 0x00000000f2000000|  0%| F|  |TAMS 0x00000000f1f00000, 0x00000000f1f00000| Untracked 
| 288|0x00000000f2000000, 0x00000000f2000000, 0x00000000f2100000|  0%| F|  |TAMS 0x00000000f2000000, 0x00000000f2000000| Untracked 
| 289|0x00000000f2100000, 0x00000000f2100000, 0x00000000f2200000|  0%| F|  |TAMS 0x00000000f2100000, 0x00000000f2100000| Untracked 
| 290|0x00000000f2200000, 0x00000000f2200000, 0x00000000f2300000|  0%| F|  |TAMS 0x00000000f2200000, 0x00000000f2200000| Untracked 
| 291|0x00000000f2300000, 0x00000000f2300000, 0x00000000f2400000|  0%| F|  |TAMS 0x00000000f2300000, 0x00000000f2300000| Untracked 
| 292|0x00000000f2400000, 0x00000000f2400000, 0x00000000f2500000|  0%| F|  |TAMS 0x00000000f2400000, 0x00000000f2400000| Untracked 
| 293|0x00000000f2500000, 0x00000000f2500000, 0x00000000f2600000|  0%| F|  |TAMS 0x00000000f2500000, 0x00000000f2500000| Untracked 
| 294|0x00000000f2600000, 0x00000000f2600000, 0x00000000f2700000|  0%| F|  |TAMS 0x00000000f2600000, 0x00000000f2600000| Untracked 
| 295|0x00000000f2700000, 0x00000000f2700000, 0x00000000f2800000|  0%| F|  |TAMS 0x00000000f2700000, 0x00000000f2700000| Untracked 
| 296|0x00000000f2800000, 0x00000000f2800000, 0x00000000f2900000|  0%| F|  |TAMS 0x00000000f2800000, 0x00000000f2800000| Untracked 
| 297|0x00000000f2900000, 0x00000000f2900000, 0x00000000f2a00000|  0%| F|  |TAMS 0x00000000f2900000, 0x00000000f2900000| Untracked 
| 298|0x00000000f2a00000, 0x00000000f2a00000, 0x00000000f2b00000|  0%| F|  |TAMS 0x00000000f2a00000, 0x00000000f2a00000| Untracked 
| 299|0x00000000f2b00000, 0x00000000f2b00000, 0x00000000f2c00000|  0%| F|  |TAMS 0x00000000f2b00000, 0x00000000f2b00000| Untracked 
| 300|0x00000000f2c00000, 0x00000000f2c00000, 0x00000000f2d00000|  0%| F|  |TAMS 0x00000000f2c00000, 0x00000000f2c00000| Untracked 
| 301|0x00000000f2d00000, 0x00000000f2d00000, 0x00000000f2e00000|  0%| F|  |TAMS 0x00000000f2d00000, 0x00000000f2d00000| Untracked 
| 302|0x00000000f2e00000, 0x00000000f2e3a2a8, 0x00000000f2f00000| 22%| E|  |TAMS 0x00000000f2e00000, 0x00000000f2e00000| Complete 
| 303|0x00000000f2f00000, 0x00000000f3000000, 0x00000000f3000000|100%| E|  |TAMS 0x00000000f2f00000, 0x00000000f2f00000| Complete 
| 304|0x00000000f3000000, 0x00000000f3100000, 0x00000000f3100000|100%| E|CS|TAMS 0x00000000f3000000, 0x00000000f3000000| Complete 
| 305|0x00000000f3100000, 0x00000000f3200000, 0x00000000f3200000|100%| E|CS|TAMS 0x00000000f3100000, 0x00000000f3100000| Complete 
| 306|0x00000000f3200000, 0x00000000f3300000, 0x00000000f3300000|100%| E|CS|TAMS 0x00000000f3200000, 0x00000000f3200000| Complete 
| 307|0x00000000f3300000, 0x00000000f3400000, 0x00000000f3400000|100%| E|CS|TAMS 0x00000000f3300000, 0x00000000f3300000| Complete 
| 308|0x00000000f3400000, 0x00000000f3500000, 0x00000000f3500000|100%| E|CS|TAMS 0x00000000f3400000, 0x00000000f3400000| Complete 
| 309|0x00000000f3500000, 0x00000000f3600000, 0x00000000f3600000|100%| E|CS|TAMS 0x00000000f3500000, 0x00000000f3500000| Complete 

Card table byte_map: [0x00000242d1210000,0x00000242d1310000] _byte_map_base: 0x00000242d0b10000

Marking Bits (Prev, Next): (CMBitMap*) 0x00000242b7d0cab8, (CMBitMap*) 0x00000242b7d0ca78
 Prev Bits: [0x00000242d1c10000, 0x00000242d2410000)
 Next Bits: [0x00000242d1410000, 0x00000242d1c10000)

Polling page: 0x00000242b7ab0000

Metaspace:

Usage:
  Non-class:     77.23 MB capacity,    74.76 MB ( 97%) used,     2.22 MB (  3%) free+waste,   256.19 KB ( <1%) overhead. 
      Class:     12.19 MB capacity,    10.93 MB ( 90%) used,     1.15 MB (  9%) free+waste,   118.81 KB ( <1%) overhead. 
       Both:     89.42 MB capacity,    85.69 MB ( 96%) used,     3.36 MB (  4%) free+waste,   375.00 KB ( <1%) overhead. 

Virtual space:
  Non-class space:       78.00 MB reserved,      77.50 MB (>99%) committed 
      Class space:      248.00 MB reserved,      12.25 MB (  5%) committed 
             Both:      326.00 MB reserved,      89.75 MB ( 28%) committed 

Chunk freelists:
   Non-Class:  84.00 KB
       Class:  26.00 KB
        Both:  110.00 KB

MaxMetaspaceSize: 256.00 MB
CompressedClassSpaceSize: 248.00 MB

CodeHeap 'non-profiled nmethods': size=120000Kb used=10189Kb max_used=10189Kb free=109810Kb
 bounds [0x00000242c9480000, 0x00000242c9e80000, 0x00000242d09b0000]
CodeHeap 'profiled nmethods': size=120000Kb used=31531Kb max_used=31531Kb free=88468Kb
 bounds [0x00000242c1f50000, 0x00000242c3e30000, 0x00000242c9480000]
CodeHeap 'non-nmethods': size=5760Kb used=2447Kb max_used=2517Kb free=3312Kb
 bounds [0x00000242c19b0000, 0x00000242c1c40000, 0x00000242c1f50000]
 total_blobs=21974 nmethods=13842 adapters=851
 compilation: enabled
              stopped_count=0, restarted_count=0
 full_count=0

Compilation events (20 events):
Event: 411.246 Thread 0x00000242d5388800 16230       2       sun.nio.fs.WindowsPath::getFileName (87 bytes)
Event: 411.247 Thread 0x00000242d5388800 nmethod 16230 0x00000242c3e1d010 code [0x00000242c3e1d200, 0x00000242c3e1d710]
Event: 411.254 Thread 0x00000242d5388800 16231       2       org.gradle.internal.resource.cached.AbstractCachedIndex$1::create (62 bytes)
Event: 411.254 Thread 0x00000242d5388800 nmethod 16231 0x00000242c3e1d990 code [0x00000242c3e1dbc0, 0x00000242c3e1e180]
Event: 411.263 Thread 0x00000242d5388800 16232       2       org.gradle.internal.snapshot.impl.DirectorySnapshotter$PathVisitor::visitFile (10 bytes)
Event: 411.263 Thread 0x00000242d5388800 nmethod 16232 0x00000242c3e1e490 code [0x00000242c3e1e640, 0x00000242c3e1e830]
Event: 411.263 Thread 0x00000242d5388800 16233       2       org.gradle.internal.snapshot.impl.DirectorySnapshotter$PathVisitor::visitFile (52 bytes)
Event: 411.263 Thread 0x00000242d5388800 nmethod 16233 0x00000242c3e1e910 code [0x00000242c3e1eb00, 0x00000242c3e1ee90]
Event: 411.340 Thread 0x00000242d4a11800 nmethod 16043 0x00000242c9e5a110 code [0x00000242c9e5a8a0, 0x00000242c9e65568]
Event: 411.341 Thread 0x00000242d4a11800 16222       4       org.gradle.internal.logging.sink.OutputEventTransformer::onOutput (399 bytes)
Event: 411.348 Thread 0x00000242d5388800 16234       3       org.gradle.internal.resource.cached.AbstractCachedIndex::lookup (57 bytes)
Event: 411.349 Thread 0x00000242d5388800 nmethod 16234 0x00000242c3e1f110 code [0x00000242c3e1f380, 0x00000242c3e20150]
Event: 411.538 Thread 0x00000242d5388800 16236       2       java.util.AbstractCollection::toArray (144 bytes)
Event: 411.539 Thread 0x00000242d5388800 nmethod 16236 0x00000242c3e20510 code [0x00000242c3e20760, 0x00000242c3e20f60]
Event: 411.542 Thread 0x00000242dbfa9000 nmethod 16131 0x00000242c9e69a90 code [0x00000242c9e6a000, 0x00000242c9e6e9b0]
Event: 411.542 Thread 0x00000242dbfa9000 16235       4       org.gradle.internal.fingerprint.impl.AbsolutePathFingerprintingStrategy$1::visitFile (72 bytes)
Event: 411.647 Thread 0x00000242d5388800 16238       3       org.gradle.execution.plan.DefaultPlanExecutor$ExecutorWorker$$Lambda$579/0x0000000801586c40::transform (24 bytes)
Event: 411.647 Thread 0x00000242d5388800 nmethod 16238 0x00000242c3e21290 code [0x00000242c3e21440, 0x00000242c3e21730]
Event: 411.649 Thread 0x00000242d5388800 16239   !   3       org.gradle.execution.plan.DefaultPlanExecutor$ExecutorWorker::lambda$executeNextNode$1 (111 bytes)
Event: 411.650 Thread 0x00000242d5388800 nmethod 16239 0x00000242c3e21810 code [0x00000242c3e21aa0, 0x00000242c3e22780]

GC Heap History (20 events):
Event: 156.194 GC heap before
{Heap before GC invocations=19 (full 0):
 garbage-first heap   total 262144K, used 196608K [0x00000000e0000000, 0x0000000100000000)
  region size 1024K, 81 young (82944K), 13 survivors (13312K)
 Metaspace       used 72988K, capacity 76463K, committed 76672K, reserved 321536K
  class space    used 9597K, capacity 10793K, committed 10880K, reserved 253952K
}
Event: 156.226 GC heap after
{Heap after GC invocations=20 (full 0):
 garbage-first heap   total 262144K, used 134656K [0x00000000e0000000, 0x0000000100000000)
  region size 1024K, 6 young (6144K), 6 survivors (6144K)
 Metaspace       used 72988K, capacity 76463K, committed 76672K, reserved 321536K
  class space    used 9597K, capacity 10793K, committed 10880K, reserved 253952K
}
Event: 160.157 GC heap before
{Heap before GC invocations=20 (full 0):
 garbage-first heap   total 262144K, used 202240K [0x00000000e0000000, 0x0000000100000000)
  region size 1024K, 73 young (74752K), 6 survivors (6144K)
 Metaspace       used 73887K, capacity 77430K, committed 77568K, reserved 321536K
  class space    used 9724K, capacity 10947K, committed 11008K, reserved 253952K
}
Event: 160.175 GC heap after
{Heap after GC invocations=21 (full 0):
 garbage-first heap   total 262144K, used 137867K [0x00000000e0000000, 0x0000000100000000)
  region size 1024K, 9 young (9216K), 9 survivors (9216K)
 Metaspace       used 73887K, capacity 77430K, committed 77568K, reserved 321536K
  class space    used 9724K, capacity 10947K, committed 11008K, reserved 253952K
}
Event: 162.545 GC heap before
{Heap before GC invocations=22 (full 0):
 garbage-first heap   total 262144K, used 206475K [0x00000000e0000000, 0x0000000100000000)
  region size 1024K, 77 young (78848K), 9 survivors (9216K)
 Metaspace       used 75173K, capacity 78717K, committed 78976K, reserved 323584K
  class space    used 9872K, capacity 11116K, committed 11136K, reserved 253952K
}
Event: 162.565 GC heap after
{Heap after GC invocations=23 (full 0):
 garbage-first heap   total 262144K, used 142517K [0x00000000e0000000, 0x0000000100000000)
  region size 1024K, 9 young (9216K), 9 survivors (9216K)
 Metaspace       used 75173K, capacity 78717K, committed 78976K, reserved 323584K
  class space    used 9872K, capacity 11116K, committed 11136K, reserved 253952K
}
Event: 163.381 GC heap before
{Heap before GC invocations=23 (full 0):
 garbage-first heap   total 262144K, used 174261K [0x00000000e0000000, 0x0000000100000000)
  region size 1024K, 41 young (41984K), 9 survivors (9216K)
 Metaspace       used 76682K, capacity 80242K, committed 80512K, reserved 323584K
  class space    used 10060K, capacity 11321K, committed 11392K, reserved 253952K
}
Event: 163.402 GC heap after
{Heap after GC invocations=24 (full 0):
 garbage-first heap   total 262144K, used 145183K [0x00000000e0000000, 0x0000000100000000)
  region size 1024K, 8 young (8192K), 8 survivors (8192K)
 Metaspace       used 76682K, capacity 80242K, committed 80512K, reserved 323584K
  class space    used 10060K, capacity 11321K, committed 11392K, reserved 253952K
}
Event: 165.224 GC heap before
{Heap before GC invocations=25 (full 0):
 garbage-first heap   total 278528K, used 204575K [0x00000000e0000000, 0x0000000100000000)
  region size 1024K, 66 young (67584K), 8 survivors (8192K)
 Metaspace       used 76789K, capacity 80340K, committed 80512K, reserved 323584K
  class space    used 10067K, capacity 11331K, committed 11392K, reserved 253952K
}
Event: 165.245 GC heap after
{Heap after GC invocations=26 (full 0):
 garbage-first heap   total 278528K, used 150012K [0x00000000e0000000, 0x0000000100000000)
  region size 1024K, 8 young (8192K), 8 survivors (8192K)
 Metaspace       used 76789K, capacity 80340K, committed 80512K, reserved 323584K
  class space    used 10067K, capacity 11331K, committed 11392K, reserved 253952K
}
Event: 390.085 GC heap before
{Heap before GC invocations=26 (full 0):
 garbage-first heap   total 278528K, used 218620K [0x00000000e0000000, 0x0000000100000000)
  region size 1024K, 76 young (77824K), 8 survivors (8192K)
 Metaspace       used 80706K, capacity 84369K, committed 84608K, reserved 327680K
  class space    used 10355K, capacity 11622K, committed 11648K, reserved 253952K
}
Event: 390.108 GC heap after
{Heap after GC invocations=27 (full 0):
 garbage-first heap   total 278528K, used 154433K [0x00000000e0000000, 0x0000000100000000)
  region size 1024K, 9 young (9216K), 9 survivors (9216K)
 Metaspace       used 80706K, capacity 84369K, committed 84608K, reserved 327680K
  class space    used 10355K, capacity 11622K, committed 11648K, reserved 253952K
}
Event: 397.663 GC heap before
{Heap before GC invocations=28 (full 0):
 garbage-first heap   total 278528K, used 220993K [0x00000000e0000000, 0x0000000100000000)
  region size 1024K, 77 young (78848K), 9 survivors (9216K)
 Metaspace       used 81559K, capacity 85362K, committed 85504K, reserved 327680K
  class space    used 10448K, capacity 11745K, committed 11776K, reserved 253952K
}
Event: 397.704 GC heap after
{Heap after GC invocations=29 (full 0):
 garbage-first heap   total 278528K, used 167500K [0x00000000e0000000, 0x0000000100000000)
  region size 1024K, 10 young (10240K), 10 survivors (10240K)
 Metaspace       used 81559K, capacity 85362K, committed 85504K, reserved 327680K
  class space    used 10448K, capacity 11745K, committed 11776K, reserved 253952K
}
Event: 407.900 GC heap before
{Heap before GC invocations=29 (full 0):
 garbage-first heap   total 278528K, used 223820K [0x00000000e0000000, 0x0000000100000000)
  region size 1024K, 65 young (66560K), 10 survivors (10240K)
 Metaspace       used 87578K, capacity 91347K, committed 91648K, reserved 333824K
  class space    used 11189K, capacity 12491K, committed 12544K, reserved 253952K
}
Event: 407.965 GC heap after
{Heap after GC invocations=30 (full 0):
 garbage-first heap   total 278528K, used 177127K [0x00000000e0000000, 0x0000000100000000)
  region size 1024K, 9 young (9216K), 9 survivors (9216K)
 Metaspace       used 87578K, capacity 91347K, committed 91648K, reserved 333824K
  class space    used 11189K, capacity 12491K, committed 12544K, reserved 253952K
}
Event: 410.599 GC heap before
{Heap before GC invocations=31 (full 0):
 garbage-first heap   total 317440K, used 226279K [0x00000000e0000000, 0x0000000100000000)
  region size 1024K, 57 young (58368K), 9 survivors (9216K)
 Metaspace       used 87614K, capacity 91396K, committed 91648K, reserved 333824K
  class space    used 11183K, capacity 12478K, committed 12544K, reserved 253952K
}
Event: 410.630 GC heap after
{Heap after GC invocations=32 (full 0):
 garbage-first heap   total 317440K, used 186368K [0x00000000e0000000, 0x0000000100000000)
  region size 1024K, 8 young (8192K), 8 survivors (8192K)
 Metaspace       used 87614K, capacity 91396K, committed 91648K, reserved 333824K
  class space    used 11183K, capacity 12478K, committed 12544K, reserved 253952K
}
Event: 411.290 GC heap before
{Heap before GC invocations=32 (full 0):
 garbage-first heap   total 317440K, used 249856K [0x00000000e0000000, 0x0000000100000000)
  region size 1024K, 70 young (71680K), 8 survivors (8192K)
 Metaspace       used 87751K, capacity 91570K, committed 91904K, reserved 333824K
  class space    used 11191K, capacity 12486K, committed 12544K, reserved 253952K
}
Event: 411.339 GC heap after
{Heap after GC invocations=33 (full 0):
 garbage-first heap   total 317440K, used 203643K [0x00000000e0000000, 0x0000000100000000)
  region size 1024K, 9 young (9216K), 9 survivors (9216K)
 Metaspace       used 87751K, capacity 91570K, committed 91904K, reserved 333824K
  class space    used 11191K, capacity 12486K, committed 12544K, reserved 253952K
}

Deoptimization events (20 events):
Event: 410.531 Thread 0x00000242df5f5000 DEOPT PACKING pc=0x00000242c3d411b7 sp=0x000000bb479fb080
Event: 410.531 Thread 0x00000242df5f5000 DEOPT UNPACKING pc=0x00000242c19f964e sp=0x000000bb479fa590 mode 0
Event: 410.649 Thread 0x00000242df5f5000 DEOPT PACKING pc=0x00000242c3d411d8 sp=0x000000bb479fb1b0
Event: 410.649 Thread 0x00000242df5f5000 DEOPT UNPACKING pc=0x00000242c19f964e sp=0x000000bb479fa6c0 mode 0
Event: 410.757 Thread 0x00000242df5f5000 DEOPT PACKING pc=0x00000242c3d411b7 sp=0x000000bb479fb080
Event: 410.757 Thread 0x00000242df5f5000 DEOPT UNPACKING pc=0x00000242c19f964e sp=0x000000bb479fa590 mode 0
Event: 410.895 Thread 0x00000242df5f5000 DEOPT PACKING pc=0x00000242c3d411b7 sp=0x000000bb479fb090
Event: 410.895 Thread 0x00000242df5f5000 DEOPT UNPACKING pc=0x00000242c19f964e sp=0x000000bb479fa5a0 mode 0
Event: 410.975 Thread 0x00000242df5f5000 DEOPT PACKING pc=0x00000242c3d411b7 sp=0x000000bb479fb080
Event: 410.975 Thread 0x00000242df5f5000 DEOPT UNPACKING pc=0x00000242c19f964e sp=0x000000bb479fa590 mode 0
Event: 410.976 Thread 0x00000242df5f5000 DEOPT PACKING pc=0x00000242c3d411b7 sp=0x000000bb479fb310
Event: 410.976 Thread 0x00000242df5f5000 DEOPT UNPACKING pc=0x00000242c19f964e sp=0x000000bb479fa820 mode 0
Event: 411.015 Thread 0x00000242df5f5000 DEOPT PACKING pc=0x00000242c3d411d8 sp=0x000000bb479fa560
Event: 411.015 Thread 0x00000242df5f5000 DEOPT UNPACKING pc=0x00000242c19f964e sp=0x000000bb479f9a70 mode 0
Event: 411.046 Thread 0x00000242df5f5000 DEOPT PACKING pc=0x00000242c3d411d8 sp=0x000000bb479faff0
Event: 411.046 Thread 0x00000242df5f5000 DEOPT UNPACKING pc=0x00000242c19f964e sp=0x000000bb479fa500 mode 0
Event: 411.121 Thread 0x00000242df5f5000 DEOPT PACKING pc=0x00000242c3d411d8 sp=0x000000bb479fa8e0
Event: 411.121 Thread 0x00000242df5f5000 DEOPT UNPACKING pc=0x00000242c19f964e sp=0x000000bb479f9df0 mode 0
Event: 411.157 Thread 0x00000242df5f5000 DEOPT PACKING pc=0x00000242c3d411d8 sp=0x000000bb479fac60
Event: 411.157 Thread 0x00000242df5f5000 DEOPT UNPACKING pc=0x00000242c19f964e sp=0x000000bb479fa170 mode 0

Classes unloaded (20 events):
Event: 408.467 Thread 0x00000242d49ec000 Unloading class 0x0000000801029040 'jdk/internal/reflect/GeneratedSerializationConstructorAccessor21'
Event: 408.467 Thread 0x00000242d49ec000 Unloading class 0x0000000801028c40 'jdk/internal/reflect/GeneratedSerializationConstructorAccessor20'
Event: 408.467 Thread 0x00000242d49ec000 Unloading class 0x0000000801028840 'jdk/internal/reflect/GeneratedSerializationConstructorAccessor19'
Event: 408.467 Thread 0x00000242d49ec000 Unloading class 0x0000000801028440 'jdk/internal/reflect/GeneratedSerializationConstructorAccessor18'
Event: 408.467 Thread 0x00000242d49ec000 Unloading class 0x0000000801028040 'jdk/internal/reflect/GeneratedSerializationConstructorAccessor17'
Event: 408.467 Thread 0x00000242d49ec000 Unloading class 0x000000080101d440 'jdk/internal/reflect/GeneratedSerializationConstructorAccessor16'
Event: 408.467 Thread 0x00000242d49ec000 Unloading class 0x000000080101d040 'jdk/internal/reflect/GeneratedSerializationConstructorAccessor15'
Event: 408.467 Thread 0x00000242d49ec000 Unloading class 0x000000080101dc40 'jdk/internal/reflect/GeneratedSerializationConstructorAccessor14'
Event: 408.467 Thread 0x00000242d49ec000 Unloading class 0x000000080101e040 'jdk/internal/reflect/GeneratedSerializationConstructorAccessor13'
Event: 408.467 Thread 0x00000242d49ec000 Unloading class 0x000000080101ec40 'jdk/internal/reflect/GeneratedSerializationConstructorAccessor12'
Event: 408.467 Thread 0x00000242d49ec000 Unloading class 0x000000080101e840 'jdk/internal/reflect/GeneratedSerializationConstructorAccessor11'
Event: 408.467 Thread 0x00000242d49ec000 Unloading class 0x000000080101f440 'jdk/internal/reflect/GeneratedSerializationConstructorAccessor10'
Event: 408.467 Thread 0x00000242d49ec000 Unloading class 0x000000080101fc40 'jdk/internal/reflect/GeneratedSerializationConstructorAccessor8'
Event: 408.467 Thread 0x00000242d49ec000 Unloading class 0x000000080101f840 'jdk/internal/reflect/GeneratedSerializationConstructorAccessor7'
Event: 408.467 Thread 0x00000242d49ec000 Unloading class 0x000000080101cc40 'jdk/internal/reflect/GeneratedSerializationConstructorAccessor6'
Event: 408.467 Thread 0x00000242d49ec000 Unloading class 0x000000080101c840 'jdk/internal/reflect/GeneratedSerializationConstructorAccessor5'
Event: 408.467 Thread 0x00000242d49ec000 Unloading class 0x000000080101c440 'jdk/internal/reflect/GeneratedSerializationConstructorAccessor4'
Event: 408.467 Thread 0x00000242d49ec000 Unloading class 0x000000080101c040 'jdk/internal/reflect/GeneratedSerializationConstructorAccessor3'
Event: 408.467 Thread 0x00000242d49ec000 Unloading class 0x000000080101bc40 'jdk/internal/reflect/GeneratedSerializationConstructorAccessor2'
Event: 408.467 Thread 0x00000242d49ec000 Unloading class 0x000000080101b840 'jdk/internal/reflect/GeneratedSerializationConstructorAccessor1'

Classes redefined (0 events):
No events

Internal exceptions (20 events):
Event: 396.916 Thread 0x00000242df5f5000 Exception <a 'sun/nio/fs/WindowsException'{0x00000000ef27d508}> (0x00000000ef27d508) 
thrown [t:/workspace/open/src/hotspot/share/prims/jni.cpp, line 598]
Event: 396.955 Thread 0x00000242df5f5000 Exception <a 'sun/nio/fs/WindowsException'{0x00000000ef0cffa8}> (0x00000000ef0cffa8) 
thrown [t:/workspace/open/src/hotspot/share/prims/jni.cpp, line 598]
Event: 397.005 Thread 0x00000242df5f5000 Exception <a 'sun/nio/fs/WindowsException'{0x00000000eed23c70}> (0x00000000eed23c70) 
thrown [t:/workspace/open/src/hotspot/share/prims/jni.cpp, line 598]
Event: 397.144 Thread 0x00000242df5f5000 Exception <a 'sun/nio/fs/WindowsException'{0x00000000ee7948a8}> (0x00000000ee7948a8) 
thrown [t:/workspace/open/src/hotspot/share/prims/jni.cpp, line 598]
Event: 397.178 Thread 0x00000242df5f5000 Exception <a 'sun/nio/fs/WindowsException'{0x00000000ee5e5528}> (0x00000000ee5e5528) 
thrown [t:/workspace/open/src/hotspot/share/prims/jni.cpp, line 598]
Event: 397.232 Thread 0x00000242df5f5000 Implicit null exception at 0x00000242c225b84f to 0x00000242c225befb
Event: 397.232 Thread 0x00000242df5f5000 Exception <a 'java/lang/NullPointerException'{0x00000000ee2abe58}> (0x00000000ee2abe58) 
thrown [t:/workspace/open/src/hotspot/share/runtime/sharedRuntime.cpp, line 585]
Event: 397.235 Thread 0x00000242df5f5000 Exception <a 'sun/nio/fs/WindowsException'{0x00000000ee2cb418}> (0x00000000ee2cb418) 
thrown [t:/workspace/open/src/hotspot/share/prims/jni.cpp, line 598]
Event: 397.296 Thread 0x00000242df5f5000 Exception <a 'sun/nio/fs/WindowsException'{0x00000000ede79db0}> (0x00000000ede79db0) 
thrown [t:/workspace/open/src/hotspot/share/prims/jni.cpp, line 598]
Event: 397.352 Thread 0x00000242df5f5000 Implicit null exception at 0x00000242c225b84f to 0x00000242c225befb
Event: 397.352 Thread 0x00000242df5f5000 Exception <a 'java/lang/NullPointerException'{0x00000000edb32a78}> (0x00000000edb32a78) 
thrown [t:/workspace/open/src/hotspot/share/runtime/sharedRuntime.cpp, line 585]
Event: 397.356 Thread 0x00000242df5f5000 Exception <a 'sun/nio/fs/WindowsException'{0x00000000edb51558}> (0x00000000edb51558) 
thrown [t:/workspace/open/src/hotspot/share/prims/jni.cpp, line 598]
Event: 397.417 Thread 0x00000242df5f5000 Exception <a 'sun/nio/fs/WindowsException'{0x00000000ed760218}> (0x00000000ed760218) 
thrown [t:/workspace/open/src/hotspot/share/prims/jni.cpp, line 598]
Event: 397.547 Thread 0x00000242df5f5000 Exception <a 'sun/nio/fs/WindowsException'{0x00000000ed0e4718}> (0x00000000ed0e4718) 
thrown [t:/workspace/open/src/hotspot/share/prims/jni.cpp, line 598]
Event: 398.273 Thread 0x00000242df5f5000 Implicit null exception at 0x00000242c97c7cad to 0x00000242c97ca57e
Event: 400.736 Thread 0x00000242df5f5000 Implicit null exception at 0x00000242c95e5136 to 0x00000242c95e54f2
Event: 400.773 Thread 0x00000242df5f5000 Exception <a 'sun/nio/fs/WindowsException'{0x00000000ef732e00}> (0x00000000ef732e00) 
thrown [t:/workspace/open/src/hotspot/share/prims/jni.cpp, line 598]
Event: 401.052 Thread 0x00000242df5f5000 Exception <a 'java/lang/NoSuchMethodError'{0x00000000ef753c10}: 'int java.lang.invoke.DirectMethodHandle$Holder.invokeStaticInit(java.lang.Object, java.lang.Object, java.lang.Object, java.lang.Object)'> (0x00000000ef753c10) 
thrown [t:/workspace/open/src/hotspot/share/interpreter/linkResolver.cpp, line 767]
Event: 401.052 Thread 0x00000242df5f5000 Exception <a 'java/lang/IncompatibleClassChangeError'{0x00000000ef75ced8}: Found class java.lang.Object, but interface was expected> (0x00000000ef75ced8) 
thrown [t:/workspace/open/src/hotspot/share/interpreter/linkResolver.cpp, line 833]
Event: 407.112 Thread 0x00000242df5f5000 Implicit null exception at 0x00000242c9a66330 to 0x00000242c9a6a0be

Events (20 events):
Event: 410.704 Executing VM operation: RevokeBias
Event: 410.705 Executing VM operation: RevokeBias done
Event: 410.705 loading class javax/crypto/AEADBadTagException
Event: 410.705 loading class javax/crypto/AEADBadTagException done
Event: 410.705 Executing VM operation: RevokeBias
Event: 410.706 Executing VM operation: RevokeBias done
Event: 410.706 Executing VM operation: RevokeBias
Event: 410.706 Executing VM operation: RevokeBias done
Event: 410.706 Executing VM operation: RevokeBias
Event: 410.706 Executing VM operation: RevokeBias done
Event: 411.238 Thread 0x00000242df604000 Thread added: 0x00000242df604000
Event: 411.238 Thread 0x00000242d71de800 Thread added: 0x00000242d71de800
Event: 411.238 Thread 0x00000242d71df800 Thread added: 0x00000242d71df800
Event: 411.244 Executing VM operation: RevokeBias
Event: 411.245 Executing VM operation: RevokeBias done
Event: 411.245 Executing VM operation: RevokeBias
Event: 411.246 Executing VM operation: RevokeBias done
Event: 411.289 Executing VM operation: G1CollectForAllocation
Event: 411.386 Executing VM operation: G1CollectForAllocation done
Event: 411.747 Executing VM operation: G1Concurrent


Dynamic libraries:
0x00007ff6911d0000 - 0x00007ff6911df000 	C:\Program Files\Java\jdk-13.0.2\bin\java.exe
0x00007ffde4160000 - 0x00007ffde4350000 	C:\WINDOWS\SYSTEM32\ntdll.dll
0x00007ffde28a0000 - 0x00007ffde2952000 	C:\WINDOWS\System32\KERNEL32.DLL
0x00007ffde1e90000 - 0x00007ffde2133000 	C:\WINDOWS\System32\KERNELBASE.dll
0x00007ffde1540000 - 0x00007ffde163a000 	C:\WINDOWS\System32\ucrtbase.dll
0x00007ffdda1d0000 - 0x00007ffdda1e5000 	C:\Program Files\Java\jdk-13.0.2\bin\VCRUNTIME140.dll
0x00007ffdda1b0000 - 0x00007ffdda1c8000 	C:\Program Files\Java\jdk-13.0.2\bin\jli.dll
0x00007ffde25a0000 - 0x00007ffde2643000 	C:\WINDOWS\System32\ADVAPI32.dll
0x00007ffde3f80000 - 0x00007ffde401e000 	C:\WINDOWS\System32\msvcrt.dll
0x00007ffde2240000 - 0x00007ffde22d7000 	C:\WINDOWS\System32\sechost.dll
0x00007ffde3320000 - 0x00007ffde3440000 	C:\WINDOWS\System32\RPCRT4.dll
0x00007ffde2960000 - 0x00007ffde2af4000 	C:\WINDOWS\System32\USER32.dll
0x00007ffde1640000 - 0x00007ffde1661000 	C:\WINDOWS\System32\win32u.dll
0x00007ffde2650000 - 0x00007ffde2676000 	C:\WINDOWS\System32\GDI32.dll
0x00007ffde12f0000 - 0x00007ffde1484000 	C:\WINDOWS\System32\gdi32full.dll
0x00007ffdccd40000 - 0x00007ffdccfc5000 	C:\WINDOWS\WinSxS\amd64_microsoft.windows.common-controls_6595b64144ccf1df_6.0.18362.778_none_e6c6b761130d4fb8\COMCTL32.dll
0x00007ffde1df0000 - 0x00007ffde1e8e000 	C:\WINDOWS\System32\msvcp_win.dll
0x00007ffde2fe0000 - 0x00007ffde3316000 	C:\WINDOWS\System32\combase.dll
0x00007ffde1240000 - 0x00007ffde12c0000 	C:\WINDOWS\System32\bcryptPrimitives.dll
0x00007ffddfb30000 - 0x00007ffddfb3a000 	C:\WINDOWS\SYSTEM32\VERSION.dll
0x00007ffde2210000 - 0x00007ffde223e000 	C:\WINDOWS\System32\IMM32.DLL
0x00007ffdb2a50000 - 0x00007ffdb2aeb000 	C:\Program Files\Java\jdk-13.0.2\bin\msvcp140.dll
0x00007ffdb0d00000 - 0x00007ffdb185d000 	C:\Program Files\Java\jdk-13.0.2\bin\server\jvm.dll
0x00007ffde3f00000 - 0x00007ffde3f08000 	C:\WINDOWS\System32\PSAPI.DLL
0x00007ffddefe0000 - 0x00007ffddf004000 	C:\WINDOWS\SYSTEM32\WINMM.dll
0x00007ffdd8790000 - 0x00007ffdd8799000 	C:\WINDOWS\SYSTEM32\WSOCK32.dll
0x00007ffde2b00000 - 0x00007ffde2b6f000 	C:\WINDOWS\System32\WS2_32.dll
0x00007ffddede0000 - 0x00007ffddee0d000 	C:\WINDOWS\SYSTEM32\winmmbase.dll
0x00007ffde2140000 - 0x00007ffde218a000 	C:\WINDOWS\System32\cfgmgr32.dll
0x00007ffde1030000 - 0x00007ffde1041000 	C:\WINDOWS\System32\kernel.appcore.dll
0x00007ffddc000000 - 0x00007ffddc010000 	C:\Program Files\Java\jdk-13.0.2\bin\verify.dll
0x00007ffdce7a0000 - 0x00007ffdce994000 	C:\WINDOWS\SYSTEM32\DBGHELP.DLL
0x00007ffdce770000 - 0x00007ffdce79a000 	C:\WINDOWS\SYSTEM32\dbgcore.DLL
0x00007ffdcf850000 - 0x00007ffdcf876000 	C:\Program Files\Java\jdk-13.0.2\bin\java.dll
0x00007ffdd5020000 - 0x00007ffdd5037000 	C:\Program Files\Java\jdk-13.0.2\bin\zip.dll
0x00007ffdda1a0000 - 0x00007ffdda1aa000 	C:\Program Files\Java\jdk-13.0.2\bin\jimage.dll
0x00007ffde3620000 - 0x00007ffde3d05000 	C:\WINDOWS\System32\SHELL32.dll
0x00007ffde3d80000 - 0x00007ffde3e29000 	C:\WINDOWS\System32\shcore.dll
0x00007ffde1670000 - 0x00007ffde1df0000 	C:\WINDOWS\System32\windows.storage.dll
0x00007ffde10c0000 - 0x00007ffde10e3000 	C:\WINDOWS\System32\profapi.dll
0x00007ffde1070000 - 0x00007ffde10ba000 	C:\WINDOWS\System32\powrprof.dll
0x00007ffde1020000 - 0x00007ffde1030000 	C:\WINDOWS\System32\UMPDC.dll
0x00007ffde35c0000 - 0x00007ffde3612000 	C:\WINDOWS\System32\shlwapi.dll
0x00007ffde2190000 - 0x00007ffde21a7000 	C:\WINDOWS\System32\cryptsp.dll
0x00007ffdb4680000 - 0x00007ffdb4699000 	C:\Program Files\Java\jdk-13.0.2\bin\net.dll
0x00007ffddcbe0000 - 0x00007ffddccd0000 	C:\WINDOWS\SYSTEM32\WINHTTP.dll
0x00007ffde0890000 - 0x00007ffde08f7000 	C:\WINDOWS\system32\mswsock.dll
0x00007ffdb4660000 - 0x00007ffdb4673000 	C:\Program Files\Java\jdk-13.0.2\bin\nio.dll
0x00007ffdb2ec0000 - 0x00007ffdb2ee6000 	C:\Users\arpan\.gradle\native\30\windows-amd64\native-platform.dll
0x00007ffdc4fe0000 - 0x00007ffdc4fe9000 	C:\Program Files\Java\jdk-13.0.2\bin\management.dll
0x00007ffdb9bd0000 - 0x00007ffdb9bdb000 	C:\Program Files\Java\jdk-13.0.2\bin\management_ext.dll
0x00007ffde0400000 - 0x00007ffde0433000 	C:\WINDOWS\system32\rsaenh.dll
0x00007ffde12c0000 - 0x00007ffde12e6000 	C:\WINDOWS\System32\bcrypt.dll
0x00007ffde0f40000 - 0x00007ffde0f65000 	C:\WINDOWS\SYSTEM32\USERENV.dll
0x00007ffde0a60000 - 0x00007ffde0a6c000 	C:\WINDOWS\SYSTEM32\CRYPTBASE.dll
0x00007ffde05a0000 - 0x00007ffde05da000 	C:\WINDOWS\SYSTEM32\IPHLPAPI.DLL
0x00007ffde3d10000 - 0x00007ffde3d18000 	C:\WINDOWS\System32\NSI.dll
0x00007ffdd6820000 - 0x00007ffdd6836000 	C:\WINDOWS\SYSTEM32\dhcpcsvc6.DLL
0x00007ffdd7010000 - 0x00007ffdd702c000 	C:\WINDOWS\SYSTEM32\dhcpcsvc.DLL
0x00007ffde05f0000 - 0x00007ffde06ba000 	C:\WINDOWS\SYSTEM32\DNSAPI.dll
0x00007ffddeb90000 - 0x00007ffddeb9e000 	C:\Program Files\Java\jdk-13.0.2\bin\sunmscapi.dll
0x00007ffde10f0000 - 0x00007ffde1239000 	C:\WINDOWS\System32\CRYPT32.dll
0x00007ffde1050000 - 0x00007ffde1062000 	C:\WINDOWS\System32\MSASN1.dll
0x00007ffde0b60000 - 0x00007ffde0b86000 	C:\WINDOWS\SYSTEM32\ncrypt.dll
0x00007ffde0b20000 - 0x00007ffde0b5b000 	C:\WINDOWS\SYSTEM32\NTASN1.dll
0x00007ffdb29e0000 - 0x00007ffdb2a05000 	C:\Program Files\Java\jdk-13.0.2\bin\sunec.dll
0x00007ffdd4c70000 - 0x00007ffdd4c7a000 	C:\Windows\System32\rasadhlp.dll
0x00007ffdd6840000 - 0x00007ffdd68b7000 	C:\WINDOWS\System32\fwpuclnt.dll

dbghelp: loaded successfully - version: 4.0.5 - missing functions: none
symbol engine: initialized successfully - sym options: 0x614 - pdb path: .;C:\Program Files\Java\jdk-13.0.2\bin;C:\WINDOWS\SYSTEM32;C:\WINDOWS\WinSxS\amd64_microsoft.windows.common-controls_6595b64144ccf1df_6.0.18362.778_none_e6c6b761130d4fb8;C:\Program Files\Java\jdk-13.0.2\bin\server;C:\Users\arpan\.gradle\native\30\windows-amd64

VM Arguments:
jvm_args: --add-opens=java.base/java.util=ALL-UNNAMED --add-opens=java.base/java.lang=ALL-UNNAMED --add-opens=java.base/java.lang.invoke=ALL-UNNAMED --add-opens=java.prefs/java.util.prefs=ALL-UNNAMED -XX:MaxMetaspaceSize=256m -XX:+HeapDumpOnOutOfMemoryError -Xms256m -Xmx512m -Dfile.encoding=windows-1252 -Duser.country=US -Duser.language=en -Duser.variant 
java_command: org.gradle.launcher.daemon.bootstrap.GradleDaemon 6.0
java_class_path (initial): C:\Users\arpan\.gradle\wrapper\dists\gradle-6.0-all\cra2s42cvogxluqqpvbc5e9xd\gradle-6.0\lib\gradle-launcher-6.0.jar
Launcher Type: SUN_STANDARD

[Global flags]
     intx CICompilerCount                          = 3                                         {product} {ergonomic}
   size_t CompressedClassSpaceSize                 = 260046848                                 {product} {ergonomic}
     uint ConcGCThreads                            = 1                                         {product} {ergonomic}
     uint G1ConcRefinementThreads                  = 4                                         {product} {ergonomic}
   size_t G1HeapRegionSize                         = 1048576                                   {product} {ergonomic}
    uintx GCDrainStackTargetSize                   = 64                                        {product} {ergonomic}
     bool HeapDumpOnOutOfMemoryError               = true                                   {manageable} {command line}
   size_t InitialHeapSize                          = 268435456                                 {product} {command line}
   size_t MarkStackSize                            = 4194304                                   {product} {ergonomic}
   size_t MaxHeapSize                              = 536870912                                 {product} {command line}
   size_t MaxMetaspaceSize                         = 268435456                                 {product} {command line}
   size_t MaxNewSize                               = 321912832                                 {product} {ergonomic}
   size_t MinHeapDeltaBytes                        = 1048576                                   {product} {ergonomic}
   size_t MinHeapSize                              = 268435456                                 {product} {command line}
    uintx NonNMethodCodeHeapSize                   = 5832780                                {pd product} {ergonomic}
    uintx NonProfiledCodeHeapSize                  = 122912730                              {pd product} {ergonomic}
    uintx ProfiledCodeHeapSize                     = 122912730                              {pd product} {ergonomic}
    uintx ReservedCodeCacheSize                    = 251658240                              {pd product} {ergonomic}
     bool SegmentedCodeCache                       = true                                      {product} {ergonomic}
   size_t SoftMaxHeapSize                          = 536870912                              {manageable} {ergonomic}
     bool UseCompressedClassPointers               = true                                 {lp64_product} {ergonomic}
     bool UseCompressedOops                        = true                                 {lp64_product} {ergonomic}
     bool UseG1GC                                  = true                                      {product} {ergonomic}
     bool UseLargePagesIndividualAllocation        = false                                  {pd product} {ergonomic}

Logging:
Log output configuration:
 #0: stdout all=warning uptime,level,tags
 #1: stderr all=off uptime,level,tags

Environment Variables:
JAVA_HOME=C:\Program Files\Java\jdk-13.0.2
CLASSPATH=E:\reactnative\AnimalFarm\android\\gradle\wrapper\gradle-wrapper.jar
PATH=C:\Program Files (x86)\Common Files\Oracle\Java\javapath;C:\Program Files\Java\jdk-13.0.2\bin;C:\PROGRA~1\PTC\MKSTOO~1\bin64;C:\PROGRA~1\PTC\MKSTOO~1\bin;C:\PROGRA~1\PTC\MKSTOO~1\bin\X11;C:\PROGRA~1\PTC\MKSTOO~1\mksnt;C:\Program Files (x86)\Intel\iCLS Client\;C:\Program Files\Intel\iCLS Client\;C:\ProgramData\Oracle\Java\javapath;C:\WINDOWS\system32;C:\WINDOWS;C:\WINDOWS\System32\Wbem;C:\WINDOWS\System32\WindowsPowerShell\v1.0\;C:\Program Files (x86)\NVIDIA Corporation\PhysX\Common;C:\WINDOWS\System32\OpenSSH\;C:\Program Files (x86)\Intel\Intel(R) Management Engine Components\DAL;C:\Program Files\Intel\Intel(R) Management Engine Components\DAL;C:\Program Files (x86)\Intel\Intel(R) Management Engine Components\IPT;C:\Program Files\Intel\Intel(R) Management Engine Components\IPT;C:\Program Files\NVIDIA Corporation\NVIDIA NvDLISR;C:\WINDOWS\system32;C:\WINDOWS;C:\WINDOWS\System32\Wbem;C:\WINDOWS\System32\WindowsPowerShell\v1.0\;C:\WINDOWS\System32\OpenSSH\;C:\Program Files\Microsoft VS Code\bin;C:\Program Files (x86)\Brackets\command;C:\ProgramData\chocolatey\bin;C:\Program Files\Java\jdk1.8.0_231\bin;c:\Users\arpan\AppData\Local\Android\Sdk\platform-tools;C:\Program Files\Git\cmd;C:\Program Files\nodejs\;C:\Program Files\Java\jre1.8.0_241\bin;C:\Program Files\Java\jdk-13.0.2\bin;c:\Users\arpan\AppData\Local\Android\Sdk\platform-tools;C:\Users\arpan\AppData\Local\Microsoft\WindowsApps;C:\Program Files\Microsoft VS Code\bin;C:\Program Files\Java\jdk-12.0.2\bin;C:\Program Files\heroku\bin;C:\Users\arpan\AppData\Roaming\npm;
USERNAME=arpan
DISPLAY=:0.0
OS=Windows_NT
PROCESSOR_IDENTIFIER=Intel64 Family 6 Model 142 Stepping 9, GenuineIntel



---------------  S Y S T E M  ---------------

OS: Windows 10 , 64 bit Build 18362 (10.0.18362.778)

CPU:total 4 (initial active 4) (2 cores per cpu, 2 threads per core) family 6 model 142 stepping 9, cmov, cx8, fxsr, mmx, sse, sse2, sse3, ssse3, sse4.1, sse4.2, popcnt, avx, avx2, aes, clmul, erms, 3dnowpref, lzcnt, ht, tsc, tscinvbit, bmi1, bmi2, adx, fma

Memory: 4k page, system-wide physical 8060M (789M free)
TotalPageFile size 8060M (AvailPageFile size 31M)
current process WorkingSet (physical memory assigned to process): 593M, peak: 601M
current process commit charge ("private bytes"): 641M, peak: 679M

vm_info: Java HotSpot(TM) 64-Bit Server VM (13.0.2+8) for windows-amd64 JRE (13.0.2+8), built on Dec 11 2019 09:20:33 by "mach5one" with unknown MS VC++:1916

END.
