#
# There is insufficient memory for the Java Runtime Environment to continue.
# Native memory allocation (malloc) failed to allocate 2499696 bytes for Chunk::new
# Possible reasons:
#   The system is out of physical RAM or swap space
#   The process is running with CompressedOops enabled, and the Java Heap may be blocking the growth of the native heap
# Possible solutions:
#   Reduce memory load on the system
#   Increase physical memory or swap space
#   Check if swap backing store is full
#   Decrease Java heap size (-Xmx/-Xms)
#   Decrease number of Java threads
#   Decrease Java thread stack sizes (-Xss)
#   Set larger code cache with -XX:ReservedCodeCacheSize=
#   JVM is running with Unscaled Compressed Oops mode in which the Java heap is
#     placed in the first 4GB address space. The Java Heap base address is the
#     maximum limit for the native heap growth. Please use -XX:HeapBaseMinAddress
#     to set the Java Heap base and to place the Java Heap above 4GB virtual address.
# This output file may be truncated or incomplete.
#
#  Out of Memory Error (t:/workspace/open/src/hotspot/share/memory/arena.cpp:196), pid=4968, tid=12100
#
# JRE version: Java(TM) SE Runtime Environment (13.0.2+8) (build 13.0.2+8)
# Java VM: Java HotSpot(TM) 64-Bit Server VM (13.0.2+8, mixed mode, sharing, tiered, compressed oops, g1 gc, windows-amd64)
# No core dump will be written. Minidumps are not enabled by default on client versions of Windows
#

---------------  S U M M A R Y ------------

Command Line: --add-opens=java.base/java.util=ALL-UNNAMED --add-opens=java.base/java.lang=ALL-UNNAMED --add-opens=java.base/java.lang.invoke=ALL-UNNAMED --add-opens=java.prefs/java.util.prefs=ALL-UNNAMED -XX:MaxMetaspaceSize=256m -XX:+HeapDumpOnOutOfMemoryError -Xms256m -Xmx512m -Dfile.encoding=windows-1252 -Duser.country=US -Duser.language=en -Duser.variant org.gradle.launcher.daemon.bootstrap.GradleDaemon 6.0

Host: Intel(R) Core(TM) i5-7200U CPU @ 2.50GHz, 4 cores, 7G,  Windows 10 , 64 bit Build 18362 (10.0.18362.778)
Time: Fri May 15 02:17:08 2020 India Standard Time elapsed time: 308 seconds (0d 0h 5m 8s)

---------------  T H R E A D  ---------------

Current thread (0x0000018867179800):  JavaThread "C2 CompilerThread1" daemon [_thread_in_native, id=12100, stack(0x0000006a29b00000,0x0000006a29c00000)]


Current CompileTask:
C2: 308517 15375       4       org.gradle.api.internal.artifacts.ivyservice.moduleconverter.DefaultLocalComponentMetadataBuilder::addConfiguration (100 bytes)

Stack: [0x0000006a29b00000,0x0000006a29c00000]
Native frames: (J=compiled Java code, j=interpreted, Vv=VM code, C=native code)
V  [jvm.dll+0x624f9a]
V  [jvm.dll+0x770cfa]
V  [jvm.dll+0x7724af]
V  [jvm.dll+0x772ab3]
V  [jvm.dll+0x24bf08]
V  [jvm.dll+0xc1e47]
V  [jvm.dll+0xc23cc]
V  [jvm.dll+0x35c0c5]
V  [jvm.dll+0x327803]
V  [jvm.dll+0x326bda]
V  [jvm.dll+0x205c27]
V  [jvm.dll+0x204e3f]
V  [jvm.dll+0x189c2c]
V  [jvm.dll+0x213e6d]
V  [jvm.dll+0x2120bb]
V  [jvm.dll+0x736bb6]
V  [jvm.dll+0x72fcaa]
V  [jvm.dll+0x623ea6]
C  [ucrtbase.dll+0x20e72]
C  [KERNEL32.DLL+0x17bd4]
C  [ntdll.dll+0x6ce51]


---------------  P R O C E S S  ---------------

Threads class SMR info:
_java_thread_list=0x000001886c534bb0, length=38, elements={
0x000001884ac00800, 0x00000188659e2800, 0x00000188659e5800, 0x0000018865a08800,
0x0000018865a0a800, 0x0000018865a0c000, 0x0000018865a0f800, 0x0000018865a1f800,
0x000001886646d800, 0x0000018866474000, 0x00000188683c8800, 0x0000018867ba0000,
0x00000188684e2800, 0x000001886706d800, 0x0000018867071000, 0x000001886706f800,
0x0000018867073800, 0x000001886a608000, 0x000001886a603800, 0x000001886a606800,
0x000001886a60e000, 0x000001886a604000, 0x000001886a60a800, 0x000001886a605000,
0x000001886a60b800, 0x000001886a605800, 0x000001886a60c800, 0x000001886a60d000,
0x000001886a60e800, 0x000001886a60a000, 0x000001886a607800, 0x000001886a60f800,
0x000001886a610800, 0x000001886a611000, 0x000001886a612000, 0x0000018867070000,
0x0000018867179800, 0x0000018867072000
}

Java Threads: ( => current thread )
  0x000001884ac00800 JavaThread "main" [_thread_blocked, id=7512, stack(0x0000006a27a00000,0x0000006a27b00000)]
  0x00000188659e2800 JavaThread "Reference Handler" daemon [_thread_blocked, id=10808, stack(0x0000006a28100000,0x0000006a28200000)]
  0x00000188659e5800 JavaThread "Finalizer" daemon [_thread_blocked, id=9672, stack(0x0000006a28200000,0x0000006a28300000)]
  0x0000018865a08800 JavaThread "Signal Dispatcher" daemon [_thread_blocked, id=10648, stack(0x0000006a28300000,0x0000006a28400000)]
  0x0000018865a0a800 JavaThread "Attach Listener" daemon [_thread_blocked, id=7776, stack(0x0000006a28400000,0x0000006a28500000)]
  0x0000018865a0c000 JavaThread "C2 CompilerThread0" daemon [_thread_in_native, id=13864, stack(0x0000006a28500000,0x0000006a28600000)]
  0x0000018865a0f800 JavaThread "C1 CompilerThread0" daemon [_thread_blocked, id=8604, stack(0x0000006a28600000,0x0000006a28700000)]
  0x0000018865a1f800 JavaThread "Sweeper thread" daemon [_thread_blocked, id=5776, stack(0x0000006a28700000,0x0000006a28800000)]
  0x000001886646d800 JavaThread "Common-Cleaner" daemon [_thread_blocked, id=13472, stack(0x0000006a28800000,0x0000006a28900000)]
  0x0000018866474000 JavaThread "Service Thread" daemon [_thread_blocked, id=8992, stack(0x0000006a28900000,0x0000006a28a00000)]
  0x00000188683c8800 JavaThread "Daemon health stats" [_thread_blocked, id=13900, stack(0x0000006a28f00000,0x0000006a29000000)]
  0x0000018867ba0000 JavaThread "Incoming local TCP Connector on port 50318" [_thread_in_native, id=3604, stack(0x0000006a28b00000,0x0000006a28c00000)]
  0x00000188684e2800 JavaThread "Daemon periodic checks" [_thread_blocked, id=6940, stack(0x0000006a29000000,0x0000006a29100000)]
  0x000001886706d800 JavaThread "Cache worker for file hash cache (C:\Users\arpan\.gradle\caches\6.0\fileHashes)" [_thread_blocked, id=6112, stack(0x0000006a29800000,0x0000006a29900000)]
  0x0000018867071000 JavaThread "File lock request listener" [_thread_in_native, id=9412, stack(0x0000006a29900000,0x0000006a29a00000)]
  0x000001886706f800 JavaThread "Cache worker for journal cache (C:\Users\arpan\.gradle\caches\journal-1)" [_thread_blocked, id=3988, stack(0x0000006a29a00000,0x0000006a29b00000)]
  0x0000018867073800 JavaThread "Cache worker for execution history cache (C:\Users\arpan\.gradle\caches\6.0\executionHistory)" [_thread_blocked, id=6696, stack(0x0000006a29f00000,0x0000006a2a000000)]
  0x000001886a608000 JavaThread "Memory manager" [_thread_blocked, id=2820, stack(0x0000006a2a400000,0x0000006a2a500000)]
  0x000001886a603800 JavaThread "Cache worker for file content cache (C:\Users\arpan\.gradle\caches\6.0\fileContent)" [_thread_blocked, id=14076, stack(0x0000006a2a800000,0x0000006a2a900000)]
  0x000001886a606800 JavaThread "Monitor" [_thread_in_native, id=3212, stack(0x0000006a2ae00000,0x0000006a2af00000)]
  0x000001886a60e000 JavaThread "Device List Monitor" [_thread_in_native, id=6932, stack(0x0000006a2af00000,0x0000006a2b000000)]
  0x000001886a604000 JavaThread "Daemon Thread 2" [_thread_blocked, id=13832, stack(0x0000006a27700000,0x0000006a27800000)]
  0x000001886a60a800 JavaThread "Handler for socket connection from /127.0.0.1:50318 to /127.0.0.1:50477" [_thread_in_native, id=4716, stack(0x0000006a27800000,0x0000006a27900000)]
  0x000001886a605000 JavaThread "Cancel handler" [_thread_blocked, id=7096, stack(0x0000006a27900000,0x0000006a27a00000)]
  0x000001886a60b800 JavaThread "Daemon worker Thread 2" [_thread_in_Java, id=1168, stack(0x0000006a29100000,0x0000006a29200000)]
  0x000001886a605800 JavaThread "Asynchronous log dispatcher for DefaultDaemonConnection: socket connection from /127.0.0.1:50318 to /127.0.0.1:50477" [_thread_blocked, id=3380, stack(0x0000006a29200000,0x0000006a29300000)]
  0x000001886a60c800 JavaThread "Stdin handler" [_thread_blocked, id=11888, stack(0x0000006a29300000,0x0000006a29400000)]
  0x000001886a60d000 JavaThread "Thread-34" [_thread_blocked, id=3536, stack(0x0000006a29400000,0x0000006a29500000)]
  0x000001886a60e800 JavaThread "Cache worker for file hash cache (E:\reactnative\AnimalFarm\android\.gradle\6.0\fileHashes)" [_thread_blocked, id=14072, stack(0x0000006a29500000,0x0000006a29600000)]
  0x000001886a60a000 JavaThread "Cache worker for cache directory md-supplier (C:\Users\arpan\.gradle\caches\6.0\md-supplier)" [_thread_blocked, id=11600, stack(0x0000006a29600000,0x0000006a29700000)]
  0x000001886a607800 JavaThread "Cache worker for cache directory md-rule (C:\Users\arpan\.gradle\caches\6.0\md-rule)" [_thread_blocked, id=12524, stack(0x0000006a29700000,0x0000006a29800000)]
  0x000001886a60f800 JavaThread "Build operations" [_thread_blocked, id=14224, stack(0x0000006a29c00000,0x0000006a29d00000)]
  0x000001886a610800 JavaThread "Build operations Thread 2" [_thread_blocked, id=13296, stack(0x0000006a29d00000,0x0000006a29e00000)]
  0x000001886a611000 JavaThread "Build operations Thread 3" [_thread_blocked, id=12976, stack(0x0000006a29e00000,0x0000006a29f00000)]
  0x000001886a612000 JavaThread "Build operations Thread 4" [_thread_blocked, id=13964, stack(0x0000006a2a000000,0x0000006a2a100000)]
  0x0000018867070000 JavaThread "Cache worker for Build Output Cleanup Cache (E:\reactnative\AnimalFarm\android\.gradle\buildOutputCleanup)" [_thread_blocked, id=10268, stack(0x0000006a2a100000,0x0000006a2a200000)]
=>0x0000018867179800 JavaThread "C2 CompilerThread1" daemon [_thread_in_native, id=12100, stack(0x0000006a29b00000,0x0000006a29c00000)]
  0x0000018867072000 JavaThread "Cache worker for file content cache (E:\reactnative\AnimalFarm\android\.gradle\6.0\fileContent)" [_thread_blocked, id=2160, stack(0x0000006a2a200000,0x0000006a2a300000)]

Other Threads:
  0x00000188659de000 VMThread "VM Thread" [stack: 0x0000006a28000000,0x0000006a28100000] [id=932]
  0x0000018866477800 WatcherThread [stack: 0x0000006a28a00000,0x0000006a28b00000] [id=7824]
  0x000001884ac29000 GCTaskThread "GC Thread#0" [stack: 0x0000006a27b00000,0x0000006a27c00000] [id=13672]
  0x0000018866949800 GCTaskThread "GC Thread#1" [stack: 0x0000006a28c00000,0x0000006a28d00000] [id=1100]
  0x000001886694a000 GCTaskThread "GC Thread#2" [stack: 0x0000006a28d00000,0x0000006a28e00000] [id=11832]
  0x00000188667c6800 GCTaskThread "GC Thread#3" [stack: 0x0000006a28e00000,0x0000006a28f00000] [id=3784]
  0x000001884ac2f000 ConcurrentGCThread "G1 Main Marker" [stack: 0x0000006a27c00000,0x0000006a27d00000] [id=14016]
  0x000001884ac30800 ConcurrentGCThread "G1 Conc#0" [stack: 0x0000006a27d00000,0x0000006a27e00000] [id=13860]
  0x000001886588d000 ConcurrentGCThread "G1 Refine#0" [stack: 0x0000006a27e00000,0x0000006a27f00000] [id=9180]
  0x000001886fbd6800 ConcurrentGCThread "G1 Refine#1" [stack: 0x0000006a2a700000,0x0000006a2a800000] [id=5264]
  0x000001886588f000 ConcurrentGCThread "G1 Young RemSet Sampling" [stack: 0x0000006a27f00000,0x0000006a28000000] [id=9484]

Threads with active compile tasks:
C2 CompilerThread0   308546 15376       4       org.gradle.internal.component.local.model.DefaultLocalComponentMetadata::addArtifacts (59 bytes)
C2 CompilerThread1   308546 15375       4       org.gradle.api.internal.artifacts.ivyservice.moduleconverter.DefaultLocalComponentMetadataBuilder::addConfiguration (100 bytes)

VM state:not at safepoint (normal execution)

VM Mutex/Monitor currently owned by a thread: None

Heap address: 0x00000000e0000000, size: 512 MB, Compressed Oops mode: 32-bit
Narrow klass base: 0x0000000800000000, Narrow klass shift: 3
Compressed class space size: 260046848 Address: 0x0000000800b40000

Heap:
 garbage-first heap   total 327680K, used 199168K [0x00000000e0000000, 0x0000000100000000)
  region size 1024K, 26 young (26624K), 8 survivors (8192K)
 Metaspace       used 81428K, capacity 85288K, committed 85464K, reserved 327680K
  class space    used 10417K, capacity 11760K, committed 11776K, reserved 253952K
Heap Regions: E=young(eden), S=young(survivor), O=old, HS=humongous(starts), HC=humongous(continues), CS=collection set, F=free, A=archive, TAMS=top-at-mark-start (previous, next)
|   0|0x00000000e0000000, 0x00000000e0100000, 0x00000000e0100000|100%| O|  |TAMS 0x00000000e0100000, 0x00000000e0000000| Updating 
|   1|0x00000000e0100000, 0x00000000e0200000, 0x00000000e0200000|100%| O|  |TAMS 0x00000000e0200000, 0x00000000e0100000| Updating 
|   2|0x00000000e0200000, 0x00000000e0300000, 0x00000000e0300000|100%| O|  |TAMS 0x00000000e0300000, 0x00000000e0200000| Updating 
|   3|0x00000000e0300000, 0x00000000e0400000, 0x00000000e0400000|100%|HS|  |TAMS 0x00000000e0400000, 0x00000000e0300000| Complete 
|   4|0x00000000e0400000, 0x00000000e0500000, 0x00000000e0500000|100%|HC|  |TAMS 0x00000000e0500000, 0x00000000e0400000| Complete 
|   5|0x00000000e0500000, 0x00000000e0600000, 0x00000000e0600000|100%|HC|  |TAMS 0x00000000e0600000, 0x00000000e0500000| Complete 
|   6|0x00000000e0600000, 0x00000000e0700000, 0x00000000e0700000|100%| O|  |TAMS 0x00000000e0700000, 0x00000000e0600000| Updating 
|   7|0x00000000e0700000, 0x00000000e0800000, 0x00000000e0800000|100%| O|  |TAMS 0x00000000e0800000, 0x00000000e0700000| Updating 
|   8|0x00000000e0800000, 0x00000000e0900000, 0x00000000e0900000|100%| O|  |TAMS 0x00000000e0900000, 0x00000000e0800000| Updating 
|   9|0x00000000e0900000, 0x00000000e0a00000, 0x00000000e0a00000|100%| O|  |TAMS 0x00000000e0a00000, 0x00000000e0900000| Updating 
|  10|0x00000000e0a00000, 0x00000000e0b00000, 0x00000000e0b00000|100%| O|  |TAMS 0x00000000e0b00000, 0x00000000e0a00000| Updating 
|  11|0x00000000e0b00000, 0x00000000e0c00000, 0x00000000e0c00000|100%| O|  |TAMS 0x00000000e0c00000, 0x00000000e0b00000| Updating 
|  12|0x00000000e0c00000, 0x00000000e0d00000, 0x00000000e0d00000|100%| O|  |TAMS 0x00000000e0d00000, 0x00000000e0c00000| Updating 
|  13|0x00000000e0d00000, 0x00000000e0e00000, 0x00000000e0e00000|100%| O|  |TAMS 0x00000000e0e00000, 0x00000000e0d00000| Updating 
|  14|0x00000000e0e00000, 0x00000000e0f00000, 0x00000000e0f00000|100%| O|  |TAMS 0x00000000e0f00000, 0x00000000e0e00000| Updating 
|  15|0x00000000e0f00000, 0x00000000e1000000, 0x00000000e1000000|100%| O|  |TAMS 0x00000000e1000000, 0x00000000e0f00000| Updating 
|  16|0x00000000e1000000, 0x00000000e1100000, 0x00000000e1100000|100%| O|  |TAMS 0x00000000e1100000, 0x00000000e1000000| Updating 
|  17|0x00000000e1100000, 0x00000000e1200000, 0x00000000e1200000|100%| O|  |TAMS 0x00000000e1200000, 0x00000000e1100000| Updating 
|  18|0x00000000e1200000, 0x00000000e1300000, 0x00000000e1300000|100%| O|  |TAMS 0x00000000e1300000, 0x00000000e1200000| Updating 
|  19|0x00000000e1300000, 0x00000000e1400000, 0x00000000e1400000|100%|HS|  |TAMS 0x00000000e1400000, 0x00000000e1300000| Complete 
|  20|0x00000000e1400000, 0x00000000e1500000, 0x00000000e1500000|100%|HC|  |TAMS 0x00000000e1500000, 0x00000000e1400000| Complete 
|  21|0x00000000e1500000, 0x00000000e1600000, 0x00000000e1600000|100%|HC|  |TAMS 0x00000000e1600000, 0x00000000e1500000| Complete 
|  22|0x00000000e1600000, 0x00000000e1700000, 0x00000000e1700000|100%|HS|  |TAMS 0x00000000e1700000, 0x00000000e1600000| Complete 
|  23|0x00000000e1700000, 0x00000000e1800000, 0x00000000e1800000|100%|HC|  |TAMS 0x00000000e1800000, 0x00000000e1700000| Complete 
|  24|0x00000000e1800000, 0x00000000e1900000, 0x00000000e1900000|100%| O|  |TAMS 0x00000000e1900000, 0x00000000e1800000| Updating 
|  25|0x00000000e1900000, 0x00000000e1a00000, 0x00000000e1a00000|100%| O|  |TAMS 0x00000000e1a00000, 0x00000000e1900000| Updating 
|  26|0x00000000e1a00000, 0x00000000e1b00000, 0x00000000e1b00000|100%| O|  |TAMS 0x00000000e1b00000, 0x00000000e1a00000| Updating 
|  27|0x00000000e1b00000, 0x00000000e1c00000, 0x00000000e1c00000|100%| O|  |TAMS 0x00000000e1c00000, 0x00000000e1b00000| Updating 
|  28|0x00000000e1c00000, 0x00000000e1d00000, 0x00000000e1d00000|100%| O|  |TAMS 0x00000000e1d00000, 0x00000000e1c00000| Updating 
|  29|0x00000000e1d00000, 0x00000000e1e00000, 0x00000000e1e00000|100%| O|  |TAMS 0x00000000e1e00000, 0x00000000e1d00000| Updating 
|  30|0x00000000e1e00000, 0x00000000e1f00000, 0x00000000e1f00000|100%| O|  |TAMS 0x00000000e1f00000, 0x00000000e1e00000| Updating 
|  31|0x00000000e1f00000, 0x00000000e2000000, 0x00000000e2000000|100%| O|  |TAMS 0x00000000e2000000, 0x00000000e1f00000| Updating 
|  32|0x00000000e2000000, 0x00000000e2100000, 0x00000000e2100000|100%| O|  |TAMS 0x00000000e2100000, 0x00000000e2000000| Updating 
|  33|0x00000000e2100000, 0x00000000e2200000, 0x00000000e2200000|100%| O|  |TAMS 0x00000000e2200000, 0x00000000e2100000| Updating 
|  34|0x00000000e2200000, 0x00000000e2300000, 0x00000000e2300000|100%| O|  |TAMS 0x00000000e2300000, 0x00000000e2200000| Updating 
|  35|0x00000000e2300000, 0x00000000e2400000, 0x00000000e2400000|100%| O|  |TAMS 0x00000000e2400000, 0x00000000e2300000| Updating 
|  36|0x00000000e2400000, 0x00000000e2500000, 0x00000000e2500000|100%| O|  |TAMS 0x00000000e2500000, 0x00000000e2400000| Updating 
|  37|0x00000000e2500000, 0x00000000e2600000, 0x00000000e2600000|100%|HS|  |TAMS 0x00000000e2600000, 0x00000000e2500000| Complete 
|  38|0x00000000e2600000, 0x00000000e2700000, 0x00000000e2700000|100%|HC|  |TAMS 0x00000000e2700000, 0x00000000e2600000| Complete 
|  39|0x00000000e2700000, 0x00000000e2800000, 0x00000000e2800000|100%|HC|  |TAMS 0x00000000e2800000, 0x00000000e2700000| Complete 
|  40|0x00000000e2800000, 0x00000000e2900000, 0x00000000e2900000|100%| O|  |TAMS 0x00000000e2900000, 0x00000000e2800000| Updating 
|  41|0x00000000e2900000, 0x00000000e2a00000, 0x00000000e2a00000|100%| O|  |TAMS 0x00000000e2a00000, 0x00000000e2900000| Updating 
|  42|0x00000000e2a00000, 0x00000000e2b00000, 0x00000000e2b00000|100%| O|  |TAMS 0x00000000e2b00000, 0x00000000e2a00000| Updating 
|  43|0x00000000e2b00000, 0x00000000e2c00000, 0x00000000e2c00000|100%| O|  |TAMS 0x00000000e2c00000, 0x00000000e2b00000| Updating 
|  44|0x00000000e2c00000, 0x00000000e2d00000, 0x00000000e2d00000|100%| O|  |TAMS 0x00000000e2d00000, 0x00000000e2c00000| Updating 
|  45|0x00000000e2d00000, 0x00000000e2e00000, 0x00000000e2e00000|100%| O|  |TAMS 0x00000000e2e00000, 0x00000000e2d00000| Updating 
|  46|0x00000000e2e00000, 0x00000000e2f00000, 0x00000000e2f00000|100%| O|  |TAMS 0x00000000e2f00000, 0x00000000e2e00000| Updating 
|  47|0x00000000e2f00000, 0x00000000e3000000, 0x00000000e3000000|100%| O|  |TAMS 0x00000000e3000000, 0x00000000e2f00000| Updating 
|  48|0x00000000e3000000, 0x00000000e3100000, 0x00000000e3100000|100%| O|  |TAMS 0x00000000e3100000, 0x00000000e3000000| Updating 
|  49|0x00000000e3100000, 0x00000000e3200000, 0x00000000e3200000|100%| O|  |TAMS 0x00000000e3200000, 0x00000000e3100000| Updating 
|  50|0x00000000e3200000, 0x00000000e3300000, 0x00000000e3300000|100%|HS|  |TAMS 0x00000000e3300000, 0x00000000e3200000| Complete 
|  51|0x00000000e3300000, 0x00000000e3400000, 0x00000000e3400000|100%|HC|  |TAMS 0x00000000e3400000, 0x00000000e3300000| Complete 
|  52|0x00000000e3400000, 0x00000000e3500000, 0x00000000e3500000|100%|HS|  |TAMS 0x00000000e3500000, 0x00000000e3400000| Complete 
|  53|0x00000000e3500000, 0x00000000e3600000, 0x00000000e3600000|100%|HC|  |TAMS 0x00000000e3600000, 0x00000000e3500000| Complete 
|  54|0x00000000e3600000, 0x00000000e3700000, 0x00000000e3700000|100%|HC|  |TAMS 0x00000000e3700000, 0x00000000e3600000| Complete 
|  55|0x00000000e3700000, 0x00000000e3800000, 0x00000000e3800000|100%| O|  |TAMS 0x00000000e3800000, 0x00000000e3700000| Updating 
|  56|0x00000000e3800000, 0x00000000e3900000, 0x00000000e3900000|100%| O|  |TAMS 0x00000000e3900000, 0x00000000e3800000| Updating 
|  57|0x00000000e3900000, 0x00000000e3a00000, 0x00000000e3a00000|100%| O|  |TAMS 0x00000000e3a00000, 0x00000000e3900000| Updating 
|  58|0x00000000e3a00000, 0x00000000e3b00000, 0x00000000e3b00000|100%| O|  |TAMS 0x00000000e3b00000, 0x00000000e3a00000| Updating 
|  59|0x00000000e3b00000, 0x00000000e3c00000, 0x00000000e3c00000|100%| O|  |TAMS 0x00000000e3c00000, 0x00000000e3b00000| Updating 
|  60|0x00000000e3c00000, 0x00000000e3d00000, 0x00000000e3d00000|100%| O|  |TAMS 0x00000000e3d00000, 0x00000000e3c00000| Updating 
|  61|0x00000000e3d00000, 0x00000000e3e00000, 0x00000000e3e00000|100%| O|  |TAMS 0x00000000e3e00000, 0x00000000e3d00000| Updating 
|  62|0x00000000e3e00000, 0x00000000e3f00000, 0x00000000e3f00000|100%| O|  |TAMS 0x00000000e3f00000, 0x00000000e3e00000| Updating 
|  63|0x00000000e3f00000, 0x00000000e4000000, 0x00000000e4000000|100%| O|  |TAMS 0x00000000e4000000, 0x00000000e3f00000| Updating 
|  64|0x00000000e4000000, 0x00000000e4100000, 0x00000000e4100000|100%| O|  |TAMS 0x00000000e4100000, 0x00000000e4000000| Updating 
|  65|0x00000000e4100000, 0x00000000e4200000, 0x00000000e4200000|100%| O|  |TAMS 0x00000000e4200000, 0x00000000e4100000| Updating 
|  66|0x00000000e4200000, 0x00000000e4300000, 0x00000000e4300000|100%| O|  |TAMS 0x00000000e4300000, 0x00000000e4200000| Updating 
|  67|0x00000000e4300000, 0x00000000e4400000, 0x00000000e4400000|100%| O|  |TAMS 0x00000000e4400000, 0x00000000e4300000| Updating 
|  68|0x00000000e4400000, 0x00000000e4500000, 0x00000000e4500000|100%| O|  |TAMS 0x00000000e4500000, 0x00000000e4400000| Updating 
|  69|0x00000000e4500000, 0x00000000e4600000, 0x00000000e4600000|100%| O|  |TAMS 0x00000000e4600000, 0x00000000e4500000| Updating 
|  70|0x00000000e4600000, 0x00000000e4700000, 0x00000000e4700000|100%| O|  |TAMS 0x00000000e4700000, 0x00000000e4600000| Updating 
|  71|0x00000000e4700000, 0x00000000e4800000, 0x00000000e4800000|100%| O|  |TAMS 0x00000000e4800000, 0x00000000e4700000| Updating 
|  72|0x00000000e4800000, 0x00000000e4900000, 0x00000000e4900000|100%| O|  |TAMS 0x00000000e4900000, 0x00000000e4800000| Updating 
|  73|0x00000000e4900000, 0x00000000e4a00000, 0x00000000e4a00000|100%| O|  |TAMS 0x00000000e4a00000, 0x00000000e4900000| Updating 
|  74|0x00000000e4a00000, 0x00000000e4b00000, 0x00000000e4b00000|100%| O|  |TAMS 0x00000000e4b00000, 0x00000000e4a00000| Updating 
|  75|0x00000000e4b00000, 0x00000000e4c00000, 0x00000000e4c00000|100%| O|  |TAMS 0x00000000e4c00000, 0x00000000e4b00000| Updating 
|  76|0x00000000e4c00000, 0x00000000e4d00000, 0x00000000e4d00000|100%| O|  |TAMS 0x00000000e4d00000, 0x00000000e4c00000| Updating 
|  77|0x00000000e4d00000, 0x00000000e4e00000, 0x00000000e4e00000|100%| O|  |TAMS 0x00000000e4e00000, 0x00000000e4d00000| Updating 
|  78|0x00000000e4e00000, 0x00000000e4f00000, 0x00000000e4f00000|100%| O|  |TAMS 0x00000000e4f00000, 0x00000000e4e00000| Updating 
|  79|0x00000000e4f00000, 0x00000000e5000000, 0x00000000e5000000|100%| O|  |TAMS 0x00000000e5000000, 0x00000000e4f00000| Updating 
|  80|0x00000000e5000000, 0x00000000e5100000, 0x00000000e5100000|100%| O|  |TAMS 0x00000000e5100000, 0x00000000e5000000| Updating 
|  81|0x00000000e5100000, 0x00000000e5200000, 0x00000000e5200000|100%| O|  |TAMS 0x00000000e5200000, 0x00000000e5100000| Updating 
|  82|0x00000000e5200000, 0x00000000e5300000, 0x00000000e5300000|100%| O|  |TAMS 0x00000000e5300000, 0x00000000e5200000| Updating 
|  83|0x00000000e5300000, 0x00000000e5400000, 0x00000000e5400000|100%| O|  |TAMS 0x00000000e5400000, 0x00000000e5300000| Updating 
|  84|0x00000000e5400000, 0x00000000e5500000, 0x00000000e5500000|100%| O|  |TAMS 0x00000000e5500000, 0x00000000e5400000| Updating 
|  85|0x00000000e5500000, 0x00000000e5600000, 0x00000000e5600000|100%| O|  |TAMS 0x00000000e5600000, 0x00000000e5500000| Updating 
|  86|0x00000000e5600000, 0x00000000e5700000, 0x00000000e5700000|100%| O|  |TAMS 0x00000000e5700000, 0x00000000e5600000| Updating 
|  87|0x00000000e5700000, 0x00000000e5800000, 0x00000000e5800000|100%| O|  |TAMS 0x00000000e5800000, 0x00000000e5700000| Updating 
|  88|0x00000000e5800000, 0x00000000e5900000, 0x00000000e5900000|100%| O|  |TAMS 0x00000000e5900000, 0x00000000e5800000| Updating 
|  89|0x00000000e5900000, 0x00000000e5a00000, 0x00000000e5a00000|100%| O|  |TAMS 0x00000000e5a00000, 0x00000000e5900000| Updating 
|  90|0x00000000e5a00000, 0x00000000e5b00000, 0x00000000e5b00000|100%| O|  |TAMS 0x00000000e5b00000, 0x00000000e5a00000| Updating 
|  91|0x00000000e5b00000, 0x00000000e5c00000, 0x00000000e5c00000|100%| O|  |TAMS 0x00000000e5c00000, 0x00000000e5b00000| Updating 
|  92|0x00000000e5c00000, 0x00000000e5d00000, 0x00000000e5d00000|100%| O|  |TAMS 0x00000000e5d00000, 0x00000000e5c00000| Updating 
|  93|0x00000000e5d00000, 0x00000000e5e00000, 0x00000000e5e00000|100%| O|  |TAMS 0x00000000e5e00000, 0x00000000e5d00000| Updating 
|  94|0x00000000e5e00000, 0x00000000e5f00000, 0x00000000e5f00000|100%| O|  |TAMS 0x00000000e5f00000, 0x00000000e5e00000| Updating 
|  95|0x00000000e5f00000, 0x00000000e6000000, 0x00000000e6000000|100%| O|  |TAMS 0x00000000e6000000, 0x00000000e5f00000| Updating 
|  96|0x00000000e6000000, 0x00000000e6100000, 0x00000000e6100000|100%| O|  |TAMS 0x00000000e6100000, 0x00000000e6000000| Updating 
|  97|0x00000000e6100000, 0x00000000e6200000, 0x00000000e6200000|100%| O|  |TAMS 0x00000000e6200000, 0x00000000e6100000| Updating 
|  98|0x00000000e6200000, 0x00000000e6300000, 0x00000000e6300000|100%| O|  |TAMS 0x00000000e6300000, 0x00000000e6200000| Updating 
|  99|0x00000000e6300000, 0x00000000e6400000, 0x00000000e6400000|100%| O|  |TAMS 0x00000000e6400000, 0x00000000e6300000| Updating 
| 100|0x00000000e6400000, 0x00000000e6500000, 0x00000000e6500000|100%| O|  |TAMS 0x00000000e6500000, 0x00000000e6400000| Updating 
| 101|0x00000000e6500000, 0x00000000e6600000, 0x00000000e6600000|100%| O|  |TAMS 0x00000000e6600000, 0x00000000e6500000| Updating 
| 102|0x00000000e6600000, 0x00000000e6700000, 0x00000000e6700000|100%| O|  |TAMS 0x00000000e6700000, 0x00000000e6600000| Updating 
| 103|0x00000000e6700000, 0x00000000e6800000, 0x00000000e6800000|100%| O|  |TAMS 0x00000000e6800000, 0x00000000e6700000| Updating 
| 104|0x00000000e6800000, 0x00000000e6900000, 0x00000000e6900000|100%| O|  |TAMS 0x00000000e6900000, 0x00000000e6800000| Updating 
| 105|0x00000000e6900000, 0x00000000e6a00000, 0x00000000e6a00000|100%| O|  |TAMS 0x00000000e6a00000, 0x00000000e6900000| Updating 
| 106|0x00000000e6a00000, 0x00000000e6b00000, 0x00000000e6b00000|100%| O|  |TAMS 0x00000000e6b00000, 0x00000000e6a00000| Updating 
| 107|0x00000000e6b00000, 0x00000000e6c00000, 0x00000000e6c00000|100%| O|  |TAMS 0x00000000e6c00000, 0x00000000e6b00000| Updating 
| 108|0x00000000e6c00000, 0x00000000e6d00000, 0x00000000e6d00000|100%| O|  |TAMS 0x00000000e6d00000, 0x00000000e6c00000| Updating 
| 109|0x00000000e6d00000, 0x00000000e6e00000, 0x00000000e6e00000|100%| O|  |TAMS 0x00000000e6e00000, 0x00000000e6d00000| Updating 
| 110|0x00000000e6e00000, 0x00000000e6f00000, 0x00000000e6f00000|100%| O|  |TAMS 0x00000000e6f00000, 0x00000000e6e00000| Updating 
| 111|0x00000000e6f00000, 0x00000000e7000000, 0x00000000e7000000|100%| O|  |TAMS 0x00000000e7000000, 0x00000000e6f00000| Updating 
| 112|0x00000000e7000000, 0x00000000e7100000, 0x00000000e7100000|100%| O|  |TAMS 0x00000000e7100000, 0x00000000e7000000| Updating 
| 113|0x00000000e7100000, 0x00000000e7200000, 0x00000000e7200000|100%| O|  |TAMS 0x00000000e7200000, 0x00000000e7100000| Updating 
| 114|0x00000000e7200000, 0x00000000e7300000, 0x00000000e7300000|100%| O|  |TAMS 0x00000000e7300000, 0x00000000e7200000| Updating 
| 115|0x00000000e7300000, 0x00000000e7400000, 0x00000000e7400000|100%| O|  |TAMS 0x00000000e7400000, 0x00000000e7300000| Updating 
| 116|0x00000000e7400000, 0x00000000e7500000, 0x00000000e7500000|100%| O|  |TAMS 0x00000000e7500000, 0x00000000e7400000| Updating 
| 117|0x00000000e7500000, 0x00000000e7500000, 0x00000000e7600000|  0%| F|  |TAMS 0x00000000e7500000, 0x00000000e7500000| Untracked 
| 118|0x00000000e7600000, 0x00000000e7700000, 0x00000000e7700000|100%| O|  |TAMS 0x00000000e7700000, 0x00000000e7600000| Updating 
| 119|0x00000000e7700000, 0x00000000e7800000, 0x00000000e7800000|100%| O|  |TAMS 0x00000000e7800000, 0x00000000e7700000| Updating 
| 120|0x00000000e7800000, 0x00000000e7900000, 0x00000000e7900000|100%| O|  |TAMS 0x00000000e7900000, 0x00000000e7800000| Updating 
| 121|0x00000000e7900000, 0x00000000e7a00000, 0x00000000e7a00000|100%| O|  |TAMS 0x00000000e7a00000, 0x00000000e7900000| Updating 
| 122|0x00000000e7a00000, 0x00000000e7b00000, 0x00000000e7b00000|100%| O|  |TAMS 0x00000000e7b00000, 0x00000000e7a00000| Updating 
| 123|0x00000000e7b00000, 0x00000000e7c00000, 0x00000000e7c00000|100%| O|  |TAMS 0x00000000e7c00000, 0x00000000e7b00000| Updating 
| 124|0x00000000e7c00000, 0x00000000e7d00000, 0x00000000e7d00000|100%| O|  |TAMS 0x00000000e7d00000, 0x00000000e7c00000| Updating 
| 125|0x00000000e7d00000, 0x00000000e7e00000, 0x00000000e7e00000|100%| O|  |TAMS 0x00000000e7e00000, 0x00000000e7d00000| Updating 
| 126|0x00000000e7e00000, 0x00000000e7f00000, 0x00000000e7f00000|100%| O|  |TAMS 0x00000000e7f00000, 0x00000000e7e00000| Updating 
| 127|0x00000000e7f00000, 0x00000000e8000000, 0x00000000e8000000|100%| O|  |TAMS 0x00000000e8000000, 0x00000000e7f00000| Updating 
| 128|0x00000000e8000000, 0x00000000e8100000, 0x00000000e8100000|100%| O|  |TAMS 0x00000000e8100000, 0x00000000e8000000| Updating 
| 129|0x00000000e8100000, 0x00000000e8200000, 0x00000000e8200000|100%| O|  |TAMS 0x00000000e8200000, 0x00000000e8100000| Updating 
| 130|0x00000000e8200000, 0x00000000e8300000, 0x00000000e8300000|100%| O|  |TAMS 0x00000000e8300000, 0x00000000e8200000| Updating 
| 131|0x00000000e8300000, 0x00000000e8400000, 0x00000000e8400000|100%| O|  |TAMS 0x00000000e8400000, 0x00000000e8300000| Updating 
| 132|0x00000000e8400000, 0x00000000e8500000, 0x00000000e8500000|100%| O|  |TAMS 0x00000000e8500000, 0x00000000e8400000| Updating 
| 133|0x00000000e8500000, 0x00000000e8600000, 0x00000000e8600000|100%| O|  |TAMS 0x00000000e8600000, 0x00000000e8500000| Updating 
| 134|0x00000000e8600000, 0x00000000e8700000, 0x00000000e8700000|100%| O|  |TAMS 0x00000000e8700000, 0x00000000e8600000| Updating 
| 135|0x00000000e8700000, 0x00000000e8800000, 0x00000000e8800000|100%| O|  |TAMS 0x00000000e8800000, 0x00000000e8700000| Updating 
| 136|0x00000000e8800000, 0x00000000e8900000, 0x00000000e8900000|100%| O|  |TAMS 0x00000000e8900000, 0x00000000e8800000| Updating 
| 137|0x00000000e8900000, 0x00000000e8a00000, 0x00000000e8a00000|100%| O|  |TAMS 0x00000000e8a00000, 0x00000000e8900000| Updating 
| 138|0x00000000e8a00000, 0x00000000e8b00000, 0x00000000e8b00000|100%| O|  |TAMS 0x00000000e8b00000, 0x00000000e8a00000| Updating 
| 139|0x00000000e8b00000, 0x00000000e8c00000, 0x00000000e8c00000|100%| O|  |TAMS 0x00000000e8c00000, 0x00000000e8b00000| Updating 
| 140|0x00000000e8c00000, 0x00000000e8d00000, 0x00000000e8d00000|100%| O|  |TAMS 0x00000000e8d00000, 0x00000000e8c00000| Updating 
| 141|0x00000000e8d00000, 0x00000000e8e00000, 0x00000000e8e00000|100%| O|  |TAMS 0x00000000e8e00000, 0x00000000e8d00000| Updating 
| 142|0x00000000e8e00000, 0x00000000e8f00000, 0x00000000e8f00000|100%| O|  |TAMS 0x00000000e8f00000, 0x00000000e8e00000| Updating 
| 143|0x00000000e8f00000, 0x00000000e9000000, 0x00000000e9000000|100%| O|  |TAMS 0x00000000e9000000, 0x00000000e8f00000| Updating 
| 144|0x00000000e9000000, 0x00000000e9100000, 0x00000000e9100000|100%| O|  |TAMS 0x00000000e9100000, 0x00000000e9000000| Updating 
| 145|0x00000000e9100000, 0x00000000e9200000, 0x00000000e9200000|100%| O|  |TAMS 0x00000000e9200000, 0x00000000e9100000| Updating 
| 146|0x00000000e9200000, 0x00000000e9300000, 0x00000000e9300000|100%| O|  |TAMS 0x00000000e9300000, 0x00000000e9200000| Updating 
| 147|0x00000000e9300000, 0x00000000e9400000, 0x00000000e9400000|100%| O|  |TAMS 0x00000000e9400000, 0x00000000e9300000| Updating 
| 148|0x00000000e9400000, 0x00000000e9500000, 0x00000000e9500000|100%| O|  |TAMS 0x00000000e9500000, 0x00000000e9400000| Updating 
| 149|0x00000000e9500000, 0x00000000e9600000, 0x00000000e9600000|100%| O|  |TAMS 0x00000000e9600000, 0x00000000e9500000| Updating 
| 150|0x00000000e9600000, 0x00000000e9700000, 0x00000000e9700000|100%| O|  |TAMS 0x00000000e9700000, 0x00000000e9600000| Updating 
| 151|0x00000000e9700000, 0x00000000e9800000, 0x00000000e9800000|100%| O|  |TAMS 0x00000000e9800000, 0x00000000e9700000| Updating 
| 152|0x00000000e9800000, 0x00000000e9900000, 0x00000000e9900000|100%| O|  |TAMS 0x00000000e9900000, 0x00000000e9800000| Updating 
| 153|0x00000000e9900000, 0x00000000e9a00000, 0x00000000e9a00000|100%| O|  |TAMS 0x00000000e9a00000, 0x00000000e9900000| Updating 
| 154|0x00000000e9a00000, 0x00000000e9b00000, 0x00000000e9b00000|100%| O|  |TAMS 0x00000000e9b00000, 0x00000000e9a00000| Updating 
| 155|0x00000000e9b00000, 0x00000000e9c00000, 0x00000000e9c00000|100%| O|  |TAMS 0x00000000e9c00000, 0x00000000e9b00000| Updating 
| 156|0x00000000e9c00000, 0x00000000e9d00000, 0x00000000e9d00000|100%| O|  |TAMS 0x00000000e9c38a00, 0x00000000e9c00000| Updating 
| 157|0x00000000e9d00000, 0x00000000e9e00000, 0x00000000e9e00000|100%| O|  |TAMS 0x00000000e9d00000, 0x00000000e9d00000| Untracked 
| 158|0x00000000e9e00000, 0x00000000e9f00000, 0x00000000e9f00000|100%| O|  |TAMS 0x00000000e9e00000, 0x00000000e9e00000| Untracked 
| 159|0x00000000e9f00000, 0x00000000ea000000, 0x00000000ea000000|100%| O|  |TAMS 0x00000000e9f00000, 0x00000000e9f00000| Untracked 
| 160|0x00000000ea000000, 0x00000000ea100000, 0x00000000ea100000|100%| O|  |TAMS 0x00000000ea000000, 0x00000000ea000000| Untracked 
| 161|0x00000000ea100000, 0x00000000ea200000, 0x00000000ea200000|100%| O|  |TAMS 0x00000000ea100000, 0x00000000ea100000| Untracked 
| 162|0x00000000ea200000, 0x00000000ea300000, 0x00000000ea300000|100%| O|  |TAMS 0x00000000ea200000, 0x00000000ea200000| Untracked 
| 163|0x00000000ea300000, 0x00000000ea400000, 0x00000000ea400000|100%| O|  |TAMS 0x00000000ea300000, 0x00000000ea300000| Untracked 
| 164|0x00000000ea400000, 0x00000000ea500000, 0x00000000ea500000|100%| O|  |TAMS 0x00000000ea400000, 0x00000000ea400000| Untracked 
| 165|0x00000000ea500000, 0x00000000ea600000, 0x00000000ea600000|100%| O|  |TAMS 0x00000000ea500000, 0x00000000ea500000| Untracked 
| 166|0x00000000ea600000, 0x00000000ea700000, 0x00000000ea700000|100%| O|  |TAMS 0x00000000ea600000, 0x00000000ea600000| Untracked 
| 167|0x00000000ea700000, 0x00000000ea800000, 0x00000000ea800000|100%| O|  |TAMS 0x00000000ea700000, 0x00000000ea700000| Untracked 
| 168|0x00000000ea800000, 0x00000000ea900000, 0x00000000ea900000|100%| O|  |TAMS 0x00000000ea800000, 0x00000000ea800000| Untracked 
| 169|0x00000000ea900000, 0x00000000eaa00000, 0x00000000eaa00000|100%| O|  |TAMS 0x00000000ea900000, 0x00000000ea900000| Untracked 
| 170|0x00000000eaa00000, 0x00000000eaa80000, 0x00000000eab00000| 50%| O|  |TAMS 0x00000000eaa00000, 0x00000000eaa00000| Updating 
| 171|0x00000000eab00000, 0x00000000eab00000, 0x00000000eac00000|  0%| F|  |TAMS 0x00000000eab00000, 0x00000000eab00000| Untracked 
| 172|0x00000000eac00000, 0x00000000eac00000, 0x00000000ead00000|  0%| F|  |TAMS 0x00000000eac00000, 0x00000000eac00000| Untracked 
| 173|0x00000000ead00000, 0x00000000ead00000, 0x00000000eae00000|  0%| F|  |TAMS 0x00000000ead00000, 0x00000000ead00000| Untracked 
| 174|0x00000000eae00000, 0x00000000eae00000, 0x00000000eaf00000|  0%| F|  |TAMS 0x00000000eae00000, 0x00000000eae00000| Untracked 
| 175|0x00000000eaf00000, 0x00000000eaf00000, 0x00000000eb000000|  0%| F|  |TAMS 0x00000000eaf00000, 0x00000000eaf00000| Untracked 
| 176|0x00000000eb000000, 0x00000000eb000000, 0x00000000eb100000|  0%| F|  |TAMS 0x00000000eb000000, 0x00000000eb000000| Untracked 
| 177|0x00000000eb100000, 0x00000000eb100000, 0x00000000eb200000|  0%| F|  |TAMS 0x00000000eb100000, 0x00000000eb100000| Untracked 
| 178|0x00000000eb200000, 0x00000000eb200000, 0x00000000eb300000|  0%| F|  |TAMS 0x00000000eb200000, 0x00000000eb200000| Untracked 
| 179|0x00000000eb300000, 0x00000000eb300000, 0x00000000eb400000|  0%| F|  |TAMS 0x00000000eb300000, 0x00000000eb300000| Untracked 
| 180|0x00000000eb400000, 0x00000000eb400000, 0x00000000eb500000|  0%| F|  |TAMS 0x00000000eb400000, 0x00000000eb400000| Untracked 
| 181|0x00000000eb500000, 0x00000000eb500000, 0x00000000eb600000|  0%| F|  |TAMS 0x00000000eb500000, 0x00000000eb500000| Untracked 
| 182|0x00000000eb600000, 0x00000000eb600000, 0x00000000eb700000|  0%| F|  |TAMS 0x00000000eb600000, 0x00000000eb600000| Untracked 
| 183|0x00000000eb700000, 0x00000000eb700000, 0x00000000eb800000|  0%| F|  |TAMS 0x00000000eb700000, 0x00000000eb700000| Untracked 
| 184|0x00000000eb800000, 0x00000000eb800000, 0x00000000eb900000|  0%| F|  |TAMS 0x00000000eb800000, 0x00000000eb800000| Untracked 
| 185|0x00000000eb900000, 0x00000000eb900000, 0x00000000eba00000|  0%| F|  |TAMS 0x00000000eb900000, 0x00000000eb900000| Untracked 
| 186|0x00000000eba00000, 0x00000000eba00000, 0x00000000ebb00000|  0%| F|  |TAMS 0x00000000eba00000, 0x00000000eba00000| Untracked 
| 187|0x00000000ebb00000, 0x00000000ebb00000, 0x00000000ebc00000|  0%| F|  |TAMS 0x00000000ebb00000, 0x00000000ebb00000| Untracked 
| 188|0x00000000ebc00000, 0x00000000ebc00000, 0x00000000ebd00000|  0%| F|  |TAMS 0x00000000ebc00000, 0x00000000ebc00000| Untracked 
| 189|0x00000000ebd00000, 0x00000000ebd00000, 0x00000000ebe00000|  0%| F|  |TAMS 0x00000000ebd00000, 0x00000000ebd00000| Untracked 
| 190|0x00000000ebe00000, 0x00000000ebe00000, 0x00000000ebf00000|  0%| F|  |TAMS 0x00000000ebe00000, 0x00000000ebe00000| Untracked 
| 191|0x00000000ebf00000, 0x00000000ebf00000, 0x00000000ec000000|  0%| F|  |TAMS 0x00000000ebf00000, 0x00000000ebf00000| Untracked 
| 192|0x00000000ec000000, 0x00000000ec000000, 0x00000000ec100000|  0%| F|  |TAMS 0x00000000ec000000, 0x00000000ec000000| Untracked 
| 193|0x00000000ec100000, 0x00000000ec100000, 0x00000000ec200000|  0%| F|  |TAMS 0x00000000ec100000, 0x00000000ec100000| Untracked 
| 194|0x00000000ec200000, 0x00000000ec200000, 0x00000000ec300000|  0%| F|  |TAMS 0x00000000ec200000, 0x00000000ec200000| Untracked 
| 195|0x00000000ec300000, 0x00000000ec300000, 0x00000000ec400000|  0%| F|  |TAMS 0x00000000ec300000, 0x00000000ec300000| Untracked 
| 196|0x00000000ec400000, 0x00000000ec400000, 0x00000000ec500000|  0%| F|  |TAMS 0x00000000ec400000, 0x00000000ec400000| Untracked 
| 197|0x00000000ec500000, 0x00000000ec500000, 0x00000000ec600000|  0%| F|  |TAMS 0x00000000ec500000, 0x00000000ec500000| Untracked 
| 198|0x00000000ec600000, 0x00000000ec600000, 0x00000000ec700000|  0%| F|  |TAMS 0x00000000ec600000, 0x00000000ec600000| Untracked 
| 199|0x00000000ec700000, 0x00000000ec700000, 0x00000000ec800000|  0%| F|  |TAMS 0x00000000ec700000, 0x00000000ec700000| Untracked 
| 200|0x00000000ec800000, 0x00000000ec800000, 0x00000000ec900000|  0%| F|  |TAMS 0x00000000ec800000, 0x00000000ec800000| Untracked 
| 201|0x00000000ec900000, 0x00000000ec900000, 0x00000000eca00000|  0%| F|  |TAMS 0x00000000ec900000, 0x00000000ec900000| Untracked 
| 202|0x00000000eca00000, 0x00000000eca00000, 0x00000000ecb00000|  0%| F|  |TAMS 0x00000000eca00000, 0x00000000eca00000| Untracked 
| 203|0x00000000ecb00000, 0x00000000ecb00000, 0x00000000ecc00000|  0%| F|  |TAMS 0x00000000ecb00000, 0x00000000ecb00000| Untracked 
| 204|0x00000000ecc00000, 0x00000000ecc00000, 0x00000000ecd00000|  0%| F|  |TAMS 0x00000000ecc00000, 0x00000000ecc00000| Untracked 
| 205|0x00000000ecd00000, 0x00000000ecd00000, 0x00000000ece00000|  0%| F|  |TAMS 0x00000000ecd00000, 0x00000000ecd00000| Untracked 
| 206|0x00000000ece00000, 0x00000000ece00000, 0x00000000ecf00000|  0%| F|  |TAMS 0x00000000ece00000, 0x00000000ece00000| Untracked 
| 207|0x00000000ecf00000, 0x00000000ecf00000, 0x00000000ed000000|  0%| F|  |TAMS 0x00000000ecf00000, 0x00000000ecf00000| Untracked 
| 208|0x00000000ed000000, 0x00000000ed100000, 0x00000000ed100000|100%| S|CS|TAMS 0x00000000ed000000, 0x00000000ed000000| Complete 
| 209|0x00000000ed100000, 0x00000000ed200000, 0x00000000ed200000|100%| S|CS|TAMS 0x00000000ed100000, 0x00000000ed100000| Complete 
| 210|0x00000000ed200000, 0x00000000ed300000, 0x00000000ed300000|100%| S|CS|TAMS 0x00000000ed200000, 0x00000000ed200000| Complete 
| 211|0x00000000ed300000, 0x00000000ed400000, 0x00000000ed400000|100%| S|CS|TAMS 0x00000000ed300000, 0x00000000ed300000| Complete 
| 212|0x00000000ed400000, 0x00000000ed500000, 0x00000000ed500000|100%| S|CS|TAMS 0x00000000ed400000, 0x00000000ed400000| Complete 
| 213|0x00000000ed500000, 0x00000000ed600000, 0x00000000ed600000|100%| S|CS|TAMS 0x00000000ed500000, 0x00000000ed500000| Complete 
| 214|0x00000000ed600000, 0x00000000ed700000, 0x00000000ed700000|100%| S|CS|TAMS 0x00000000ed600000, 0x00000000ed600000| Complete 
| 215|0x00000000ed700000, 0x00000000ed800000, 0x00000000ed800000|100%| S|CS|TAMS 0x00000000ed700000, 0x00000000ed700000| Complete 
| 216|0x00000000ed800000, 0x00000000ed800000, 0x00000000ed900000|  0%| F|  |TAMS 0x00000000ed800000, 0x00000000ed800000| Untracked 
| 217|0x00000000ed900000, 0x00000000ed900000, 0x00000000eda00000|  0%| F|  |TAMS 0x00000000ed900000, 0x00000000ed900000| Untracked 
| 218|0x00000000eda00000, 0x00000000eda00000, 0x00000000edb00000|  0%| F|  |TAMS 0x00000000eda00000, 0x00000000eda00000| Untracked 
| 219|0x00000000edb00000, 0x00000000edb00000, 0x00000000edc00000|  0%| F|  |TAMS 0x00000000edb00000, 0x00000000edb00000| Untracked 
| 220|0x00000000edc00000, 0x00000000edc00000, 0x00000000edd00000|  0%| F|  |TAMS 0x00000000edc00000, 0x00000000edc00000| Untracked 
| 221|0x00000000edd00000, 0x00000000edd00000, 0x00000000ede00000|  0%| F|  |TAMS 0x00000000edd00000, 0x00000000edd00000| Untracked 
| 222|0x00000000ede00000, 0x00000000ede00000, 0x00000000edf00000|  0%| F|  |TAMS 0x00000000ede00000, 0x00000000ede00000| Untracked 
| 223|0x00000000edf00000, 0x00000000edf00000, 0x00000000ee000000|  0%| F|  |TAMS 0x00000000edf00000, 0x00000000edf00000| Untracked 
| 224|0x00000000ee000000, 0x00000000ee000000, 0x00000000ee100000|  0%| F|  |TAMS 0x00000000ee000000, 0x00000000ee000000| Untracked 
| 225|0x00000000ee100000, 0x00000000ee100000, 0x00000000ee200000|  0%| F|  |TAMS 0x00000000ee100000, 0x00000000ee100000| Untracked 
| 226|0x00000000ee200000, 0x00000000ee200000, 0x00000000ee300000|  0%| F|  |TAMS 0x00000000ee200000, 0x00000000ee200000| Untracked 
| 227|0x00000000ee300000, 0x00000000ee300000, 0x00000000ee400000|  0%| F|  |TAMS 0x00000000ee300000, 0x00000000ee300000| Untracked 
| 228|0x00000000ee400000, 0x00000000ee400000, 0x00000000ee500000|  0%| F|  |TAMS 0x00000000ee400000, 0x00000000ee400000| Untracked 
| 229|0x00000000ee500000, 0x00000000ee500000, 0x00000000ee600000|  0%| F|  |TAMS 0x00000000ee500000, 0x00000000ee500000| Untracked 
| 230|0x00000000ee600000, 0x00000000ee600000, 0x00000000ee700000|  0%| F|  |TAMS 0x00000000ee600000, 0x00000000ee600000| Untracked 
| 231|0x00000000ee700000, 0x00000000ee700000, 0x00000000ee800000|  0%| F|  |TAMS 0x00000000ee700000, 0x00000000ee700000| Untracked 
| 232|0x00000000ee800000, 0x00000000ee800000, 0x00000000ee900000|  0%| F|  |TAMS 0x00000000ee800000, 0x00000000ee800000| Untracked 
| 233|0x00000000ee900000, 0x00000000ee900000, 0x00000000eea00000|  0%| F|  |TAMS 0x00000000ee900000, 0x00000000ee900000| Untracked 
| 234|0x00000000eea00000, 0x00000000eea00000, 0x00000000eeb00000|  0%| F|  |TAMS 0x00000000eea00000, 0x00000000eea00000| Untracked 
| 235|0x00000000eeb00000, 0x00000000eeb00000, 0x00000000eec00000|  0%| F|  |TAMS 0x00000000eeb00000, 0x00000000eeb00000| Untracked 
| 236|0x00000000eec00000, 0x00000000eec00000, 0x00000000eed00000|  0%| F|  |TAMS 0x00000000eec00000, 0x00000000eec00000| Untracked 
| 237|0x00000000eed00000, 0x00000000eed00000, 0x00000000eee00000|  0%| F|  |TAMS 0x00000000eed00000, 0x00000000eed00000| Untracked 
| 238|0x00000000eee00000, 0x00000000eee00000, 0x00000000eef00000|  0%| F|  |TAMS 0x00000000eee00000, 0x00000000eee00000| Untracked 
| 239|0x00000000eef00000, 0x00000000eef00000, 0x00000000ef000000|  0%| F|  |TAMS 0x00000000eef00000, 0x00000000eef00000| Untracked 
| 240|0x00000000ef000000, 0x00000000ef000000, 0x00000000ef100000|  0%| F|  |TAMS 0x00000000ef000000, 0x00000000ef000000| Untracked 
| 241|0x00000000ef100000, 0x00000000ef100000, 0x00000000ef200000|  0%| F|  |TAMS 0x00000000ef100000, 0x00000000ef100000| Untracked 
| 242|0x00000000ef200000, 0x00000000ef200000, 0x00000000ef300000|  0%| F|  |TAMS 0x00000000ef200000, 0x00000000ef200000| Untracked 
| 243|0x00000000ef300000, 0x00000000ef300000, 0x00000000ef400000|  0%| F|  |TAMS 0x00000000ef300000, 0x00000000ef300000| Untracked 
| 244|0x00000000ef400000, 0x00000000ef400000, 0x00000000ef500000|  0%| F|  |TAMS 0x00000000ef400000, 0x00000000ef400000| Untracked 
| 245|0x00000000ef500000, 0x00000000ef500000, 0x00000000ef600000|  0%| F|  |TAMS 0x00000000ef500000, 0x00000000ef500000| Untracked 
| 246|0x00000000ef600000, 0x00000000ef600000, 0x00000000ef700000|  0%| F|  |TAMS 0x00000000ef600000, 0x00000000ef600000| Untracked 
| 247|0x00000000ef700000, 0x00000000ef700000, 0x00000000ef800000|  0%| F|  |TAMS 0x00000000ef700000, 0x00000000ef700000| Untracked 
| 248|0x00000000ef800000, 0x00000000ef800000, 0x00000000ef900000|  0%| F|  |TAMS 0x00000000ef800000, 0x00000000ef800000| Untracked 
| 249|0x00000000ef900000, 0x00000000ef900000, 0x00000000efa00000|  0%| F|  |TAMS 0x00000000ef900000, 0x00000000ef900000| Untracked 
| 250|0x00000000efa00000, 0x00000000efa00000, 0x00000000efb00000|  0%| F|  |TAMS 0x00000000efa00000, 0x00000000efa00000| Untracked 
| 251|0x00000000efb00000, 0x00000000efb00000, 0x00000000efc00000|  0%| F|  |TAMS 0x00000000efb00000, 0x00000000efb00000| Untracked 
| 252|0x00000000efc00000, 0x00000000efc00000, 0x00000000efd00000|  0%| F|  |TAMS 0x00000000efc00000, 0x00000000efc00000| Untracked 
| 253|0x00000000efd00000, 0x00000000efd00000, 0x00000000efe00000|  0%| F|  |TAMS 0x00000000efd00000, 0x00000000efd00000| Untracked 
| 254|0x00000000efe00000, 0x00000000efe00000, 0x00000000eff00000|  0%| F|  |TAMS 0x00000000efe00000, 0x00000000efe00000| Untracked 
| 255|0x00000000eff00000, 0x00000000f0000000, 0x00000000f0000000|100%| E|CS|TAMS 0x00000000eff00000, 0x00000000eff00000| Complete 
| 256|0x00000000f0000000, 0x00000000f0100000, 0x00000000f0100000|100%| E|CS|TAMS 0x00000000f0000000, 0x00000000f0000000| Complete 
| 257|0x00000000f0100000, 0x00000000f0200000, 0x00000000f0200000|100%| E|CS|TAMS 0x00000000f0100000, 0x00000000f0100000| Complete 
| 258|0x00000000f0200000, 0x00000000f0300000, 0x00000000f0300000|100%| E|CS|TAMS 0x00000000f0200000, 0x00000000f0200000| Complete 
| 259|0x00000000f0300000, 0x00000000f0400000, 0x00000000f0400000|100%| E|CS|TAMS 0x00000000f0300000, 0x00000000f0300000| Complete 
| 260|0x00000000f0400000, 0x00000000f0500000, 0x00000000f0500000|100%| E|CS|TAMS 0x00000000f0400000, 0x00000000f0400000| Complete 
| 261|0x00000000f0500000, 0x00000000f0600000, 0x00000000f0600000|100%| E|CS|TAMS 0x00000000f0500000, 0x00000000f0500000| Complete 
| 262|0x00000000f0600000, 0x00000000f0700000, 0x00000000f0700000|100%| E|CS|TAMS 0x00000000f0600000, 0x00000000f0600000| Complete 
| 263|0x00000000f0700000, 0x00000000f0800000, 0x00000000f0800000|100%| E|CS|TAMS 0x00000000f0700000, 0x00000000f0700000| Complete 
| 264|0x00000000f0800000, 0x00000000f0900000, 0x00000000f0900000|100%| E|CS|TAMS 0x00000000f0800000, 0x00000000f0800000| Complete 
| 265|0x00000000f0900000, 0x00000000f0a00000, 0x00000000f0a00000|100%| E|CS|TAMS 0x00000000f0900000, 0x00000000f0900000| Complete 
| 266|0x00000000f0a00000, 0x00000000f0b00000, 0x00000000f0b00000|100%| E|CS|TAMS 0x00000000f0a00000, 0x00000000f0a00000| Complete 
| 267|0x00000000f0b00000, 0x00000000f0c00000, 0x00000000f0c00000|100%| E|CS|TAMS 0x00000000f0b00000, 0x00000000f0b00000| Complete 
| 268|0x00000000f0c00000, 0x00000000f0d00000, 0x00000000f0d00000|100%| E|CS|TAMS 0x00000000f0c00000, 0x00000000f0c00000| Complete 
| 269|0x00000000f0d00000, 0x00000000f0d00000, 0x00000000f0e00000|  0%| F|  |TAMS 0x00000000f0d00000, 0x00000000f0d00000| Untracked 
| 270|0x00000000f0e00000, 0x00000000f0e00000, 0x00000000f0f00000|  0%| F|  |TAMS 0x00000000f0e00000, 0x00000000f0e00000| Untracked 
| 271|0x00000000f0f00000, 0x00000000f0f00000, 0x00000000f1000000|  0%| F|  |TAMS 0x00000000f0f00000, 0x00000000f0f00000| Untracked 
| 272|0x00000000f1000000, 0x00000000f1000000, 0x00000000f1100000|  0%| F|  |TAMS 0x00000000f1000000, 0x00000000f1000000| Untracked 
| 273|0x00000000f1100000, 0x00000000f1100000, 0x00000000f1200000|  0%| F|  |TAMS 0x00000000f1100000, 0x00000000f1100000| Untracked 
| 274|0x00000000f1200000, 0x00000000f1200000, 0x00000000f1300000|  0%| F|  |TAMS 0x00000000f1200000, 0x00000000f1200000| Untracked 
| 275|0x00000000f1300000, 0x00000000f1300000, 0x00000000f1400000|  0%| F|  |TAMS 0x00000000f1300000, 0x00000000f1300000| Untracked 
| 276|0x00000000f1400000, 0x00000000f1400000, 0x00000000f1500000|  0%| F|  |TAMS 0x00000000f1400000, 0x00000000f1400000| Untracked 
| 277|0x00000000f1500000, 0x00000000f1500000, 0x00000000f1600000|  0%| F|  |TAMS 0x00000000f1500000, 0x00000000f1500000| Untracked 
| 278|0x00000000f1600000, 0x00000000f1600000, 0x00000000f1700000|  0%| F|  |TAMS 0x00000000f1600000, 0x00000000f1600000| Untracked 
| 279|0x00000000f1700000, 0x00000000f1700000, 0x00000000f1800000|  0%| F|  |TAMS 0x00000000f1700000, 0x00000000f1700000| Untracked 
| 280|0x00000000f1800000, 0x00000000f1800000, 0x00000000f1900000|  0%| F|  |TAMS 0x00000000f1800000, 0x00000000f1800000| Untracked 
| 281|0x00000000f1900000, 0x00000000f1900000, 0x00000000f1a00000|  0%| F|  |TAMS 0x00000000f1900000, 0x00000000f1900000| Untracked 
| 282|0x00000000f1a00000, 0x00000000f1a00000, 0x00000000f1b00000|  0%| F|  |TAMS 0x00000000f1a00000, 0x00000000f1a00000| Untracked 
| 283|0x00000000f1b00000, 0x00000000f1b00000, 0x00000000f1c00000|  0%| F|  |TAMS 0x00000000f1b00000, 0x00000000f1b00000| Untracked 
| 284|0x00000000f1c00000, 0x00000000f1c00000, 0x00000000f1d00000|  0%| F|  |TAMS 0x00000000f1c00000, 0x00000000f1c00000| Untracked 
| 285|0x00000000f1d00000, 0x00000000f1d00000, 0x00000000f1e00000|  0%| F|  |TAMS 0x00000000f1d00000, 0x00000000f1d00000| Untracked 
| 286|0x00000000f1e00000, 0x00000000f1e00000, 0x00000000f1f00000|  0%| F|  |TAMS 0x00000000f1e00000, 0x00000000f1e00000| Untracked 
| 287|0x00000000f1f00000, 0x00000000f1f00000, 0x00000000f2000000|  0%| F|  |TAMS 0x00000000f1f00000, 0x00000000f1f00000| Untracked 
| 288|0x00000000f2000000, 0x00000000f2000000, 0x00000000f2100000|  0%| F|  |TAMS 0x00000000f2000000, 0x00000000f2000000| Untracked 
| 289|0x00000000f2100000, 0x00000000f2100000, 0x00000000f2200000|  0%| F|  |TAMS 0x00000000f2100000, 0x00000000f2100000| Untracked 
| 290|0x00000000f2200000, 0x00000000f2200000, 0x00000000f2300000|  0%| F|  |TAMS 0x00000000f2200000, 0x00000000f2200000| Untracked 
| 291|0x00000000f2300000, 0x00000000f2300000, 0x00000000f2400000|  0%| F|  |TAMS 0x00000000f2300000, 0x00000000f2300000| Untracked 
| 292|0x00000000f2400000, 0x00000000f2400000, 0x00000000f2500000|  0%| F|  |TAMS 0x00000000f2400000, 0x00000000f2400000| Untracked 
| 293|0x00000000f2500000, 0x00000000f2500000, 0x00000000f2600000|  0%| F|  |TAMS 0x00000000f2500000, 0x00000000f2500000| Untracked 
| 294|0x00000000f2600000, 0x00000000f2600000, 0x00000000f2700000|  0%| F|  |TAMS 0x00000000f2600000, 0x00000000f2600000| Untracked 
| 295|0x00000000f2700000, 0x00000000f2700000, 0x00000000f2800000|  0%| F|  |TAMS 0x00000000f2700000, 0x00000000f2700000| Untracked 
| 296|0x00000000f2800000, 0x00000000f2800000, 0x00000000f2900000|  0%| F|  |TAMS 0x00000000f2800000, 0x00000000f2800000| Untracked 
| 297|0x00000000f2900000, 0x00000000f2900000, 0x00000000f2a00000|  0%| F|  |TAMS 0x00000000f2900000, 0x00000000f2900000| Untracked 
| 298|0x00000000f2a00000, 0x00000000f2a00000, 0x00000000f2b00000|  0%| F|  |TAMS 0x00000000f2a00000, 0x00000000f2a00000| Untracked 
| 299|0x00000000f2b00000, 0x00000000f2b00000, 0x00000000f2c00000|  0%| F|  |TAMS 0x00000000f2b00000, 0x00000000f2b00000| Untracked 
| 300|0x00000000f2c00000, 0x00000000f2c00000, 0x00000000f2d00000|  0%| F|  |TAMS 0x00000000f2c00000, 0x00000000f2c00000| Untracked 
| 301|0x00000000f2d00000, 0x00000000f2d00000, 0x00000000f2e00000|  0%| F|  |TAMS 0x00000000f2d00000, 0x00000000f2d00000| Untracked 
| 302|0x00000000f2e00000, 0x00000000f2e00000, 0x00000000f2f00000|  0%| F|  |TAMS 0x00000000f2e00000, 0x00000000f2e00000| Untracked 
| 303|0x00000000f2f00000, 0x00000000f2f00000, 0x00000000f3000000|  0%| F|  |TAMS 0x00000000f2f00000, 0x00000000f2f00000| Untracked 
| 304|0x00000000f3000000, 0x00000000f3000000, 0x00000000f3100000|  0%| F|  |TAMS 0x00000000f3000000, 0x00000000f3000000| Untracked 
| 305|0x00000000f3100000, 0x00000000f3100000, 0x00000000f3200000|  0%| F|  |TAMS 0x00000000f3100000, 0x00000000f3100000| Untracked 
| 306|0x00000000f3200000, 0x00000000f3200000, 0x00000000f3300000|  0%| F|  |TAMS 0x00000000f3200000, 0x00000000f3200000| Untracked 
| 307|0x00000000f3300000, 0x00000000f3300000, 0x00000000f3400000|  0%| F|  |TAMS 0x00000000f3300000, 0x00000000f3300000| Untracked 
| 308|0x00000000f3400000, 0x00000000f3400000, 0x00000000f3500000|  0%| F|  |TAMS 0x00000000f3400000, 0x00000000f3400000| Untracked 
| 309|0x00000000f3500000, 0x00000000f3500000, 0x00000000f3600000|  0%| F|  |TAMS 0x00000000f3500000, 0x00000000f3500000| Untracked 
| 310|0x00000000f3600000, 0x00000000f3600000, 0x00000000f3700000|  0%| F|  |TAMS 0x00000000f3600000, 0x00000000f3600000| Untracked 
| 311|0x00000000f3700000, 0x00000000f3700000, 0x00000000f3800000|  0%| F|  |TAMS 0x00000000f3700000, 0x00000000f3700000| Untracked 
| 312|0x00000000f3800000, 0x00000000f3800000, 0x00000000f3900000|  0%| F|  |TAMS 0x00000000f3800000, 0x00000000f3800000| Untracked 
| 313|0x00000000f3900000, 0x00000000f3900000, 0x00000000f3a00000|  0%| F|  |TAMS 0x00000000f3900000, 0x00000000f3900000| Untracked 
| 314|0x00000000f3a00000, 0x00000000f3a00000, 0x00000000f3b00000|  0%| F|  |TAMS 0x00000000f3a00000, 0x00000000f3a00000| Untracked 
| 315|0x00000000f3b00000, 0x00000000f3b00000, 0x00000000f3c00000|  0%| F|  |TAMS 0x00000000f3b00000, 0x00000000f3b00000| Untracked 
| 316|0x00000000f3c00000, 0x00000000f3d00000, 0x00000000f3d00000|100%| E|  |TAMS 0x00000000f3c00000, 0x00000000f3c00000| Complete 
| 317|0x00000000f3d00000, 0x00000000f3e00000, 0x00000000f3e00000|100%| E|CS|TAMS 0x00000000f3d00000, 0x00000000f3d00000| Complete 
| 318|0x00000000f3e00000, 0x00000000f3f00000, 0x00000000f3f00000|100%| E|CS|TAMS 0x00000000f3e00000, 0x00000000f3e00000| Complete 
| 319|0x00000000f3f00000, 0x00000000f4000000, 0x00000000f4000000|100%| E|CS|TAMS 0x00000000f3f00000, 0x00000000f3f00000| Complete 

Card table byte_map: [0x0000018862200000,0x0000018862300000] _byte_map_base: 0x0000018861b00000

Marking Bits (Prev, Next): (CMBitMap*) 0x000001884ac29fd8, (CMBitMap*) 0x000001884ac29f98
 Prev Bits: [0x0000018862c00000, 0x0000018863400000)
 Next Bits: [0x0000018862400000, 0x0000018862c00000)

Polling page: 0x0000018848b80000

Metaspace:

Usage:
  Non-class:     71.80 MB capacity,    69.35 MB ( 97%) used,     2.21 MB (  3%) free+waste,   246.63 KB ( <1%) overhead. 
      Class:     11.48 MB capacity,    10.17 MB ( 89%) used,     1.20 MB ( 10%) free+waste,   115.75 KB ( <1%) overhead. 
       Both:     83.29 MB capacity,    79.53 MB ( 95%) used,     3.41 MB (  4%) free+waste,   362.38 KB ( <1%) overhead. 

Virtual space:
  Non-class space:       72.00 MB reserved,      71.96 MB (>99%) committed 
      Class space:      248.00 MB reserved,      11.50 MB (  5%) committed 
             Both:      320.00 MB reserved,      83.46 MB ( 26%) committed 

Chunk freelists:
   Non-Class:  32.00 KB
       Class:  0 bytes
        Both:  32.00 KB

MaxMetaspaceSize: 256.00 MB
CompressedClassSpaceSize: 248.00 MB

CodeHeap 'non-profiled nmethods': size=120000Kb used=8770Kb max_used=8770Kb free=111229Kb
 bounds [0x000001885abd0000, 0x000001885b470000, 0x0000018862100000]
CodeHeap 'profiled nmethods': size=120000Kb used=28764Kb max_used=28764Kb free=91235Kb
 bounds [0x00000188536a0000, 0x00000188552d0000, 0x000001885abd0000]
CodeHeap 'non-nmethods': size=5760Kb used=2416Kb max_used=2497Kb free=3343Kb
 bounds [0x0000018853100000, 0x0000018853380000, 0x00000188536a0000]
 total_blobs=20705 nmethods=13111 adapters=810
 compilation: enabled
              stopped_count=0, restarted_count=0
 full_count=0

Compilation events (20 events):
Event: 308.212 Thread 0x0000018865a0f800 15384       2       org.gradle.api.internal.attributes.DefaultAttributesSchema$MergedSchema::disambiguate (139 bytes)
Event: 308.213 Thread 0x0000018865a0f800 nmethod 15384 0x00000188552b3a90 code [0x00000188552b3ce0, 0x00000188552b4370]
Event: 308.213 Thread 0x0000018865a0f800 15385       2       org.gradle.internal.component.model.MultipleCandidateMatcher::removeCandidatesWithValueNotIn (51 bytes)
Event: 308.213 Thread 0x0000018865a0f800 nmethod 15385 0x00000188552b4690 code [0x00000188552b4880, 0x00000188552b4b70]
Event: 308.219 Thread 0x0000018867179800 nmethod 15383 0x000001885b448990 code [0x000001885b448b40, 0x000001885b448e38]
Event: 308.219 Thread 0x0000018867179800 15375       4       org.gradle.api.internal.artifacts.ivyservice.moduleconverter.DefaultLocalComponentMetadataBuilder::addConfiguration (100 bytes)
Event: 308.227 Thread 0x0000018865a0f800 15387       2       org.gradle.api.internal.artifacts.ivyservice.resolveengine.artifact.CompositeResolvedArtifactSet::visitDependencies (40 bytes)
Event: 308.228 Thread 0x0000018865a0c000 nmethod 15091 0x000001885b449190 code [0x000001885b449d20, 0x000001885b452a70]
Event: 308.228 Thread 0x0000018865a0f800 nmethod 15387 0x00000188552b4d90 code [0x00000188552b4f80, 0x00000188552b5260]
Event: 308.228 Thread 0x0000018865a0c000 15377       4       org.gradle.api.internal.artifacts.configurations.DefaultConfigurationPublications$1::getChildren (194 bytes)
Event: 308.233 Thread 0x0000018865a0f800 15388       2       org.gradle.api.internal.artifacts.ivyservice.resolutionstrategy.DefaultCachePolicy$7::execute (9 bytes)
Event: 308.233 Thread 0x0000018865a0f800 nmethod 15388 0x00000188552b5390 code [0x00000188552b5560, 0x00000188552b58a0]
Event: 308.233 Thread 0x0000018865a0f800 15389       2       org.gradle.internal.resolve.result.DefaultBuildableModuleVersionListingResolveResult::setAuthoritative (10 bytes)
Event: 308.233 Thread 0x0000018865a0f800 nmethod 15389 0x00000188552b5a10 code [0x00000188552b5bc0, 0x00000188552b5e50]
Event: 308.340 Thread 0x0000018865a0f800 15391       2       org.gradle.api.internal.artifacts.ivyservice.ivyresolve.LocalModuleComponentRepository$LocalAccess::listModuleVersions (48 bytes)
Event: 308.341 Thread 0x0000018865a0f800 nmethod 15391 0x00000188552b5f90 code [0x00000188552b6180, 0x00000188552b6460]
Event: 308.467 Thread 0x0000018865a0f800 15395       2       org.gradle.api.internal.artifacts.ivyservice.DefaultConfigurationResolver::getRepositories (13 bytes)
Event: 308.468 Thread 0x0000018865a0f800 nmethod 15395 0x00000188552b6610 code [0x00000188552b67c0, 0x00000188552b6a30]
Event: 308.492 Thread 0x0000018865a0c000 nmethod 15377 0x000001885b457d10 code [0x000001885b458220, 0x000001885b45c948]
Event: 308.492 Thread 0x0000018865a0c000 15378       4       org.gradle.api.internal.collections.FilteredCollection$FilteringIterator::findNext (42 bytes)

GC Heap History (20 events):
Event: 39.928 GC heap before
{Heap before GC invocations=15 (full 0):
 garbage-first heap   total 262144K, used 190888K [0x00000000e0000000, 0x0000000100000000)
  region size 1024K, 113 young (115712K), 17 survivors (17408K)
 Metaspace       used 70222K, capacity 73511K, committed 73688K, reserved 317440K
  class space    used 9288K, capacity 10478K, committed 10496K, reserved 253952K
}
Event: 39.981 GC heap after
{Heap after GC invocations=16 (full 0):
 garbage-first heap   total 262144K, used 108544K [0x00000000e0000000, 0x0000000100000000)
  region size 1024K, 15 young (15360K), 15 survivors (15360K)
 Metaspace       used 70222K, capacity 73511K, committed 73688K, reserved 317440K
  class space    used 9288K, capacity 10478K, committed 10496K, reserved 253952K
}
Event: 41.657 GC heap before
{Heap before GC invocations=16 (full 0):
 garbage-first heap   total 262144K, used 197632K [0x00000000e0000000, 0x0000000100000000)
  region size 1024K, 102 young (104448K), 15 survivors (15360K)
 Metaspace       used 71677K, capacity 75103K, committed 75224K, reserved 319488K
  class space    used 9486K, capacity 10681K, committed 10752K, reserved 253952K
}
Event: 41.704 GC heap after
{Heap after GC invocations=17 (full 0):
 garbage-first heap   total 262144K, used 126976K [0x00000000e0000000, 0x0000000100000000)
  region size 1024K, 13 young (13312K), 13 survivors (13312K)
 Metaspace       used 71677K, capacity 75103K, committed 75224K, reserved 319488K
  class space    used 9486K, capacity 10681K, committed 10752K, reserved 253952K
}
Event: 43.429 GC heap before
{Heap before GC invocations=17 (full 0):
 garbage-first heap   total 262144K, used 199680K [0x00000000e0000000, 0x0000000100000000)
  region size 1024K, 84 young (86016K), 13 survivors (13312K)
 Metaspace       used 72966K, capacity 76582K, committed 76760K, reserved 321536K
  class space    used 9644K, capacity 10885K, committed 11008K, reserved 253952K
}
Event: 43.454 GC heap after
{Heap after GC invocations=18 (full 0):
 garbage-first heap   total 262144K, used 133120K [0x00000000e0000000, 0x0000000100000000)
  region size 1024K, 6 young (6144K), 6 survivors (6144K)
 Metaspace       used 72966K, capacity 76582K, committed 76760K, reserved 321536K
  class space    used 9644K, capacity 10885K, committed 11008K, reserved 253952K
}
Event: 44.899 GC heap before
{Heap before GC invocations=18 (full 0):
 garbage-first heap   total 262144K, used 203776K [0x00000000e0000000, 0x0000000100000000)
  region size 1024K, 76 young (77824K), 6 survivors (6144K)
 Metaspace       used 73402K, capacity 76965K, committed 77272K, reserved 321536K
  class space    used 9689K, capacity 10953K, committed 11008K, reserved 253952K
}
Event: 44.922 GC heap after
{Heap after GC invocations=19 (full 0):
 garbage-first heap   total 262144K, used 137405K [0x00000000e0000000, 0x0000000100000000)
  region size 1024K, 10 young (10240K), 10 survivors (10240K)
 Metaspace       used 73402K, capacity 76965K, committed 77272K, reserved 321536K
  class space    used 9689K, capacity 10953K, committed 11008K, reserved 253952K
}
Event: 46.583 GC heap before
{Heap before GC invocations=20 (full 0):
 garbage-first heap   total 262144K, used 209085K [0x00000000e0000000, 0x0000000100000000)
  region size 1024K, 80 young (81920K), 10 survivors (10240K)
 Metaspace       used 76068K, capacity 79510K, committed 79704K, reserved 323584K
  class space    used 10007K, capacity 11264K, committed 11392K, reserved 253952K
}
Event: 46.607 GC heap after
{Heap after GC invocations=21 (full 0):
 garbage-first heap   total 262144K, used 142510K [0x00000000e0000000, 0x0000000100000000)
  region size 1024K, 10 young (10240K), 10 survivors (10240K)
 Metaspace       used 76068K, capacity 79510K, committed 79704K, reserved 323584K
  class space    used 10007K, capacity 11264K, committed 11392K, reserved 253952K
}
Event: 47.159 GC heap before
{Heap before GC invocations=21 (full 0):
 garbage-first heap   total 262144K, used 167086K [0x00000000e0000000, 0x0000000100000000)
  region size 1024K, 35 young (35840K), 10 survivors (10240K)
 Metaspace       used 76270K, capacity 79837K, committed 79960K, reserved 323584K
  class space    used 10025K, capacity 11305K, committed 11392K, reserved 253952K
}
Event: 47.178 GC heap after
{Heap after GC invocations=22 (full 0):
 garbage-first heap   total 262144K, used 144267K [0x00000000e0000000, 0x0000000100000000)
  region size 1024K, 2 young (2048K), 2 survivors (2048K)
 Metaspace       used 76270K, capacity 79837K, committed 79960K, reserved 323584K
  class space    used 10025K, capacity 11305K, committed 11392K, reserved 253952K
}
Event: 48.807 GC heap before
{Heap before GC invocations=23 (full 0):
 garbage-first heap   total 275456K, used 210827K [0x00000000e0000000, 0x0000000100000000)
  region size 1024K, 67 young (68608K), 2 survivors (2048K)
 Metaspace       used 76395K, capacity 79992K, committed 80216K, reserved 323584K
  class space    used 10034K, capacity 11312K, committed 11392K, reserved 253952K
}
Event: 48.819 GC heap after
{Heap after GC invocations=24 (full 0):
 garbage-first heap   total 275456K, used 148988K [0x00000000e0000000, 0x0000000100000000)
  region size 1024K, 7 young (7168K), 7 survivors (7168K)
 Metaspace       used 76395K, capacity 79992K, committed 80216K, reserved 323584K
  class space    used 10034K, capacity 11312K, committed 11392K, reserved 253952K
}
Event: 300.794 GC heap before
{Heap before GC invocations=24 (full 0):
 garbage-first heap   total 275456K, used 219644K [0x00000000e0000000, 0x0000000100000000)
  region size 1024K, 77 young (78848K), 7 survivors (7168K)
 Metaspace       used 80652K, capacity 84425K, committed 84696K, reserved 327680K
  class space    used 10354K, capacity 11650K, committed 11776K, reserved 253952K
}
Event: 300.823 GC heap after
{Heap after GC invocations=25 (full 0):
 garbage-first heap   total 275456K, used 153526K [0x00000000e0000000, 0x0000000100000000)
  region size 1024K, 10 young (10240K), 10 survivors (10240K)
 Metaspace       used 80652K, capacity 84425K, committed 84696K, reserved 327680K
  class space    used 10354K, capacity 11650K, committed 11776K, reserved 253952K
}
Event: 307.259 GC heap before
{Heap before GC invocations=26 (full 0):
 garbage-first heap   total 275456K, used 223158K [0x00000000e0000000, 0x0000000100000000)
  region size 1024K, 78 young (79872K), 10 survivors (10240K)
 Metaspace       used 81272K, capacity 85100K, committed 85208K, reserved 327680K
  class space    used 10411K, capacity 11750K, committed 11776K, reserved 253952K
}
Event: 307.303 GC heap after
{Heap after GC invocations=27 (full 0):
 garbage-first heap   total 275456K, used 170210K [0x00000000e0000000, 0x0000000100000000)
  region size 1024K, 10 young (10240K), 10 survivors (10240K)
 Metaspace       used 81272K, capacity 85100K, committed 85208K, reserved 327680K
  class space    used 10411K, capacity 11750K, committed 11776K, reserved 253952K
}
Event: 308.080 GC heap before
{Heap before GC invocations=27 (full 0):
 garbage-first heap   total 275456K, used 224482K [0x00000000e0000000, 0x0000000100000000)
  region size 1024K, 63 young (64512K), 10 survivors (10240K)
 Metaspace       used 81422K, capacity 85288K, committed 85464K, reserved 327680K
  class space    used 10417K, capacity 11760K, committed 11776K, reserved 253952K
}
Event: 308.126 GC heap after
{Heap after GC invocations=28 (full 0):
 garbage-first heap   total 275456K, used 182784K [0x00000000e0000000, 0x0000000100000000)
  region size 1024K, 8 young (8192K), 8 survivors (8192K)
 Metaspace       used 81422K, capacity 85288K, committed 85464K, reserved 327680K
  class space    used 10417K, capacity 11760K, committed 11776K, reserved 253952K
}

Deoptimization events (20 events):
Event: 307.016 Thread 0x000001886a60b800 DEOPT PACKING pc=0x000001885b41babc sp=0x0000006a291fa390
Event: 307.016 Thread 0x000001886a60b800 DEOPT UNPACKING pc=0x000001885314912f sp=0x0000006a291fa350 mode 2
Event: 307.016 Thread 0x000001886a60b800 Uncommon trap: trap_request=0xffffffbe fr.pc=0x000001885b41babc relative=0x000000000000115c
Event: 307.016 Thread 0x000001886a60b800 Uncommon trap: reason=profile_predicate action=maybe_recompile pc=0x000001885b41babc method=org.gradle.api.internal.artifacts.configurations.Configurations.getNames(Ljava/util/Collection;)Lcom/google/common/collect/ImmutableSet; @ 67 c2
Event: 307.016 Thread 0x000001886a60b800 DEOPT PACKING pc=0x000001885b41babc sp=0x0000006a291fa390
Event: 307.016 Thread 0x000001886a60b800 DEOPT UNPACKING pc=0x000001885314912f sp=0x0000006a291fa350 mode 2
Event: 307.016 Thread 0x000001886a60b800 Uncommon trap: trap_request=0xffffffbe fr.pc=0x000001885b41babc relative=0x000000000000115c
Event: 307.016 Thread 0x000001886a60b800 Uncommon trap: reason=profile_predicate action=maybe_recompile pc=0x000001885b41babc method=org.gradle.api.internal.artifacts.configurations.Configurations.getNames(Ljava/util/Collection;)Lcom/google/common/collect/ImmutableSet; @ 67 c2
Event: 307.016 Thread 0x000001886a60b800 DEOPT PACKING pc=0x000001885b41babc sp=0x0000006a291fa390
Event: 307.016 Thread 0x000001886a60b800 DEOPT UNPACKING pc=0x000001885314912f sp=0x0000006a291fa350 mode 2
Event: 307.534 Thread 0x000001886a60b800 DEOPT PACKING pc=0x0000018854ab6290 sp=0x0000006a291fa930
Event: 307.534 Thread 0x000001886a60b800 DEOPT UNPACKING pc=0x000001885314964e sp=0x0000006a291f9e68 mode 0
Event: 307.802 Thread 0x000001886a60b800 DEOPT PACKING pc=0x0000018855274b48 sp=0x0000006a291fa930
Event: 307.802 Thread 0x000001886a60b800 DEOPT UNPACKING pc=0x000001885314964e sp=0x0000006a291f9e68 mode 0
Event: 307.932 Thread 0x000001886a60b800 DEOPT PACKING pc=0x0000018854a2627f sp=0x0000006a291fa4d0
Event: 307.932 Thread 0x000001886a60b800 DEOPT UNPACKING pc=0x000001885314964e sp=0x0000006a291f9920 mode 0
Event: 308.046 Thread 0x000001886a60b800 DEOPT PACKING pc=0x0000018855274b48 sp=0x0000006a291fa930
Event: 308.046 Thread 0x000001886a60b800 DEOPT UNPACKING pc=0x000001885314964e sp=0x0000006a291f9e68 mode 0
Event: 308.442 Thread 0x000001886a60b800 DEOPT PACKING pc=0x0000018855274b48 sp=0x0000006a291fa930
Event: 308.442 Thread 0x000001886a60b800 DEOPT UNPACKING pc=0x000001885314964e sp=0x0000006a291f9e68 mode 0

Classes unloaded (20 events):
Event: 45.294 Thread 0x00000188659de000 Unloading class 0x000000080159d040 'org/gradle/internal/execution/steps/CaptureStateBeforeExecutionStep$$Lambda$621'
Event: 45.294 Thread 0x00000188659de000 Unloading class 0x000000080159c840 'org/gradle/api/internal/artifacts/transform/DefaultTransformerInvocationFactory$TransformerExecution$$Lambda$619'
Event: 45.294 Thread 0x00000188659de000 Unloading class 0x000000080159c040 'org/gradle/api/internal/artifacts/transform/DefaultTransformerInvocationFactory$TransformerExecution$$Lambda$617'
Event: 45.294 Thread 0x00000188659de000 Unloading class 0x000000080159b840 'org/gradle/internal/execution/steps/CaptureStateBeforeExecutionStep$$Lambda$615'
Event: 45.294 Thread 0x00000188659de000 Unloading class 0x000000080159a840 'org/gradle/internal/execution/steps/CaptureStateBeforeExecutionStep$$Lambda$612'
Event: 45.294 Thread 0x00000188659de000 Unloading class 0x000000080159a440 'org/gradle/internal/execution/steps/CaptureStateBeforeExecutionStep$$Lambda$611'
Event: 45.294 Thread 0x00000188659de000 Unloading class 0x0000000801599840 'org/gradle/internal/execution/steps/CaptureStateBeforeExecutionStep$$Lambda$609'
Event: 45.294 Thread 0x00000188659de000 Unloading class 0x0000000801599040 'org/gradle/internal/execution/steps/CaptureStateBeforeExecutionStep$$Lambda$606'
Event: 45.294 Thread 0x00000188659de000 Unloading class 0x0000000801598840 'org/gradle/internal/execution/steps/ValidateStep$$Lambda$603'
Event: 45.294 Thread 0x00000188659de000 Unloading class 0x0000000801581440 'org/gradle/internal/execution/steps/SkipEmptyWorkStep$$Lambda$602'
Event: 45.294 Thread 0x00000188659de000 Unloading class 0x0000000801581040 'org/gradle/internal/execution/steps/SkipEmptyWorkStep$$Lambda$600'
Event: 45.294 Thread 0x00000188659de000 Unloading class 0x0000000801581840 'org/gradle/internal/execution/steps/SkipEmptyWorkStep$$Lambda$598'
Event: 45.294 Thread 0x00000188659de000 Unloading class 0x0000000801582040 'org/gradle/internal/execution/steps/LoadExecutionStateStep$$Lambda$596'
Event: 45.294 Thread 0x00000188659de000 Unloading class 0x0000000801582840 'org/gradle/internal/execution/steps/LoadExecutionStateStep$$Lambda$594'
Event: 45.294 Thread 0x00000188659de000 Unloading class 0x0000000801583c40 'org/gradle/internal/snapshot/impl/DirectorySnapshotter$PathVisitor$$Lambda$591'
Event: 45.294 Thread 0x00000188659de000 Unloading class 0x0000000801583840 'java/lang/invoke/LambdaForm$MH'
Event: 45.294 Thread 0x00000188659de000 Unloading class 0x0000000801584040 'org/gradle/api/internal/artifacts/transform/DefaultTransformerInvocationFactory$2$$Lambda$590'
Event: 45.294 Thread 0x00000188659de000 Unloading class 0x0000000801587440 'org/gradle/api/internal/artifacts/transform/TransformationStep$$Lambda$582'
Event: 45.294 Thread 0x00000188659de000 Unloading class 0x0000000800ff6840 'org/gradle/api/internal/artifacts/ivyservice/ivyresolve/ErrorHandlingModuleComponentRepository$ErrorHandlingModuleComponentRepositoryAccess$$Lambda$197'
Event: 45.294 Thread 0x00000188659de000 Unloading class 0x0000000800ff7c40 'org/gradle/api/internal/artifacts/ivyservice/ivyresolve/ErrorHandlingModuleComponentRepository$ErrorHandlingModuleComponentRepositoryAccess$$Lambda$194'

Classes redefined (0 events):
No events

Internal exceptions (20 events):
Event: 300.644 Thread 0x000001886a60b800 Exception <a 'sun/nio/fs/WindowsException'{0x00000000ece944b0}> (0x00000000ece944b0) 
thrown [t:/workspace/open/src/hotspot/share/prims/jni.cpp, line 598]
Event: 300.645 Thread 0x000001886a60b800 Exception <a 'sun/nio/fs/WindowsException'{0x00000000ece94860}> (0x00000000ece94860) 
thrown [t:/workspace/open/src/hotspot/share/prims/jni.cpp, line 598]
Event: 300.761 Thread 0x000001886a60b800 Exception <a 'sun/nio/fs/WindowsException'{0x00000000ec1d0bb8}> (0x00000000ec1d0bb8) 
thrown [t:/workspace/open/src/hotspot/share/prims/jni.cpp, line 598]
Event: 300.854 Thread 0x000001886a60b800 Exception <a 'sun/nio/fs/WindowsException'{0x00000000f0b641f8}> (0x00000000f0b641f8) 
thrown [t:/workspace/open/src/hotspot/share/prims/jni.cpp, line 598]
Event: 305.657 Thread 0x000001886a60b800 Exception <a 'sun/nio/fs/WindowsException'{0x00000000f063a550}> (0x00000000f063a550) 
thrown [t:/workspace/open/src/hotspot/share/prims/jni.cpp, line 598]
Event: 305.760 Thread 0x000001886a60b800 Exception <a 'sun/nio/fs/WindowsException'{0x00000000f017baf8}> (0x00000000f017baf8) 
thrown [t:/workspace/open/src/hotspot/share/prims/jni.cpp, line 598]
Event: 305.811 Thread 0x000001886a60b800 Exception <a 'sun/nio/fs/WindowsException'{0x00000000effcade8}> (0x00000000effcade8) 
thrown [t:/workspace/open/src/hotspot/share/prims/jni.cpp, line 598]
Event: 305.856 Thread 0x000001886a60b800 Exception <a 'sun/nio/fs/WindowsException'{0x00000000efc1d218}> (0x00000000efc1d218) 
thrown [t:/workspace/open/src/hotspot/share/prims/jni.cpp, line 598]
Event: 305.901 Thread 0x000001886a60b800 Exception <a 'sun/nio/fs/WindowsException'{0x00000000efa6c880}> (0x00000000efa6c880) 
thrown [t:/workspace/open/src/hotspot/share/prims/jni.cpp, line 598]
Event: 306.046 Thread 0x000001886a60b800 Exception <a 'sun/nio/fs/WindowsException'{0x00000000ef4ee130}> (0x00000000ef4ee130) 
thrown [t:/workspace/open/src/hotspot/share/prims/jni.cpp, line 598]
Event: 306.090 Thread 0x000001886a60b800 Exception <a 'sun/nio/fs/WindowsException'{0x00000000ef13f488}> (0x00000000ef13f488) 
thrown [t:/workspace/open/src/hotspot/share/prims/jni.cpp, line 598]
Event: 306.142 Thread 0x000001886a60b800 Implicit null exception at 0x00000188549581cf to 0x000001885495887b
Event: 306.142 Thread 0x000001886a60b800 Exception <a 'java/lang/NullPointerException'{0x00000000eee06d40}> (0x00000000eee06d40) 
thrown [t:/workspace/open/src/hotspot/share/runtime/sharedRuntime.cpp, line 585]
Event: 306.147 Thread 0x000001886a60b800 Exception <a 'sun/nio/fs/WindowsException'{0x00000000eee25ff0}> (0x00000000eee25ff0) 
thrown [t:/workspace/open/src/hotspot/share/prims/jni.cpp, line 598]
Event: 306.210 Thread 0x000001886a60b800 Exception <a 'sun/nio/fs/WindowsException'{0x00000000eebd78e8}> (0x00000000eebd78e8) 
thrown [t:/workspace/open/src/hotspot/share/prims/jni.cpp, line 598]
Event: 306.291 Thread 0x000001886a60b800 Implicit null exception at 0x00000188549581cf to 0x000001885495887b
Event: 306.291 Thread 0x000001886a60b800 Exception <a 'java/lang/NullPointerException'{0x00000000ee88f068}> (0x00000000ee88f068) 
thrown [t:/workspace/open/src/hotspot/share/runtime/sharedRuntime.cpp, line 585]
Event: 306.297 Thread 0x000001886a60b800 Exception <a 'sun/nio/fs/WindowsException'{0x00000000ee8ad9b8}> (0x00000000ee8ad9b8) 
thrown [t:/workspace/open/src/hotspot/share/prims/jni.cpp, line 598]
Event: 306.431 Thread 0x000001886a60b800 Exception <a 'sun/nio/fs/WindowsException'{0x00000000ee4b7968}> (0x00000000ee4b7968) 
thrown [t:/workspace/open/src/hotspot/share/prims/jni.cpp, line 598]
Event: 306.609 Thread 0x000001886a60b800 Exception <a 'sun/nio/fs/WindowsException'{0x00000000edc63230}> (0x00000000edc63230) 
thrown [t:/workspace/open/src/hotspot/share/prims/jni.cpp, line 598]

Events (20 events):
Event: 306.729 Loaded shared library C:\Program Files\Java\jdk-13.0.2\bin\zip.dll
Event: 306.731 Loaded shared library C:\Program Files\Java\jdk-13.0.2\bin\zip.dll
Event: 306.732 Loaded shared library C:\Program Files\Java\jdk-13.0.2\bin\zip.dll
Event: 306.745 Executing VM operation: BulkRevokeBias
Event: 306.746 Executing VM operation: BulkRevokeBias done
Event: 306.918 Executing VM operation: BulkRevokeBias
Event: 306.921 Executing VM operation: BulkRevokeBias done
Event: 307.026 loading class org/gradle/api/internal/artifacts/DefaultPublishArtifactSet$1
Event: 307.026 loading class org/gradle/api/internal/artifacts/DefaultPublishArtifactSet$1 done
Event: 307.152 Executing VM operation: RevokeBias
Event: 307.152 Executing VM operation: RevokeBias done
Event: 307.259 Executing VM operation: G1CollectForAllocation
Event: 307.303 Executing VM operation: G1CollectForAllocation done
Event: 307.517 Executing VM operation: RevokeBias
Event: 307.517 Executing VM operation: RevokeBias done
Event: 307.628 Thread 0x0000018867072000 Thread added: 0x0000018867072000
Event: 308.080 Executing VM operation: G1CollectForAllocation
Event: 308.128 Executing VM operation: G1CollectForAllocation done
Event: 308.452 Executing VM operation: G1Concurrent
Event: 308.463 Executing VM operation: G1Concurrent done


Dynamic libraries:
0x00007ff725260000 - 0x00007ff72526f000 	C:\Program Files\Java\jdk-13.0.2\bin\java.exe
0x00007ffca0c80000 - 0x00007ffca0e70000 	C:\WINDOWS\SYSTEM32\ntdll.dll
0x00007ffca0580000 - 0x00007ffca0632000 	C:\WINDOWS\System32\KERNEL32.DLL
0x00007ffc9e640000 - 0x00007ffc9e8e3000 	C:\WINDOWS\System32\KERNELBASE.dll
0x00007ffc9eb80000 - 0x00007ffc9ec7a000 	C:\WINDOWS\System32\ucrtbase.dll
0x00007ffc96e10000 - 0x00007ffc96e25000 	C:\Program Files\Java\jdk-13.0.2\bin\VCRUNTIME140.dll
0x00007ffc96e30000 - 0x00007ffc96e48000 	C:\Program Files\Java\jdk-13.0.2\bin\jli.dll
0x00007ffc9ef20000 - 0x00007ffc9efc3000 	C:\WINDOWS\System32\ADVAPI32.dll
0x00007ffc9f730000 - 0x00007ffc9f7ce000 	C:\WINDOWS\System32\msvcrt.dll
0x00007ffca0370000 - 0x00007ffca0407000 	C:\WINDOWS\System32\sechost.dll
0x00007ffc9fbe0000 - 0x00007ffc9fd00000 	C:\WINDOWS\System32\RPCRT4.dll
0x00007ffc9f7d0000 - 0x00007ffc9f964000 	C:\WINDOWS\System32\USER32.dll
0x00007ffc9eb50000 - 0x00007ffc9eb71000 	C:\WINDOWS\System32\win32u.dll
0x00007ffc9ee20000 - 0x00007ffc9ee46000 	C:\WINDOWS\System32\GDI32.dll
0x00007ffc8a630000 - 0x00007ffc8a8b5000 	C:\WINDOWS\WinSxS\amd64_microsoft.windows.common-controls_6595b64144ccf1df_6.0.18362.778_none_e6c6b761130d4fb8\COMCTL32.dll
0x00007ffc9e3f0000 - 0x00007ffc9e584000 	C:\WINDOWS\System32\gdi32full.dll
0x00007ffc9eab0000 - 0x00007ffc9eb4e000 	C:\WINDOWS\System32\msvcp_win.dll
0x00007ffc9fe10000 - 0x00007ffca0146000 	C:\WINDOWS\System32\combase.dll
0x00007ffc9ec80000 - 0x00007ffc9ed00000 	C:\WINDOWS\System32\bcryptPrimitives.dll
0x00007ffc97580000 - 0x00007ffc9758a000 	C:\WINDOWS\SYSTEM32\VERSION.dll
0x00007ffc9fde0000 - 0x00007ffc9fe0e000 	C:\WINDOWS\System32\IMM32.DLL
0x00007ffc6d660000 - 0x00007ffc6d6fb000 	C:\Program Files\Java\jdk-13.0.2\bin\msvcp140.dll
0x00007ffc61ad0000 - 0x00007ffc6262d000 	C:\Program Files\Java\jdk-13.0.2\bin\server\jvm.dll
0x00007ffca0410000 - 0x00007ffca0418000 	C:\WINDOWS\System32\PSAPI.DLL
0x00007ffc97130000 - 0x00007ffc97139000 	C:\WINDOWS\SYSTEM32\WSOCK32.dll
0x00007ffc9fd70000 - 0x00007ffc9fddf000 	C:\WINDOWS\System32\WS2_32.dll
0x00007ffc9a890000 - 0x00007ffc9a8b4000 	C:\WINDOWS\SYSTEM32\WINMM.dll
0x00007ffc9a860000 - 0x00007ffc9a88d000 	C:\WINDOWS\SYSTEM32\WINMMBASE.dll
0x00007ffc9ea60000 - 0x00007ffc9eaaa000 	C:\WINDOWS\System32\cfgmgr32.dll
0x00007ffc9db50000 - 0x00007ffc9db61000 	C:\WINDOWS\System32\kernel.appcore.dll
0x00007ffc96e00000 - 0x00007ffc96e10000 	C:\Program Files\Java\jdk-13.0.2\bin\verify.dll
0x00007ffc89c40000 - 0x00007ffc89e34000 	C:\WINDOWS\SYSTEM32\DBGHELP.DLL
0x00007ffc879c0000 - 0x00007ffc879ea000 	C:\WINDOWS\SYSTEM32\dbgcore.DLL
0x00007ffc844f0000 - 0x00007ffc84516000 	C:\Program Files\Java\jdk-13.0.2\bin\java.dll
0x00007ffc964d0000 - 0x00007ffc964e7000 	C:\Program Files\Java\jdk-13.0.2\bin\zip.dll
0x00007ffc96c90000 - 0x00007ffc96c9a000 	C:\Program Files\Java\jdk-13.0.2\bin\jimage.dll
0x00007ffc9f040000 - 0x00007ffc9f725000 	C:\WINDOWS\System32\SHELL32.dll
0x00007ffca06c0000 - 0x00007ffca0769000 	C:\WINDOWS\System32\shcore.dll
0x00007ffc9dc70000 - 0x00007ffc9e3f0000 	C:\WINDOWS\System32\windows.storage.dll
0x00007ffc9db90000 - 0x00007ffc9dbb3000 	C:\WINDOWS\System32\profapi.dll
0x00007ffc9dbc0000 - 0x00007ffc9dc0a000 	C:\WINDOWS\System32\powrprof.dll
0x00007ffc9db40000 - 0x00007ffc9db50000 	C:\WINDOWS\System32\UMPDC.dll
0x00007ffca0770000 - 0x00007ffca07c2000 	C:\WINDOWS\System32\shlwapi.dll
0x00007ffc9e8f0000 - 0x00007ffc9e907000 	C:\WINDOWS\System32\cryptsp.dll
0x00007ffc8c4c0000 - 0x00007ffc8c4d9000 	C:\Program Files\Java\jdk-13.0.2\bin\net.dll
0x00007ffc993e0000 - 0x00007ffc994d0000 	C:\WINDOWS\SYSTEM32\WINHTTP.dll
0x00007ffc9d3b0000 - 0x00007ffc9d417000 	C:\WINDOWS\system32\mswsock.dll
0x00007ffc8b6c0000 - 0x00007ffc8b6d3000 	C:\Program Files\Java\jdk-13.0.2\bin\nio.dll
0x00007ffc83a50000 - 0x00007ffc83a76000 	C:\Users\arpan\.gradle\native\30\windows-amd64\native-platform.dll
0x00007ffc90a80000 - 0x00007ffc90a89000 	C:\Program Files\Java\jdk-13.0.2\bin\management.dll
0x00007ffc8f2b0000 - 0x00007ffc8f2bb000 	C:\Program Files\Java\jdk-13.0.2\bin\management_ext.dll
0x00007ffc9cf20000 - 0x00007ffc9cf53000 	C:\WINDOWS\system32\rsaenh.dll
0x00007ffc9ed00000 - 0x00007ffc9ed26000 	C:\WINDOWS\System32\bcrypt.dll
0x00007ffc9da60000 - 0x00007ffc9da85000 	C:\WINDOWS\SYSTEM32\USERENV.dll
0x00007ffc9d580000 - 0x00007ffc9d58c000 	C:\WINDOWS\SYSTEM32\CRYPTBASE.dll
0x00007ffc9d0c0000 - 0x00007ffc9d0fa000 	C:\WINDOWS\SYSTEM32\IPHLPAPI.DLL
0x00007ffc9f030000 - 0x00007ffc9f038000 	C:\WINDOWS\System32\NSI.dll
0x00007ffc97110000 - 0x00007ffc97126000 	C:\WINDOWS\SYSTEM32\dhcpcsvc6.DLL
0x00007ffc970f0000 - 0x00007ffc9710c000 	C:\WINDOWS\SYSTEM32\dhcpcsvc.DLL
0x00007ffc9d100000 - 0x00007ffc9d1ca000 	C:\WINDOWS\SYSTEM32\DNSAPI.dll

dbghelp: loaded successfully - version: 4.0.5 - missing functions: none
symbol engine: initialized successfully - sym options: 0x614 - pdb path: .;C:\Program Files\Java\jdk-13.0.2\bin;C:\WINDOWS\SYSTEM32;C:\WINDOWS\WinSxS\amd64_microsoft.windows.common-controls_6595b64144ccf1df_6.0.18362.778_none_e6c6b761130d4fb8;C:\Program Files\Java\jdk-13.0.2\bin\server;C:\Users\arpan\.gradle\native\30\windows-amd64

VM Arguments:
jvm_args: --add-opens=java.base/java.util=ALL-UNNAMED --add-opens=java.base/java.lang=ALL-UNNAMED --add-opens=java.base/java.lang.invoke=ALL-UNNAMED --add-opens=java.prefs/java.util.prefs=ALL-UNNAMED -XX:MaxMetaspaceSize=256m -XX:+HeapDumpOnOutOfMemoryError -Xms256m -Xmx512m -Dfile.encoding=windows-1252 -Duser.country=US -Duser.language=en -Duser.variant 
java_command: org.gradle.launcher.daemon.bootstrap.GradleDaemon 6.0
java_class_path (initial): C:\Users\arpan\.gradle\wrapper\dists\gradle-6.0-all\cra2s42cvogxluqqpvbc5e9xd\gradle-6.0\lib\gradle-launcher-6.0.jar
Launcher Type: SUN_STANDARD

[Global flags]
     intx CICompilerCount                          = 3                                         {product} {ergonomic}
   size_t CompressedClassSpaceSize                 = 260046848                                 {product} {ergonomic}
     uint ConcGCThreads                            = 1                                         {product} {ergonomic}
     uint G1ConcRefinementThreads                  = 4                                         {product} {ergonomic}
   size_t G1HeapRegionSize                         = 1048576                                   {product} {ergonomic}
    uintx GCDrainStackTargetSize                   = 64                                        {product} {ergonomic}
     bool HeapDumpOnOutOfMemoryError               = true                                   {manageable} {command line}
   size_t InitialHeapSize                          = 268435456                                 {product} {command line}
   size_t MarkStackSize                            = 4194304                                   {product} {ergonomic}
   size_t MaxHeapSize                              = 536870912                                 {product} {command line}
   size_t MaxMetaspaceSize                         = 268435456                                 {product} {command line}
   size_t MaxNewSize                               = 321912832                                 {product} {ergonomic}
   size_t MinHeapDeltaBytes                        = 1048576                                   {product} {ergonomic}
   size_t MinHeapSize                              = 268435456                                 {product} {command line}
    uintx NonNMethodCodeHeapSize                   = 5832780                                {pd product} {ergonomic}
    uintx NonProfiledCodeHeapSize                  = 122912730                              {pd product} {ergonomic}
    uintx ProfiledCodeHeapSize                     = 122912730                              {pd product} {ergonomic}
    uintx ReservedCodeCacheSize                    = 251658240                              {pd product} {ergonomic}
     bool SegmentedCodeCache                       = true                                      {product} {ergonomic}
   size_t SoftMaxHeapSize                          = 536870912                              {manageable} {ergonomic}
     bool UseCompressedClassPointers               = true                                 {lp64_product} {ergonomic}
     bool UseCompressedOops                        = true                                 {lp64_product} {ergonomic}
     bool UseG1GC                                  = true                                      {product} {ergonomic}
     bool UseLargePagesIndividualAllocation        = false                                  {pd product} {ergonomic}

Logging:
Log output configuration:
 #0: stdout all=warning uptime,level,tags
 #1: stderr all=off uptime,level,tags

Environment Variables:
JAVA_HOME=C:\Program Files\Java\jdk-13.0.2
CLASSPATH=E:\reactnative\AnimalFarm\android\\gradle\wrapper\gradle-wrapper.jar
PATH=C:\Program Files (x86)\Common Files\Oracle\Java\javapath;C:\Program Files\Java\jdk-13.0.2\bin;C:\PROGRA~1\PTC\MKSTOO~1\bin64;C:\PROGRA~1\PTC\MKSTOO~1\bin;C:\PROGRA~1\PTC\MKSTOO~1\bin\X11;C:\PROGRA~1\PTC\MKSTOO~1\mksnt;C:\Program Files (x86)\Intel\iCLS Client\;C:\Program Files\Intel\iCLS Client\;C:\ProgramData\Oracle\Java\javapath;C:\WINDOWS\system32;C:\WINDOWS;C:\WINDOWS\System32\Wbem;C:\WINDOWS\System32\WindowsPowerShell\v1.0\;C:\Program Files (x86)\NVIDIA Corporation\PhysX\Common;C:\WINDOWS\System32\OpenSSH\;C:\Program Files (x86)\Intel\Intel(R) Management Engine Components\DAL;C:\Program Files\Intel\Intel(R) Management Engine Components\DAL;C:\Program Files (x86)\Intel\Intel(R) Management Engine Components\IPT;C:\Program Files\Intel\Intel(R) Management Engine Components\IPT;C:\Program Files\NVIDIA Corporation\NVIDIA NvDLISR;C:\WINDOWS\system32;C:\WINDOWS;C:\WINDOWS\System32\Wbem;C:\WINDOWS\System32\WindowsPowerShell\v1.0\;C:\WINDOWS\System32\OpenSSH\;C:\Program Files\Microsoft VS Code\bin;C:\Program Files (x86)\Brackets\command;C:\ProgramData\chocolatey\bin;C:\Program Files\Java\jdk1.8.0_231\bin;c:\Users\arpan\AppData\Local\Android\Sdk\platform-tools;C:\Program Files\Git\cmd;C:\Program Files\nodejs\;C:\Program Files\Java\jre1.8.0_241\bin;C:\Program Files\Java\jdk-13.0.2\bin;c:\Users\arpan\AppData\Local\Android\Sdk\platform-tools;C:\Users\arpan\AppData\Local\Microsoft\WindowsApps;C:\Program Files\Microsoft VS Code\bin;C:\Program Files\Java\jdk-12.0.2\bin;C:\Program Files\heroku\bin;C:\Users\arpan\AppData\Roaming\npm;
USERNAME=arpan
DISPLAY=:0.0
OS=Windows_NT
PROCESSOR_IDENTIFIER=Intel64 Family 6 Model 142 Stepping 9, GenuineIntel



---------------  S Y S T E M  ---------------

OS: Windows 10 , 64 bit Build 18362 (10.0.18362.778)

CPU:total 4 (initial active 4) (2 cores per cpu, 2 threads per core) family 6 model 142 stepping 9, cmov, cx8, fxsr, mmx, sse, sse2, sse3, ssse3, sse4.1, sse4.2, popcnt, avx, avx2, aes, clmul, erms, 3dnowpref, lzcnt, ht, tsc, tscinvbit, bmi1, bmi2, adx, fma

Memory: 4k page, system-wide physical 8060M (1398M free)
TotalPageFile size 8060M (AvailPageFile size 5M)
current process WorkingSet (physical memory assigned to process): 544M, peak: 544M
current process commit charge ("private bytes"): 640M, peak: 642M

vm_info: Java HotSpot(TM) 64-Bit Server VM (13.0.2+8) for windows-amd64 JRE (13.0.2+8), built on Dec 11 2019 09:20:33 by "mach5one" with unknown MS VC++:1916

END.
