#
# There is insufficient memory for the Java Runtime Environment to continue.
# Native memory allocation (malloc) failed to allocate 393136 bytes for Chunk::new
# Possible reasons:
#   The system is out of physical RAM or swap space
#   The process is running with CompressedOops enabled, and the Java Heap may be blocking the growth of the native heap
# Possible solutions:
#   Reduce memory load on the system
#   Increase physical memory or swap space
#   Check if swap backing store is full
#   Decrease Java heap size (-Xmx/-Xms)
#   Decrease number of Java threads
#   Decrease Java thread stack sizes (-Xss)
#   Set larger code cache with -XX:ReservedCodeCacheSize=
#   JVM is running with Unscaled Compressed Oops mode in which the Java heap is
#     placed in the first 4GB address space. The Java Heap base address is the
#     maximum limit for the native heap growth. Please use -XX:HeapBaseMinAddress
#     to set the Java Heap base and to place the Java Heap above 4GB virtual address.
# This output file may be truncated or incomplete.
#
#  Out of Memory Error (t:/workspace/open/src/hotspot/share/memory/arena.cpp:196), pid=10884, tid=8752
#
# JRE version: Java(TM) SE Runtime Environment (13.0.2+8) (build 13.0.2+8)
# Java VM: Java HotSpot(TM) 64-Bit Server VM (13.0.2+8, mixed mode, sharing, tiered, compressed oops, g1 gc, windows-amd64)
# No core dump will be written. Minidumps are not enabled by default on client versions of Windows
#

---------------  S U M M A R Y ------------

Command Line: --add-opens=java.base/java.util=ALL-UNNAMED --add-opens=java.base/java.lang=ALL-UNNAMED --add-opens=java.base/java.lang.invoke=ALL-UNNAMED --add-opens=java.prefs/java.util.prefs=ALL-UNNAMED -XX:MaxMetaspaceSize=256m -XX:+HeapDumpOnOutOfMemoryError -Xms256m -Xmx512m -Dfile.encoding=windows-1252 -Duser.country=US -Duser.language=en -Duser.variant org.gradle.launcher.daemon.bootstrap.GradleDaemon 6.0

Host: Intel(R) Core(TM) i5-7200U CPU @ 2.50GHz, 4 cores, 7G,  Windows 10 , 64 bit Build 18362 (10.0.18362.778)
Time: Mon May 11 16:36:39 2020 India Standard Time elapsed time: 2566 seconds (0d 0h 42m 46s)

---------------  T H R E A D  ---------------

Current thread (0x000001a5e6013000):  JavaThread "C2 CompilerThread0" daemon [_thread_in_native, id=8752, stack(0x00000042dd800000,0x00000042dd900000)]


Current CompileTask:
C2:2566081 16638       4       java.util.Properties::loadConvert (544 bytes)

Stack: [0x00000042dd800000,0x00000042dd900000]
Native frames: (J=compiled Java code, j=interpreted, Vv=VM code, C=native code)
V  [jvm.dll+0x624f9a]
V  [jvm.dll+0x770cfa]
V  [jvm.dll+0x7724af]
V  [jvm.dll+0x772ab3]
V  [jvm.dll+0x24bf08]
V  [jvm.dll+0xc1e47]
V  [jvm.dll+0xc23cc]
V  [jvm.dll+0x2bdbf4]
V  [jvm.dll+0x5441fd]
V  [jvm.dll+0x20e00a]
V  [jvm.dll+0x207ace]
V  [jvm.dll+0x204d1d]
V  [jvm.dll+0x189c2c]
V  [jvm.dll+0x213e6d]
V  [jvm.dll+0x2120bb]
V  [jvm.dll+0x736bb6]
V  [jvm.dll+0x72fcaa]
V  [jvm.dll+0x623ea6]
C  [ucrtbase.dll+0x20e72]
C  [KERNEL32.DLL+0x17bd4]
C  [ntdll.dll+0x6ce51]


---------------  P R O C E S S  ---------------

Threads class SMR info:
_java_thread_list=0x000001a5ecbf64e0, length=29, elements={
0x000001a5c923e000, 0x000001a5e5feb800, 0x000001a5e5ff1000, 0x000001a5e6010000,
0x000001a5e6012000, 0x000001a5e6013000, 0x000001a5e601a000, 0x000001a5e601d800,
0x000001a5e6a50000, 0x000001a5e6a5e000, 0x000001a5e7452800, 0x000001a5e6e16800,
0x000001a5e79ac000, 0x000001a5e81d6800, 0x000001a5e81da800, 0x000001a5e81d7000,
0x000001a5eaf9b800, 0x000001a5eafa0800, 0x000001a5eafa4800, 0x000001a5eafa2000,
0x000001a5e81db000, 0x000001a5eaf9e000, 0x000001a5eaf9c800, 0x000001a5eaf9a000,
0x000001a5eaf9f000, 0x000001a5eafa0000, 0x000001a5eaf9b000, 0x000001a5eafa3000,
0x000001a5eaf9d800
}

Java Threads: ( => current thread )
  0x000001a5c923e000 JavaThread "main" [_thread_blocked, id=1888, stack(0x00000042dcd00000,0x00000042dce00000)]
  0x000001a5e5feb800 JavaThread "Reference Handler" daemon [_thread_blocked, id=14148, stack(0x00000042dd400000,0x00000042dd500000)]
  0x000001a5e5ff1000 JavaThread "Finalizer" daemon [_thread_blocked, id=10348, stack(0x00000042dd500000,0x00000042dd600000)]
  0x000001a5e6010000 JavaThread "Signal Dispatcher" daemon [_thread_blocked, id=14132, stack(0x00000042dd600000,0x00000042dd700000)]
  0x000001a5e6012000 JavaThread "Attach Listener" daemon [_thread_blocked, id=860, stack(0x00000042dd700000,0x00000042dd800000)]
=>0x000001a5e6013000 JavaThread "C2 CompilerThread0" daemon [_thread_in_native, id=8752, stack(0x00000042dd800000,0x00000042dd900000)]
  0x000001a5e601a000 JavaThread "C1 CompilerThread0" daemon [_thread_blocked, id=9500, stack(0x00000042dd900000,0x00000042dda00000)]
  0x000001a5e601d800 JavaThread "Sweeper thread" daemon [_thread_blocked, id=10840, stack(0x00000042dda00000,0x00000042ddb00000)]
  0x000001a5e6a50000 JavaThread "Common-Cleaner" daemon [_thread_blocked, id=3608, stack(0x00000042ddb00000,0x00000042ddc00000)]
  0x000001a5e6a5e000 JavaThread "Service Thread" daemon [_thread_blocked, id=6752, stack(0x00000042ddc00000,0x00000042ddd00000)]
  0x000001a5e7452800 JavaThread "Daemon health stats" [_thread_blocked, id=6640, stack(0x00000042de200000,0x00000042de300000)]
  0x000001a5e6e16800 JavaThread "Incoming local TCP Connector on port 58749" [_thread_in_native, id=1144, stack(0x00000042de100000,0x00000042de200000)]
  0x000001a5e79ac000 JavaThread "Daemon periodic checks" [_thread_blocked, id=2180, stack(0x00000042de300000,0x00000042de400000)]
  0x000001a5e81d6800 JavaThread "Cache worker for file hash cache (C:\Users\arpan\.gradle\caches\6.0\fileHashes)" [_thread_blocked, id=8168, stack(0x00000042deb00000,0x00000042dec00000)]
  0x000001a5e81da800 JavaThread "File lock request listener" [_thread_in_native, id=9412, stack(0x00000042dec00000,0x00000042ded00000)]
  0x000001a5e81d7000 JavaThread "Cache worker for journal cache (C:\Users\arpan\.gradle\caches\journal-1)" [_thread_blocked, id=8348, stack(0x00000042ded00000,0x00000042dee00000)]
  0x000001a5eaf9b800 JavaThread "Cache worker for execution history cache (C:\Users\arpan\.gradle\caches\6.0\executionHistory)" [_thread_blocked, id=5808, stack(0x00000042df200000,0x00000042df300000)]
  0x000001a5eafa0800 JavaThread "Memory manager" [_thread_blocked, id=8380, stack(0x00000042dfa00000,0x00000042dfb00000)]
  0x000001a5eafa4800 JavaThread "Cache worker for file content cache (C:\Users\arpan\.gradle\caches\6.0\fileContent)" [_thread_blocked, id=2992, stack(0x00000042dfd00000,0x00000042dfe00000)]
  0x000001a5eafa2000 JavaThread "Monitor" [_thread_in_native, id=888, stack(0x00000042e0300000,0x00000042e0400000)]
  0x000001a5e81db000 JavaThread "Device List Monitor" [_thread_in_native, id=5252, stack(0x00000042e0400000,0x00000042e0500000)]
  0x000001a5eaf9e000 JavaThread "Daemon Thread 3" [_thread_blocked, id=5332, stack(0x00000042dca00000,0x00000042dcb00000)]
  0x000001a5eaf9c800 JavaThread "Handler for socket connection from /127.0.0.1:58749 to /127.0.0.1:60855" [_thread_in_native, id=3756, stack(0x00000042dcb00000,0x00000042dcc00000)]
  0x000001a5eaf9a000 JavaThread "Cancel handler" [_thread_blocked, id=5336, stack(0x00000042dcc00000,0x00000042dcd00000)]
  0x000001a5eaf9f000 JavaThread "Daemon worker Thread 3" [_thread_in_vm, id=15192, stack(0x00000042de400000,0x00000042de500000)]
  0x000001a5eafa0000 JavaThread "Asynchronous log dispatcher for DefaultDaemonConnection: socket connection from /127.0.0.1:58749 to /127.0.0.1:60855" [_thread_blocked, id=9728, stack(0x00000042de500000,0x00000042de600000)]
  0x000001a5eaf9b000 JavaThread "Stdin handler" [_thread_blocked, id=4108, stack(0x00000042de600000,0x00000042de700000)]
  0x000001a5eafa3000 JavaThread "Thread-54" [_thread_blocked, id=5816, stack(0x00000042de700000,0x00000042de800000)]
  0x000001a5eaf9d800 JavaThread "Cache worker for file hash cache (E:\reactnative\AnimalFarm\android\.gradle\6.0\fileHashes)" [_thread_blocked, id=10072, stack(0x00000042de800000,0x00000042de900000)]

Other Threads:
  0x000001a5e5fe7000 VMThread "VM Thread" [stack: 0x00000042dd300000,0x00000042dd400000] [id=11944]
  0x000001a5e6a64000 WatcherThread [stack: 0x00000042ddd00000,0x00000042dde00000] [id=1520]
  0x000001a5c9297800 GCTaskThread "GC Thread#0" [stack: 0x00000042dce00000,0x00000042dcf00000] [id=7524]
  0x000001a5e727c000 GCTaskThread "GC Thread#1" [stack: 0x00000042dde00000,0x00000042ddf00000] [id=10852]
  0x000001a5e727c800 GCTaskThread "GC Thread#2" [stack: 0x00000042ddf00000,0x00000042de000000] [id=1412]
  0x000001a5e727d800 GCTaskThread "GC Thread#3" [stack: 0x00000042de000000,0x00000042de100000] [id=6812]
  0x000001a5c929d800 ConcurrentGCThread "G1 Main Marker" [stack: 0x00000042dcf00000,0x00000042dd000000] [id=7792]
  0x000001a5c929e800 ConcurrentGCThread "G1 Conc#0" [stack: 0x00000042dd000000,0x00000042dd100000] [id=7056]
  0x000001a5e5e9c800 ConcurrentGCThread "G1 Refine#0" [stack: 0x00000042dd100000,0x00000042dd200000] [id=14856]
  0x000001a5eaaba000 ConcurrentGCThread "G1 Refine#1" [stack: 0x00000042dfb00000,0x00000042dfc00000] [id=10176]
  0x000001a5e884c800 ConcurrentGCThread "G1 Refine#2" [stack: 0x00000042dfc00000,0x00000042dfd00000] [id=8416]
  0x000001a5f02e7800 ConcurrentGCThread "G1 Refine#3" [stack: 0x00000042df500000,0x00000042df600000] [id=6328]
  0x000001a5c933e000 ConcurrentGCThread "G1 Young RemSet Sampling" [stack: 0x00000042dd200000,0x00000042dd300000] [id=14568]

Threads with active compile tasks:
C2 CompilerThread0  2566416 16638       4       java.util.Properties::loadConvert (544 bytes)

VM state:not at safepoint (normal execution)

VM Mutex/Monitor currently owned by a thread: None

Heap address: 0x00000000e0000000, size: 512 MB, Compressed Oops mode: 32-bit
Narrow klass base: 0x0000000800000000, Narrow klass shift: 3
Compressed class space size: 260046848 Address: 0x0000000800b40000

Heap:
 garbage-first heap   total 285696K, used 167606K [0x00000000e0000000, 0x0000000100000000)
  region size 1024K, 25 young (25600K), 3 survivors (3072K)
 Metaspace       used 82014K, capacity 85715K, committed 86360K, reserved 329728K
  class space    used 10360K, capacity 11656K, committed 11904K, reserved 253952K
Heap Regions: E=young(eden), S=young(survivor), O=old, HS=humongous(starts), HC=humongous(continues), CS=collection set, F=free, A=archive, TAMS=top-at-mark-start (previous, next)
|   0|0x00000000e0000000, 0x00000000e0000000, 0x00000000e0100000|  0%| F|  |TAMS 0x00000000e0000000, 0x00000000e0000000| Untracked 
|   1|0x00000000e0100000, 0x00000000e0200000, 0x00000000e0200000|100%| O|  |TAMS 0x00000000e0200000, 0x00000000e0100000| Complete 
|   2|0x00000000e0200000, 0x00000000e0300000, 0x00000000e0300000|100%| O|  |TAMS 0x00000000e0300000, 0x00000000e0200000| Complete 
|   3|0x00000000e0300000, 0x00000000e0400000, 0x00000000e0400000|100%|HS|  |TAMS 0x00000000e0400000, 0x00000000e0300000| Complete 
|   4|0x00000000e0400000, 0x00000000e0500000, 0x00000000e0500000|100%|HC|  |TAMS 0x00000000e0500000, 0x00000000e0400000| Complete 
|   5|0x00000000e0500000, 0x00000000e0600000, 0x00000000e0600000|100%|HC|  |TAMS 0x00000000e0600000, 0x00000000e0500000| Complete 
|   6|0x00000000e0600000, 0x00000000e0700000, 0x00000000e0700000|100%| O|  |TAMS 0x00000000e0700000, 0x00000000e0600000| Complete 
|   7|0x00000000e0700000, 0x00000000e0800000, 0x00000000e0800000|100%| O|  |TAMS 0x00000000e0800000, 0x00000000e0700000| Untracked 
|   8|0x00000000e0800000, 0x00000000e0900000, 0x00000000e0900000|100%| O|  |TAMS 0x00000000e0900000, 0x00000000e0800000| Complete 
|   9|0x00000000e0900000, 0x00000000e0a00000, 0x00000000e0a00000|100%| O|  |TAMS 0x00000000e0a00000, 0x00000000e0900000| Untracked 
|  10|0x00000000e0a00000, 0x00000000e0b00000, 0x00000000e0b00000|100%| O|  |TAMS 0x00000000e0b00000, 0x00000000e0a00000| Untracked 
|  11|0x00000000e0b00000, 0x00000000e0c00000, 0x00000000e0c00000|100%| O|  |TAMS 0x00000000e0c00000, 0x00000000e0b00000| Untracked 
|  12|0x00000000e0c00000, 0x00000000e0d00000, 0x00000000e0d00000|100%| O|  |TAMS 0x00000000e0d00000, 0x00000000e0c00000| Untracked 
|  13|0x00000000e0d00000, 0x00000000e0e00000, 0x00000000e0e00000|100%|HS|  |TAMS 0x00000000e0e00000, 0x00000000e0d00000| Complete 
|  14|0x00000000e0e00000, 0x00000000e0f00000, 0x00000000e0f00000|100%|HC|  |TAMS 0x00000000e0f00000, 0x00000000e0e00000| Complete 
|  15|0x00000000e0f00000, 0x00000000e1000000, 0x00000000e1000000|100%|HC|  |TAMS 0x00000000e1000000, 0x00000000e0f00000| Complete 
|  16|0x00000000e1000000, 0x00000000e1100000, 0x00000000e1100000|100%| O|  |TAMS 0x00000000e1100000, 0x00000000e1000000| Untracked 
|  17|0x00000000e1100000, 0x00000000e1200000, 0x00000000e1200000|100%| O|  |TAMS 0x00000000e1200000, 0x00000000e1100000| Untracked 
|  18|0x00000000e1200000, 0x00000000e1300000, 0x00000000e1300000|100%| O|  |TAMS 0x00000000e1300000, 0x00000000e1200000| Complete 
|  19|0x00000000e1300000, 0x00000000e1400000, 0x00000000e1400000|100%|HS|  |TAMS 0x00000000e1400000, 0x00000000e1300000| Complete 
|  20|0x00000000e1400000, 0x00000000e1500000, 0x00000000e1500000|100%|HC|  |TAMS 0x00000000e1500000, 0x00000000e1400000| Complete 
|  21|0x00000000e1500000, 0x00000000e1600000, 0x00000000e1600000|100%| O|  |TAMS 0x00000000e1600000, 0x00000000e1500000| Complete 
|  22|0x00000000e1600000, 0x00000000e1700000, 0x00000000e1700000|100%| O|  |TAMS 0x00000000e1700000, 0x00000000e1600000| Complete 
|  23|0x00000000e1700000, 0x00000000e1800000, 0x00000000e1800000|100%| O|  |TAMS 0x00000000e1800000, 0x00000000e1700000| Complete 
|  24|0x00000000e1800000, 0x00000000e1900000, 0x00000000e1900000|100%| O|  |TAMS 0x00000000e1900000, 0x00000000e1800000| Complete 
|  25|0x00000000e1900000, 0x00000000e1a00000, 0x00000000e1a00000|100%| O|  |TAMS 0x00000000e1a00000, 0x00000000e1900000| Complete 
|  26|0x00000000e1a00000, 0x00000000e1b00000, 0x00000000e1b00000|100%| O|  |TAMS 0x00000000e1b00000, 0x00000000e1a00000| Complete 
|  27|0x00000000e1b00000, 0x00000000e1c00000, 0x00000000e1c00000|100%| O|  |TAMS 0x00000000e1c00000, 0x00000000e1b00000| Untracked 
|  28|0x00000000e1c00000, 0x00000000e1c00000, 0x00000000e1d00000|  0%| F|  |TAMS 0x00000000e1c00000, 0x00000000e1c00000| Untracked 
|  29|0x00000000e1d00000, 0x00000000e1e00000, 0x00000000e1e00000|100%| O|  |TAMS 0x00000000e1e00000, 0x00000000e1d00000| Complete 
|  30|0x00000000e1e00000, 0x00000000e1f00000, 0x00000000e1f00000|100%| O|  |TAMS 0x00000000e1f00000, 0x00000000e1e00000| Untracked 
|  31|0x00000000e1f00000, 0x00000000e1f00000, 0x00000000e2000000|  0%| F|  |TAMS 0x00000000e1f00000, 0x00000000e1f00000| Untracked 
|  32|0x00000000e2000000, 0x00000000e2100000, 0x00000000e2100000|100%| O|  |TAMS 0x00000000e2100000, 0x00000000e2000000| Untracked 
|  33|0x00000000e2100000, 0x00000000e2200000, 0x00000000e2200000|100%| O|  |TAMS 0x00000000e2200000, 0x00000000e2100000| Complete 
|  34|0x00000000e2200000, 0x00000000e2300000, 0x00000000e2300000|100%| O|  |TAMS 0x00000000e2300000, 0x00000000e2200000| Complete 
|  35|0x00000000e2300000, 0x00000000e2400000, 0x00000000e2400000|100%| O|  |TAMS 0x00000000e2400000, 0x00000000e2300000| Untracked 
|  36|0x00000000e2400000, 0x00000000e2400000, 0x00000000e2500000|  0%| F|  |TAMS 0x00000000e2400000, 0x00000000e2400000| Untracked 
|  37|0x00000000e2500000, 0x00000000e2600000, 0x00000000e2600000|100%|HS|  |TAMS 0x00000000e2600000, 0x00000000e2500000| Complete 
|  38|0x00000000e2600000, 0x00000000e2700000, 0x00000000e2700000|100%|HC|  |TAMS 0x00000000e2700000, 0x00000000e2600000| Complete 
|  39|0x00000000e2700000, 0x00000000e2800000, 0x00000000e2800000|100%|HC|  |TAMS 0x00000000e2800000, 0x00000000e2700000| Complete 
|  40|0x00000000e2800000, 0x00000000e2900000, 0x00000000e2900000|100%| O|  |TAMS 0x00000000e2900000, 0x00000000e2800000| Complete 
|  41|0x00000000e2900000, 0x00000000e2a00000, 0x00000000e2a00000|100%| O|  |TAMS 0x00000000e2a00000, 0x00000000e2900000| Complete 
|  42|0x00000000e2a00000, 0x00000000e2a00000, 0x00000000e2b00000|  0%| F|  |TAMS 0x00000000e2a00000, 0x00000000e2a00000| Untracked 
|  43|0x00000000e2b00000, 0x00000000e2b00000, 0x00000000e2c00000|  0%| F|  |TAMS 0x00000000e2b00000, 0x00000000e2b00000| Untracked 
|  44|0x00000000e2c00000, 0x00000000e2c00000, 0x00000000e2d00000|  0%| F|  |TAMS 0x00000000e2c00000, 0x00000000e2c00000| Untracked 
|  45|0x00000000e2d00000, 0x00000000e2e00000, 0x00000000e2e00000|100%| O|  |TAMS 0x00000000e2e00000, 0x00000000e2d00000| Complete 
|  46|0x00000000e2e00000, 0x00000000e2f00000, 0x00000000e2f00000|100%| O|  |TAMS 0x00000000e2f00000, 0x00000000e2e00000| Untracked 
|  47|0x00000000e2f00000, 0x00000000e3000000, 0x00000000e3000000|100%| O|  |TAMS 0x00000000e3000000, 0x00000000e2f00000| Complete 
|  48|0x00000000e3000000, 0x00000000e3100000, 0x00000000e3100000|100%| O|  |TAMS 0x00000000e3100000, 0x00000000e3000000| Complete 
|  49|0x00000000e3100000, 0x00000000e3200000, 0x00000000e3200000|100%| O|  |TAMS 0x00000000e3200000, 0x00000000e3100000| Complete 
|  50|0x00000000e3200000, 0x00000000e3300000, 0x00000000e3300000|100%| O|  |TAMS 0x00000000e3300000, 0x00000000e3200000| Complete 
|  51|0x00000000e3300000, 0x00000000e3400000, 0x00000000e3400000|100%| O|  |TAMS 0x00000000e3400000, 0x00000000e3300000| Complete 
|  52|0x00000000e3400000, 0x00000000e3500000, 0x00000000e3500000|100%|HS|  |TAMS 0x00000000e3500000, 0x00000000e3400000| Complete 
|  53|0x00000000e3500000, 0x00000000e3600000, 0x00000000e3600000|100%|HC|  |TAMS 0x00000000e3600000, 0x00000000e3500000| Complete 
|  54|0x00000000e3600000, 0x00000000e3700000, 0x00000000e3700000|100%|HS|  |TAMS 0x00000000e3700000, 0x00000000e3600000| Complete 
|  55|0x00000000e3700000, 0x00000000e3800000, 0x00000000e3800000|100%|HC|  |TAMS 0x00000000e3800000, 0x00000000e3700000| Complete 
|  56|0x00000000e3800000, 0x00000000e3900000, 0x00000000e3900000|100%|HC|  |TAMS 0x00000000e3900000, 0x00000000e3800000| Complete 
|  57|0x00000000e3900000, 0x00000000e3900000, 0x00000000e3a00000|  0%| F|  |TAMS 0x00000000e3900000, 0x00000000e3900000| Untracked 
|  58|0x00000000e3a00000, 0x00000000e3b00000, 0x00000000e3b00000|100%| O|  |TAMS 0x00000000e3b00000, 0x00000000e3a00000| Untracked 
|  59|0x00000000e3b00000, 0x00000000e3c00000, 0x00000000e3c00000|100%| O|  |TAMS 0x00000000e3c00000, 0x00000000e3b00000| Untracked 
|  60|0x00000000e3c00000, 0x00000000e3d00000, 0x00000000e3d00000|100%| O|  |TAMS 0x00000000e3d00000, 0x00000000e3c00000| Complete 
|  61|0x00000000e3d00000, 0x00000000e3d00000, 0x00000000e3e00000|  0%| F|  |TAMS 0x00000000e3d00000, 0x00000000e3d00000| Untracked 
|  62|0x00000000e3e00000, 0x00000000e3f00000, 0x00000000e3f00000|100%| O|  |TAMS 0x00000000e3f00000, 0x00000000e3e00000| Untracked 
|  63|0x00000000e3f00000, 0x00000000e4000000, 0x00000000e4000000|100%| O|  |TAMS 0x00000000e4000000, 0x00000000e3f00000| Complete 
|  64|0x00000000e4000000, 0x00000000e4000000, 0x00000000e4100000|  0%| F|  |TAMS 0x00000000e4000000, 0x00000000e4000000| Untracked 
|  65|0x00000000e4100000, 0x00000000e4100000, 0x00000000e4200000|  0%| F|  |TAMS 0x00000000e4100000, 0x00000000e4100000| Untracked 
|  66|0x00000000e4200000, 0x00000000e4200000, 0x00000000e4300000|  0%| F|  |TAMS 0x00000000e4200000, 0x00000000e4200000| Untracked 
|  67|0x00000000e4300000, 0x00000000e4400000, 0x00000000e4400000|100%| O|  |TAMS 0x00000000e4400000, 0x00000000e4300000| Complete 
|  68|0x00000000e4400000, 0x00000000e4400000, 0x00000000e4500000|  0%| F|  |TAMS 0x00000000e4400000, 0x00000000e4400000| Untracked 
|  69|0x00000000e4500000, 0x00000000e4500000, 0x00000000e4600000|  0%| F|  |TAMS 0x00000000e4500000, 0x00000000e4500000| Untracked 
|  70|0x00000000e4600000, 0x00000000e4700000, 0x00000000e4700000|100%| O|  |TAMS 0x00000000e4700000, 0x00000000e4600000| Untracked 
|  71|0x00000000e4700000, 0x00000000e4800000, 0x00000000e4800000|100%| O|  |TAMS 0x00000000e4800000, 0x00000000e4700000| Untracked 
|  72|0x00000000e4800000, 0x00000000e4900000, 0x00000000e4900000|100%| O|  |TAMS 0x00000000e4900000, 0x00000000e4800000| Complete 
|  73|0x00000000e4900000, 0x00000000e4a00000, 0x00000000e4a00000|100%| O|  |TAMS 0x00000000e4a00000, 0x00000000e4900000| Untracked 
|  74|0x00000000e4a00000, 0x00000000e4b00000, 0x00000000e4b00000|100%| O|  |TAMS 0x00000000e4b00000, 0x00000000e4a00000| Untracked 
|  75|0x00000000e4b00000, 0x00000000e4c00000, 0x00000000e4c00000|100%| O|  |TAMS 0x00000000e4c00000, 0x00000000e4b00000| Untracked 
|  76|0x00000000e4c00000, 0x00000000e4d00000, 0x00000000e4d00000|100%| O|  |TAMS 0x00000000e4d00000, 0x00000000e4c00000| Untracked 
|  77|0x00000000e4d00000, 0x00000000e4e00000, 0x00000000e4e00000|100%| O|  |TAMS 0x00000000e4e00000, 0x00000000e4d00000| Untracked 
|  78|0x00000000e4e00000, 0x00000000e4f00000, 0x00000000e4f00000|100%| O|  |TAMS 0x00000000e4f00000, 0x00000000e4e00000| Untracked 
|  79|0x00000000e4f00000, 0x00000000e5000000, 0x00000000e5000000|100%| O|  |TAMS 0x00000000e5000000, 0x00000000e4f00000| Untracked 
|  80|0x00000000e5000000, 0x00000000e5100000, 0x00000000e5100000|100%| O|  |TAMS 0x00000000e5100000, 0x00000000e5000000| Untracked 
|  81|0x00000000e5100000, 0x00000000e5200000, 0x00000000e5200000|100%| O|  |TAMS 0x00000000e5200000, 0x00000000e5100000| Untracked 
|  82|0x00000000e5200000, 0x00000000e5300000, 0x00000000e5300000|100%| O|  |TAMS 0x00000000e5300000, 0x00000000e5200000| Untracked 
|  83|0x00000000e5300000, 0x00000000e5400000, 0x00000000e5400000|100%| O|  |TAMS 0x00000000e5400000, 0x00000000e5300000| Untracked 
|  84|0x00000000e5400000, 0x00000000e5500000, 0x00000000e5500000|100%| O|  |TAMS 0x00000000e5500000, 0x00000000e5400000| Untracked 
|  85|0x00000000e5500000, 0x00000000e5600000, 0x00000000e5600000|100%| O|  |TAMS 0x00000000e5600000, 0x00000000e5500000| Untracked 
|  86|0x00000000e5600000, 0x00000000e5700000, 0x00000000e5700000|100%| O|  |TAMS 0x00000000e5700000, 0x00000000e5600000| Untracked 
|  87|0x00000000e5700000, 0x00000000e5800000, 0x00000000e5800000|100%| O|  |TAMS 0x00000000e5800000, 0x00000000e5700000| Untracked 
|  88|0x00000000e5800000, 0x00000000e5900000, 0x00000000e5900000|100%| O|  |TAMS 0x00000000e5900000, 0x00000000e5800000| Untracked 
|  89|0x00000000e5900000, 0x00000000e5a00000, 0x00000000e5a00000|100%| O|  |TAMS 0x00000000e5a00000, 0x00000000e5900000| Untracked 
|  90|0x00000000e5a00000, 0x00000000e5b00000, 0x00000000e5b00000|100%| O|  |TAMS 0x00000000e5b00000, 0x00000000e5a00000| Untracked 
|  91|0x00000000e5b00000, 0x00000000e5c00000, 0x00000000e5c00000|100%| O|  |TAMS 0x00000000e5c00000, 0x00000000e5b00000| Complete 
|  92|0x00000000e5c00000, 0x00000000e5d00000, 0x00000000e5d00000|100%| O|  |TAMS 0x00000000e5d00000, 0x00000000e5c00000| Untracked 
|  93|0x00000000e5d00000, 0x00000000e5e00000, 0x00000000e5e00000|100%| O|  |TAMS 0x00000000e5e00000, 0x00000000e5d00000| Untracked 
|  94|0x00000000e5e00000, 0x00000000e5f00000, 0x00000000e5f00000|100%| O|  |TAMS 0x00000000e5f00000, 0x00000000e5e00000| Complete 
|  95|0x00000000e5f00000, 0x00000000e6000000, 0x00000000e6000000|100%| O|  |TAMS 0x00000000e6000000, 0x00000000e5f00000| Untracked 
|  96|0x00000000e6000000, 0x00000000e6100000, 0x00000000e6100000|100%| O|  |TAMS 0x00000000e6100000, 0x00000000e6000000| Untracked 
|  97|0x00000000e6100000, 0x00000000e6200000, 0x00000000e6200000|100%| O|  |TAMS 0x00000000e6200000, 0x00000000e6100000| Complete 
|  98|0x00000000e6200000, 0x00000000e6300000, 0x00000000e6300000|100%| O|  |TAMS 0x00000000e6300000, 0x00000000e6200000| Untracked 
|  99|0x00000000e6300000, 0x00000000e6300000, 0x00000000e6400000|  0%| F|  |TAMS 0x00000000e6300000, 0x00000000e6300000| Untracked 
| 100|0x00000000e6400000, 0x00000000e6400000, 0x00000000e6500000|  0%| F|  |TAMS 0x00000000e6400000, 0x00000000e6400000| Untracked 
| 101|0x00000000e6500000, 0x00000000e6600000, 0x00000000e6600000|100%| O|  |TAMS 0x00000000e6600000, 0x00000000e6500000| Untracked 
| 102|0x00000000e6600000, 0x00000000e6700000, 0x00000000e6700000|100%| O|  |TAMS 0x00000000e6700000, 0x00000000e6600000| Complete 
| 103|0x00000000e6700000, 0x00000000e6800000, 0x00000000e6800000|100%| O|  |TAMS 0x00000000e6800000, 0x00000000e6700000| Untracked 
| 104|0x00000000e6800000, 0x00000000e6900000, 0x00000000e6900000|100%| O|  |TAMS 0x00000000e6900000, 0x00000000e6800000| Untracked 
| 105|0x00000000e6900000, 0x00000000e6a00000, 0x00000000e6a00000|100%| O|  |TAMS 0x00000000e6a00000, 0x00000000e6900000| Untracked 
| 106|0x00000000e6a00000, 0x00000000e6b00000, 0x00000000e6b00000|100%| O|  |TAMS 0x00000000e6b00000, 0x00000000e6a00000| Untracked 
| 107|0x00000000e6b00000, 0x00000000e6c00000, 0x00000000e6c00000|100%| O|  |TAMS 0x00000000e6c00000, 0x00000000e6b00000| Complete 
| 108|0x00000000e6c00000, 0x00000000e6d00000, 0x00000000e6d00000|100%| O|  |TAMS 0x00000000e6d00000, 0x00000000e6c00000| Untracked 
| 109|0x00000000e6d00000, 0x00000000e6e00000, 0x00000000e6e00000|100%| O|  |TAMS 0x00000000e6e00000, 0x00000000e6d00000| Untracked 
| 110|0x00000000e6e00000, 0x00000000e6f00000, 0x00000000e6f00000|100%| O|  |TAMS 0x00000000e6f00000, 0x00000000e6e00000| Untracked 
| 111|0x00000000e6f00000, 0x00000000e7000000, 0x00000000e7000000|100%| O|  |TAMS 0x00000000e7000000, 0x00000000e6f00000| Untracked 
| 112|0x00000000e7000000, 0x00000000e7000000, 0x00000000e7100000|  0%| F|  |TAMS 0x00000000e7000000, 0x00000000e7000000| Untracked 
| 113|0x00000000e7100000, 0x00000000e7200000, 0x00000000e7200000|100%| O|  |TAMS 0x00000000e7200000, 0x00000000e7100000| Complete 
| 114|0x00000000e7200000, 0x00000000e7200000, 0x00000000e7300000|  0%| F|  |TAMS 0x00000000e7200000, 0x00000000e7200000| Untracked 
| 115|0x00000000e7300000, 0x00000000e7300000, 0x00000000e7400000|  0%| F|  |TAMS 0x00000000e7300000, 0x00000000e7300000| Untracked 
| 116|0x00000000e7400000, 0x00000000e7500000, 0x00000000e7500000|100%| O|  |TAMS 0x00000000e7500000, 0x00000000e7400000| Untracked 
| 117|0x00000000e7500000, 0x00000000e7600000, 0x00000000e7600000|100%| O|  |TAMS 0x00000000e7600000, 0x00000000e7500000| Complete 
| 118|0x00000000e7600000, 0x00000000e7700000, 0x00000000e7700000|100%| O|  |TAMS 0x00000000e7700000, 0x00000000e7600000| Untracked 
| 119|0x00000000e7700000, 0x00000000e7800000, 0x00000000e7800000|100%| O|  |TAMS 0x00000000e7800000, 0x00000000e7700000| Untracked 
| 120|0x00000000e7800000, 0x00000000e7900000, 0x00000000e7900000|100%| O|  |TAMS 0x00000000e7900000, 0x00000000e7800000| Untracked 
| 121|0x00000000e7900000, 0x00000000e7a00000, 0x00000000e7a00000|100%| O|  |TAMS 0x00000000e7a00000, 0x00000000e7900000| Complete 
| 122|0x00000000e7a00000, 0x00000000e7b00000, 0x00000000e7b00000|100%| O|  |TAMS 0x00000000e7b00000, 0x00000000e7a00000| Complete 
| 123|0x00000000e7b00000, 0x00000000e7c00000, 0x00000000e7c00000|100%| O|  |TAMS 0x00000000e7c00000, 0x00000000e7b00000| Complete 
| 124|0x00000000e7c00000, 0x00000000e7c00000, 0x00000000e7d00000|  0%| F|  |TAMS 0x00000000e7c00000, 0x00000000e7c00000| Untracked 
| 125|0x00000000e7d00000, 0x00000000e7e00000, 0x00000000e7e00000|100%| O|  |TAMS 0x00000000e7e00000, 0x00000000e7d00000| Untracked 
| 126|0x00000000e7e00000, 0x00000000e7f00000, 0x00000000e7f00000|100%| O|  |TAMS 0x00000000e7f00000, 0x00000000e7e00000| Untracked 
| 127|0x00000000e7f00000, 0x00000000e7f00000, 0x00000000e8000000|  0%| F|  |TAMS 0x00000000e7f00000, 0x00000000e7f00000| Untracked 
| 128|0x00000000e8000000, 0x00000000e8100000, 0x00000000e8100000|100%| O|  |TAMS 0x00000000e8100000, 0x00000000e8000000| Untracked 
| 129|0x00000000e8100000, 0x00000000e8100000, 0x00000000e8200000|  0%| F|  |TAMS 0x00000000e8100000, 0x00000000e8100000| Untracked 
| 130|0x00000000e8200000, 0x00000000e8200000, 0x00000000e8300000|  0%| F|  |TAMS 0x00000000e8200000, 0x00000000e8200000| Untracked 
| 131|0x00000000e8300000, 0x00000000e8300000, 0x00000000e8400000|  0%| F|  |TAMS 0x00000000e8300000, 0x00000000e8300000| Untracked 
| 132|0x00000000e8400000, 0x00000000e8500000, 0x00000000e8500000|100%| O|  |TAMS 0x00000000e8500000, 0x00000000e8400000| Untracked 
| 133|0x00000000e8500000, 0x00000000e8500000, 0x00000000e8600000|  0%| F|  |TAMS 0x00000000e8500000, 0x00000000e8500000| Untracked 
| 134|0x00000000e8600000, 0x00000000e8600000, 0x00000000e8700000|  0%| F|  |TAMS 0x00000000e8600000, 0x00000000e8600000| Untracked 
| 135|0x00000000e8700000, 0x00000000e8800000, 0x00000000e8800000|100%| O|  |TAMS 0x00000000e8800000, 0x00000000e8700000| Untracked 
| 136|0x00000000e8800000, 0x00000000e8800000, 0x00000000e8900000|  0%| F|  |TAMS 0x00000000e8800000, 0x00000000e8800000| Untracked 
| 137|0x00000000e8900000, 0x00000000e8900000, 0x00000000e8a00000|  0%| F|  |TAMS 0x00000000e8900000, 0x00000000e8900000| Untracked 
| 138|0x00000000e8a00000, 0x00000000e8b00000, 0x00000000e8b00000|100%| O|  |TAMS 0x00000000e8b00000, 0x00000000e8a00000| Complete 
| 139|0x00000000e8b00000, 0x00000000e8c00000, 0x00000000e8c00000|100%| O|  |TAMS 0x00000000e8c00000, 0x00000000e8b00000| Untracked 
| 140|0x00000000e8c00000, 0x00000000e8d00000, 0x00000000e8d00000|100%| O|  |TAMS 0x00000000e8d00000, 0x00000000e8c00000| Untracked 
| 141|0x00000000e8d00000, 0x00000000e8e00000, 0x00000000e8e00000|100%| O|  |TAMS 0x00000000e8e00000, 0x00000000e8d00000| Untracked 
| 142|0x00000000e8e00000, 0x00000000e8f00000, 0x00000000e8f00000|100%| O|  |TAMS 0x00000000e8f00000, 0x00000000e8e00000| Untracked 
| 143|0x00000000e8f00000, 0x00000000e9000000, 0x00000000e9000000|100%| O|  |TAMS 0x00000000e9000000, 0x00000000e8f00000| Untracked 
| 144|0x00000000e9000000, 0x00000000e9100000, 0x00000000e9100000|100%| O|  |TAMS 0x00000000e9100000, 0x00000000e9000000| Untracked 
| 145|0x00000000e9100000, 0x00000000e9200000, 0x00000000e9200000|100%| O|  |TAMS 0x00000000e9200000, 0x00000000e9100000| Untracked 
| 146|0x00000000e9200000, 0x00000000e9300000, 0x00000000e9300000|100%| O|  |TAMS 0x00000000e9300000, 0x00000000e9200000| Untracked 
| 147|0x00000000e9300000, 0x00000000e9400000, 0x00000000e9400000|100%| O|  |TAMS 0x00000000e9400000, 0x00000000e9300000| Untracked 
| 148|0x00000000e9400000, 0x00000000e9500000, 0x00000000e9500000|100%| O|  |TAMS 0x00000000e9500000, 0x00000000e9400000| Untracked 
| 149|0x00000000e9500000, 0x00000000e9600000, 0x00000000e9600000|100%| O|  |TAMS 0x00000000e9600000, 0x00000000e9500000| Untracked 
| 150|0x00000000e9600000, 0x00000000e9700000, 0x00000000e9700000|100%| O|  |TAMS 0x00000000e9700000, 0x00000000e9600000| Complete 
| 151|0x00000000e9700000, 0x00000000e9800000, 0x00000000e9800000|100%| O|  |TAMS 0x00000000e9800000, 0x00000000e9700000| Untracked 
| 152|0x00000000e9800000, 0x00000000e9900000, 0x00000000e9900000|100%| O|  |TAMS 0x00000000e9900000, 0x00000000e9800000| Complete 
| 153|0x00000000e9900000, 0x00000000e9a00000, 0x00000000e9a00000|100%| O|  |TAMS 0x00000000e9a00000, 0x00000000e9900000| Complete 
| 154|0x00000000e9a00000, 0x00000000e9b00000, 0x00000000e9b00000|100%| O|  |TAMS 0x00000000e9b00000, 0x00000000e9a00000| Complete 
| 155|0x00000000e9b00000, 0x00000000e9c00000, 0x00000000e9c00000|100%| O|  |TAMS 0x00000000e9c00000, 0x00000000e9b00000| Complete 
| 156|0x00000000e9c00000, 0x00000000e9d00000, 0x00000000e9d00000|100%| O|  |TAMS 0x00000000e9d00000, 0x00000000e9c00000| Untracked 
| 157|0x00000000e9d00000, 0x00000000e9e00000, 0x00000000e9e00000|100%| O|  |TAMS 0x00000000e9e00000, 0x00000000e9d00000| Complete 
| 158|0x00000000e9e00000, 0x00000000e9f00000, 0x00000000e9f00000|100%| O|  |TAMS 0x00000000e9f00000, 0x00000000e9e00000| Complete 
| 159|0x00000000e9f00000, 0x00000000ea000000, 0x00000000ea000000|100%| O|  |TAMS 0x00000000ea000000, 0x00000000e9f00000| Untracked 
| 160|0x00000000ea000000, 0x00000000ea000000, 0x00000000ea100000|  0%| F|  |TAMS 0x00000000ea000000, 0x00000000ea000000| Untracked 
| 161|0x00000000ea100000, 0x00000000ea200000, 0x00000000ea200000|100%| O|  |TAMS 0x00000000ea200000, 0x00000000ea100000| Complete 
| 162|0x00000000ea200000, 0x00000000ea300000, 0x00000000ea300000|100%| O|  |TAMS 0x00000000ea300000, 0x00000000ea200000| Untracked 
| 163|0x00000000ea300000, 0x00000000ea400000, 0x00000000ea400000|100%| O|  |TAMS 0x00000000ea400000, 0x00000000ea300000| Complete 
| 164|0x00000000ea400000, 0x00000000ea400000, 0x00000000ea500000|  0%| F|  |TAMS 0x00000000ea400000, 0x00000000ea400000| Untracked 
| 165|0x00000000ea500000, 0x00000000ea600000, 0x00000000ea600000|100%| O|  |TAMS 0x00000000ea600000, 0x00000000ea500000| Complete 
| 166|0x00000000ea600000, 0x00000000ea700000, 0x00000000ea700000|100%| O|  |TAMS 0x00000000ea700000, 0x00000000ea600000| Complete 
| 167|0x00000000ea700000, 0x00000000ea800000, 0x00000000ea800000|100%| O|  |TAMS 0x00000000ea800000, 0x00000000ea700000| Complete 
| 168|0x00000000ea800000, 0x00000000ea800000, 0x00000000ea900000|  0%| F|  |TAMS 0x00000000ea800000, 0x00000000ea800000| Untracked 
| 169|0x00000000ea900000, 0x00000000ea900000, 0x00000000eaa00000|  0%| F|  |TAMS 0x00000000ea900000, 0x00000000ea900000| Untracked 
| 170|0x00000000eaa00000, 0x00000000eaa00000, 0x00000000eab00000|  0%| F|  |TAMS 0x00000000eaa00000, 0x00000000eaa00000| Untracked 
| 171|0x00000000eab00000, 0x00000000eac00000, 0x00000000eac00000|100%| O|  |TAMS 0x00000000eac00000, 0x00000000eab00000| Untracked 
| 172|0x00000000eac00000, 0x00000000eac00000, 0x00000000ead00000|  0%| F|  |TAMS 0x00000000eac00000, 0x00000000eac00000| Untracked 
| 173|0x00000000ead00000, 0x00000000ead00000, 0x00000000eae00000|  0%| F|  |TAMS 0x00000000ead00000, 0x00000000ead00000| Untracked 
| 174|0x00000000eae00000, 0x00000000eae00000, 0x00000000eaf00000|  0%| F|  |TAMS 0x00000000eae00000, 0x00000000eae00000| Untracked 
| 175|0x00000000eaf00000, 0x00000000eb000000, 0x00000000eb000000|100%| O|  |TAMS 0x00000000eb000000, 0x00000000eaf00000| Complete 
| 176|0x00000000eb000000, 0x00000000eb000000, 0x00000000eb100000|  0%| F|  |TAMS 0x00000000eb000000, 0x00000000eb000000| Untracked 
| 177|0x00000000eb100000, 0x00000000eb100000, 0x00000000eb200000|  0%| F|  |TAMS 0x00000000eb100000, 0x00000000eb100000| Untracked 
| 178|0x00000000eb200000, 0x00000000eb200000, 0x00000000eb300000|  0%| F|  |TAMS 0x00000000eb200000, 0x00000000eb200000| Untracked 
| 179|0x00000000eb300000, 0x00000000eb300000, 0x00000000eb400000|  0%| F|  |TAMS 0x00000000eb300000, 0x00000000eb300000| Untracked 
| 180|0x00000000eb400000, 0x00000000eb400000, 0x00000000eb500000|  0%| F|  |TAMS 0x00000000eb400000, 0x00000000eb400000| Untracked 
| 181|0x00000000eb500000, 0x00000000eb500000, 0x00000000eb600000|  0%| F|  |TAMS 0x00000000eb500000, 0x00000000eb500000| Untracked 
| 182|0x00000000eb600000, 0x00000000eb600000, 0x00000000eb700000|  0%| F|  |TAMS 0x00000000eb600000, 0x00000000eb600000| Untracked 
| 183|0x00000000eb700000, 0x00000000eb700000, 0x00000000eb800000|  0%| F|  |TAMS 0x00000000eb700000, 0x00000000eb700000| Untracked 
| 184|0x00000000eb800000, 0x00000000eb800000, 0x00000000eb900000|  0%| F|  |TAMS 0x00000000eb800000, 0x00000000eb800000| Untracked 
| 185|0x00000000eb900000, 0x00000000eb900000, 0x00000000eba00000|  0%| F|  |TAMS 0x00000000eb900000, 0x00000000eb900000| Untracked 
| 186|0x00000000eba00000, 0x00000000eba00000, 0x00000000ebb00000|  0%| F|  |TAMS 0x00000000eba00000, 0x00000000eba00000| Untracked 
| 187|0x00000000ebb00000, 0x00000000ebb00000, 0x00000000ebc00000|  0%| F|  |TAMS 0x00000000ebb00000, 0x00000000ebb00000| Untracked 
| 188|0x00000000ebc00000, 0x00000000ebc00000, 0x00000000ebd00000|  0%| F|  |TAMS 0x00000000ebc00000, 0x00000000ebc00000| Untracked 
| 189|0x00000000ebd00000, 0x00000000ebd00000, 0x00000000ebe00000|  0%| F|  |TAMS 0x00000000ebd00000, 0x00000000ebd00000| Untracked 
| 190|0x00000000ebe00000, 0x00000000ebe00000, 0x00000000ebf00000|  0%| F|  |TAMS 0x00000000ebe00000, 0x00000000ebe00000| Untracked 
| 191|0x00000000ebf00000, 0x00000000ebf00000, 0x00000000ec000000|  0%| F|  |TAMS 0x00000000ebf00000, 0x00000000ebf00000| Untracked 
| 192|0x00000000ec000000, 0x00000000ec000000, 0x00000000ec100000|  0%| F|  |TAMS 0x00000000ec000000, 0x00000000ec000000| Untracked 
| 193|0x00000000ec100000, 0x00000000ec100000, 0x00000000ec200000|  0%| F|  |TAMS 0x00000000ec100000, 0x00000000ec100000| Untracked 
| 194|0x00000000ec200000, 0x00000000ec200000, 0x00000000ec300000|  0%| F|  |TAMS 0x00000000ec200000, 0x00000000ec200000| Untracked 
| 195|0x00000000ec300000, 0x00000000ec300000, 0x00000000ec400000|  0%| F|  |TAMS 0x00000000ec300000, 0x00000000ec300000| Untracked 
| 196|0x00000000ec400000, 0x00000000ec400000, 0x00000000ec500000|  0%| F|  |TAMS 0x00000000ec400000, 0x00000000ec400000| Untracked 
| 197|0x00000000ec500000, 0x00000000ec500000, 0x00000000ec600000|  0%| F|  |TAMS 0x00000000ec500000, 0x00000000ec500000| Untracked 
| 198|0x00000000ec600000, 0x00000000ec600000, 0x00000000ec700000|  0%| F|  |TAMS 0x00000000ec600000, 0x00000000ec600000| Untracked 
| 199|0x00000000ec700000, 0x00000000ec700000, 0x00000000ec800000|  0%| F|  |TAMS 0x00000000ec700000, 0x00000000ec700000| Untracked 
| 200|0x00000000ec800000, 0x00000000ec800000, 0x00000000ec900000|  0%| F|  |TAMS 0x00000000ec800000, 0x00000000ec800000| Untracked 
| 201|0x00000000ec900000, 0x00000000ec900000, 0x00000000eca00000|  0%| F|  |TAMS 0x00000000ec900000, 0x00000000ec900000| Untracked 
| 202|0x00000000eca00000, 0x00000000eca00000, 0x00000000ecb00000|  0%| F|  |TAMS 0x00000000eca00000, 0x00000000eca00000| Untracked 
| 203|0x00000000ecb00000, 0x00000000ecb00000, 0x00000000ecc00000|  0%| F|  |TAMS 0x00000000ecb00000, 0x00000000ecb00000| Untracked 
| 204|0x00000000ecc00000, 0x00000000ecc00000, 0x00000000ecd00000|  0%| F|  |TAMS 0x00000000ecc00000, 0x00000000ecc00000| Untracked 
| 205|0x00000000ecd00000, 0x00000000ecd00000, 0x00000000ece00000|  0%| F|  |TAMS 0x00000000ecd00000, 0x00000000ecd00000| Untracked 
| 206|0x00000000ece00000, 0x00000000eceadb10, 0x00000000ecf00000| 67%| S|CS|TAMS 0x00000000ece00000, 0x00000000ece00000| Complete 
| 207|0x00000000ecf00000, 0x00000000ed000000, 0x00000000ed000000|100%| S|CS|TAMS 0x00000000ecf00000, 0x00000000ecf00000| Complete 
| 208|0x00000000ed000000, 0x00000000ed100000, 0x00000000ed100000|100%| S|CS|TAMS 0x00000000ed000000, 0x00000000ed000000| Complete 
| 209|0x00000000ed100000, 0x00000000ed100000, 0x00000000ed200000|  0%| F|  |TAMS 0x00000000ed100000, 0x00000000ed100000| Untracked 
| 210|0x00000000ed200000, 0x00000000ed200000, 0x00000000ed300000|  0%| F|  |TAMS 0x00000000ed200000, 0x00000000ed200000| Untracked 
| 211|0x00000000ed300000, 0x00000000ed300000, 0x00000000ed400000|  0%| F|  |TAMS 0x00000000ed300000, 0x00000000ed300000| Untracked 
| 212|0x00000000ed400000, 0x00000000ed400000, 0x00000000ed500000|  0%| F|  |TAMS 0x00000000ed400000, 0x00000000ed400000| Untracked 
| 213|0x00000000ed500000, 0x00000000ed500000, 0x00000000ed600000|  0%| F|  |TAMS 0x00000000ed500000, 0x00000000ed500000| Untracked 
| 214|0x00000000ed600000, 0x00000000ed600000, 0x00000000ed700000|  0%| F|  |TAMS 0x00000000ed600000, 0x00000000ed600000| Untracked 
| 215|0x00000000ed700000, 0x00000000ed700000, 0x00000000ed800000|  0%| F|  |TAMS 0x00000000ed700000, 0x00000000ed700000| Untracked 
| 216|0x00000000ed800000, 0x00000000ed800000, 0x00000000ed900000|  0%| F|  |TAMS 0x00000000ed800000, 0x00000000ed800000| Untracked 
| 217|0x00000000ed900000, 0x00000000ed900000, 0x00000000eda00000|  0%| F|  |TAMS 0x00000000ed900000, 0x00000000ed900000| Untracked 
| 218|0x00000000eda00000, 0x00000000eda00000, 0x00000000edb00000|  0%| F|  |TAMS 0x00000000eda00000, 0x00000000eda00000| Untracked 
| 219|0x00000000edb00000, 0x00000000edb00000, 0x00000000edc00000|  0%| F|  |TAMS 0x00000000edb00000, 0x00000000edb00000| Untracked 
| 220|0x00000000edc00000, 0x00000000edc00000, 0x00000000edd00000|  0%| F|  |TAMS 0x00000000edc00000, 0x00000000edc00000| Untracked 
| 221|0x00000000edd00000, 0x00000000edd00000, 0x00000000ede00000|  0%| F|  |TAMS 0x00000000edd00000, 0x00000000edd00000| Untracked 
| 222|0x00000000ede00000, 0x00000000ede00000, 0x00000000edf00000|  0%| F|  |TAMS 0x00000000ede00000, 0x00000000ede00000| Untracked 
| 223|0x00000000edf00000, 0x00000000edf00000, 0x00000000ee000000|  0%| F|  |TAMS 0x00000000edf00000, 0x00000000edf00000| Untracked 
| 224|0x00000000ee000000, 0x00000000ee000000, 0x00000000ee100000|  0%| F|  |TAMS 0x00000000ee000000, 0x00000000ee000000| Untracked 
| 225|0x00000000ee100000, 0x00000000ee100000, 0x00000000ee200000|  0%| F|  |TAMS 0x00000000ee100000, 0x00000000ee100000| Untracked 
| 226|0x00000000ee200000, 0x00000000ee200000, 0x00000000ee300000|  0%| F|  |TAMS 0x00000000ee200000, 0x00000000ee200000| Untracked 
| 227|0x00000000ee300000, 0x00000000ee300000, 0x00000000ee400000|  0%| F|  |TAMS 0x00000000ee300000, 0x00000000ee300000| Untracked 
| 228|0x00000000ee400000, 0x00000000ee400000, 0x00000000ee500000|  0%| F|  |TAMS 0x00000000ee400000, 0x00000000ee400000| Untracked 
| 229|0x00000000ee500000, 0x00000000ee500000, 0x00000000ee600000|  0%| F|  |TAMS 0x00000000ee500000, 0x00000000ee500000| Untracked 
| 230|0x00000000ee600000, 0x00000000ee600000, 0x00000000ee700000|  0%| F|  |TAMS 0x00000000ee600000, 0x00000000ee600000| Untracked 
| 231|0x00000000ee700000, 0x00000000ee700000, 0x00000000ee800000|  0%| F|  |TAMS 0x00000000ee700000, 0x00000000ee700000| Untracked 
| 232|0x00000000ee800000, 0x00000000ee800000, 0x00000000ee900000|  0%| F|  |TAMS 0x00000000ee800000, 0x00000000ee800000| Untracked 
| 233|0x00000000ee900000, 0x00000000ee900000, 0x00000000eea00000|  0%| F|  |TAMS 0x00000000ee900000, 0x00000000ee900000| Untracked 
| 234|0x00000000eea00000, 0x00000000eea00000, 0x00000000eeb00000|  0%| F|  |TAMS 0x00000000eea00000, 0x00000000eea00000| Untracked 
| 235|0x00000000eeb00000, 0x00000000eeb00000, 0x00000000eec00000|  0%| F|  |TAMS 0x00000000eeb00000, 0x00000000eeb00000| Untracked 
| 236|0x00000000eec00000, 0x00000000eec00000, 0x00000000eed00000|  0%| F|  |TAMS 0x00000000eec00000, 0x00000000eec00000| Untracked 
| 237|0x00000000eed00000, 0x00000000eed00000, 0x00000000eee00000|  0%| F|  |TAMS 0x00000000eed00000, 0x00000000eed00000| Untracked 
| 238|0x00000000eee00000, 0x00000000eee00000, 0x00000000eef00000|  0%| F|  |TAMS 0x00000000eee00000, 0x00000000eee00000| Untracked 
| 239|0x00000000eef00000, 0x00000000eef00000, 0x00000000ef000000|  0%| F|  |TAMS 0x00000000eef00000, 0x00000000eef00000| Untracked 
| 240|0x00000000ef000000, 0x00000000ef000000, 0x00000000ef100000|  0%| F|  |TAMS 0x00000000ef000000, 0x00000000ef000000| Untracked 
| 241|0x00000000ef100000, 0x00000000ef100000, 0x00000000ef200000|  0%| F|  |TAMS 0x00000000ef100000, 0x00000000ef100000| Untracked 
| 242|0x00000000ef200000, 0x00000000ef200000, 0x00000000ef300000|  0%| F|  |TAMS 0x00000000ef200000, 0x00000000ef200000| Untracked 
| 243|0x00000000ef300000, 0x00000000ef300000, 0x00000000ef400000|  0%| F|  |TAMS 0x00000000ef300000, 0x00000000ef300000| Untracked 
| 244|0x00000000ef400000, 0x00000000ef400000, 0x00000000ef500000|  0%| F|  |TAMS 0x00000000ef400000, 0x00000000ef400000| Untracked 
| 245|0x00000000ef500000, 0x00000000ef500000, 0x00000000ef600000|  0%| F|  |TAMS 0x00000000ef500000, 0x00000000ef500000| Untracked 
| 246|0x00000000ef600000, 0x00000000ef600000, 0x00000000ef700000|  0%| F|  |TAMS 0x00000000ef600000, 0x00000000ef600000| Untracked 
| 247|0x00000000ef700000, 0x00000000ef700000, 0x00000000ef800000|  0%| F|  |TAMS 0x00000000ef700000, 0x00000000ef700000| Untracked 
| 248|0x00000000ef800000, 0x00000000ef800000, 0x00000000ef900000|  0%| F|  |TAMS 0x00000000ef800000, 0x00000000ef800000| Untracked 
| 249|0x00000000ef900000, 0x00000000ef900000, 0x00000000efa00000|  0%| F|  |TAMS 0x00000000ef900000, 0x00000000ef900000| Untracked 
| 250|0x00000000efa00000, 0x00000000efa00000, 0x00000000efb00000|  0%| F|  |TAMS 0x00000000efa00000, 0x00000000efa00000| Untracked 
| 251|0x00000000efb00000, 0x00000000efb00000, 0x00000000efc00000|  0%| F|  |TAMS 0x00000000efb00000, 0x00000000efb00000| Untracked 
| 252|0x00000000efc00000, 0x00000000efc00000, 0x00000000efd00000|  0%| F|  |TAMS 0x00000000efc00000, 0x00000000efc00000| Untracked 
| 253|0x00000000efd00000, 0x00000000efd00000, 0x00000000efe00000|  0%| F|  |TAMS 0x00000000efd00000, 0x00000000efd00000| Untracked 
| 254|0x00000000efe00000, 0x00000000efe00000, 0x00000000eff00000|  0%| F|  |TAMS 0x00000000efe00000, 0x00000000efe00000| Untracked 
| 255|0x00000000eff00000, 0x00000000eff00000, 0x00000000f0000000|  0%| F|  |TAMS 0x00000000eff00000, 0x00000000eff00000| Untracked 
| 256|0x00000000f0000000, 0x00000000f0000000, 0x00000000f0100000|  0%| F|  |TAMS 0x00000000f0000000, 0x00000000f0000000| Untracked 
| 257|0x00000000f0100000, 0x00000000f0128e78, 0x00000000f0200000| 15%| E|  |TAMS 0x00000000f0100000, 0x00000000f0100000| Complete 
| 258|0x00000000f0200000, 0x00000000f0300000, 0x00000000f0300000|100%| E|CS|TAMS 0x00000000f0200000, 0x00000000f0200000| Complete 
| 259|0x00000000f0300000, 0x00000000f0400000, 0x00000000f0400000|100%| E|CS|TAMS 0x00000000f0300000, 0x00000000f0300000| Complete 
| 260|0x00000000f0400000, 0x00000000f0500000, 0x00000000f0500000|100%| E|CS|TAMS 0x00000000f0400000, 0x00000000f0400000| Complete 
| 261|0x00000000f0500000, 0x00000000f0600000, 0x00000000f0600000|100%| E|CS|TAMS 0x00000000f0500000, 0x00000000f0500000| Complete 
| 262|0x00000000f0600000, 0x00000000f0700000, 0x00000000f0700000|100%| E|CS|TAMS 0x00000000f0600000, 0x00000000f0600000| Complete 
| 263|0x00000000f0700000, 0x00000000f0800000, 0x00000000f0800000|100%| E|CS|TAMS 0x00000000f0700000, 0x00000000f0700000| Complete 
| 264|0x00000000f0800000, 0x00000000f0900000, 0x00000000f0900000|100%| E|CS|TAMS 0x00000000f0800000, 0x00000000f0800000| Complete 
| 265|0x00000000f0900000, 0x00000000f0a00000, 0x00000000f0a00000|100%| E|CS|TAMS 0x00000000f0900000, 0x00000000f0900000| Complete 
| 266|0x00000000f0a00000, 0x00000000f0b00000, 0x00000000f0b00000|100%| E|CS|TAMS 0x00000000f0a00000, 0x00000000f0a00000| Complete 
| 267|0x00000000f0b00000, 0x00000000f0c00000, 0x00000000f0c00000|100%| E|CS|TAMS 0x00000000f0b00000, 0x00000000f0b00000| Complete 
| 268|0x00000000f0c00000, 0x00000000f0d00000, 0x00000000f0d00000|100%| E|CS|TAMS 0x00000000f0c00000, 0x00000000f0c00000| Complete 
| 269|0x00000000f0d00000, 0x00000000f0e00000, 0x00000000f0e00000|100%| E|CS|TAMS 0x00000000f0d00000, 0x00000000f0d00000| Complete 
| 270|0x00000000f0e00000, 0x00000000f0f00000, 0x00000000f0f00000|100%| E|CS|TAMS 0x00000000f0e00000, 0x00000000f0e00000| Complete 
| 271|0x00000000f0f00000, 0x00000000f1000000, 0x00000000f1000000|100%| E|CS|TAMS 0x00000000f0f00000, 0x00000000f0f00000| Complete 
| 272|0x00000000f1000000, 0x00000000f1100000, 0x00000000f1100000|100%| E|CS|TAMS 0x00000000f1000000, 0x00000000f1000000| Complete 
| 273|0x00000000f1100000, 0x00000000f1200000, 0x00000000f1200000|100%| E|CS|TAMS 0x00000000f1100000, 0x00000000f1100000| Complete 
| 274|0x00000000f1200000, 0x00000000f1300000, 0x00000000f1300000|100%| E|CS|TAMS 0x00000000f1200000, 0x00000000f1200000| Complete 
| 275|0x00000000f1300000, 0x00000000f1400000, 0x00000000f1400000|100%| E|CS|TAMS 0x00000000f1300000, 0x00000000f1300000| Complete 
| 276|0x00000000f1400000, 0x00000000f1500000, 0x00000000f1500000|100%| E|CS|TAMS 0x00000000f1400000, 0x00000000f1400000| Complete 
| 277|0x00000000f1500000, 0x00000000f1600000, 0x00000000f1600000|100%| E|CS|TAMS 0x00000000f1500000, 0x00000000f1500000| Complete 
| 278|0x00000000f1600000, 0x00000000f1700000, 0x00000000f1700000|100%| E|CS|TAMS 0x00000000f1600000, 0x00000000f1600000| Complete 

Card table byte_map: [0x000001a5e2800000,0x000001a5e2900000] _byte_map_base: 0x000001a5e2100000

Marking Bits (Prev, Next): (CMBitMap*) 0x000001a5c9298878, (CMBitMap*) 0x000001a5c9298838
 Prev Bits: [0x000001a5e3200000, 0x000001a5e3a00000)
 Next Bits: [0x000001a5e2a00000, 0x000001a5e3200000)

Polling page: 0x000001a5c90e0000

Metaspace:

Usage:
  Non-class:     72.32 MB capacity,    69.97 MB ( 97%) used,     2.11 MB (  3%) free+waste,   244.56 KB ( <1%) overhead. 
      Class:     11.38 MB capacity,    10.12 MB ( 89%) used,     1.16 MB ( 10%) free+waste,   111.88 KB ( <1%) overhead. 
       Both:     83.71 MB capacity,    80.09 MB ( 96%) used,     3.27 MB (  4%) free+waste,   356.44 KB ( <1%) overhead. 

Virtual space:
  Non-class space:       74.00 MB reserved,      72.71 MB ( 98%) committed 
      Class space:      248.00 MB reserved,      11.63 MB (  5%) committed 
             Both:      322.00 MB reserved,      84.34 MB ( 26%) committed 

Chunk freelists:
   Non-Class:  269.00 KB
       Class:  141.00 KB
        Both:  410.00 KB

MaxMetaspaceSize: 256.00 MB
CompressedClassSpaceSize: 248.00 MB

CodeHeap 'non-profiled nmethods': size=120000Kb used=10724Kb max_used=11386Kb free=109275Kb
 bounds [0x000001a5daa70000, 0x000001a5db590000, 0x000001a5e1fa0000]
CodeHeap 'profiled nmethods': size=120000Kb used=30268Kb max_used=32084Kb free=89731Kb
 bounds [0x000001a5d3540000, 0x000001a5d54a0000, 0x000001a5daa70000]
CodeHeap 'non-nmethods': size=5760Kb used=2418Kb max_used=2474Kb free=3342Kb
 bounds [0x000001a5d2fa0000, 0x000001a5d3220000, 0x000001a5d3540000]
 total_blobs=22601 nmethods=13793 adapters=810
 compilation: enabled
              stopped_count=0, restarted_count=0
 full_count=0

Compilation events (20 events):
Event: 2566.028 Thread 0x000001a5e6013000 nmethod 16631 0x000001a5db261790 code [0x000001a5db261920, 0x000001a5db261ab8]
Event: 2566.028 Thread 0x000001a5e6013000 16633       4       java.lang.ProcessEnvironment$NameComparator::compare (90 bytes)
Event: 2566.031 Thread 0x000001a5e601a000 16634       3       org.gradle.internal.service.DefaultServiceRegistry$1::addProvider (10 bytes)
Event: 2566.031 Thread 0x000001a5e601a000 nmethod 16634 0x000001a5d549b910 code [0x000001a5d549bae0, 0x000001a5d549bdc0]
Event: 2566.033 Thread 0x000001a5e601a000 16635       3       java.lang.Class$Atomic::casReflectionData (13 bytes)
Event: 2566.033 Thread 0x000001a5e601a000 nmethod 16635 0x000001a5d3a7ea90 code [0x000001a5d3a7ec40, 0x000001a5d3a7edd8]
Event: 2566.047 Thread 0x000001a5e6013000 nmethod 16633 0x000001a5db260a10 code [0x000001a5db260be0, 0x000001a5db261398]
Event: 2566.047 Thread 0x000001a5e6013000 16632       4       java.lang.reflect.Field::<init> (44 bytes)
Event: 2566.049 Thread 0x000001a5e601a000 16637       3       org.gradle.internal.dispatch.ReflectionDispatch::<init> (10 bytes)
Event: 2566.049 Thread 0x000001a5e601a000 nmethod 16637 0x000001a5d3a7e610 code [0x000001a5d3a7e7c0, 0x000001a5d3a7e9f8]
Event: 2566.052 Thread 0x000001a5e6013000 nmethod 16632 0x000001a5db260390 code [0x000001a5db260520, 0x000001a5db260998]
Event: 2566.052 Thread 0x000001a5e6013000 16636       4       java.lang.Class$Atomic::casReflectionData (13 bytes)
Event: 2566.054 Thread 0x000001a5e6013000 nmethod 16636 0x000001a5db260090 code [0x000001a5db260200, 0x000001a5db260318]
Event: 2566.054 Thread 0x000001a5e6013000 16638       4       java.util.Properties::loadConvert (544 bytes)
Event: 2566.055 Thread 0x000001a5e601a000 16639       3       java.math.MutableBigInteger::copyAndShift (73 bytes)
Event: 2566.056 Thread 0x000001a5e601a000 nmethod 16639 0x000001a5d47f2590 code [0x000001a5d47f2740, 0x000001a5d47f2a18]
Event: 2566.077 Thread 0x000001a5e601a000 16642       3       java.math.MutableBigInteger::divide (8 bytes)
Event: 2566.077 Thread 0x000001a5e601a000 nmethod 16642 0x000001a5d3e28f90 code [0x000001a5d3e29140, 0x000001a5d3e29390]
Event: 2566.077 Thread 0x000001a5e601a000 16643       3       java.math.MutableBigInteger::divide (38 bytes)
Event: 2566.078 Thread 0x000001a5e601a000 nmethod 16643 0x000001a5d3e28910 code [0x000001a5d3e28ae0, 0x000001a5d3e28e60]

GC Heap History (20 events):
Event: 1303.489 GC heap before
{Heap before GC invocations=24 (full 0):
 garbage-first heap   total 273408K, used 225280K [0x00000000e0000000, 0x0000000100000000)
  region size 1024K, 76 young (77824K), 3 survivors (3072K)
 Metaspace       used 80946K, capacity 84650K, committed 84952K, reserved 327680K
  class space    used 10346K, capacity 11672K, committed 11776K, reserved 253952K
}
Event: 1303.518 GC heap after
{Heap after GC invocations=25 (full 0):
 garbage-first heap   total 273408K, used 164832K [0x00000000e0000000, 0x0000000100000000)
  region size 1024K, 10 young (10240K), 10 survivors (10240K)
 Metaspace       used 80946K, capacity 84650K, committed 84952K, reserved 327680K
  class space    used 10346K, capacity 11672K, committed 11776K, reserved 253952K
}
Event: 1303.578 GC heap before
{Heap before GC invocations=25 (full 0):
 garbage-first heap   total 273408K, used 167904K [0x00000000e0000000, 0x0000000100000000)
  region size 1024K, 13 young (13312K), 10 survivors (10240K)
 Metaspace       used 80946K, capacity 84650K, committed 84952K, reserved 327680K
  class space    used 10346K, capacity 11672K, committed 11776K, reserved 253952K
}
Event: 1303.631 GC heap after
{Heap after GC invocations=26 (full 0):
 garbage-first heap   total 273408K, used 152576K [0x00000000e0000000, 0x0000000100000000)
  region size 1024K, 1 young (1024K), 1 survivors (1024K)
 Metaspace       used 80946K, capacity 84650K, committed 84952K, reserved 327680K
  class space    used 10346K, capacity 11672K, committed 11776K, reserved 253952K
}
Event: 1305.414 GC heap before
{Heap before GC invocations=26 (full 0):
 garbage-first heap   total 273408K, used 219136K [0x00000000e0000000, 0x0000000100000000)
  region size 1024K, 67 young (68608K), 1 survivors (1024K)
 Metaspace       used 81330K, capacity 85081K, committed 85208K, reserved 327680K
  class space    used 10365K, capacity 11700K, committed 11776K, reserved 253952K
}
Event: 1305.438 GC heap after
{Heap after GC invocations=27 (full 0):
 garbage-first heap   total 273408K, used 165888K [0x00000000e0000000, 0x0000000100000000)
  region size 1024K, 9 young (9216K), 9 survivors (9216K)
 Metaspace       used 81330K, capacity 85081K, committed 85208K, reserved 327680K
  class space    used 10365K, capacity 11700K, committed 11776K, reserved 253952K
}
Event: 1307.474 GC heap before
{Heap before GC invocations=28 (full 0):
 garbage-first heap   total 285696K, used 221184K [0x00000000e0000000, 0x0000000100000000)
  region size 1024K, 63 young (64512K), 9 survivors (9216K)
 Metaspace       used 81422K, capacity 85182K, committed 85464K, reserved 327680K
  class space    used 10369K, capacity 11707K, committed 11776K, reserved 253952K
}
Event: 1307.507 GC heap after
{Heap after GC invocations=29 (full 0):
 garbage-first heap   total 285696K, used 177932K [0x00000000e0000000, 0x0000000100000000)
  region size 1024K, 8 young (8192K), 8 survivors (8192K)
 Metaspace       used 81422K, capacity 85182K, committed 85464K, reserved 327680K
  class space    used 10369K, capacity 11707K, committed 11776K, reserved 253952K
}
Event: 1307.558 GC heap before
{Heap before GC invocations=29 (full 0):
 garbage-first heap   total 285696K, used 183052K [0x00000000e0000000, 0x0000000100000000)
  region size 1024K, 13 young (13312K), 8 survivors (8192K)
 Metaspace       used 81423K, capacity 85182K, committed 85464K, reserved 327680K
  class space    used 10369K, capacity 11707K, committed 11776K, reserved 253952K
}
Event: 1307.584 GC heap after
{Heap after GC invocations=30 (full 0):
 garbage-first heap   total 285696K, used 153088K [0x00000000e0000000, 0x0000000100000000)
  region size 1024K, 2 young (2048K), 2 survivors (2048K)
 Metaspace       used 81423K, capacity 85182K, committed 85464K, reserved 327680K
  class space    used 10369K, capacity 11707K, committed 11776K, reserved 253952K
}
Event: 1307.789 GC heap before
{Heap before GC invocations=30 (full 0):
 garbage-first heap   total 285696K, used 164352K [0x00000000e0000000, 0x0000000100000000)
  region size 1024K, 13 young (13312K), 2 survivors (2048K)
 Metaspace       used 81444K, capacity 85194K, committed 85464K, reserved 327680K
  class space    used 10371K, capacity 11709K, committed 11776K, reserved 253952K
}
Event: 1307.827 GC heap after
{Heap after GC invocations=31 (full 0):
 garbage-first heap   total 285696K, used 138217K [0x00000000e0000000, 0x0000000100000000)
  region size 1024K, 2 young (2048K), 2 survivors (2048K)
 Metaspace       used 81444K, capacity 85194K, committed 85464K, reserved 327680K
  class space    used 10371K, capacity 11709K, committed 11776K, reserved 253952K
}
Event: 1309.070 GC heap before
{Heap before GC invocations=31 (full 0):
 garbage-first heap   total 285696K, used 207849K [0x00000000e0000000, 0x0000000100000000)
  region size 1024K, 71 young (72704K), 2 survivors (2048K)
 Metaspace       used 81606K, capacity 85374K, committed 85464K, reserved 327680K
  class space    used 10386K, capacity 11738K, committed 11776K, reserved 253952K
}
Event: 1309.093 GC heap after
{Heap after GC invocations=32 (full 0):
 garbage-first heap   total 285696K, used 153088K [0x00000000e0000000, 0x0000000100000000)
  region size 1024K, 9 young (9216K), 9 survivors (9216K)
 Metaspace       used 81606K, capacity 85374K, committed 85464K, reserved 327680K
  class space    used 10386K, capacity 11738K, committed 11776K, reserved 253952K
}
Event: 1311.313 GC heap before
{Heap before GC invocations=33 (full 0):
 garbage-first heap   total 285696K, used 216576K [0x00000000e0000000, 0x0000000100000000)
  region size 1024K, 72 young (73728K), 9 survivors (9216K)
 Metaspace       used 81807K, capacity 85591K, committed 85720K, reserved 329728K
  class space    used 10409K, capacity 11775K, committed 11776K, reserved 253952K
}
Event: 1311.332 GC heap after
{Heap after GC invocations=34 (full 0):
 garbage-first heap   total 285696K, used 156016K [0x00000000e0000000, 0x0000000100000000)
  region size 1024K, 3 young (3072K), 3 survivors (3072K)
 Metaspace       used 81807K, capacity 85591K, committed 85720K, reserved 329728K
  class space    used 10409K, capacity 11775K, committed 11776K, reserved 253952K
}
Event: 1311.591 GC heap before
{Heap before GC invocations=34 (full 0):
 garbage-first heap   total 285696K, used 165232K [0x00000000e0000000, 0x0000000100000000)
  region size 1024K, 13 young (13312K), 3 survivors (3072K)
 Metaspace       used 81868K, capacity 85655K, committed 85720K, reserved 329728K
  class space    used 10409K, capacity 11775K, committed 11776K, reserved 253952K
}
Event: 1311.640 GC heap after
{Heap after GC invocations=35 (full 0):
 garbage-first heap   total 285696K, used 146586K [0x00000000e0000000, 0x0000000100000000)
  region size 1024K, 2 young (2048K), 2 survivors (2048K)
 Metaspace       used 81868K, capacity 85655K, committed 85720K, reserved 329728K
  class space    used 10409K, capacity 11775K, committed 11776K, reserved 253952K
}
Event: 1856.682 GC heap before
{Heap before GC invocations=35 (full 0):
 garbage-first heap   total 285696K, used 215194K [0x00000000e0000000, 0x0000000100000000)
  region size 1024K, 70 young (71680K), 2 survivors (2048K)
 Metaspace       used 82156K, capacity 85936K, committed 86104K, reserved 329728K
  class space    used 10423K, capacity 11797K, committed 11904K, reserved 253952K
}
Event: 1856.692 GC heap after
{Heap after GC invocations=36 (full 0):
 garbage-first heap   total 285696K, used 148150K [0x00000000e0000000, 0x0000000100000000)
  region size 1024K, 3 young (3072K), 3 survivors (3072K)
 Metaspace       used 82156K, capacity 85936K, committed 86104K, reserved 329728K
  class space    used 10423K, capacity 11797K, committed 11904K, reserved 253952K
}

Deoptimization events (20 events):
Event: 1335.478 Thread 0x000001a5eaf9f000 Uncommon trap: trap_request=0xffffff45 fr.pc=0x000001a5db10c8cc relative=0x000000000000064c
Event: 1335.478 Thread 0x000001a5eaf9f000 Uncommon trap: reason=unstable_if action=reinterpret pc=0x000001a5db10c8cc method=com.esotericsoftware.kryo.io.Input.require(I)I @ 180 c2
Event: 1335.478 Thread 0x000001a5eaf9f000 DEOPT PACKING pc=0x000001a5db10c8cc sp=0x00000042dcbfe800
Event: 1335.478 Thread 0x000001a5eaf9f000 DEOPT UNPACKING pc=0x000001a5d2fe912f sp=0x00000042dcbfe738 mode 2
Event: 2566.015 Thread 0x000001a5eaf9e000 Uncommon trap: trap_request=0xffffff45 fr.pc=0x000001a5daeeb060 relative=0x0000000000000fc0
Event: 2566.015 Thread 0x000001a5eaf9e000 Uncommon trap: reason=unstable_if action=reinterpret pc=0x000001a5daeeb060 method=org.gradle.internal.logging.console.StyledTextOutputBackedRenderer.onOutput(Lorg/gradle/internal/logging/events/OutputEvent;)V @ 80 c2
Event: 2566.015 Thread 0x000001a5eaf9e000 DEOPT PACKING pc=0x000001a5daeeb060 sp=0x00000042dcafdd80
Event: 2566.015 Thread 0x000001a5eaf9e000 DEOPT UNPACKING pc=0x000001a5d2fe912f sp=0x00000042dcafdcd0 mode 2
Event: 2566.024 Thread 0x000001a5eaf9f000 Uncommon trap: trap_request=0xffffffde fr.pc=0x000001a5db20f8b8 relative=0x0000000000000618
Event: 2566.024 Thread 0x000001a5eaf9f000 Uncommon trap: reason=class_check action=maybe_recompile pc=0x000001a5db20f8b8 method=org.gradle.launcher.daemon.server.SynchronizedDispatchConnection.dispatch(Ljava/lang/Object;)V @ 1 c2
Event: 2566.024 Thread 0x000001a5eaf9f000 DEOPT PACKING pc=0x000001a5db20f8b8 sp=0x00000042de4ff1e0
Event: 2566.024 Thread 0x000001a5eaf9f000 DEOPT UNPACKING pc=0x000001a5d2fe912f sp=0x00000042de4ff1b8 mode 2
Event: 2566.048 Thread 0x000001a5eaf9f000 Uncommon trap: trap_request=0xffffffc6 fr.pc=0x000001a5dac0104c relative=0x0000000000000e4c
Event: 2566.049 Thread 0x000001a5eaf9f000 Uncommon trap: reason=bimorphic_or_optimized_type_check action=maybe_recompile pc=0x000001a5dac0104c method=org.gradle.internal.service.DefaultServiceRegistry.find(Ljava/lang/reflect/Type;)Ljava/lang/Object; @ 22 c2
Event: 2566.049 Thread 0x000001a5eaf9f000 DEOPT PACKING pc=0x000001a5dac0104c sp=0x00000042de4fda50
Event: 2566.049 Thread 0x000001a5eaf9f000 DEOPT UNPACKING pc=0x000001a5d2fe912f sp=0x00000042de4fd9b8 mode 2
Event: 2566.053 Thread 0x000001a5eaf9f000 DEOPT PACKING pc=0x000001a5d35b574e sp=0x00000042de4fc230
Event: 2566.053 Thread 0x000001a5eaf9f000 DEOPT UNPACKING pc=0x000001a5d2fe964e sp=0x00000042de4fb748 mode 0
Event: 2566.064 Thread 0x000001a5eaf9f000 DEOPT PACKING pc=0x000001a5d45b6fa5 sp=0x00000042de4fad10
Event: 2566.064 Thread 0x000001a5eaf9f000 DEOPT UNPACKING pc=0x000001a5d2fe964e sp=0x00000042de4fa1f8 mode 0

Classes unloaded (20 events):
Event: 1856.977 Thread 0x000001a5e5fe7000 Unloading class 0x00000008013ef840 'groovy/json/JsonSlurper$parseText'
Event: 1856.977 Thread 0x000001a5e5fe7000 Unloading class 0x00000008013ee840 'java_lang_CharSequence$toString'
Event: 1856.977 Thread 0x000001a5e5fe7000 Unloading class 0x00000008013ee040 'java_lang_StringBuffer$append'
Event: 1856.977 Thread 0x000001a5e5fe7000 Unloading class 0x00000008013ec040 'java_io_BufferedReader$readLine'
Event: 1856.977 Thread 0x000001a5e5fe7000 Unloading class 0x0000000801418840 'java_lang_Runtime$exec$0'
Event: 1856.977 Thread 0x000001a5e5fe7000 Unloading class 0x000000080145c040 'java_lang_Runtime$getRuntime'
Event: 1856.977 Thread 0x000001a5e5fe7000 Unloading class 0x000000080145b040 'org/apache/tools/ant/taskdefs/condition/Os$isFamily'
Event: 1856.977 Thread 0x000001a5e5fe7000 Unloading class 0x000000080165c840 'ReactNativeModules$addReactNativeModuleDependencies$1'
Event: 1856.977 Thread 0x000001a5e5fe7000 Unloading class 0x00000008013a2040 'ReactNativeModules$addReactNativeModuleProjects$0'
Event: 1856.977 Thread 0x000001a5e5fe7000 Unloading class 0x000000080145a040 'ReactNativeModules$getReactNativeConfig'
Event: 1856.977 Thread 0x000001a5e5fe7000 Unloading class 0x00000008016a0040 'java_lang_String$contains$3'
Event: 1856.977 Thread 0x000001a5e5fe7000 Unloading class 0x0000000801699040 'java_lang_String$toLowerCase$2'
Event: 1856.978 Thread 0x000001a5e5fe7000 Unloading class 0x000000080165b040 'java_lang_String$replace$1'
Event: 1856.978 Thread 0x000001a5e5fe7000 Unloading class 0x00000008013ca040 'java_lang_String$replaceAll$0'
Event: 1856.978 Thread 0x000001a5e5fe7000 Unloading class 0x000000080148f840 'java_lang_String$split'
Event: 1856.978 Thread 0x000001a5e5fe7000 Unloading class 0x00000008016bf840 'java_io_File$mkdirs$1'
Event: 1856.978 Thread 0x000001a5e5fe7000 Unloading class 0x00000008016ab840 'java_io_File$exists$0'
Event: 1856.978 Thread 0x000001a5e5fe7000 Unloading class 0x000000080148f040 'java_io_File$toString'
Event: 1856.978 Thread 0x000001a5e5fe7000 Unloading class 0x00000008014ca840 'java/lang/invoke/LambdaForm$MH'
Event: 1856.978 Thread 0x000001a5e5fe7000 Unloading class 0x00000008014dcc40 'java/lang/invoke/LambdaForm$MH'

Classes redefined (0 events):
No events

Internal exceptions (20 events):
Event: 1297.304 Thread 0x000001a5eaf9a000 Exception <a 'sun/nio/fs/WindowsException'{0x00000000eed11bd8}> (0x00000000eed11bd8) 
thrown [t:/workspace/open/src/hotspot/share/prims/jni.cpp, line 598]
Event: 1297.304 Thread 0x000001a5eaf9a000 Exception <a 'sun/nio/fs/WindowsException'{0x00000000eed11f88}> (0x00000000eed11f88) 
thrown [t:/workspace/open/src/hotspot/share/prims/jni.cpp, line 598]
Event: 1297.439 Thread 0x000001a5eaf9a000 Exception <a 'sun/nio/fs/WindowsException'{0x00000000ee78afc8}> (0x00000000ee78afc8) 
thrown [t:/workspace/open/src/hotspot/share/prims/jni.cpp, line 598]
Event: 1297.498 Thread 0x000001a5eaf9a000 Exception <a 'sun/nio/fs/WindowsException'{0x00000000ee33c910}> (0x00000000ee33c910) 
thrown [t:/workspace/open/src/hotspot/share/prims/jni.cpp, line 598]
Event: 1303.160 Thread 0x000001a5eaf9a000 Exception <a 'sun/nio/fs/WindowsException'{0x00000000ed4abfa0}> (0x00000000ed4abfa0) 
thrown [t:/workspace/open/src/hotspot/share/prims/jni.cpp, line 598]
Event: 1303.274 Thread 0x000001a5eaf9a000 Exception <a 'sun/nio/fs/WindowsException'{0x00000000ece9abc0}> (0x00000000ece9abc0) 
thrown [t:/workspace/open/src/hotspot/share/prims/jni.cpp, line 598]
Event: 1303.325 Thread 0x000001a5eaf9a000 Exception <a 'sun/nio/fs/WindowsException'{0x00000000ecb77f58}> (0x00000000ecb77f58) 
thrown [t:/workspace/open/src/hotspot/share/prims/jni.cpp, line 598]
Event: 1303.377 Thread 0x000001a5eaf9a000 Exception <a 'sun/nio/fs/WindowsException'{0x00000000ec86dcb8}> (0x00000000ec86dcb8) 
thrown [t:/workspace/open/src/hotspot/share/prims/jni.cpp, line 598]
Event: 1303.416 Thread 0x000001a5eaf9a000 Exception <a 'sun/nio/fs/WindowsException'{0x00000000ec52ee48}> (0x00000000ec52ee48) 
thrown [t:/workspace/open/src/hotspot/share/prims/jni.cpp, line 598]
Event: 1303.670 Thread 0x000001a5eaf9a000 Exception <a 'sun/nio/fs/WindowsException'{0x00000000f0909f90}> (0x00000000f0909f90) 
thrown [t:/workspace/open/src/hotspot/share/prims/jni.cpp, line 598]
Event: 1303.719 Thread 0x000001a5eaf9a000 Exception <a 'sun/nio/fs/WindowsException'{0x00000000f06e8f18}> (0x00000000f06e8f18) 
thrown [t:/workspace/open/src/hotspot/share/prims/jni.cpp, line 598]
Event: 1303.830 Thread 0x000001a5eaf9a000 Exception <a 'sun/nio/fs/WindowsException'{0x00000000ef87b5c8}> (0x00000000ef87b5c8) 
thrown [t:/workspace/open/src/hotspot/share/prims/jni.cpp, line 598]
Event: 1303.887 Thread 0x000001a5eaf9a000 Exception <a 'sun/nio/fs/WindowsException'{0x00000000ef4e0e28}> (0x00000000ef4e0e28) 
thrown [t:/workspace/open/src/hotspot/share/prims/jni.cpp, line 598]
Event: 1303.959 Thread 0x000001a5eaf9a000 Exception <a 'sun/nio/fs/WindowsException'{0x00000000ef0f7c38}> (0x00000000ef0f7c38) 
thrown [t:/workspace/open/src/hotspot/share/prims/jni.cpp, line 598]
Event: 1304.042 Thread 0x000001a5eaf9a000 Exception <a 'sun/nio/fs/WindowsException'{0x00000000eebb4258}> (0x00000000eebb4258) 
thrown [t:/workspace/open/src/hotspot/share/prims/jni.cpp, line 598]
Event: 1304.206 Thread 0x000001a5eaf9a000 Exception <a 'sun/nio/fs/WindowsException'{0x00000000ee3f1890}> (0x00000000ee3f1890) 
thrown [t:/workspace/open/src/hotspot/share/prims/jni.cpp, line 598]
Event: 1306.872 Thread 0x000001a5eaf9a000 Implicit null exception at 0x000001a5dadb1bcd to 0x000001a5dadb449e
Event: 1312.285 Thread 0x000001a5e8b27800 Exception <a 'java/lang/NoSuchMethodError'{0x00000000f0309f60}: static Lcom/android/build/gradle/internal/scope/OutputFactory$Main;.<clinit>()V> (0x00000000f0309f60) 
thrown [t:/workspace/open/src/hotspot/share/prims/jni.cpp, line 1347]
Event: 1313.255 Thread 0x000001a5e8b25000 Implicit null exception at 0x000001a5db574488 to 0x000001a5db57454e
Event: 1335.226 Thread 0x000001a5eaf9a000 Implicit null exception at 0x000001a5dadac64d to 0x000001a5dadaef1a

Events (20 events):
Event: 2566.079 Thread 0x000001a5e601d800 flushing nmethod 0x000001a5daba3190
Event: 2566.079 Thread 0x000001a5e601d800 flushing nmethod 0x000001a5dabe4890
Event: 2566.079 Thread 0x000001a5e601d800 flushing nmethod 0x000001a5dabe5010
Event: 2566.079 Thread 0x000001a5e601d800 flushing nmethod 0x000001a5dabf0710
Event: 2566.079 Thread 0x000001a5e601d800 flushing nmethod 0x000001a5dac09b90
Event: 2566.079 Thread 0x000001a5e601d800 flushing nmethod 0x000001a5dac0e190
Event: 2566.079 Thread 0x000001a5e601d800 flushing nmethod 0x000001a5dac3c310
Event: 2566.079 Thread 0x000001a5e601d800 flushing nmethod 0x000001a5dac8ee90
Event: 2566.079 Thread 0x000001a5e601d800 flushing nmethod 0x000001a5dacc7a90
Event: 2566.079 Thread 0x000001a5e601d800 flushing nmethod 0x000001a5dacd0c90
Event: 2566.079 Thread 0x000001a5e601d800 flushing nmethod 0x000001a5dacd4610
Event: 2566.079 Thread 0x000001a5e601d800 flushing nmethod 0x000001a5dad1bc10
Event: 2566.080 Thread 0x000001a5e601d800 flushing nmethod 0x000001a5dad73b90
Event: 2566.080 Thread 0x000001a5e601d800 flushing nmethod 0x000001a5dad8dc10
Event: 2566.080 Thread 0x000001a5e601d800 flushing nmethod 0x000001a5dad93510
Event: 2566.080 Thread 0x000001a5e601d800 flushing nmethod 0x000001a5dadb1810
Event: 2566.080 Thread 0x000001a5e601d800 flushing nmethod 0x000001a5dadea190
Event: 2566.080 Thread 0x000001a5e601d800 flushing nmethod 0x000001a5dadfbb10
Event: 2566.080 Thread 0x000001a5e601d800 flushing nmethod 0x000001a5dae50790
Event: 2566.080 Thread 0x000001a5e601d800 flushing nmethod 0x000001a5dae6b610


Dynamic libraries:
0x00007ff673e10000 - 0x00007ff673e1f000 	C:\Program Files\Java\jdk-13.0.2\bin\java.exe
0x00007ffb03880000 - 0x00007ffb03a70000 	C:\WINDOWS\SYSTEM32\ntdll.dll
0x00007ffb02b50000 - 0x00007ffb02c02000 	C:\WINDOWS\System32\KERNEL32.DLL
0x00007ffb01680000 - 0x00007ffb01923000 	C:\WINDOWS\System32\KERNELBASE.dll
0x00007ffb00960000 - 0x00007ffb00a5a000 	C:\WINDOWS\System32\ucrtbase.dll
0x00007ffafc7c0000 - 0x00007ffafc7d8000 	C:\Program Files\Java\jdk-13.0.2\bin\jli.dll
0x00007ffb01c60000 - 0x00007ffb01d03000 	C:\WINDOWS\System32\ADVAPI32.dll
0x00007ffb01b40000 - 0x00007ffb01bde000 	C:\WINDOWS\System32\msvcrt.dll
0x00007ffb02c10000 - 0x00007ffb02ca7000 	C:\WINDOWS\System32\sechost.dll
0x00007ffb01d10000 - 0x00007ffb01e30000 	C:\WINDOWS\System32\RPCRT4.dll
0x00007ffb02550000 - 0x00007ffb026e4000 	C:\WINDOWS\System32\USER32.dll
0x00007ffb00ac0000 - 0x00007ffb00ae1000 	C:\WINDOWS\System32\win32u.dll
0x00007ffb027e0000 - 0x00007ffb02806000 	C:\WINDOWS\System32\GDI32.dll
0x00007ffb00af0000 - 0x00007ffb00c84000 	C:\WINDOWS\System32\gdi32full.dll
0x00007ffb00d60000 - 0x00007ffb00dfe000 	C:\WINDOWS\System32\msvcp_win.dll
0x00007ffafd040000 - 0x00007ffafd055000 	C:\Program Files\Java\jdk-13.0.2\bin\VCRUNTIME140.dll
0x00007ffaf4c10000 - 0x00007ffaf4e95000 	C:\WINDOWS\WinSxS\amd64_microsoft.windows.common-controls_6595b64144ccf1df_6.0.18362.778_none_e6c6b761130d4fb8\COMCTL32.dll
0x00007ffb02810000 - 0x00007ffb02b46000 	C:\WINDOWS\System32\combase.dll
0x00007ffb00ce0000 - 0x00007ffb00d60000 	C:\WINDOWS\System32\bcryptPrimitives.dll
0x00007ffafc5b0000 - 0x00007ffafc5ba000 	C:\WINDOWS\SYSTEM32\VERSION.dll
0x00007ffb022a0000 - 0x00007ffb022ce000 	C:\WINDOWS\System32\IMM32.DLL
0x00007ffab8610000 - 0x00007ffab86ab000 	C:\Program Files\Java\jdk-13.0.2\bin\msvcp140.dll
0x00007ffab1110000 - 0x00007ffab1c6d000 	C:\Program Files\Java\jdk-13.0.2\bin\server\jvm.dll
0x00007ffb01e30000 - 0x00007ffb01e38000 	C:\WINDOWS\System32\PSAPI.DLL
0x00007ffaf9230000 - 0x00007ffaf9239000 	C:\WINDOWS\SYSTEM32\WSOCK32.dll
0x00007ffb02160000 - 0x00007ffb021cf000 	C:\WINDOWS\System32\WS2_32.dll
0x00007ffafd530000 - 0x00007ffafd554000 	C:\WINDOWS\SYSTEM32\WINMM.dll
0x00007ffafd500000 - 0x00007ffafd52d000 	C:\WINDOWS\SYSTEM32\winmmbase.dll
0x00007ffb00c90000 - 0x00007ffb00cda000 	C:\WINDOWS\System32\cfgmgr32.dll
0x00007ffb00780000 - 0x00007ffb00791000 	C:\WINDOWS\System32\kernel.appcore.dll
0x00007ffafd030000 - 0x00007ffafd040000 	C:\Program Files\Java\jdk-13.0.2\bin\verify.dll
0x00007ffae9ff0000 - 0x00007ffaea1e4000 	C:\WINDOWS\SYSTEM32\DBGHELP.DLL
0x00007ffae9040000 - 0x00007ffae906a000 	C:\WINDOWS\SYSTEM32\dbgcore.DLL
0x00007ffaef800000 - 0x00007ffaef826000 	C:\Program Files\Java\jdk-13.0.2\bin\java.dll
0x00007ffafc630000 - 0x00007ffafc647000 	C:\Program Files\Java\jdk-13.0.2\bin\zip.dll
0x00007ffafc7b0000 - 0x00007ffafc7ba000 	C:\Program Files\Java\jdk-13.0.2\bin\jimage.dll
0x00007ffb03130000 - 0x00007ffb03815000 	C:\WINDOWS\System32\SHELL32.dll
0x00007ffb01f70000 - 0x00007ffb02019000 	C:\WINDOWS\System32\shcore.dll
0x00007ffb00e20000 - 0x00007ffb015a0000 	C:\WINDOWS\System32\windows.storage.dll
0x00007ffb00750000 - 0x00007ffb00773000 	C:\WINDOWS\System32\profapi.dll
0x00007ffb007c0000 - 0x00007ffb0080a000 	C:\WINDOWS\System32\powrprof.dll
0x00007ffb00740000 - 0x00007ffb00750000 	C:\WINDOWS\System32\UMPDC.dll
0x00007ffb021e0000 - 0x00007ffb02232000 	C:\WINDOWS\System32\shlwapi.dll
0x00007ffb00e00000 - 0x00007ffb00e17000 	C:\WINDOWS\System32\cryptsp.dll
0x00007ffaf8ca0000 - 0x00007ffaf8cb9000 	C:\Program Files\Java\jdk-13.0.2\bin\net.dll
0x00007ffaf9ca0000 - 0x00007ffaf9d90000 	C:\WINDOWS\SYSTEM32\WINHTTP.dll
0x00007ffafffb0000 - 0x00007ffb00017000 	C:\WINDOWS\system32\mswsock.dll
0x00007ffaf74b0000 - 0x00007ffaf74c3000 	C:\Program Files\Java\jdk-13.0.2\bin\nio.dll
0x00007ffaed060000 - 0x00007ffaed086000 	C:\Users\arpan\.gradle\native\30\windows-amd64\native-platform.dll
0x00007ffaf92d0000 - 0x00007ffaf92d9000 	C:\Program Files\Java\jdk-13.0.2\bin\management.dll
0x00007ffaf8c80000 - 0x00007ffaf8c8b000 	C:\Program Files\Java\jdk-13.0.2\bin\management_ext.dll
0x00007ffaffb20000 - 0x00007ffaffb53000 	C:\WINDOWS\system32\rsaenh.dll
0x00007ffb01650000 - 0x00007ffb01676000 	C:\WINDOWS\System32\bcrypt.dll
0x00007ffb00660000 - 0x00007ffb00685000 	C:\WINDOWS\SYSTEM32\USERENV.dll
0x00007ffb00180000 - 0x00007ffb0018c000 	C:\WINDOWS\SYSTEM32\CRYPTBASE.dll
0x00007ffaffcc0000 - 0x00007ffaffcfa000 	C:\WINDOWS\SYSTEM32\IPHLPAPI.DLL
0x00007ffb02cb0000 - 0x00007ffb02cb8000 	C:\WINDOWS\System32\NSI.dll
0x00007ffaf9db0000 - 0x00007ffaf9dc6000 	C:\WINDOWS\SYSTEM32\dhcpcsvc6.DLL
0x00007ffaf9d90000 - 0x00007ffaf9dac000 	C:\WINDOWS\SYSTEM32\dhcpcsvc.DLL
0x00007ffaffd00000 - 0x00007ffaffdca000 	C:\WINDOWS\SYSTEM32\DNSAPI.dll

dbghelp: loaded successfully - version: 4.0.5 - missing functions: none
symbol engine: initialized successfully - sym options: 0x614 - pdb path: .;C:\Program Files\Java\jdk-13.0.2\bin;C:\WINDOWS\SYSTEM32;C:\WINDOWS\WinSxS\amd64_microsoft.windows.common-controls_6595b64144ccf1df_6.0.18362.778_none_e6c6b761130d4fb8;C:\Program Files\Java\jdk-13.0.2\bin\server;C:\Users\arpan\.gradle\native\30\windows-amd64

VM Arguments:
jvm_args: --add-opens=java.base/java.util=ALL-UNNAMED --add-opens=java.base/java.lang=ALL-UNNAMED --add-opens=java.base/java.lang.invoke=ALL-UNNAMED --add-opens=java.prefs/java.util.prefs=ALL-UNNAMED -XX:MaxMetaspaceSize=256m -XX:+HeapDumpOnOutOfMemoryError -Xms256m -Xmx512m -Dfile.encoding=windows-1252 -Duser.country=US -Duser.language=en -Duser.variant 
java_command: org.gradle.launcher.daemon.bootstrap.GradleDaemon 6.0
java_class_path (initial): C:\Users\arpan\.gradle\wrapper\dists\gradle-6.0-all\cra2s42cvogxluqqpvbc5e9xd\gradle-6.0\lib\gradle-launcher-6.0.jar
Launcher Type: SUN_STANDARD

[Global flags]
     intx CICompilerCount                          = 3                                         {product} {ergonomic}
   size_t CompressedClassSpaceSize                 = 260046848                                 {product} {ergonomic}
     uint ConcGCThreads                            = 1                                         {product} {ergonomic}
     uint G1ConcRefinementThreads                  = 4                                         {product} {ergonomic}
   size_t G1HeapRegionSize                         = 1048576                                   {product} {ergonomic}
    uintx GCDrainStackTargetSize                   = 64                                        {product} {ergonomic}
     bool HeapDumpOnOutOfMemoryError               = true                                   {manageable} {command line}
   size_t InitialHeapSize                          = 268435456                                 {product} {command line}
   size_t MarkStackSize                            = 4194304                                   {product} {ergonomic}
   size_t MaxHeapSize                              = 536870912                                 {product} {command line}
   size_t MaxMetaspaceSize                         = 268435456                                 {product} {command line}
   size_t MaxNewSize                               = 321912832                                 {product} {ergonomic}
   size_t MinHeapDeltaBytes                        = 1048576                                   {product} {ergonomic}
   size_t MinHeapSize                              = 268435456                                 {product} {command line}
    uintx NonNMethodCodeHeapSize                   = 5832780                                {pd product} {ergonomic}
    uintx NonProfiledCodeHeapSize                  = 122912730                              {pd product} {ergonomic}
    uintx ProfiledCodeHeapSize                     = 122912730                              {pd product} {ergonomic}
    uintx ReservedCodeCacheSize                    = 251658240                              {pd product} {ergonomic}
     bool SegmentedCodeCache                       = true                                      {product} {ergonomic}
   size_t SoftMaxHeapSize                          = 536870912                              {manageable} {ergonomic}
     bool UseCompressedClassPointers               = true                                 {lp64_product} {ergonomic}
     bool UseCompressedOops                        = true                                 {lp64_product} {ergonomic}
     bool UseG1GC                                  = true                                      {product} {ergonomic}
     bool UseLargePagesIndividualAllocation        = false                                  {pd product} {ergonomic}

Logging:
Log output configuration:
 #0: stdout all=warning uptime,level,tags
 #1: stderr all=off uptime,level,tags

Environment Variables:
JAVA_HOME=C:\Program Files\Java\jdk-13.0.2
CLASSPATH=E:\reactnative\AnimalFarm\android\\gradle\wrapper\gradle-wrapper.jar
PATH=C:\Program Files (x86)\Common Files\Oracle\Java\javapath;C:\Program Files\Java\jdk-13.0.2\bin;C:\PROGRA~1\PTC\MKSTOO~1\bin64;C:\PROGRA~1\PTC\MKSTOO~1\bin;C:\PROGRA~1\PTC\MKSTOO~1\bin\X11;C:\PROGRA~1\PTC\MKSTOO~1\mksnt;C:\Program Files (x86)\Intel\iCLS Client\;C:\Program Files\Intel\iCLS Client\;C:\ProgramData\Oracle\Java\javapath;C:\WINDOWS\system32;C:\WINDOWS;C:\WINDOWS\System32\Wbem;C:\WINDOWS\System32\WindowsPowerShell\v1.0\;C:\Program Files (x86)\NVIDIA Corporation\PhysX\Common;C:\WINDOWS\System32\OpenSSH\;C:\Program Files (x86)\Intel\Intel(R) Management Engine Components\DAL;C:\Program Files\Intel\Intel(R) Management Engine Components\DAL;C:\Program Files (x86)\Intel\Intel(R) Management Engine Components\IPT;C:\Program Files\Intel\Intel(R) Management Engine Components\IPT;C:\Program Files\NVIDIA Corporation\NVIDIA NvDLISR;C:\WINDOWS\system32;C:\WINDOWS;C:\WINDOWS\System32\Wbem;C:\WINDOWS\System32\WindowsPowerShell\v1.0\;C:\WINDOWS\System32\OpenSSH\;C:\Program Files\Microsoft VS Code\bin;C:\Program Files (x86)\Brackets\command;C:\ProgramData\chocolatey\bin;C:\Program Files\Java\jdk1.8.0_231\bin;c:\Users\arpan\AppData\Local\Android\Sdk\platform-tools;C:\Program Files\Git\cmd;C:\Program Files\nodejs\;C:\Program Files\Java\jre1.8.0_241\bin;C:\Program Files\Java\jdk-13.0.2\bin;c:\Users\arpan\AppData\Local\Android\Sdk\platform-tools;C:\Users\arpan\AppData\Local\Microsoft\WindowsApps;C:\Program Files\Microsoft VS Code\bin;C:\Program Files\Java\jdk-12.0.2\bin;C:\Program Files\heroku\bin;C:\Users\arpan\AppData\Roaming\npm;
USERNAME=arpan
DISPLAY=:0.0
OS=Windows_NT
PROCESSOR_IDENTIFIER=Intel64 Family 6 Model 142 Stepping 9, GenuineIntel



---------------  S Y S T E M  ---------------

OS: Windows 10 , 64 bit Build 18362 (10.0.18362.778)

CPU:total 4 (initial active 4) (2 cores per cpu, 2 threads per core) family 6 model 142 stepping 9, cmov, cx8, fxsr, mmx, sse, sse2, sse3, ssse3, sse4.1, sse4.2, popcnt, avx, avx2, aes, clmul, erms, 3dnowpref, lzcnt, ht, tsc, tscinvbit, bmi1, bmi2, adx, fma

Memory: 4k page, system-wide physical 8060M (1375M free)
TotalPageFile size 8060M (AvailPageFile size 300M)
current process WorkingSet (physical memory assigned to process): 463M, peak: 565M
current process commit charge ("private bytes"): 591M, peak: 609M

vm_info: Java HotSpot(TM) 64-Bit Server VM (13.0.2+8) for windows-amd64 JRE (13.0.2+8), built on Dec 11 2019 09:20:33 by "mach5one" with unknown MS VC++:1916

END.
