#
# There is insufficient memory for the Java Runtime Environment to continue.
# Native memory allocation (malloc) failed to allocate 1294464 bytes for Chunk::new
# Possible reasons:
#   The system is out of physical RAM or swap space
#   The process is running with CompressedOops enabled, and the Java Heap may be blocking the growth of the native heap
# Possible solutions:
#   Reduce memory load on the system
#   Increase physical memory or swap space
#   Check if swap backing store is full
#   Decrease Java heap size (-Xmx/-Xms)
#   Decrease number of Java threads
#   Decrease Java thread stack sizes (-Xss)
#   Set larger code cache with -XX:ReservedCodeCacheSize=
#   JVM is running with Unscaled Compressed Oops mode in which the Java heap is
#     placed in the first 4GB address space. The Java Heap base address is the
#     maximum limit for the native heap growth. Please use -XX:HeapBaseMinAddress
#     to set the Java Heap base and to place the Java Heap above 4GB virtual address.
# This output file may be truncated or incomplete.
#
#  Out of Memory Error (t:/workspace/open/src/hotspot/share/memory/arena.cpp:196), pid=16252, tid=16672
#
# JRE version: Java(TM) SE Runtime Environment (13.0.2+8) (build 13.0.2+8)
# Java VM: Java HotSpot(TM) 64-Bit Server VM (13.0.2+8, mixed mode, sharing, tiered, compressed oops, g1 gc, windows-amd64)
# No core dump will be written. Minidumps are not enabled by default on client versions of Windows
#

---------------  S U M M A R Y ------------

Command Line: --add-opens=java.base/java.util=ALL-UNNAMED --add-opens=java.base/java.lang=ALL-UNNAMED --add-opens=java.base/java.lang.invoke=ALL-UNNAMED --add-opens=java.prefs/java.util.prefs=ALL-UNNAMED -XX:MaxMetaspaceSize=256m -XX:+HeapDumpOnOutOfMemoryError -Xms256m -Xmx512m -Dfile.encoding=windows-1252 -Duser.country=US -Duser.language=en -Duser.variant org.gradle.launcher.daemon.bootstrap.GradleDaemon 6.0

Host: Intel(R) Core(TM) i5-7200U CPU @ 2.50GHz, 4 cores, 7G,  Windows 10 , 64 bit Build 18362 (10.0.18362.778)
Time: Wed May  6 16:42:06 2020 India Standard Time elapsed time: 894 seconds (0d 0h 14m 54s)

---------------  T H R E A D  ---------------

Current thread (0x00000165175f5800):  JavaThread "C2 CompilerThread0" daemon [_thread_in_native, id=16672, stack(0x0000000ebf100000,0x0000000ebf200000)]


Current CompileTask:
C2: 894370 15630  s    4       org.gradle.api.internal.artifacts.configurations.DefaultConfiguration::initAllArtifacts (241 bytes)

Stack: [0x0000000ebf100000,0x0000000ebf200000]
Native frames: (J=compiled Java code, j=interpreted, Vv=VM code, C=native code)
V  [jvm.dll+0x624f9a]
V  [jvm.dll+0x770cfa]
V  [jvm.dll+0x7724af]
V  [jvm.dll+0x772ab3]
V  [jvm.dll+0x24bf08]
V  [jvm.dll+0xc1e47]
V  [jvm.dll+0xc23cc]
V  [jvm.dll+0x35c0c5]
V  [jvm.dll+0x19f100]
V  [jvm.dll+0x205d36]
V  [jvm.dll+0x204e3f]
V  [jvm.dll+0x189c2c]
V  [jvm.dll+0x213e6d]
V  [jvm.dll+0x2120bb]
V  [jvm.dll+0x736bb6]
V  [jvm.dll+0x72fcaa]
V  [jvm.dll+0x623ea6]
C  [ucrtbase.dll+0x20e72]
C  [KERNEL32.DLL+0x17bd4]
C  [ntdll.dll+0x6ce51]


---------------  P R O C E S S  ---------------

Threads class SMR info:
_java_thread_list=0x000001651bb23680, length=38, elements={
0x000001657a6fe000, 0x00000165175ce000, 0x00000165175d1800, 0x00000165175f2800,
0x00000165175f4800, 0x00000165175f5800, 0x0000016517f64800, 0x0000016517f6d800,
0x0000016518038800, 0x0000016518066800, 0x0000016518bec000, 0x0000016519947800,
0x000001651954b800, 0x00000165195ea800, 0x00000165195e6800, 0x00000165195e8800,
0x00000165195eb000, 0x000001651d1b9800, 0x000001651d1b4800, 0x000001651d1b2000,
0x000001651d1be800, 0x000001651d1b3000, 0x000001651d1b6000, 0x000001651d1b7000,
0x000001651d1b1800, 0x000001651d1b8000, 0x000001651d1b5800, 0x000001651d1b8800,
0x000001651d1b3800, 0x000001651d1bc800, 0x000001651d1c0000, 0x000001651bc51800,
0x000001651d1bd800, 0x000001651d1bb000, 0x000001651d1bc000, 0x000001651d1bf000,
0x00000165195ec000, 0x00000165195e8000
}

Java Threads: ( => current thread )
  0x000001657a6fe000 JavaThread "main" [_thread_blocked, id=6216, stack(0x0000000ebe600000,0x0000000ebe700000)]
  0x00000165175ce000 JavaThread "Reference Handler" daemon [_thread_blocked, id=15768, stack(0x0000000ebed00000,0x0000000ebee00000)]
  0x00000165175d1800 JavaThread "Finalizer" daemon [_thread_blocked, id=17356, stack(0x0000000ebee00000,0x0000000ebef00000)]
  0x00000165175f2800 JavaThread "Signal Dispatcher" daemon [_thread_blocked, id=15136, stack(0x0000000ebef00000,0x0000000ebf000000)]
  0x00000165175f4800 JavaThread "Attach Listener" daemon [_thread_blocked, id=15428, stack(0x0000000ebf000000,0x0000000ebf100000)]
=>0x00000165175f5800 JavaThread "C2 CompilerThread0" daemon [_thread_in_native, id=16672, stack(0x0000000ebf100000,0x0000000ebf200000)]
  0x0000016517f64800 JavaThread "C1 CompilerThread0" daemon [_thread_blocked, id=16960, stack(0x0000000ebf200000,0x0000000ebf300000)]
  0x0000016517f6d800 JavaThread "Sweeper thread" daemon [_thread_blocked, id=8608, stack(0x0000000ebf300000,0x0000000ebf400000)]
  0x0000016518038800 JavaThread "Common-Cleaner" daemon [_thread_blocked, id=16320, stack(0x0000000ebf400000,0x0000000ebf500000)]
  0x0000016518066800 JavaThread "Service Thread" daemon [_thread_blocked, id=14480, stack(0x0000000ebf500000,0x0000000ebf600000)]
  0x0000016518bec000 JavaThread "Daemon health stats" [_thread_blocked, id=9412, stack(0x0000000ebf700000,0x0000000ebf800000)]
  0x0000016519947800 JavaThread "Incoming local TCP Connector on port 61523" [_thread_in_native, id=12224, stack(0x0000000ebfb00000,0x0000000ebfc00000)]
  0x000001651954b800 JavaThread "Daemon periodic checks" [_thread_blocked, id=17368, stack(0x0000000ebfc00000,0x0000000ebfd00000)]
  0x00000165195ea800 JavaThread "Cache worker for file hash cache (C:\Users\arpan\.gradle\caches\6.0\fileHashes)" [_thread_blocked, id=15632, stack(0x0000000ec0400000,0x0000000ec0500000)]
  0x00000165195e6800 JavaThread "File lock request listener" [_thread_in_native, id=6256, stack(0x0000000ec0500000,0x0000000ec0600000)]
  0x00000165195e8800 JavaThread "Cache worker for journal cache (C:\Users\arpan\.gradle\caches\journal-1)" [_thread_blocked, id=10336, stack(0x0000000ec0600000,0x0000000ec0700000)]
  0x00000165195eb000 JavaThread "Cache worker for execution history cache (C:\Users\arpan\.gradle\caches\6.0\executionHistory)" [_thread_blocked, id=15908, stack(0x0000000ec0800000,0x0000000ec0900000)]
  0x000001651d1b9800 JavaThread "Memory manager" [_thread_blocked, id=14520, stack(0x0000000ec1300000,0x0000000ec1400000)]
  0x000001651d1b4800 JavaThread "Cache worker for file content cache (C:\Users\arpan\.gradle\caches\6.0\fileContent)" [_thread_blocked, id=1028, stack(0x0000000ebe400000,0x0000000ebe500000)]
  0x000001651d1b2000 JavaThread "Monitor" [_thread_in_native, id=14124, stack(0x0000000ec1800000,0x0000000ec1900000)]
  0x000001651d1be800 JavaThread "Device List Monitor" [_thread_in_native, id=12048, stack(0x0000000ec1900000,0x0000000ec1a00000)]
  0x000001651d1b3000 JavaThread "Daemon Thread 2" [_thread_blocked, id=7664, stack(0x0000000ebe300000,0x0000000ebe400000)]
  0x000001651d1b6000 JavaThread "Handler for socket connection from /127.0.0.1:61523 to /127.0.0.1:63655" [_thread_in_native, id=2428, stack(0x0000000ebe500000,0x0000000ebe600000)]
  0x000001651d1b7000 JavaThread "Cancel handler" [_thread_blocked, id=14804, stack(0x0000000ebfd00000,0x0000000ebfe00000)]
  0x000001651d1b1800 JavaThread "Daemon worker Thread 2" [_thread_in_Java, id=5208, stack(0x0000000ebfe00000,0x0000000ebff00000)]
  0x000001651d1b8000 JavaThread "Asynchronous log dispatcher for DefaultDaemonConnection: socket connection from /127.0.0.1:61523 to /127.0.0.1:63655" [_thread_blocked, id=16208, stack(0x0000000ebff00000,0x0000000ec0000000)]
  0x000001651d1b5800 JavaThread "Stdin handler" [_thread_blocked, id=13380, stack(0x0000000ec0000000,0x0000000ec0100000)]
  0x000001651d1b8800 JavaThread "Thread-34" [_thread_blocked, id=7920, stack(0x0000000ec0100000,0x0000000ec0200000)]
  0x000001651d1b3800 JavaThread "Cache worker for file hash cache (E:\reactnative\AnimalFarm\android\.gradle\6.0\fileHashes)" [_thread_blocked, id=1128, stack(0x0000000ec0200000,0x0000000ec0300000)]
  0x000001651d1bc800 JavaThread "Cache worker for cache directory md-supplier (C:\Users\arpan\.gradle\caches\6.0\md-supplier)" [_thread_blocked, id=14284, stack(0x0000000ec0300000,0x0000000ec0400000)]
  0x000001651d1c0000 JavaThread "Cache worker for cache directory md-rule (C:\Users\arpan\.gradle\caches\6.0\md-rule)" [_thread_blocked, id=7528, stack(0x0000000ec0700000,0x0000000ec0800000)]
  0x000001651bc51800 JavaThread "C2 CompilerThread1" daemon [_thread_in_native, id=8792, stack(0x0000000ec0900000,0x0000000ec0a00000)]
  0x000001651d1bd800 JavaThread "Build operations" [_thread_blocked, id=5576, stack(0x0000000ec0a00000,0x0000000ec0b00000)]
  0x000001651d1bb000 JavaThread "Build operations Thread 2" [_thread_blocked, id=16556, stack(0x0000000ec0b00000,0x0000000ec0c00000)]
  0x000001651d1bc000 JavaThread "Build operations Thread 3" [_thread_blocked, id=1328, stack(0x0000000ec0c00000,0x0000000ec0d00000)]
  0x000001651d1bf000 JavaThread "Build operations Thread 4" [_thread_blocked, id=10988, stack(0x0000000ec0d00000,0x0000000ec0e00000)]
  0x00000165195ec000 JavaThread "Cache worker for Build Output Cleanup Cache (E:\reactnative\AnimalFarm\android\.gradle\buildOutputCleanup)" [_thread_blocked, id=16604, stack(0x0000000ec0e00000,0x0000000ec0f00000)]
  0x00000165195e8000 JavaThread "Cache worker for file content cache (E:\reactnative\AnimalFarm\android\.gradle\6.0\fileContent)" [_thread_blocked, id=12964, stack(0x0000000ec1500000,0x0000000ec1600000)]

Other Threads:
  0x00000165175c7800 VMThread "VM Thread" [stack: 0x0000000ebec00000,0x0000000ebed00000] [id=16920]
  0x000001651806d000 WatcherThread [stack: 0x0000000ebf600000,0x0000000ebf700000] [id=8464]
  0x000001657c758000 GCTaskThread "GC Thread#0" [stack: 0x0000000ebe700000,0x0000000ebe800000] [id=8156]
  0x0000016518b29800 GCTaskThread "GC Thread#1" [stack: 0x0000000ebf800000,0x0000000ebf900000] [id=15332]
  0x000001651860e800 GCTaskThread "GC Thread#2" [stack: 0x0000000ebf900000,0x0000000ebfa00000] [id=13292]
  0x000001651842d000 GCTaskThread "GC Thread#3" [stack: 0x0000000ebfa00000,0x0000000ebfb00000] [id=13796]
  0x000001657c75d800 ConcurrentGCThread "G1 Main Marker" [stack: 0x0000000ebe800000,0x0000000ebe900000] [id=3136]
  0x000001657c75f000 ConcurrentGCThread "G1 Conc#0" [stack: 0x0000000ebe900000,0x0000000ebea00000] [id=15524]
  0x000001657c7fe800 ConcurrentGCThread "G1 Refine#0" [stack: 0x0000000ebea00000,0x0000000ebeb00000] [id=6040]
  0x000001651a32a800 ConcurrentGCThread "G1 Refine#1" [stack: 0x0000000ec1400000,0x0000000ec1500000] [id=7780]
  0x00000165198fa800 ConcurrentGCThread "G1 Refine#2" [stack: 0x0000000ec0f00000,0x0000000ec1000000] [id=6212]
  0x000001651dc38000 ConcurrentGCThread "G1 Refine#3" [stack: 0x0000000ec1200000,0x0000000ec1300000] [id=11108]
  0x000001651747d800 ConcurrentGCThread "G1 Young RemSet Sampling" [stack: 0x0000000ebeb00000,0x0000000ebec00000] [id=10656]

Threads with active compile tasks:
C2 CompilerThread0   895079 15630  s    4       org.gradle.api.internal.artifacts.configurations.DefaultConfiguration::initAllArtifacts (241 bytes)
C2 CompilerThread1   895079 15626       4       org.gradle.api.internal.artifacts.transform.AttributeMatchingVariantSelector::doSelect (422 bytes)

VM state:not at safepoint (normal execution)

VM Mutex/Monitor currently owned by a thread: None

Heap address: 0x00000000e0000000, size: 512 MB, Compressed Oops mode: 32-bit
Narrow klass base: 0x0000000800000000, Narrow klass shift: 3
Compressed class space size: 260046848 Address: 0x0000000800b40000

Heap:
 garbage-first heap   total 280576K, used 168901K [0x00000000e0000000, 0x0000000100000000)
  region size 1024K, 34 young (34816K), 2 survivors (2048K)
 Metaspace       used 81496K, capacity 85212K, committed 85464K, reserved 327680K
  class space    used 10377K, capacity 11714K, committed 11776K, reserved 253952K
Heap Regions: E=young(eden), S=young(survivor), O=old, HS=humongous(starts), HC=humongous(continues), CS=collection set, F=free, A=archive, TAMS=top-at-mark-start (previous, next)
|   0|0x00000000e0000000, 0x00000000e0100000, 0x00000000e0100000|100%| O|  |TAMS 0x00000000e0100000, 0x00000000e0000000| Untracked 
|   1|0x00000000e0100000, 0x00000000e0200000, 0x00000000e0200000|100%| O|  |TAMS 0x00000000e0200000, 0x00000000e0100000| Untracked 
|   2|0x00000000e0200000, 0x00000000e0300000, 0x00000000e0300000|100%| O|  |TAMS 0x00000000e0200000, 0x00000000e0200000| Untracked 
|   3|0x00000000e0300000, 0x00000000e0400000, 0x00000000e0400000|100%|HS|  |TAMS 0x00000000e0400000, 0x00000000e0300000| Complete 
|   4|0x00000000e0400000, 0x00000000e0500000, 0x00000000e0500000|100%|HC|  |TAMS 0x00000000e0500000, 0x00000000e0400000| Complete 
|   5|0x00000000e0500000, 0x00000000e0600000, 0x00000000e0600000|100%|HC|  |TAMS 0x00000000e0600000, 0x00000000e0500000| Complete 
|   6|0x00000000e0600000, 0x00000000e0700000, 0x00000000e0700000|100%| O|  |TAMS 0x00000000e0600000, 0x00000000e0600000| Untracked 
|   7|0x00000000e0700000, 0x00000000e0800000, 0x00000000e0800000|100%| O|  |TAMS 0x00000000e0800000, 0x00000000e0700000| Untracked 
|   8|0x00000000e0800000, 0x00000000e0900000, 0x00000000e0900000|100%| O|  |TAMS 0x00000000e0900000, 0x00000000e0800000| Untracked 
|   9|0x00000000e0900000, 0x00000000e0a00000, 0x00000000e0a00000|100%| O|  |TAMS 0x00000000e0a00000, 0x00000000e0900000| Untracked 
|  10|0x00000000e0a00000, 0x00000000e0b00000, 0x00000000e0b00000|100%| O|  |TAMS 0x00000000e0b00000, 0x00000000e0a00000| Untracked 
|  11|0x00000000e0b00000, 0x00000000e0c00000, 0x00000000e0c00000|100%| O|  |TAMS 0x00000000e0c00000, 0x00000000e0b00000| Untracked 
|  12|0x00000000e0c00000, 0x00000000e0d00000, 0x00000000e0d00000|100%| O|  |TAMS 0x00000000e0d00000, 0x00000000e0c00000| Untracked 
|  13|0x00000000e0d00000, 0x00000000e0e00000, 0x00000000e0e00000|100%| O|  |TAMS 0x00000000e0e00000, 0x00000000e0d00000| Untracked 
|  14|0x00000000e0e00000, 0x00000000e0f00000, 0x00000000e0f00000|100%|HS|  |TAMS 0x00000000e0f00000, 0x00000000e0e00000| Complete 
|  15|0x00000000e0f00000, 0x00000000e1000000, 0x00000000e1000000|100%|HC|  |TAMS 0x00000000e1000000, 0x00000000e0f00000| Complete 
|  16|0x00000000e1000000, 0x00000000e1100000, 0x00000000e1100000|100%|HC|  |TAMS 0x00000000e1100000, 0x00000000e1000000| Complete 
|  17|0x00000000e1100000, 0x00000000e1200000, 0x00000000e1200000|100%| O|  |TAMS 0x00000000e1200000, 0x00000000e1100000| Untracked 
|  18|0x00000000e1200000, 0x00000000e1300000, 0x00000000e1300000|100%| O|  |TAMS 0x00000000e1300000, 0x00000000e1200000| Untracked 
|  19|0x00000000e1300000, 0x00000000e1400000, 0x00000000e1400000|100%|HS|  |TAMS 0x00000000e1400000, 0x00000000e1300000| Complete 
|  20|0x00000000e1400000, 0x00000000e1500000, 0x00000000e1500000|100%|HC|  |TAMS 0x00000000e1500000, 0x00000000e1400000| Complete 
|  21|0x00000000e1500000, 0x00000000e1600000, 0x00000000e1600000|100%| O|  |TAMS 0x00000000e1600000, 0x00000000e1500000| Untracked 
|  22|0x00000000e1600000, 0x00000000e1700000, 0x00000000e1700000|100%| O|  |TAMS 0x00000000e1700000, 0x00000000e1600000| Untracked 
|  23|0x00000000e1700000, 0x00000000e1800000, 0x00000000e1800000|100%| O|  |TAMS 0x00000000e1800000, 0x00000000e1700000| Untracked 
|  24|0x00000000e1800000, 0x00000000e1900000, 0x00000000e1900000|100%| O|  |TAMS 0x00000000e1900000, 0x00000000e1800000| Untracked 
|  25|0x00000000e1900000, 0x00000000e1a00000, 0x00000000e1a00000|100%| O|  |TAMS 0x00000000e1a00000, 0x00000000e1900000| Untracked 
|  26|0x00000000e1a00000, 0x00000000e1b00000, 0x00000000e1b00000|100%| O|  |TAMS 0x00000000e1b00000, 0x00000000e1a00000| Untracked 
|  27|0x00000000e1b00000, 0x00000000e1c00000, 0x00000000e1c00000|100%| O|  |TAMS 0x00000000e1c00000, 0x00000000e1b00000| Untracked 
|  28|0x00000000e1c00000, 0x00000000e1d00000, 0x00000000e1d00000|100%| O|  |TAMS 0x00000000e1d00000, 0x00000000e1c00000| Untracked 
|  29|0x00000000e1d00000, 0x00000000e1e00000, 0x00000000e1e00000|100%| O|  |TAMS 0x00000000e1e00000, 0x00000000e1d00000| Untracked 
|  30|0x00000000e1e00000, 0x00000000e1f00000, 0x00000000e1f00000|100%| O|  |TAMS 0x00000000e1f00000, 0x00000000e1e00000| Untracked 
|  31|0x00000000e1f00000, 0x00000000e2000000, 0x00000000e2000000|100%| O|  |TAMS 0x00000000e2000000, 0x00000000e1f00000| Untracked 
|  32|0x00000000e2000000, 0x00000000e2100000, 0x00000000e2100000|100%| O|  |TAMS 0x00000000e2100000, 0x00000000e2000000| Untracked 
|  33|0x00000000e2100000, 0x00000000e2200000, 0x00000000e2200000|100%| O|  |TAMS 0x00000000e2200000, 0x00000000e2100000| Untracked 
|  34|0x00000000e2200000, 0x00000000e2300000, 0x00000000e2300000|100%| O|  |TAMS 0x00000000e2300000, 0x00000000e2200000| Untracked 
|  35|0x00000000e2300000, 0x00000000e2400000, 0x00000000e2400000|100%| O|  |TAMS 0x00000000e2400000, 0x00000000e2300000| Untracked 
|  36|0x00000000e2400000, 0x00000000e2400000, 0x00000000e2500000|  0%| F|  |TAMS 0x00000000e2400000, 0x00000000e2400000| Untracked 
|  37|0x00000000e2500000, 0x00000000e2600000, 0x00000000e2600000|100%| O|  |TAMS 0x00000000e2500000, 0x00000000e2500000| Untracked 
|  38|0x00000000e2600000, 0x00000000e2700000, 0x00000000e2700000|100%|HS|  |TAMS 0x00000000e2700000, 0x00000000e2600000| Complete 
|  39|0x00000000e2700000, 0x00000000e2800000, 0x00000000e2800000|100%|HC|  |TAMS 0x00000000e2800000, 0x00000000e2700000| Complete 
|  40|0x00000000e2800000, 0x00000000e2900000, 0x00000000e2900000|100%|HC|  |TAMS 0x00000000e2900000, 0x00000000e2800000| Complete 
|  41|0x00000000e2900000, 0x00000000e2a00000, 0x00000000e2a00000|100%| O|  |TAMS 0x00000000e2a00000, 0x00000000e2900000| Untracked 
|  42|0x00000000e2a00000, 0x00000000e2b00000, 0x00000000e2b00000|100%| O|  |TAMS 0x00000000e2b00000, 0x00000000e2a00000| Untracked 
|  43|0x00000000e2b00000, 0x00000000e2c00000, 0x00000000e2c00000|100%| O|  |TAMS 0x00000000e2c00000, 0x00000000e2b00000| Untracked 
|  44|0x00000000e2c00000, 0x00000000e2d00000, 0x00000000e2d00000|100%| O|  |TAMS 0x00000000e2d00000, 0x00000000e2c00000| Untracked 
|  45|0x00000000e2d00000, 0x00000000e2e00000, 0x00000000e2e00000|100%| O|  |TAMS 0x00000000e2e00000, 0x00000000e2d00000| Untracked 
|  46|0x00000000e2e00000, 0x00000000e2f00000, 0x00000000e2f00000|100%| O|  |TAMS 0x00000000e2f00000, 0x00000000e2e00000| Untracked 
|  47|0x00000000e2f00000, 0x00000000e3000000, 0x00000000e3000000|100%| O|  |TAMS 0x00000000e2f00000, 0x00000000e2f00000| Untracked 
|  48|0x00000000e3000000, 0x00000000e3100000, 0x00000000e3100000|100%| O|  |TAMS 0x00000000e3000000, 0x00000000e3000000| Untracked 
|  49|0x00000000e3100000, 0x00000000e3200000, 0x00000000e3200000|100%| O|  |TAMS 0x00000000e3100000, 0x00000000e3100000| Untracked 
|  50|0x00000000e3200000, 0x00000000e3300000, 0x00000000e3300000|100%| O|  |TAMS 0x00000000e3200000, 0x00000000e3200000| Untracked 
|  51|0x00000000e3300000, 0x00000000e3300000, 0x00000000e3400000|  0%| F|  |TAMS 0x00000000e3300000, 0x00000000e3300000| Untracked 
|  52|0x00000000e3400000, 0x00000000e3500000, 0x00000000e3500000|100%| O|  |TAMS 0x00000000e3400000, 0x00000000e3400000| Untracked 
|  53|0x00000000e3500000, 0x00000000e3600000, 0x00000000e3600000|100%|HS|  |TAMS 0x00000000e3600000, 0x00000000e3500000| Complete 
|  54|0x00000000e3600000, 0x00000000e3700000, 0x00000000e3700000|100%|HC|  |TAMS 0x00000000e3700000, 0x00000000e3600000| Complete 
|  55|0x00000000e3700000, 0x00000000e3800000, 0x00000000e3800000|100%|HS|  |TAMS 0x00000000e3800000, 0x00000000e3700000| Complete 
|  56|0x00000000e3800000, 0x00000000e3900000, 0x00000000e3900000|100%|HC|  |TAMS 0x00000000e3900000, 0x00000000e3800000| Complete 
|  57|0x00000000e3900000, 0x00000000e3a00000, 0x00000000e3a00000|100%|HC|  |TAMS 0x00000000e3a00000, 0x00000000e3900000| Complete 
|  58|0x00000000e3a00000, 0x00000000e3b00000, 0x00000000e3b00000|100%| O|  |TAMS 0x00000000e3b00000, 0x00000000e3a00000| Untracked 
|  59|0x00000000e3b00000, 0x00000000e3c00000, 0x00000000e3c00000|100%| O|  |TAMS 0x00000000e3c00000, 0x00000000e3b00000| Untracked 
|  60|0x00000000e3c00000, 0x00000000e3d00000, 0x00000000e3d00000|100%| O|  |TAMS 0x00000000e3d00000, 0x00000000e3c00000| Untracked 
|  61|0x00000000e3d00000, 0x00000000e3e00000, 0x00000000e3e00000|100%| O|  |TAMS 0x00000000e3e00000, 0x00000000e3d00000| Untracked 
|  62|0x00000000e3e00000, 0x00000000e3f00000, 0x00000000e3f00000|100%| O|  |TAMS 0x00000000e3e00000, 0x00000000e3e00000| Untracked 
|  63|0x00000000e3f00000, 0x00000000e3f00000, 0x00000000e4000000|  0%| F|  |TAMS 0x00000000e3f00000, 0x00000000e3f00000| Untracked 
|  64|0x00000000e4000000, 0x00000000e4100000, 0x00000000e4100000|100%| O|  |TAMS 0x00000000e4000000, 0x00000000e4000000| Untracked 
|  65|0x00000000e4100000, 0x00000000e4200000, 0x00000000e4200000|100%| O|  |TAMS 0x00000000e4200000, 0x00000000e4100000| Untracked 
|  66|0x00000000e4200000, 0x00000000e4300000, 0x00000000e4300000|100%| O|  |TAMS 0x00000000e4200000, 0x00000000e4200000| Untracked 
|  67|0x00000000e4300000, 0x00000000e4300000, 0x00000000e4400000|  0%| F|  |TAMS 0x00000000e4300000, 0x00000000e4300000| Untracked 
|  68|0x00000000e4400000, 0x00000000e4400000, 0x00000000e4500000|  0%| F|  |TAMS 0x00000000e4400000, 0x00000000e4400000| Untracked 
|  69|0x00000000e4500000, 0x00000000e4600000, 0x00000000e4600000|100%| O|  |TAMS 0x00000000e4600000, 0x00000000e4500000| Untracked 
|  70|0x00000000e4600000, 0x00000000e4700000, 0x00000000e4700000|100%| O|  |TAMS 0x00000000e4600000, 0x00000000e4600000| Untracked 
|  71|0x00000000e4700000, 0x00000000e4800000, 0x00000000e4800000|100%| O|  |TAMS 0x00000000e4700000, 0x00000000e4700000| Untracked 
|  72|0x00000000e4800000, 0x00000000e4900000, 0x00000000e4900000|100%| O|  |TAMS 0x00000000e4800000, 0x00000000e4800000| Untracked 
|  73|0x00000000e4900000, 0x00000000e4900000, 0x00000000e4a00000|  0%| F|  |TAMS 0x00000000e4900000, 0x00000000e4900000| Untracked 
|  74|0x00000000e4a00000, 0x00000000e4a00000, 0x00000000e4b00000|  0%| F|  |TAMS 0x00000000e4a00000, 0x00000000e4a00000| Untracked 
|  75|0x00000000e4b00000, 0x00000000e4c00000, 0x00000000e4c00000|100%| O|  |TAMS 0x00000000e4b00000, 0x00000000e4b00000| Untracked 
|  76|0x00000000e4c00000, 0x00000000e4d00000, 0x00000000e4d00000|100%| O|  |TAMS 0x00000000e4c00000, 0x00000000e4c00000| Untracked 
|  77|0x00000000e4d00000, 0x00000000e4e00000, 0x00000000e4e00000|100%| O|  |TAMS 0x00000000e4d00000, 0x00000000e4d00000| Untracked 
|  78|0x00000000e4e00000, 0x00000000e4f00000, 0x00000000e4f00000|100%| O|  |TAMS 0x00000000e4f00000, 0x00000000e4e00000| Untracked 
|  79|0x00000000e4f00000, 0x00000000e5000000, 0x00000000e5000000|100%| O|  |TAMS 0x00000000e5000000, 0x00000000e4f00000| Untracked 
|  80|0x00000000e5000000, 0x00000000e5100000, 0x00000000e5100000|100%| O|  |TAMS 0x00000000e5100000, 0x00000000e5000000| Untracked 
|  81|0x00000000e5100000, 0x00000000e5200000, 0x00000000e5200000|100%| O|  |TAMS 0x00000000e5200000, 0x00000000e5100000| Untracked 
|  82|0x00000000e5200000, 0x00000000e5200000, 0x00000000e5300000|  0%| F|  |TAMS 0x00000000e5200000, 0x00000000e5200000| Untracked 
|  83|0x00000000e5300000, 0x00000000e5400000, 0x00000000e5400000|100%| O|  |TAMS 0x00000000e5400000, 0x00000000e5300000| Untracked 
|  84|0x00000000e5400000, 0x00000000e5400000, 0x00000000e5500000|  0%| F|  |TAMS 0x00000000e5400000, 0x00000000e5400000| Untracked 
|  85|0x00000000e5500000, 0x00000000e5500000, 0x00000000e5600000|  0%| F|  |TAMS 0x00000000e5500000, 0x00000000e5500000| Untracked 
|  86|0x00000000e5600000, 0x00000000e5600000, 0x00000000e5700000|  0%| F|  |TAMS 0x00000000e5600000, 0x00000000e5600000| Untracked 
|  87|0x00000000e5700000, 0x00000000e5800000, 0x00000000e5800000|100%| O|  |TAMS 0x00000000e5700000, 0x00000000e5700000| Untracked 
|  88|0x00000000e5800000, 0x00000000e5900000, 0x00000000e5900000|100%| O|  |TAMS 0x00000000e5800000, 0x00000000e5800000| Untracked 
|  89|0x00000000e5900000, 0x00000000e5a00000, 0x00000000e5a00000|100%| O|  |TAMS 0x00000000e5900000, 0x00000000e5900000| Untracked 
|  90|0x00000000e5a00000, 0x00000000e5b00000, 0x00000000e5b00000|100%| O|  |TAMS 0x00000000e5a00000, 0x00000000e5a00000| Untracked 
|  91|0x00000000e5b00000, 0x00000000e5c00000, 0x00000000e5c00000|100%| O|  |TAMS 0x00000000e5b00000, 0x00000000e5b00000| Untracked 
|  92|0x00000000e5c00000, 0x00000000e5d00000, 0x00000000e5d00000|100%| O|  |TAMS 0x00000000e5c00000, 0x00000000e5c00000| Untracked 
|  93|0x00000000e5d00000, 0x00000000e5d00000, 0x00000000e5e00000|  0%| F|  |TAMS 0x00000000e5d00000, 0x00000000e5d00000| Untracked 
|  94|0x00000000e5e00000, 0x00000000e5e00000, 0x00000000e5f00000|  0%| F|  |TAMS 0x00000000e5e00000, 0x00000000e5e00000| Untracked 
|  95|0x00000000e5f00000, 0x00000000e6000000, 0x00000000e6000000|100%| O|  |TAMS 0x00000000e5f00000, 0x00000000e5f00000| Untracked 
|  96|0x00000000e6000000, 0x00000000e6100000, 0x00000000e6100000|100%| O|  |TAMS 0x00000000e6000000, 0x00000000e6000000| Untracked 
|  97|0x00000000e6100000, 0x00000000e6200000, 0x00000000e6200000|100%| O|  |TAMS 0x00000000e6100000, 0x00000000e6100000| Untracked 
|  98|0x00000000e6200000, 0x00000000e6300000, 0x00000000e6300000|100%| O|  |TAMS 0x00000000e6200000, 0x00000000e6200000| Untracked 
|  99|0x00000000e6300000, 0x00000000e63f1600, 0x00000000e6400000| 94%| O|  |TAMS 0x00000000e6300000, 0x00000000e6300000| Untracked 
| 100|0x00000000e6400000, 0x00000000e6400000, 0x00000000e6500000|  0%| F|  |TAMS 0x00000000e6400000, 0x00000000e6400000| Untracked 
| 101|0x00000000e6500000, 0x00000000e6500000, 0x00000000e6600000|  0%| F|  |TAMS 0x00000000e6500000, 0x00000000e6500000| Untracked 
| 102|0x00000000e6600000, 0x00000000e6600000, 0x00000000e6700000|  0%| F|  |TAMS 0x00000000e6600000, 0x00000000e6600000| Untracked 
| 103|0x00000000e6700000, 0x00000000e6700000, 0x00000000e6800000|  0%| F|  |TAMS 0x00000000e6700000, 0x00000000e6700000| Untracked 
| 104|0x00000000e6800000, 0x00000000e6900000, 0x00000000e6900000|100%| O|  |TAMS 0x00000000e6800000, 0x00000000e6800000| Untracked 
| 105|0x00000000e6900000, 0x00000000e6900000, 0x00000000e6a00000|  0%| F|  |TAMS 0x00000000e6900000, 0x00000000e6900000| Untracked 
| 106|0x00000000e6a00000, 0x00000000e6b00000, 0x00000000e6b00000|100%| O|  |TAMS 0x00000000e6a00000, 0x00000000e6a00000| Untracked 
| 107|0x00000000e6b00000, 0x00000000e6b00000, 0x00000000e6c00000|  0%| F|  |TAMS 0x00000000e6b00000, 0x00000000e6b00000| Untracked 
| 108|0x00000000e6c00000, 0x00000000e6c00000, 0x00000000e6d00000|  0%| F|  |TAMS 0x00000000e6c00000, 0x00000000e6c00000| Untracked 
| 109|0x00000000e6d00000, 0x00000000e6d00000, 0x00000000e6e00000|  0%| F|  |TAMS 0x00000000e6d00000, 0x00000000e6d00000| Untracked 
| 110|0x00000000e6e00000, 0x00000000e6e00000, 0x00000000e6f00000|  0%| F|  |TAMS 0x00000000e6e00000, 0x00000000e6e00000| Untracked 
| 111|0x00000000e6f00000, 0x00000000e6f00000, 0x00000000e7000000|  0%| F|  |TAMS 0x00000000e6f00000, 0x00000000e6f00000| Untracked 
| 112|0x00000000e7000000, 0x00000000e7100000, 0x00000000e7100000|100%| O|  |TAMS 0x00000000e7000000, 0x00000000e7000000| Untracked 
| 113|0x00000000e7100000, 0x00000000e7200000, 0x00000000e7200000|100%| O|  |TAMS 0x00000000e7100000, 0x00000000e7100000| Untracked 
| 114|0x00000000e7200000, 0x00000000e7200000, 0x00000000e7300000|  0%| F|  |TAMS 0x00000000e7200000, 0x00000000e7200000| Untracked 
| 115|0x00000000e7300000, 0x00000000e7300000, 0x00000000e7400000|  0%| F|  |TAMS 0x00000000e7300000, 0x00000000e7300000| Untracked 
| 116|0x00000000e7400000, 0x00000000e7500000, 0x00000000e7500000|100%| O|  |TAMS 0x00000000e7500000, 0x00000000e7400000| Untracked 
| 117|0x00000000e7500000, 0x00000000e7600000, 0x00000000e7600000|100%| O|  |TAMS 0x00000000e7500000, 0x00000000e7500000| Untracked 
| 118|0x00000000e7600000, 0x00000000e7600000, 0x00000000e7700000|  0%| F|  |TAMS 0x00000000e7600000, 0x00000000e7600000| Untracked 
| 119|0x00000000e7700000, 0x00000000e7800000, 0x00000000e7800000|100%| O|  |TAMS 0x00000000e7700000, 0x00000000e7700000| Untracked 
| 120|0x00000000e7800000, 0x00000000e7900000, 0x00000000e7900000|100%| O|  |TAMS 0x00000000e7800000, 0x00000000e7800000| Untracked 
| 121|0x00000000e7900000, 0x00000000e7900000, 0x00000000e7a00000|  0%| F|  |TAMS 0x00000000e7900000, 0x00000000e7900000| Untracked 
| 122|0x00000000e7a00000, 0x00000000e7a00000, 0x00000000e7b00000|  0%| F|  |TAMS 0x00000000e7a00000, 0x00000000e7a00000| Untracked 
| 123|0x00000000e7b00000, 0x00000000e7c00000, 0x00000000e7c00000|100%| O|  |TAMS 0x00000000e7b00000, 0x00000000e7b00000| Untracked 
| 124|0x00000000e7c00000, 0x00000000e7c00000, 0x00000000e7d00000|  0%| F|  |TAMS 0x00000000e7c00000, 0x00000000e7c00000| Untracked 
| 125|0x00000000e7d00000, 0x00000000e7e00000, 0x00000000e7e00000|100%| O|  |TAMS 0x00000000e7d00000, 0x00000000e7d00000| Untracked 
| 126|0x00000000e7e00000, 0x00000000e7f00000, 0x00000000e7f00000|100%| O|  |TAMS 0x00000000e7e00000, 0x00000000e7e00000| Untracked 
| 127|0x00000000e7f00000, 0x00000000e8000000, 0x00000000e8000000|100%| O|  |TAMS 0x00000000e8000000, 0x00000000e7f00000| Untracked 
| 128|0x00000000e8000000, 0x00000000e8100000, 0x00000000e8100000|100%| O|  |TAMS 0x00000000e8100000, 0x00000000e8000000| Untracked 
| 129|0x00000000e8100000, 0x00000000e8200000, 0x00000000e8200000|100%| O|  |TAMS 0x00000000e8100000, 0x00000000e8100000| Untracked 
| 130|0x00000000e8200000, 0x00000000e8300000, 0x00000000e8300000|100%| O|  |TAMS 0x00000000e8300000, 0x00000000e8200000| Untracked 
| 131|0x00000000e8300000, 0x00000000e8400000, 0x00000000e8400000|100%| O|  |TAMS 0x00000000e8300000, 0x00000000e8300000| Untracked 
| 132|0x00000000e8400000, 0x00000000e8500000, 0x00000000e8500000|100%| O|  |TAMS 0x00000000e8400000, 0x00000000e8400000| Untracked 
| 133|0x00000000e8500000, 0x00000000e8500000, 0x00000000e8600000|  0%| F|  |TAMS 0x00000000e8500000, 0x00000000e8500000| Untracked 
| 134|0x00000000e8600000, 0x00000000e8700000, 0x00000000e8700000|100%| O|  |TAMS 0x00000000e8700000, 0x00000000e8600000| Untracked 
| 135|0x00000000e8700000, 0x00000000e8800000, 0x00000000e8800000|100%| O|  |TAMS 0x00000000e8800000, 0x00000000e8700000| Untracked 
| 136|0x00000000e8800000, 0x00000000e8900000, 0x00000000e8900000|100%| O|  |TAMS 0x00000000e8900000, 0x00000000e8800000| Untracked 
| 137|0x00000000e8900000, 0x00000000e8900000, 0x00000000e8a00000|  0%| F|  |TAMS 0x00000000e8900000, 0x00000000e8900000| Untracked 
| 138|0x00000000e8a00000, 0x00000000e8b00000, 0x00000000e8b00000|100%| O|  |TAMS 0x00000000e8b00000, 0x00000000e8a00000| Untracked 
| 139|0x00000000e8b00000, 0x00000000e8b00000, 0x00000000e8c00000|  0%| F|  |TAMS 0x00000000e8b00000, 0x00000000e8b00000| Untracked 
| 140|0x00000000e8c00000, 0x00000000e8d00000, 0x00000000e8d00000|100%| O|  |TAMS 0x00000000e8d00000, 0x00000000e8c00000| Untracked 
| 141|0x00000000e8d00000, 0x00000000e8e00000, 0x00000000e8e00000|100%| O|  |TAMS 0x00000000e8e00000, 0x00000000e8d00000| Untracked 
| 142|0x00000000e8e00000, 0x00000000e8f00000, 0x00000000e8f00000|100%| O|  |TAMS 0x00000000e8f00000, 0x00000000e8e00000| Untracked 
| 143|0x00000000e8f00000, 0x00000000e9000000, 0x00000000e9000000|100%| O|  |TAMS 0x00000000e9000000, 0x00000000e8f00000| Untracked 
| 144|0x00000000e9000000, 0x00000000e9100000, 0x00000000e9100000|100%| O|  |TAMS 0x00000000e9100000, 0x00000000e9000000| Untracked 
| 145|0x00000000e9100000, 0x00000000e9200000, 0x00000000e9200000|100%| O|  |TAMS 0x00000000e9200000, 0x00000000e9100000| Untracked 
| 146|0x00000000e9200000, 0x00000000e9300000, 0x00000000e9300000|100%| O|  |TAMS 0x00000000e9300000, 0x00000000e9200000| Untracked 
| 147|0x00000000e9300000, 0x00000000e9400000, 0x00000000e9400000|100%| O|  |TAMS 0x00000000e9400000, 0x00000000e9300000| Untracked 
| 148|0x00000000e9400000, 0x00000000e9500000, 0x00000000e9500000|100%| O|  |TAMS 0x00000000e9500000, 0x00000000e9400000| Untracked 
| 149|0x00000000e9500000, 0x00000000e9600000, 0x00000000e9600000|100%| O|  |TAMS 0x00000000e9600000, 0x00000000e9500000| Untracked 
| 150|0x00000000e9600000, 0x00000000e9600000, 0x00000000e9700000|  0%| F|  |TAMS 0x00000000e9600000, 0x00000000e9600000| Untracked 
| 151|0x00000000e9700000, 0x00000000e9800000, 0x00000000e9800000|100%| O|  |TAMS 0x00000000e9800000, 0x00000000e9700000| Untracked 
| 152|0x00000000e9800000, 0x00000000e9900000, 0x00000000e9900000|100%| O|  |TAMS 0x00000000e9900000, 0x00000000e9800000| Untracked 
| 153|0x00000000e9900000, 0x00000000e9a00000, 0x00000000e9a00000|100%| O|  |TAMS 0x00000000e9a00000, 0x00000000e9900000| Untracked 
| 154|0x00000000e9a00000, 0x00000000e9b00000, 0x00000000e9b00000|100%| O|  |TAMS 0x00000000e9b00000, 0x00000000e9a00000| Untracked 
| 155|0x00000000e9b00000, 0x00000000e9c00000, 0x00000000e9c00000|100%| O|  |TAMS 0x00000000e9c00000, 0x00000000e9b00000| Untracked 
| 156|0x00000000e9c00000, 0x00000000e9d00000, 0x00000000e9d00000|100%| O|  |TAMS 0x00000000e9d00000, 0x00000000e9c00000| Untracked 
| 157|0x00000000e9d00000, 0x00000000e9e00000, 0x00000000e9e00000|100%| O|  |TAMS 0x00000000e9e00000, 0x00000000e9d00000| Untracked 
| 158|0x00000000e9e00000, 0x00000000e9f00000, 0x00000000e9f00000|100%| O|  |TAMS 0x00000000e9f00000, 0x00000000e9e00000| Untracked 
| 159|0x00000000e9f00000, 0x00000000ea000000, 0x00000000ea000000|100%| O|  |TAMS 0x00000000ea000000, 0x00000000e9f00000| Untracked 
| 160|0x00000000ea000000, 0x00000000ea100000, 0x00000000ea100000|100%| O|  |TAMS 0x00000000ea100000, 0x00000000ea000000| Untracked 
| 161|0x00000000ea100000, 0x00000000ea100000, 0x00000000ea200000|  0%| F|  |TAMS 0x00000000ea100000, 0x00000000ea100000| Untracked 
| 162|0x00000000ea200000, 0x00000000ea200000, 0x00000000ea300000|  0%| F|  |TAMS 0x00000000ea200000, 0x00000000ea200000| Untracked 
| 163|0x00000000ea300000, 0x00000000ea400000, 0x00000000ea400000|100%| O|  |TAMS 0x00000000ea400000, 0x00000000ea300000| Untracked 
| 164|0x00000000ea400000, 0x00000000ea500000, 0x00000000ea500000|100%| O|  |TAMS 0x00000000ea500000, 0x00000000ea400000| Untracked 
| 165|0x00000000ea500000, 0x00000000ea600000, 0x00000000ea600000|100%| O|  |TAMS 0x00000000ea600000, 0x00000000ea500000| Untracked 
| 166|0x00000000ea600000, 0x00000000ea600000, 0x00000000ea700000|  0%| F|  |TAMS 0x00000000ea600000, 0x00000000ea600000| Untracked 
| 167|0x00000000ea700000, 0x00000000ea700000, 0x00000000ea800000|  0%| F|  |TAMS 0x00000000ea700000, 0x00000000ea700000| Untracked 
| 168|0x00000000ea800000, 0x00000000ea800000, 0x00000000ea900000|  0%| F|  |TAMS 0x00000000ea800000, 0x00000000ea800000| Untracked 
| 169|0x00000000ea900000, 0x00000000ea900000, 0x00000000eaa00000|  0%| F|  |TAMS 0x00000000ea900000, 0x00000000ea900000| Untracked 
| 170|0x00000000eaa00000, 0x00000000eaa00000, 0x00000000eab00000|  0%| F|  |TAMS 0x00000000eaa00000, 0x00000000eaa00000| Untracked 
| 171|0x00000000eab00000, 0x00000000eac00000, 0x00000000eac00000|100%| O|  |TAMS 0x00000000eac00000, 0x00000000eab00000| Untracked 
| 172|0x00000000eac00000, 0x00000000eac00000, 0x00000000ead00000|  0%| F|  |TAMS 0x00000000eac00000, 0x00000000eac00000| Untracked 
| 173|0x00000000ead00000, 0x00000000ead00000, 0x00000000eae00000|  0%| F|  |TAMS 0x00000000ead00000, 0x00000000ead00000| Untracked 
| 174|0x00000000eae00000, 0x00000000eae00000, 0x00000000eaf00000|  0%| F|  |TAMS 0x00000000eae00000, 0x00000000eae00000| Untracked 
| 175|0x00000000eaf00000, 0x00000000eaf00000, 0x00000000eb000000|  0%| F|  |TAMS 0x00000000eaf00000, 0x00000000eaf00000| Untracked 
| 176|0x00000000eb000000, 0x00000000eb000000, 0x00000000eb100000|  0%| F|  |TAMS 0x00000000eb000000, 0x00000000eb000000| Untracked 
| 177|0x00000000eb100000, 0x00000000eb100000, 0x00000000eb200000|  0%| F|  |TAMS 0x00000000eb100000, 0x00000000eb100000| Untracked 
| 178|0x00000000eb200000, 0x00000000eb200000, 0x00000000eb300000|  0%| F|  |TAMS 0x00000000eb200000, 0x00000000eb200000| Untracked 
| 179|0x00000000eb300000, 0x00000000eb300000, 0x00000000eb400000|  0%| F|  |TAMS 0x00000000eb300000, 0x00000000eb300000| Untracked 
| 180|0x00000000eb400000, 0x00000000eb400000, 0x00000000eb500000|  0%| F|  |TAMS 0x00000000eb400000, 0x00000000eb400000| Untracked 
| 181|0x00000000eb500000, 0x00000000eb500000, 0x00000000eb600000|  0%| F|  |TAMS 0x00000000eb500000, 0x00000000eb500000| Untracked 
| 182|0x00000000eb600000, 0x00000000eb600000, 0x00000000eb700000|  0%| F|  |TAMS 0x00000000eb600000, 0x00000000eb600000| Untracked 
| 183|0x00000000eb700000, 0x00000000eb700000, 0x00000000eb800000|  0%| F|  |TAMS 0x00000000eb700000, 0x00000000eb700000| Untracked 
| 184|0x00000000eb800000, 0x00000000eb800000, 0x00000000eb900000|  0%| F|  |TAMS 0x00000000eb800000, 0x00000000eb800000| Untracked 
| 185|0x00000000eb900000, 0x00000000eb900000, 0x00000000eba00000|  0%| F|  |TAMS 0x00000000eb900000, 0x00000000eb900000| Untracked 
| 186|0x00000000eba00000, 0x00000000eba00000, 0x00000000ebb00000|  0%| F|  |TAMS 0x00000000eba00000, 0x00000000eba00000| Untracked 
| 187|0x00000000ebb00000, 0x00000000ebb00000, 0x00000000ebc00000|  0%| F|  |TAMS 0x00000000ebb00000, 0x00000000ebb00000| Untracked 
| 188|0x00000000ebc00000, 0x00000000ebc00000, 0x00000000ebd00000|  0%| F|  |TAMS 0x00000000ebc00000, 0x00000000ebc00000| Untracked 
| 189|0x00000000ebd00000, 0x00000000ebd00000, 0x00000000ebe00000|  0%| F|  |TAMS 0x00000000ebd00000, 0x00000000ebd00000| Untracked 
| 190|0x00000000ebe00000, 0x00000000ebe00000, 0x00000000ebf00000|  0%| F|  |TAMS 0x00000000ebe00000, 0x00000000ebe00000| Untracked 
| 191|0x00000000ebf00000, 0x00000000ebf00000, 0x00000000ec000000|  0%| F|  |TAMS 0x00000000ebf00000, 0x00000000ebf00000| Untracked 
| 192|0x00000000ec000000, 0x00000000ec000000, 0x00000000ec100000|  0%| F|  |TAMS 0x00000000ec000000, 0x00000000ec000000| Untracked 
| 193|0x00000000ec100000, 0x00000000ec100000, 0x00000000ec200000|  0%| F|  |TAMS 0x00000000ec100000, 0x00000000ec100000| Untracked 
| 194|0x00000000ec200000, 0x00000000ec200000, 0x00000000ec300000|  0%| F|  |TAMS 0x00000000ec200000, 0x00000000ec200000| Untracked 
| 195|0x00000000ec300000, 0x00000000ec300000, 0x00000000ec400000|  0%| F|  |TAMS 0x00000000ec300000, 0x00000000ec300000| Untracked 
| 196|0x00000000ec400000, 0x00000000ec400000, 0x00000000ec500000|  0%| F|  |TAMS 0x00000000ec400000, 0x00000000ec400000| Untracked 
| 197|0x00000000ec500000, 0x00000000ec500000, 0x00000000ec600000|  0%| F|  |TAMS 0x00000000ec500000, 0x00000000ec500000| Untracked 
| 198|0x00000000ec600000, 0x00000000ec600000, 0x00000000ec700000|  0%| F|  |TAMS 0x00000000ec600000, 0x00000000ec600000| Untracked 
| 199|0x00000000ec700000, 0x00000000ec700000, 0x00000000ec800000|  0%| F|  |TAMS 0x00000000ec700000, 0x00000000ec700000| Untracked 
| 200|0x00000000ec800000, 0x00000000ec800000, 0x00000000ec900000|  0%| F|  |TAMS 0x00000000ec800000, 0x00000000ec800000| Untracked 
| 201|0x00000000ec900000, 0x00000000ec900000, 0x00000000eca00000|  0%| F|  |TAMS 0x00000000ec900000, 0x00000000ec900000| Untracked 
| 202|0x00000000eca00000, 0x00000000eca00000, 0x00000000ecb00000|  0%| F|  |TAMS 0x00000000eca00000, 0x00000000eca00000| Untracked 
| 203|0x00000000ecb00000, 0x00000000ecb00000, 0x00000000ecc00000|  0%| F|  |TAMS 0x00000000ecb00000, 0x00000000ecb00000| Untracked 
| 204|0x00000000ecc00000, 0x00000000ecc00000, 0x00000000ecd00000|  0%| F|  |TAMS 0x00000000ecc00000, 0x00000000ecc00000| Untracked 
| 205|0x00000000ecd00000, 0x00000000ecd00000, 0x00000000ece00000|  0%| F|  |TAMS 0x00000000ecd00000, 0x00000000ecd00000| Untracked 
| 206|0x00000000ece00000, 0x00000000ece00000, 0x00000000ecf00000|  0%| F|  |TAMS 0x00000000ece00000, 0x00000000ece00000| Untracked 
| 207|0x00000000ecf00000, 0x00000000ecf00000, 0x00000000ed000000|  0%| F|  |TAMS 0x00000000ecf00000, 0x00000000ecf00000| Untracked 
| 208|0x00000000ed000000, 0x00000000ed000000, 0x00000000ed100000|  0%| F|  |TAMS 0x00000000ed000000, 0x00000000ed000000| Untracked 
| 209|0x00000000ed100000, 0x00000000ed100000, 0x00000000ed200000|  0%| F|  |TAMS 0x00000000ed100000, 0x00000000ed100000| Untracked 
| 210|0x00000000ed200000, 0x00000000ed200000, 0x00000000ed300000|  0%| F|  |TAMS 0x00000000ed200000, 0x00000000ed200000| Untracked 
| 211|0x00000000ed300000, 0x00000000ed300000, 0x00000000ed400000|  0%| F|  |TAMS 0x00000000ed300000, 0x00000000ed300000| Untracked 
| 212|0x00000000ed400000, 0x00000000ed400000, 0x00000000ed500000|  0%| F|  |TAMS 0x00000000ed400000, 0x00000000ed400000| Untracked 
| 213|0x00000000ed500000, 0x00000000ed500000, 0x00000000ed600000|  0%| F|  |TAMS 0x00000000ed500000, 0x00000000ed500000| Untracked 
| 214|0x00000000ed600000, 0x00000000ed600000, 0x00000000ed700000|  0%| F|  |TAMS 0x00000000ed600000, 0x00000000ed600000| Untracked 
| 215|0x00000000ed700000, 0x00000000ed700000, 0x00000000ed800000|  0%| F|  |TAMS 0x00000000ed700000, 0x00000000ed700000| Untracked 
| 216|0x00000000ed800000, 0x00000000ed800000, 0x00000000ed900000|  0%| F|  |TAMS 0x00000000ed800000, 0x00000000ed800000| Untracked 
| 217|0x00000000ed900000, 0x00000000ed900000, 0x00000000eda00000|  0%| F|  |TAMS 0x00000000ed900000, 0x00000000ed900000| Untracked 
| 218|0x00000000eda00000, 0x00000000eda00000, 0x00000000edb00000|  0%| F|  |TAMS 0x00000000eda00000, 0x00000000eda00000| Untracked 
| 219|0x00000000edb00000, 0x00000000edb00000, 0x00000000edc00000|  0%| F|  |TAMS 0x00000000edb00000, 0x00000000edb00000| Untracked 
| 220|0x00000000edc00000, 0x00000000edc00000, 0x00000000edd00000|  0%| F|  |TAMS 0x00000000edc00000, 0x00000000edc00000| Untracked 
| 221|0x00000000edd00000, 0x00000000edd00000, 0x00000000ede00000|  0%| F|  |TAMS 0x00000000edd00000, 0x00000000edd00000| Untracked 
| 222|0x00000000ede00000, 0x00000000ede00000, 0x00000000edf00000|  0%| F|  |TAMS 0x00000000ede00000, 0x00000000ede00000| Untracked 
| 223|0x00000000edf00000, 0x00000000edf00000, 0x00000000ee000000|  0%| F|  |TAMS 0x00000000edf00000, 0x00000000edf00000| Untracked 
| 224|0x00000000ee000000, 0x00000000ee000000, 0x00000000ee100000|  0%| F|  |TAMS 0x00000000ee000000, 0x00000000ee000000| Untracked 
| 225|0x00000000ee100000, 0x00000000ee100000, 0x00000000ee200000|  0%| F|  |TAMS 0x00000000ee100000, 0x00000000ee100000| Untracked 
| 226|0x00000000ee200000, 0x00000000ee200000, 0x00000000ee300000|  0%| F|  |TAMS 0x00000000ee200000, 0x00000000ee200000| Untracked 
| 227|0x00000000ee300000, 0x00000000ee300000, 0x00000000ee400000|  0%| F|  |TAMS 0x00000000ee300000, 0x00000000ee300000| Untracked 
| 228|0x00000000ee400000, 0x00000000ee400000, 0x00000000ee500000|  0%| F|  |TAMS 0x00000000ee400000, 0x00000000ee400000| Untracked 
| 229|0x00000000ee500000, 0x00000000ee500000, 0x00000000ee600000|  0%| F|  |TAMS 0x00000000ee500000, 0x00000000ee500000| Untracked 
| 230|0x00000000ee600000, 0x00000000ee600000, 0x00000000ee700000|  0%| F|  |TAMS 0x00000000ee600000, 0x00000000ee600000| Untracked 
| 231|0x00000000ee700000, 0x00000000ee700000, 0x00000000ee800000|  0%| F|  |TAMS 0x00000000ee700000, 0x00000000ee700000| Untracked 
| 232|0x00000000ee800000, 0x00000000ee800000, 0x00000000ee900000|  0%| F|  |TAMS 0x00000000ee800000, 0x00000000ee800000| Untracked 
| 233|0x00000000ee900000, 0x00000000ee900000, 0x00000000eea00000|  0%| F|  |TAMS 0x00000000ee900000, 0x00000000ee900000| Untracked 
| 234|0x00000000eea00000, 0x00000000eea00000, 0x00000000eeb00000|  0%| F|  |TAMS 0x00000000eea00000, 0x00000000eea00000| Untracked 
| 235|0x00000000eeb00000, 0x00000000eeb00000, 0x00000000eec00000|  0%| F|  |TAMS 0x00000000eeb00000, 0x00000000eeb00000| Untracked 
| 236|0x00000000eec00000, 0x00000000eec00000, 0x00000000eed00000|  0%| F|  |TAMS 0x00000000eec00000, 0x00000000eec00000| Untracked 
| 237|0x00000000eed00000, 0x00000000eed00000, 0x00000000eee00000|  0%| F|  |TAMS 0x00000000eed00000, 0x00000000eed00000| Untracked 
| 238|0x00000000eee00000, 0x00000000eee00000, 0x00000000eef00000|  0%| F|  |TAMS 0x00000000eee00000, 0x00000000eee00000| Untracked 
| 239|0x00000000eef00000, 0x00000000eef80800, 0x00000000ef000000| 50%| E|  |TAMS 0x00000000eef00000, 0x00000000eef00000| Complete 
| 240|0x00000000ef000000, 0x00000000ef100000, 0x00000000ef100000|100%| E|CS|TAMS 0x00000000ef000000, 0x00000000ef000000| Complete 
| 241|0x00000000ef100000, 0x00000000ef200000, 0x00000000ef200000|100%| E|CS|TAMS 0x00000000ef100000, 0x00000000ef100000| Complete 
| 242|0x00000000ef200000, 0x00000000ef300000, 0x00000000ef300000|100%| E|CS|TAMS 0x00000000ef200000, 0x00000000ef200000| Complete 
| 243|0x00000000ef300000, 0x00000000ef400000, 0x00000000ef400000|100%| E|CS|TAMS 0x00000000ef300000, 0x00000000ef300000| Complete 
| 244|0x00000000ef400000, 0x00000000ef500000, 0x00000000ef500000|100%| E|CS|TAMS 0x00000000ef400000, 0x00000000ef400000| Complete 
| 245|0x00000000ef500000, 0x00000000ef600000, 0x00000000ef600000|100%| E|CS|TAMS 0x00000000ef500000, 0x00000000ef500000| Complete 
| 246|0x00000000ef600000, 0x00000000ef700000, 0x00000000ef700000|100%| E|CS|TAMS 0x00000000ef600000, 0x00000000ef600000| Complete 
| 247|0x00000000ef700000, 0x00000000ef800000, 0x00000000ef800000|100%| E|CS|TAMS 0x00000000ef700000, 0x00000000ef700000| Complete 
| 248|0x00000000ef800000, 0x00000000ef900000, 0x00000000ef900000|100%| E|CS|TAMS 0x00000000ef800000, 0x00000000ef800000| Complete 
| 249|0x00000000ef900000, 0x00000000efa00000, 0x00000000efa00000|100%| E|CS|TAMS 0x00000000ef900000, 0x00000000ef900000| Complete 
| 250|0x00000000efa00000, 0x00000000efb00000, 0x00000000efb00000|100%| E|CS|TAMS 0x00000000efa00000, 0x00000000efa00000| Complete 
| 251|0x00000000efb00000, 0x00000000efc00000, 0x00000000efc00000|100%| E|CS|TAMS 0x00000000efb00000, 0x00000000efb00000| Complete 
| 252|0x00000000efc00000, 0x00000000efd00000, 0x00000000efd00000|100%| E|CS|TAMS 0x00000000efc00000, 0x00000000efc00000| Complete 
| 253|0x00000000efd00000, 0x00000000efe00000, 0x00000000efe00000|100%| E|CS|TAMS 0x00000000efd00000, 0x00000000efd00000| Complete 
| 254|0x00000000efe00000, 0x00000000eff00000, 0x00000000eff00000|100%| E|CS|TAMS 0x00000000efe00000, 0x00000000efe00000| Complete 
| 255|0x00000000eff00000, 0x00000000f0000000, 0x00000000f0000000|100%| E|CS|TAMS 0x00000000eff00000, 0x00000000eff00000| Complete 
| 256|0x00000000f0000000, 0x00000000f0100000, 0x00000000f0100000|100%| E|CS|TAMS 0x00000000f0000000, 0x00000000f0000000| Complete 
| 257|0x00000000f0100000, 0x00000000f0200000, 0x00000000f0200000|100%| E|CS|TAMS 0x00000000f0100000, 0x00000000f0100000| Complete 
| 258|0x00000000f0200000, 0x00000000f0300000, 0x00000000f0300000|100%| E|CS|TAMS 0x00000000f0200000, 0x00000000f0200000| Complete 
| 259|0x00000000f0300000, 0x00000000f0400000, 0x00000000f0400000|100%| S|CS|TAMS 0x00000000f0300000, 0x00000000f0300000| Complete 
| 260|0x00000000f0400000, 0x00000000f0500000, 0x00000000f0500000|100%| S|CS|TAMS 0x00000000f0400000, 0x00000000f0400000| Complete 
| 261|0x00000000f0500000, 0x00000000f0600000, 0x00000000f0600000|100%| E|CS|TAMS 0x00000000f0500000, 0x00000000f0500000| Complete 
| 262|0x00000000f0600000, 0x00000000f0700000, 0x00000000f0700000|100%| E|CS|TAMS 0x00000000f0600000, 0x00000000f0600000| Complete 
| 263|0x00000000f0700000, 0x00000000f0800000, 0x00000000f0800000|100%| E|CS|TAMS 0x00000000f0700000, 0x00000000f0700000| Complete 
| 264|0x00000000f0800000, 0x00000000f0900000, 0x00000000f0900000|100%| E|CS|TAMS 0x00000000f0800000, 0x00000000f0800000| Complete 
| 265|0x00000000f0900000, 0x00000000f0a00000, 0x00000000f0a00000|100%| E|CS|TAMS 0x00000000f0900000, 0x00000000f0900000| Complete 
| 266|0x00000000f0a00000, 0x00000000f0b00000, 0x00000000f0b00000|100%| E|CS|TAMS 0x00000000f0a00000, 0x00000000f0a00000| Complete 
| 267|0x00000000f0b00000, 0x00000000f0c00000, 0x00000000f0c00000|100%| E|CS|TAMS 0x00000000f0b00000, 0x00000000f0b00000| Complete 
| 268|0x00000000f0c00000, 0x00000000f0d00000, 0x00000000f0d00000|100%| E|CS|TAMS 0x00000000f0c00000, 0x00000000f0c00000| Complete 
| 269|0x00000000f0d00000, 0x00000000f0e00000, 0x00000000f0e00000|100%| E|CS|TAMS 0x00000000f0d00000, 0x00000000f0d00000| Complete 
| 270|0x00000000f0e00000, 0x00000000f0f00000, 0x00000000f0f00000|100%| E|CS|TAMS 0x00000000f0e00000, 0x00000000f0e00000| Complete 
| 271|0x00000000f0f00000, 0x00000000f1000000, 0x00000000f1000000|100%| E|CS|TAMS 0x00000000f0f00000, 0x00000000f0f00000| Complete 
| 272|0x00000000f1000000, 0x00000000f1100000, 0x00000000f1100000|100%| E|CS|TAMS 0x00000000f1000000, 0x00000000f1000000| Complete 
| 273|0x00000000f1100000, 0x00000000f1200000, 0x00000000f1200000|100%| E|CS|TAMS 0x00000000f1100000, 0x00000000f1100000| Complete 

Card table byte_map: [0x000001657c900000,0x000001657ca00000] _byte_map_base: 0x000001657c200000

Marking Bits (Prev, Next): (CMBitMap*) 0x000001657c758968, (CMBitMap*) 0x000001657c758928
 Prev Bits: [0x000001657d300000, 0x000001657db00000)
 Next Bits: [0x000001657cb00000, 0x000001657d300000)

Polling page: 0x000001657a5e0000

Metaspace:

Usage:
  Non-class:     71.78 MB capacity,    69.46 MB ( 97%) used,     2.09 MB (  3%) free+waste,   240.19 KB ( <1%) overhead. 
      Class:     11.44 MB capacity,    10.13 MB ( 89%) used,     1.20 MB ( 10%) free+waste,   111.38 KB ( <1%) overhead. 
       Both:     83.22 MB capacity,    79.59 MB ( 96%) used,     3.28 MB (  4%) free+waste,   351.56 KB ( <1%) overhead. 

Virtual space:
  Non-class space:       72.00 MB reserved,      71.96 MB (>99%) committed 
      Class space:      248.00 MB reserved,      11.50 MB (  5%) committed 
             Both:      320.00 MB reserved,      83.46 MB ( 26%) committed 

Chunk freelists:
   Non-Class:  1.00 KB
       Class:  0 bytes
        Both:  1.00 KB

MaxMetaspaceSize: 256.00 MB
CompressedClassSpaceSize: 248.00 MB

CodeHeap 'non-profiled nmethods': size=120000Kb used=9180Kb max_used=9180Kb free=110819Kb
 bounds [0x000001650ff00000, 0x0000016510800000, 0x0000016517430000]
CodeHeap 'profiled nmethods': size=120000Kb used=29846Kb max_used=29846Kb free=90153Kb
 bounds [0x00000165089d0000, 0x000001650a700000, 0x000001650ff00000]
CodeHeap 'non-nmethods': size=5760Kb used=2411Kb max_used=2476Kb free=3348Kb
 bounds [0x0000016508430000, 0x00000165086a0000, 0x00000165089d0000]
 total_blobs=21322 nmethods=13465 adapters=810
 compilation: enabled
              stopped_count=0, restarted_count=0
 full_count=0

Compilation events (20 events):
Event: 894.295 Thread 0x0000016517f64800 15675       1       org.gradle.api.internal.artifacts.ivyservice.ivyresolve.VersionInfo::getVersion (5 bytes)
Event: 894.295 Thread 0x0000016517f64800 nmethod 15675 0x00000165107eee90 code [0x00000165107ef020, 0x00000165107ef158]
Event: 894.315 Thread 0x0000016517f64800 15676       3       com.google.common.collect.SingletonImmutableSet::createAsList (8 bytes)
Event: 894.316 Thread 0x0000016517f64800 nmethod 15676 0x000001650a6a3490 code [0x000001650a6a36c0, 0x000001650a6a3ff0]
Event: 894.338 Thread 0x0000016517f64800 15677       2       org.gradle.api.internal.artifacts.repositories.transport.RepositoryTransportFactory::createTransport (141 bytes)
Event: 894.339 Thread 0x0000016517f64800 nmethod 15677 0x000001650a6a4310 code [0x000001650a6a4560, 0x000001650a6a4dd0]
Event: 894.340 Thread 0x0000016517f64800 15678       2       org.gradle.api.internal.artifacts.ivyservice.modulecache.ResolvedArtifactCaches::provideResolvedArtifactCache (16 bytes)
Event: 894.340 Thread 0x0000016517f64800 nmethod 15678 0x000001650a6a5210 code [0x000001650a6a53e0, 0x000001650a6a57d0]
Event: 894.340 Thread 0x0000016517f64800 15679       2       org.gradle.api.internal.artifacts.repositories.metadata.RedirectingGradleMetadataModuleMetadataSource::appendId (6 bytes)
Event: 894.341 Thread 0x0000016517f64800 nmethod 15679 0x000001650a6a5910 code [0x000001650a6a5b40, 0x000001650a6a5f80]
Event: 894.341 Thread 0x0000016517f64800 15680       2       org.gradle.api.internal.artifacts.ivyservice.ivyresolve.ErrorHandlingModuleComponentRepository::<init> (66 bytes)
Event: 894.342 Thread 0x0000016517f64800 nmethod 15680 0x000001650a6a6290 code [0x000001650a6a6560, 0x000001650a6a6e40]
Event: 894.342 Thread 0x0000016517f64800 15681       2       org.gradle.api.internal.artifacts.ivyservice.ivyresolve.ResolveIvyFactory::filterRepository (31 bytes)
Event: 894.343 Thread 0x0000016517f64800 nmethod 15681 0x000001650a6a7410 code [0x000001650a6a75e0, 0x000001650a6a7940]
Event: 894.343 Thread 0x0000016517f64800 15682       2       org.gradle.api.internal.artifacts.repositories.DefaultMavenRepositoryContentDescriptor::toContentFilter (52 bytes)
Event: 894.343 Thread 0x0000016517f64800 nmethod 15682 0x000001650a6a7a90 code [0x000001650a6a7c80, 0x000001650a6a8170]
Event: 894.343 Thread 0x0000016517f64800 15683       2       org.gradle.api.internal.artifacts.repositories.DefaultRepositoryContentDescriptor::toContentFilter (85 bytes)
Event: 894.343 Thread 0x0000016517f64800 nmethod 15683 0x000001650a6a8310 code [0x000001650a6a84e0, 0x000001650a6a87f0]
Event: 894.343 Thread 0x0000016517f64800 15684       2       org.gradle.api.internal.artifacts.ivyservice.ivyresolve.ResolveIvyFactory$ParentModuleLookupResolver::add (9 bytes)
Event: 894.344 Thread 0x0000016517f64800 nmethod 15684 0x000001650a6a8910 code [0x000001650a6a8b00, 0x000001650a6a8de0]

GC Heap History (20 events):
Event: 65.971 GC heap before
{Heap before GC invocations=14 (full 0):
 garbage-first heap   total 262144K, used 200704K [0x00000000e0000000, 0x0000000100000000)
  region size 1024K, 119 young (121856K), 18 survivors (18432K)
 Metaspace       used 70374K, capacity 73669K, committed 73944K, reserved 317440K
  class space    used 9298K, capacity 10441K, committed 10496K, reserved 253952K
}
Event: 66.024 GC heap after
{Heap after GC invocations=15 (full 0):
 garbage-first heap   total 262144K, used 115200K [0x00000000e0000000, 0x0000000100000000)
  region size 1024K, 15 young (15360K), 15 survivors (15360K)
 Metaspace       used 70374K, capacity 73669K, committed 73944K, reserved 317440K
  class space    used 9298K, capacity 10441K, committed 10496K, reserved 253952K
}
Event: 70.366 GC heap before
{Heap before GC invocations=15 (full 0):
 garbage-first heap   total 262144K, used 200192K [0x00000000e0000000, 0x0000000100000000)
  region size 1024K, 99 young (101376K), 15 survivors (15360K)
 Metaspace       used 71817K, capacity 75229K, committed 75480K, reserved 319488K
  class space    used 9476K, capacity 10655K, committed 10752K, reserved 253952K
}
Event: 70.405 GC heap after
{Heap after GC invocations=16 (full 0):
 garbage-first heap   total 262144K, used 129536K [0x00000000e0000000, 0x0000000100000000)
  region size 1024K, 13 young (13312K), 13 survivors (13312K)
 Metaspace       used 71817K, capacity 75229K, committed 75480K, reserved 319488K
  class space    used 9476K, capacity 10655K, committed 10752K, reserved 253952K
}
Event: 74.101 GC heap before
{Heap before GC invocations=16 (full 0):
 garbage-first heap   total 262144K, used 203264K [0x00000000e0000000, 0x0000000100000000)
  region size 1024K, 86 young (88064K), 13 survivors (13312K)
 Metaspace       used 73226K, capacity 76719K, committed 77016K, reserved 321536K
  class space    used 9673K, capacity 10892K, committed 11008K, reserved 253952K
}
Event: 74.145 GC heap after
{Heap after GC invocations=17 (full 0):
 garbage-first heap   total 262144K, used 136192K [0x00000000e0000000, 0x0000000100000000)
  region size 1024K, 6 young (6144K), 6 survivors (6144K)
 Metaspace       used 73226K, capacity 76719K, committed 77016K, reserved 321536K
  class space    used 9673K, capacity 10892K, committed 11008K, reserved 253952K
}
Event: 76.274 GC heap before
{Heap before GC invocations=17 (full 0):
 garbage-first heap   total 262144K, used 209920K [0x00000000e0000000, 0x0000000100000000)
  region size 1024K, 78 young (79872K), 6 survivors (6144K)
 Metaspace       used 73499K, capacity 76936K, committed 77272K, reserved 321536K
  class space    used 9695K, capacity 10917K, committed 11008K, reserved 253952K
}
Event: 76.295 GC heap after
{Heap after GC invocations=18 (full 0):
 garbage-first heap   total 262144K, used 141312K [0x00000000e0000000, 0x0000000100000000)
  region size 1024K, 5 young (5120K), 5 survivors (5120K)
 Metaspace       used 73499K, capacity 76936K, committed 77272K, reserved 321536K
  class space    used 9695K, capacity 10917K, committed 11008K, reserved 253952K
}
Event: 77.478 GC heap before
{Heap before GC invocations=19 (full 0):
 garbage-first heap   total 262144K, used 184320K [0x00000000e0000000, 0x0000000100000000)
  region size 1024K, 49 young (50176K), 5 survivors (5120K)
 Metaspace       used 76192K, capacity 79633K, committed 79960K, reserved 323584K
  class space    used 10016K, capacity 11257K, committed 11392K, reserved 253952K
}
Event: 77.495 GC heap after
{Heap after GC invocations=20 (full 0):
 garbage-first heap   total 262144K, used 144363K [0x00000000e0000000, 0x0000000100000000)
  region size 1024K, 8 young (8192K), 8 survivors (8192K)
 Metaspace       used 76192K, capacity 79633K, committed 79960K, reserved 323584K
  class space    used 10016K, capacity 11257K, committed 11392K, reserved 253952K
}
Event: 79.364 GC heap before
{Heap before GC invocations=21 (full 0):
 garbage-first heap   total 275456K, used 208875K [0x00000000e0000000, 0x0000000100000000)
  region size 1024K, 71 young (72704K), 8 survivors (8192K)
 Metaspace       used 76313K, capacity 79798K, committed 79960K, reserved 323584K
  class space    used 10022K, capacity 11268K, committed 11392K, reserved 253952K
}
Event: 79.387 GC heap after
{Heap after GC invocations=22 (full 0):
 garbage-first heap   total 275456K, used 149264K [0x00000000e0000000, 0x0000000100000000)
  region size 1024K, 9 young (9216K), 9 survivors (9216K)
 Metaspace       used 76313K, capacity 79798K, committed 79960K, reserved 323584K
  class space    used 10022K, capacity 11268K, committed 11392K, reserved 253952K
}
Event: 749.940 GC heap before
{Heap before GC invocations=22 (full 0):
 garbage-first heap   total 275456K, used 217872K [0x00000000e0000000, 0x0000000100000000)
  region size 1024K, 77 young (78848K), 9 survivors (9216K)
 Metaspace       used 80403K, capacity 83995K, committed 84056K, reserved 327680K
  class space    used 10322K, capacity 11592K, committed 11648K, reserved 253952K
}
Event: 749.989 GC heap after
{Heap after GC invocations=23 (full 0):
 garbage-first heap   total 275456K, used 151630K [0x00000000e0000000, 0x0000000100000000)
  region size 1024K, 8 young (8192K), 8 survivors (8192K)
 Metaspace       used 80403K, capacity 83995K, committed 84056K, reserved 327680K
  class space    used 10322K, capacity 11592K, committed 11648K, reserved 253952K
}
Event: 890.037 GC heap before
{Heap before GC invocations=24 (full 0):
 garbage-first heap   total 275456K, used 221262K [0x00000000e0000000, 0x0000000100000000)
  region size 1024K, 77 young (78848K), 8 survivors (8192K)
 Metaspace       used 80872K, capacity 84638K, committed 84952K, reserved 327680K
  class space    used 10350K, capacity 11672K, committed 11776K, reserved 253952K
}
Event: 890.085 GC heap after
{Heap after GC invocations=25 (full 0):
 garbage-first heap   total 275456K, used 164850K [0x00000000e0000000, 0x0000000100000000)
  region size 1024K, 10 young (10240K), 10 survivors (10240K)
 Metaspace       used 80872K, capacity 84638K, committed 84952K, reserved 327680K
  class space    used 10350K, capacity 11672K, committed 11776K, reserved 253952K
}
Event: 890.222 GC heap before
{Heap before GC invocations=25 (full 0):
 garbage-first heap   total 275456K, used 166898K [0x00000000e0000000, 0x0000000100000000)
  region size 1024K, 13 young (13312K), 10 survivors (10240K)
 Metaspace       used 80881K, capacity 84639K, committed 84952K, reserved 327680K
  class space    used 10350K, capacity 11672K, committed 11776K, reserved 253952K
}
Event: 890.340 GC heap after
{Heap after GC invocations=26 (full 0):
 garbage-first heap   total 275456K, used 153348K [0x00000000e0000000, 0x0000000100000000)
  region size 1024K, 2 young (2048K), 2 survivors (2048K)
 Metaspace       used 80881K, capacity 84639K, committed 84952K, reserved 327680K
  class space    used 10350K, capacity 11672K, committed 11776K, reserved 253952K
}
Event: 892.030 GC heap before
{Heap before GC invocations=26 (full 0):
 garbage-first heap   total 275456K, used 219908K [0x00000000e0000000, 0x0000000100000000)
  region size 1024K, 67 young (68608K), 2 survivors (2048K)
 Metaspace       used 81256K, capacity 85070K, committed 85208K, reserved 327680K
  class space    used 10369K, capacity 11700K, committed 11776K, reserved 253952K
}
Event: 892.107 GC heap after
{Heap after GC invocations=27 (full 0):
 garbage-first heap   total 275456K, used 166400K [0x00000000e0000000, 0x0000000100000000)
  region size 1024K, 9 young (9216K), 9 survivors (9216K)
 Metaspace       used 81256K, capacity 85070K, committed 85208K, reserved 327680K
  class space    used 10369K, capacity 11700K, committed 11776K, reserved 253952K
}

Deoptimization events (20 events):
Event: 893.195 Thread 0x000001651d1b1800 DEOPT PACKING pc=0x00000165107a13d0 sp=0x0000000ebfefaa00
Event: 893.195 Thread 0x000001651d1b1800 DEOPT UNPACKING pc=0x000001650847912f sp=0x0000000ebfefa9d0 mode 2
Event: 893.195 Thread 0x000001651d1b1800 Uncommon trap: trap_request=0xffffffbe fr.pc=0x00000165107a13d0 relative=0x0000000000001830
Event: 893.195 Thread 0x000001651d1b1800 Uncommon trap: reason=profile_predicate action=maybe_recompile pc=0x00000165107a13d0 method=org.gradle.api.internal.artifacts.configurations.Configurations.getNames(Ljava/util/Collection;)Lcom/google/common/collect/ImmutableSet; @ 67 c2
Event: 893.195 Thread 0x000001651d1b1800 DEOPT PACKING pc=0x00000165107a13d0 sp=0x0000000ebfefaa00
Event: 893.195 Thread 0x000001651d1b1800 DEOPT UNPACKING pc=0x000001650847912f sp=0x0000000ebfefa9d0 mode 2
Event: 893.195 Thread 0x000001651d1b1800 Uncommon trap: trap_request=0xffffffbe fr.pc=0x00000165107a13d0 relative=0x0000000000001830
Event: 893.195 Thread 0x000001651d1b1800 Uncommon trap: reason=profile_predicate action=maybe_recompile pc=0x00000165107a13d0 method=org.gradle.api.internal.artifacts.configurations.Configurations.getNames(Ljava/util/Collection;)Lcom/google/common/collect/ImmutableSet; @ 67 c2
Event: 893.195 Thread 0x000001651d1b1800 DEOPT PACKING pc=0x00000165107a13d0 sp=0x0000000ebfefaa00
Event: 893.195 Thread 0x000001651d1b1800 DEOPT UNPACKING pc=0x000001650847912f sp=0x0000000ebfefa9d0 mode 2
Event: 893.195 Thread 0x000001651d1b1800 Uncommon trap: trap_request=0xffffffbe fr.pc=0x00000165107a13d0 relative=0x0000000000001830
Event: 893.195 Thread 0x000001651d1b1800 Uncommon trap: reason=profile_predicate action=maybe_recompile pc=0x00000165107a13d0 method=org.gradle.api.internal.artifacts.configurations.Configurations.getNames(Ljava/util/Collection;)Lcom/google/common/collect/ImmutableSet; @ 67 c2
Event: 893.195 Thread 0x000001651d1b1800 DEOPT PACKING pc=0x00000165107a13d0 sp=0x0000000ebfefaa00
Event: 893.195 Thread 0x000001651d1b1800 DEOPT UNPACKING pc=0x000001650847912f sp=0x0000000ebfefa9d0 mode 2
Event: 893.405 Thread 0x000001651d1b1800 DEOPT PACKING pc=0x000001650a29e1f5 sp=0x0000000ebfefb160
Event: 893.405 Thread 0x000001651d1b1800 DEOPT UNPACKING pc=0x000001650847964e sp=0x0000000ebfefa680 mode 0
Event: 894.285 Thread 0x000001651d1b1800 DEOPT PACKING pc=0x000001650a29e216 sp=0x0000000ebfefb3a0
Event: 894.285 Thread 0x000001651d1b1800 DEOPT UNPACKING pc=0x000001650847964e sp=0x0000000ebfefa8c0 mode 0
Event: 894.326 Thread 0x000001651d1b1800 DEOPT PACKING pc=0x0000016509ee155d sp=0x0000000ebfef9930
Event: 894.326 Thread 0x000001651d1b1800 DEOPT UNPACKING pc=0x000001650847964e sp=0x0000000ebfef8d00 mode 0

Classes unloaded (20 events):
Event: 750.343 Thread 0x00000165175c7800 Unloading class 0x0000000800c76440 'java/lang/invoke/LambdaForm$MH'
Event: 750.343 Thread 0x00000165175c7800 Unloading class 0x0000000800c76040 'java/lang/invoke/LambdaForm$BMH'
Event: 750.343 Thread 0x00000165175c7800 Unloading class 0x0000000800c44c40 'java/lang/invoke/LambdaForm$DMH'
Event: 750.343 Thread 0x00000165175c7800 Unloading class 0x0000000800c45040 'java/lang/invoke/LambdaForm$DMH'
Event: 750.343 Thread 0x00000165175c7800 Unloading class 0x0000000800c45840 'java/lang/invoke/LambdaForm$MH'
Event: 750.343 Thread 0x00000165175c7800 Unloading class 0x0000000800c46440 'java/lang/invoke/LambdaForm$MH'
Event: 750.343 Thread 0x00000165175c7800 Unloading class 0x0000000800c46040 'java/lang/invoke/LambdaForm$MH'
Event: 750.343 Thread 0x00000165175c7800 Unloading class 0x0000000800c46840 'java/lang/invoke/LambdaForm$MH'
Event: 750.343 Thread 0x00000165175c7800 Unloading class 0x0000000800c42c40 'java/lang/invoke/LambdaForm$MH'
Event: 750.343 Thread 0x00000165175c7800 Unloading class 0x0000000800c41c40 'java/lang/invoke/LambdaForm$MH'
Event: 750.343 Thread 0x00000165175c7800 Unloading class 0x0000000800c41440 'java/lang/invoke/LambdaForm$MH'
Event: 750.343 Thread 0x00000165175c7800 Unloading class 0x0000000800c41040 'java/lang/invoke/LambdaForm$MH'
Event: 750.343 Thread 0x00000165175c7800 Unloading class 0x0000000800c40c40 'java/lang/invoke/LambdaForm$MH'
Event: 750.343 Thread 0x00000165175c7800 Unloading class 0x0000000800c40840 'java/lang/invoke/LambdaForm$MH'
Event: 750.343 Thread 0x00000165175c7800 Unloading class 0x0000000800c40040 'java/lang/invoke/LambdaForm$MH'
Event: 750.343 Thread 0x00000165175c7800 Unloading class 0x0000000800c2a440 'java/lang/invoke/LambdaForm$MH'
Event: 892.453 Thread 0x00000165175c7800 Unloading class 0x0000000801575c40 'jdk/internal/reflect/GeneratedSerializationConstructorAccessor4'
Event: 892.453 Thread 0x00000165175c7800 Unloading class 0x0000000801589c40 'jdk/internal/reflect/GeneratedSerializationConstructorAccessor3'
Event: 892.453 Thread 0x00000165175c7800 Unloading class 0x000000080158a440 'jdk/internal/reflect/GeneratedSerializationConstructorAccessor2'
Event: 892.454 Thread 0x00000165175c7800 Unloading class 0x000000080158a840 'jdk/internal/reflect/GeneratedSerializationConstructorAccessor1'

Classes redefined (0 events):
No events

Internal exceptions (20 events):
Event: 882.679 Thread 0x000001651d1b1800 Exception <a 'sun/nio/fs/WindowsException'{0x00000000ef15ea00}> (0x00000000ef15ea00) 
thrown [t:/workspace/open/src/hotspot/share/prims/jni.cpp, line 598]
Event: 882.680 Thread 0x000001651d1b1800 Exception <a 'sun/nio/fs/WindowsException'{0x00000000ef15ed88}> (0x00000000ef15ed88) 
thrown [t:/workspace/open/src/hotspot/share/prims/jni.cpp, line 598]
Event: 882.680 Thread 0x000001651d1b1800 Exception <a 'sun/nio/fs/WindowsException'{0x00000000ef161270}> (0x00000000ef161270) 
thrown [t:/workspace/open/src/hotspot/share/prims/jni.cpp, line 598]
Event: 882.680 Thread 0x000001651d1b1800 Exception <a 'sun/nio/fs/WindowsException'{0x00000000ef161620}> (0x00000000ef161620) 
thrown [t:/workspace/open/src/hotspot/share/prims/jni.cpp, line 598]
Event: 882.834 Thread 0x000001651d1b1800 Exception <a 'sun/nio/fs/WindowsException'{0x00000000eebfd380}> (0x00000000eebfd380) 
thrown [t:/workspace/open/src/hotspot/share/prims/jni.cpp, line 598]
Event: 882.924 Thread 0x000001651d1b1800 Exception <a 'sun/nio/fs/WindowsException'{0x00000000ee7b69e0}> (0x00000000ee7b69e0) 
thrown [t:/workspace/open/src/hotspot/share/prims/jni.cpp, line 598]
Event: 889.584 Thread 0x000001651d1b1800 Exception <a 'sun/nio/fs/WindowsException'{0x00000000ed8ff370}> (0x00000000ed8ff370) 
thrown [t:/workspace/open/src/hotspot/share/prims/jni.cpp, line 598]
Event: 889.706 Thread 0x000001651d1b1800 Exception <a 'sun/nio/fs/WindowsException'{0x00000000ed106a98}> (0x00000000ed106a98) 
thrown [t:/workspace/open/src/hotspot/share/prims/jni.cpp, line 598]
Event: 889.789 Thread 0x000001651d1b1800 Exception <a 'sun/nio/fs/WindowsException'{0x00000000ecfecab0}> (0x00000000ecfecab0) 
thrown [t:/workspace/open/src/hotspot/share/prims/jni.cpp, line 598]
Event: 889.887 Thread 0x000001651d1b1800 Exception <a 'sun/nio/fs/WindowsException'{0x00000000ecceba30}> (0x00000000ecceba30) 
thrown [t:/workspace/open/src/hotspot/share/prims/jni.cpp, line 598]
Event: 890.003 Thread 0x000001651d1b1800 Exception <a 'sun/nio/fs/WindowsException'{0x00000000ec9c1608}> (0x00000000ec9c1608) 
thrown [t:/workspace/open/src/hotspot/share/prims/jni.cpp, line 598]
Event: 890.494 Thread 0x000001651d1b1800 Exception <a 'sun/nio/fs/WindowsException'{0x00000000f07846d8}> (0x00000000f07846d8) 
thrown [t:/workspace/open/src/hotspot/share/prims/jni.cpp, line 598]
Event: 890.594 Thread 0x000001651d1b1800 Exception <a 'sun/nio/fs/WindowsException'{0x00000000f0461360}> (0x00000000f0461360) 
thrown [t:/workspace/open/src/hotspot/share/prims/jni.cpp, line 598]
Event: 890.784 Thread 0x000001651d1b1800 Exception <a 'sun/nio/fs/WindowsException'{0x00000000ef6382f0}> (0x00000000ef6382f0) 
thrown [t:/workspace/open/src/hotspot/share/prims/jni.cpp, line 598]
Event: 890.889 Thread 0x000001651d1b1800 Exception <a 'sun/nio/fs/WindowsException'{0x00000000ef29f0d8}> (0x00000000ef29f0d8) 
thrown [t:/workspace/open/src/hotspot/share/prims/jni.cpp, line 598]
Event: 891.010 Thread 0x000001651d1b1800 Exception <a 'sun/nio/fs/WindowsException'{0x00000000eeeaf4e8}> (0x00000000eeeaf4e8) 
thrown [t:/workspace/open/src/hotspot/share/prims/jni.cpp, line 598]
Event: 891.027 Thread 0x000001651d1b1800 Implicit null exception at 0x000001651076fcee to 0x000001651076fe06
Event: 891.112 Thread 0x000001651d1b1800 Implicit null exception at 0x000001650ffc792d to 0x000001650ffca1fe
Event: 891.181 Thread 0x000001651d1b1800 Exception <a 'sun/nio/fs/WindowsException'{0x00000000ee998530}> (0x00000000ee998530) 
thrown [t:/workspace/open/src/hotspot/share/prims/jni.cpp, line 598]
Event: 891.425 Thread 0x000001651d1b1800 Exception <a 'sun/nio/fs/WindowsException'{0x00000000ee1c7778}> (0x00000000ee1c7778) 
thrown [t:/workspace/open/src/hotspot/share/prims/jni.cpp, line 598]

Events (20 events):
Event: 891.505 loading class groovy/runtime/metaclass/build_51v03neh0r9pe3oouhe9txysr$_run_closure3MetaClass done
Event: 891.629 Executing VM operation: BulkRevokeBias
Event: 891.631 Executing VM operation: BulkRevokeBias done
Event: 891.703 Executing VM operation: BulkRevokeBias
Event: 891.706 Executing VM operation: BulkRevokeBias done
Event: 891.822 Executing VM operation: RevokeBias
Event: 891.822 Executing VM operation: RevokeBias done
Event: 891.891 loading class org/gradle/api/internal/artifacts/ivyservice/resolutionstrategy/DefaultCachePolicy$1
Event: 891.891 loading class org/gradle/api/internal/artifacts/ivyservice/resolutionstrategy/DefaultCachePolicy$1 done
Event: 892.030 Executing VM operation: G1CollectForAllocation
Event: 892.108 Executing VM operation: G1CollectForAllocation done
Event: 892.453 Executing VM operation: G1Concurrent
Event: 892.474 Executing VM operation: G1Concurrent done
Event: 892.666 Executing VM operation: G1Concurrent
Event: 892.667 Executing VM operation: G1Concurrent done
Event: 893.083 Executing VM operation: RevokeBias
Event: 893.083 Executing VM operation: RevokeBias done
Event: 893.437 Thread 0x00000165195e8000 Thread added: 0x00000165195e8000
Event: 893.503 Executing VM operation: ICBufferFull
Event: 893.503 Executing VM operation: ICBufferFull done


Dynamic libraries:
0x00007ff6c9fa0000 - 0x00007ff6c9faf000 	C:\Program Files\Java\jdk-13.0.2\bin\java.exe
0x00007ffaf1da0000 - 0x00007ffaf1f90000 	C:\WINDOWS\SYSTEM32\ntdll.dll
0x00007ffaf1ca0000 - 0x00007ffaf1d52000 	C:\WINDOWS\System32\KERNEL32.DLL
0x00007ffaeed30000 - 0x00007ffaeefd3000 	C:\WINDOWS\System32\KERNELBASE.dll
0x00007ffaef930000 - 0x00007ffaefa2a000 	C:\WINDOWS\System32\ucrtbase.dll
0x00007ffad5bb0000 - 0x00007ffad5bc5000 	C:\Program Files\Java\jdk-13.0.2\bin\VCRUNTIME140.dll
0x00007ffada900000 - 0x00007ffada918000 	C:\Program Files\Java\jdk-13.0.2\bin\jli.dll
0x00007ffaf10e0000 - 0x00007ffaf1183000 	C:\WINDOWS\System32\ADVAPI32.dll
0x00007ffaf0ef0000 - 0x00007ffaf0f8e000 	C:\WINDOWS\System32\msvcrt.dll
0x00007ffaf1510000 - 0x00007ffaf15a7000 	C:\WINDOWS\System32\sechost.dll
0x00007ffaf1190000 - 0x00007ffaf12b0000 	C:\WINDOWS\System32\RPCRT4.dll
0x00007ffaf0140000 - 0x00007ffaf02d4000 	C:\WINDOWS\System32\USER32.dll
0x00007ffaefc30000 - 0x00007ffaefc51000 	C:\WINDOWS\System32\win32u.dll
0x00007ffaf0e60000 - 0x00007ffaf0e86000 	C:\WINDOWS\System32\GDI32.dll
0x00007ffaefcb0000 - 0x00007ffaefe44000 	C:\WINDOWS\System32\gdi32full.dll
0x00007ffaefb90000 - 0x00007ffaefc2e000 	C:\WINDOWS\System32\msvcp_win.dll
0x00007ffae0740000 - 0x00007ffae09c5000 	C:\WINDOWS\WinSxS\amd64_microsoft.windows.common-controls_6595b64144ccf1df_6.0.18362.778_none_e6c6b761130d4fb8\COMCTL32.dll
0x00007ffaf0ac0000 - 0x00007ffaf0df6000 	C:\WINDOWS\System32\combase.dll
0x00007ffaef130000 - 0x00007ffaef1b0000 	C:\WINDOWS\System32\bcryptPrimitives.dll
0x00007ffaea9d0000 - 0x00007ffaea9da000 	C:\WINDOWS\SYSTEM32\VERSION.dll
0x00007ffaf12b0000 - 0x00007ffaf12de000 	C:\WINDOWS\System32\IMM32.DLL
0x00007ffac10c0000 - 0x00007ffac115b000 	C:\Program Files\Java\jdk-13.0.2\bin\msvcp140.dll
0x00007ffa9ed90000 - 0x00007ffa9f8ed000 	C:\Program Files\Java\jdk-13.0.2\bin\server\jvm.dll
0x00007ffaf0500000 - 0x00007ffaf0508000 	C:\WINDOWS\System32\PSAPI.DLL
0x00007ffae9b10000 - 0x00007ffae9b19000 	C:\WINDOWS\SYSTEM32\WSOCK32.dll
0x00007ffaecbe0000 - 0x00007ffaecc04000 	C:\WINDOWS\SYSTEM32\WINMM.dll
0x00007ffaf02e0000 - 0x00007ffaf034f000 	C:\WINDOWS\System32\WS2_32.dll
0x00007ffaecba0000 - 0x00007ffaecbcd000 	C:\WINDOWS\SYSTEM32\WINMMBASE.dll
0x00007ffaefa90000 - 0x00007ffaefada000 	C:\WINDOWS\System32\cfgmgr32.dll
0x00007ffaeec70000 - 0x00007ffaeec81000 	C:\WINDOWS\System32\kernel.appcore.dll
0x00007ffae6010000 - 0x00007ffae6020000 	C:\Program Files\Java\jdk-13.0.2\bin\verify.dll
0x00007ffadbe60000 - 0x00007ffadc054000 	C:\WINDOWS\SYSTEM32\DBGHELP.DLL
0x00007ffadbcb0000 - 0x00007ffadbcda000 	C:\WINDOWS\SYSTEM32\dbgcore.DLL
0x00007ffad4750000 - 0x00007ffad4776000 	C:\Program Files\Java\jdk-13.0.2\bin\java.dll
0x00007ffad49d0000 - 0x00007ffad49e7000 	C:\Program Files\Java\jdk-13.0.2\bin\zip.dll
0x00007ffae5f50000 - 0x00007ffae5f5a000 	C:\Program Files\Java\jdk-13.0.2\bin\jimage.dll
0x00007ffaf15b0000 - 0x00007ffaf1c95000 	C:\WINDOWS\System32\SHELL32.dll
0x00007ffaf1020000 - 0x00007ffaf10c9000 	C:\WINDOWS\System32\shcore.dll
0x00007ffaef1b0000 - 0x00007ffaef930000 	C:\WINDOWS\System32\windows.storage.dll
0x00007ffaeec90000 - 0x00007ffaeecb3000 	C:\WINDOWS\System32\profapi.dll
0x00007ffaeecc0000 - 0x00007ffaeed0a000 	C:\WINDOWS\System32\powrprof.dll
0x00007ffaeec60000 - 0x00007ffaeec70000 	C:\WINDOWS\System32\UMPDC.dll
0x00007ffaf0e90000 - 0x00007ffaf0ee2000 	C:\WINDOWS\System32\shlwapi.dll
0x00007ffaefc60000 - 0x00007ffaefc77000 	C:\WINDOWS\System32\cryptsp.dll
0x00007ffad4730000 - 0x00007ffad4749000 	C:\Program Files\Java\jdk-13.0.2\bin\net.dll
0x00007ffaea210000 - 0x00007ffaea300000 	C:\WINDOWS\SYSTEM32\WINHTTP.dll
0x00007ffaee4d0000 - 0x00007ffaee537000 	C:\WINDOWS\system32\mswsock.dll
0x00007ffad2c90000 - 0x00007ffad2ca3000 	C:\Program Files\Java\jdk-13.0.2\bin\nio.dll
0x00007ffad48e0000 - 0x00007ffad4906000 	C:\Users\arpan\.gradle\native\30\windows-amd64\native-platform.dll
0x00007ffae91f0000 - 0x00007ffae91f9000 	C:\Program Files\Java\jdk-13.0.2\bin\management.dll
0x00007ffae48e0000 - 0x00007ffae48eb000 	C:\Program Files\Java\jdk-13.0.2\bin\management_ext.dll
0x00007ffaee040000 - 0x00007ffaee073000 	C:\WINDOWS\system32\rsaenh.dll
0x00007ffaefc80000 - 0x00007ffaefca6000 	C:\WINDOWS\System32\bcrypt.dll
0x00007ffaeeb80000 - 0x00007ffaeeba5000 	C:\WINDOWS\SYSTEM32\USERENV.dll
0x00007ffaee6a0000 - 0x00007ffaee6ac000 	C:\WINDOWS\SYSTEM32\CRYPTBASE.dll
0x00007ffaee1e0000 - 0x00007ffaee21a000 	C:\WINDOWS\SYSTEM32\IPHLPAPI.DLL
0x00007ffaf0f90000 - 0x00007ffaf0f98000 	C:\WINDOWS\System32\NSI.dll
0x00007ffae7ad0000 - 0x00007ffae7ae6000 	C:\WINDOWS\SYSTEM32\dhcpcsvc6.DLL
0x00007ffae7ab0000 - 0x00007ffae7acc000 	C:\WINDOWS\SYSTEM32\dhcpcsvc.DLL
0x00007ffaee220000 - 0x00007ffaee2ea000 	C:\WINDOWS\SYSTEM32\DNSAPI.dll

dbghelp: loaded successfully - version: 4.0.5 - missing functions: none
symbol engine: initialized successfully - sym options: 0x614 - pdb path: .;C:\Program Files\Java\jdk-13.0.2\bin;C:\WINDOWS\SYSTEM32;C:\WINDOWS\WinSxS\amd64_microsoft.windows.common-controls_6595b64144ccf1df_6.0.18362.778_none_e6c6b761130d4fb8;C:\Program Files\Java\jdk-13.0.2\bin\server;C:\Users\arpan\.gradle\native\30\windows-amd64

VM Arguments:
jvm_args: --add-opens=java.base/java.util=ALL-UNNAMED --add-opens=java.base/java.lang=ALL-UNNAMED --add-opens=java.base/java.lang.invoke=ALL-UNNAMED --add-opens=java.prefs/java.util.prefs=ALL-UNNAMED -XX:MaxMetaspaceSize=256m -XX:+HeapDumpOnOutOfMemoryError -Xms256m -Xmx512m -Dfile.encoding=windows-1252 -Duser.country=US -Duser.language=en -Duser.variant 
java_command: org.gradle.launcher.daemon.bootstrap.GradleDaemon 6.0
java_class_path (initial): C:\Users\arpan\.gradle\wrapper\dists\gradle-6.0-all\cra2s42cvogxluqqpvbc5e9xd\gradle-6.0\lib\gradle-launcher-6.0.jar
Launcher Type: SUN_STANDARD

[Global flags]
     intx CICompilerCount                          = 3                                         {product} {ergonomic}
   size_t CompressedClassSpaceSize                 = 260046848                                 {product} {ergonomic}
     uint ConcGCThreads                            = 1                                         {product} {ergonomic}
     uint G1ConcRefinementThreads                  = 4                                         {product} {ergonomic}
   size_t G1HeapRegionSize                         = 1048576                                   {product} {ergonomic}
    uintx GCDrainStackTargetSize                   = 64                                        {product} {ergonomic}
     bool HeapDumpOnOutOfMemoryError               = true                                   {manageable} {command line}
   size_t InitialHeapSize                          = 268435456                                 {product} {command line}
   size_t MarkStackSize                            = 4194304                                   {product} {ergonomic}
   size_t MaxHeapSize                              = 536870912                                 {product} {command line}
   size_t MaxMetaspaceSize                         = 268435456                                 {product} {command line}
   size_t MaxNewSize                               = 321912832                                 {product} {ergonomic}
   size_t MinHeapDeltaBytes                        = 1048576                                   {product} {ergonomic}
   size_t MinHeapSize                              = 268435456                                 {product} {command line}
    uintx NonNMethodCodeHeapSize                   = 5832780                                {pd product} {ergonomic}
    uintx NonProfiledCodeHeapSize                  = 122912730                              {pd product} {ergonomic}
    uintx ProfiledCodeHeapSize                     = 122912730                              {pd product} {ergonomic}
    uintx ReservedCodeCacheSize                    = 251658240                              {pd product} {ergonomic}
     bool SegmentedCodeCache                       = true                                      {product} {ergonomic}
   size_t SoftMaxHeapSize                          = 536870912                              {manageable} {ergonomic}
     bool UseCompressedClassPointers               = true                                 {lp64_product} {ergonomic}
     bool UseCompressedOops                        = true                                 {lp64_product} {ergonomic}
     bool UseG1GC                                  = true                                      {product} {ergonomic}
     bool UseLargePagesIndividualAllocation        = false                                  {pd product} {ergonomic}

Logging:
Log output configuration:
 #0: stdout all=warning uptime,level,tags
 #1: stderr all=off uptime,level,tags

Environment Variables:
JAVA_HOME=C:\Program Files\Java\jdk-13.0.2
CLASSPATH=E:\reactnative\AnimalFarm\android\\gradle\wrapper\gradle-wrapper.jar
PATH=C:\Program Files (x86)\Common Files\Oracle\Java\javapath;C:\Program Files\Java\jdk-13.0.2\bin;C:\PROGRA~1\PTC\MKSTOO~1\bin64;C:\PROGRA~1\PTC\MKSTOO~1\bin;C:\PROGRA~1\PTC\MKSTOO~1\bin\X11;C:\PROGRA~1\PTC\MKSTOO~1\mksnt;C:\Program Files (x86)\Intel\iCLS Client\;C:\Program Files\Intel\iCLS Client\;C:\ProgramData\Oracle\Java\javapath;C:\WINDOWS\system32;C:\WINDOWS;C:\WINDOWS\System32\Wbem;C:\WINDOWS\System32\WindowsPowerShell\v1.0\;C:\Program Files (x86)\NVIDIA Corporation\PhysX\Common;C:\WINDOWS\System32\OpenSSH\;C:\Program Files (x86)\Intel\Intel(R) Management Engine Components\DAL;C:\Program Files\Intel\Intel(R) Management Engine Components\DAL;C:\Program Files (x86)\Intel\Intel(R) Management Engine Components\IPT;C:\Program Files\Intel\Intel(R) Management Engine Components\IPT;C:\Program Files\NVIDIA Corporation\NVIDIA NvDLISR;C:\WINDOWS\system32;C:\WINDOWS;C:\WINDOWS\System32\Wbem;C:\WINDOWS\System32\WindowsPowerShell\v1.0\;C:\WINDOWS\System32\OpenSSH\;C:\Program Files\Microsoft VS Code\bin;C:\Program Files (x86)\Brackets\command;C:\ProgramData\chocolatey\bin;C:\Program Files\Java\jdk1.8.0_231\bin;c:\Users\arpan\AppData\Local\Android\Sdk\platform-tools;C:\Program Files\Git\cmd;C:\Program Files\nodejs\;C:\Program Files\Java\jre1.8.0_241\bin;C:\Program Files\Java\jdk-13.0.2\bin;c:\Users\arpan\AppData\Local\Android\Sdk\platform-tools;C:\Users\arpan\AppData\Local\Microsoft\WindowsApps;C:\Program Files\Microsoft VS Code\bin;C:\Program Files\Java\jdk-12.0.2\bin;C:\Program Files\heroku\bin;C:\Users\arpan\AppData\Roaming\npm;
USERNAME=arpan
DISPLAY=:0.0
OS=Windows_NT
PROCESSOR_IDENTIFIER=Intel64 Family 6 Model 142 Stepping 9, GenuineIntel



---------------  S Y S T E M  ---------------

OS: Windows 10 , 64 bit Build 18362 (10.0.18362.778)

CPU:total 4 (initial active 4) (2 cores per cpu, 2 threads per core) family 6 model 142 stepping 9, cmov, cx8, fxsr, mmx, sse, sse2, sse3, ssse3, sse4.1, sse4.2, popcnt, avx, avx2, aes, clmul, erms, 3dnowpref, lzcnt, ht, tsc, tscinvbit, bmi1, bmi2, adx, fma

Memory: 4k page, system-wide physical 8060M (865M free)
TotalPageFile size 8060M (AvailPageFile size 38M)
current process WorkingSet (physical memory assigned to process): 538M, peak: 539M
current process commit charge ("private bytes"): 585M, peak: 587M

vm_info: Java HotSpot(TM) 64-Bit Server VM (13.0.2+8) for windows-amd64 JRE (13.0.2+8), built on Dec 11 2019 09:20:33 by "mach5one" with unknown MS VC++:1916

END.
