#
# There is insufficient memory for the Java Runtime Environment to continue.
# Native memory allocation (malloc) failed to allocate 32744 bytes for ChunkPool::allocate
# Possible reasons:
#   The system is out of physical RAM or swap space
#   The process is running with CompressedOops enabled, and the Java Heap may be blocking the growth of the native heap
# Possible solutions:
#   Reduce memory load on the system
#   Increase physical memory or swap space
#   Check if swap backing store is full
#   Decrease Java heap size (-Xmx/-Xms)
#   Decrease number of Java threads
#   Decrease Java thread stack sizes (-Xss)
#   Set larger code cache with -XX:ReservedCodeCacheSize=
#   JVM is running with Unscaled Compressed Oops mode in which the Java heap is
#     placed in the first 4GB address space. The Java Heap base address is the
#     maximum limit for the native heap growth. Please use -XX:HeapBaseMinAddress
#     to set the Java Heap base and to place the Java Heap above 4GB virtual address.
# This output file may be truncated or incomplete.
#
#  Out of Memory Error (t:/workspace/open/src/hotspot/share/memory/arena.cpp:80), pid=12252, tid=6660
#
# JRE version: Java(TM) SE Runtime Environment (13.0.2+8) (build 13.0.2+8)
# Java VM: Java HotSpot(TM) 64-Bit Server VM (13.0.2+8, mixed mode, sharing, tiered, compressed oops, g1 gc, windows-amd64)
# No core dump will be written. Minidumps are not enabled by default on client versions of Windows
#

---------------  S U M M A R Y ------------

Command Line: --add-opens=java.base/java.util=ALL-UNNAMED --add-opens=java.base/java.lang=ALL-UNNAMED --add-opens=java.base/java.lang.invoke=ALL-UNNAMED --add-opens=java.prefs/java.util.prefs=ALL-UNNAMED -XX:MaxMetaspaceSize=256m -XX:+HeapDumpOnOutOfMemoryError -Xms256m -Xmx512m -Dfile.encoding=windows-1252 -Duser.country=US -Duser.language=en -Duser.variant org.gradle.launcher.daemon.bootstrap.GradleDaemon 6.0

Host: Intel(R) Core(TM) i5-7200U CPU @ 2.50GHz, 4 cores, 7G,  Windows 10 , 64 bit Build 18362 (10.0.18362.778)
Time: Fri May 15 02:50:58 2020 India Standard Time elapsed time: 22 seconds (0d 0h 0m 22s)

---------------  T H R E A D  ---------------

Current thread (0x0000012e759fa000):  JavaThread "C2 CompilerThread0" daemon [_thread_in_native, id=6660, stack(0x000000246a200000,0x000000246a300000)]


Current CompileTask:
C2:  22055 2000   !   4       java.net.URLClassLoader::findClass (47 bytes)

Stack: [0x000000246a200000,0x000000246a300000]
Native frames: (J=compiled Java code, j=interpreted, Vv=VM code, C=native code)
V  [jvm.dll+0x624f9a]
V  [jvm.dll+0x770cfa]
V  [jvm.dll+0x7724af]
V  [jvm.dll+0x772ab3]
V  [jvm.dll+0x24bf08]
V  [jvm.dll+0xc2076]
V  [jvm.dll+0xc23cc]
V  [jvm.dll+0xa2f64]
V  [jvm.dll+0x5b80db]
V  [jvm.dll+0x5bcf41]
V  [jvm.dll+0x5bd645]
V  [jvm.dll+0x5bc30e]
V  [jvm.dll+0x205ac7]
V  [jvm.dll+0x204e3f]
V  [jvm.dll+0x189c2c]
V  [jvm.dll+0x213e6d]
V  [jvm.dll+0x2120bb]
V  [jvm.dll+0x736bb6]
V  [jvm.dll+0x72fcaa]
V  [jvm.dll+0x623ea6]
C  [ucrtbase.dll+0x20e72]
C  [KERNEL32.DLL+0x17bd4]
C  [ntdll.dll+0x6ce51]


---------------  P R O C E S S  ---------------

Threads class SMR info:
_java_thread_list=0x0000012e7795f820, length=24, elements={
0x0000012e58c1e000, 0x0000012e759d0000, 0x0000012e759d7000, 0x0000012e759e3000,
0x0000012e759f8000, 0x0000012e759fa000, 0x0000012e75a0a000, 0x0000012e75a0b800,
0x0000012e76438000, 0x0000012e7645d800, 0x0000012e778cc000, 0x0000012e7709e800,
0x0000012e769ee000, 0x0000012e76ece800, 0x0000012e7651d000, 0x0000012e76398000,
0x0000012e763c6000, 0x0000012e763c6800, 0x0000012e77a1b800, 0x0000012e7645c000,
0x0000012e76e58800, 0x0000012e76e5a800, 0x0000012e76e56800, 0x0000012e76e5b000
}

Java Threads: ( => current thread )
  0x0000012e58c1e000 JavaThread "main" [_thread_blocked, id=11904, stack(0x0000002469700000,0x0000002469800000)]
  0x0000012e759d0000 JavaThread "Reference Handler" daemon [_thread_blocked, id=11884, stack(0x0000002469e00000,0x0000002469f00000)]
  0x0000012e759d7000 JavaThread "Finalizer" daemon [_thread_blocked, id=2244, stack(0x0000002469f00000,0x000000246a000000)]
  0x0000012e759e3000 JavaThread "Signal Dispatcher" daemon [_thread_blocked, id=11092, stack(0x000000246a000000,0x000000246a100000)]
  0x0000012e759f8000 JavaThread "Attach Listener" daemon [_thread_blocked, id=952, stack(0x000000246a100000,0x000000246a200000)]
=>0x0000012e759fa000 JavaThread "C2 CompilerThread0" daemon [_thread_in_native, id=6660, stack(0x000000246a200000,0x000000246a300000)]
  0x0000012e75a0a000 JavaThread "C1 CompilerThread0" daemon [_thread_blocked, id=5716, stack(0x000000246a300000,0x000000246a400000)]
  0x0000012e75a0b800 JavaThread "Sweeper thread" daemon [_thread_blocked, id=7480, stack(0x000000246a400000,0x000000246a500000)]
  0x0000012e76438000 JavaThread "Common-Cleaner" daemon [_thread_blocked, id=13580, stack(0x000000246a500000,0x000000246a600000)]
  0x0000012e7645d800 JavaThread "Service Thread" daemon [_thread_blocked, id=6472, stack(0x000000246a600000,0x000000246a700000)]
  0x0000012e778cc000 JavaThread "Daemon health stats" [_thread_blocked, id=9820, stack(0x000000246a800000,0x000000246a900000)]
  0x0000012e7709e800 JavaThread "Incoming local TCP Connector on port 50908" [_thread_in_native, id=10812, stack(0x000000246ac00000,0x000000246ad00000)]
  0x0000012e769ee000 JavaThread "Daemon periodic checks" [_thread_blocked, id=7748, stack(0x000000246ad00000,0x000000246ae00000)]
  0x0000012e76ece800 JavaThread "Daemon" [_thread_blocked, id=12168, stack(0x000000246ae00000,0x000000246af00000)]
  0x0000012e7651d000 JavaThread "Handler for socket connection from /127.0.0.1:50908 to /127.0.0.1:50909" [_thread_in_native, id=4360, stack(0x000000246af00000,0x000000246b000000)]
  0x0000012e76398000 JavaThread "Cancel handler" [_thread_blocked, id=1716, stack(0x000000246b000000,0x000000246b100000)]
  0x0000012e763c6000 JavaThread "Daemon worker" [_thread_in_vm, id=1968, stack(0x000000246b100000,0x000000246b200000)]
  0x0000012e763c6800 JavaThread "Asynchronous log dispatcher for DefaultDaemonConnection: socket connection from /127.0.0.1:50908 to /127.0.0.1:50909" [_thread_blocked, id=8116, stack(0x000000246b200000,0x000000246b300000)]
  0x0000012e77a1b800 JavaThread "Stdin handler" [_thread_blocked, id=2220, stack(0x000000246b300000,0x000000246b400000)]
  0x0000012e7645c000 JavaThread "Thread-8" [_thread_blocked, id=11316, stack(0x000000246b400000,0x000000246b500000)]
  0x0000012e76e58800 JavaThread "Cache worker for file hash cache (C:\Users\arpan\.gradle\caches\6.0\fileHashes)" [_thread_blocked, id=3596, stack(0x000000246b500000,0x000000246b600000)]
  0x0000012e76e5a800 JavaThread "File lock request listener" [_thread_in_native, id=6072, stack(0x000000246b600000,0x000000246b700000)]
  0x0000012e76e56800 JavaThread "Cache worker for journal cache (C:\Users\arpan\.gradle\caches\journal-1)" [_thread_blocked, id=12300, stack(0x000000246b700000,0x000000246b800000)]
  0x0000012e76e5b000 JavaThread "Cache worker for file hash cache (E:\reactnative\AnimalFarm\android\.gradle\6.0\fileHashes)" [_thread_blocked, id=3136, stack(0x000000246b800000,0x000000246b900000)]

Other Threads:
  0x0000012e759ca000 VMThread "VM Thread" [stack: 0x0000002469d00000,0x0000002469e00000] [id=9764]
  0x0000012e76462000 WatcherThread [stack: 0x000000246a700000,0x000000246a800000] [id=5916]
  0x0000012e5ad1a000 GCTaskThread "GC Thread#0" [stack: 0x0000002469800000,0x0000002469900000] [id=12660]
  0x0000012e76f68800 GCTaskThread "GC Thread#1" [stack: 0x000000246a900000,0x000000246aa00000] [id=10876]
  0x0000012e76b85000 GCTaskThread "GC Thread#2" [stack: 0x000000246aa00000,0x000000246ab00000] [id=6648]
  0x0000012e76b83800 GCTaskThread "GC Thread#3" [stack: 0x000000246ab00000,0x000000246ac00000] [id=5840]
  0x0000012e5ad1f800 ConcurrentGCThread "G1 Main Marker" [stack: 0x0000002469900000,0x0000002469a00000] [id=10884]
  0x0000012e5ad20800 ConcurrentGCThread "G1 Conc#0" [stack: 0x0000002469a00000,0x0000002469b00000] [id=9024]
  0x0000012e5adbe800 ConcurrentGCThread "G1 Refine#0" [stack: 0x0000002469b00000,0x0000002469c00000] [id=9452]
  0x0000012e75882000 ConcurrentGCThread "G1 Young RemSet Sampling" [stack: 0x0000002469c00000,0x0000002469d00000] [id=2480]

Threads with active compile tasks:
C2 CompilerThread0    22203 2000   !   4       java.net.URLClassLoader::findClass (47 bytes)

VM state:not at safepoint (normal execution)

VM Mutex/Monitor currently owned by a thread: None

Heap address: 0x00000000e0000000, size: 512 MB, Compressed Oops mode: 32-bit
Narrow klass base: 0x0000000800000000, Narrow klass shift: 3
Compressed class space size: 260046848 Address: 0x0000000800b40000

Heap:
 garbage-first heap   total 262144K, used 51435K [0x00000000e0000000, 0x0000000100000000)
  region size 1024K, 39 young (39936K), 3 survivors (3072K)
 Metaspace       used 15805K, capacity 16269K, committed 16384K, reserved 268288K
  class space    used 2345K, capacity 2522K, committed 2560K, reserved 253952K
Heap Regions: E=young(eden), S=young(survivor), O=old, HS=humongous(starts), HC=humongous(continues), CS=collection set, F=free, A=archive, TAMS=top-at-mark-start (previous, next)
|   0|0x00000000e0000000, 0x00000000e0100000, 0x00000000e0100000|100%| O|  |TAMS 0x00000000e0000000, 0x00000000e0000000| Untracked 
|   1|0x00000000e0100000, 0x00000000e0200000, 0x00000000e0200000|100%| O|  |TAMS 0x00000000e0100000, 0x00000000e0100000| Untracked 
|   2|0x00000000e0200000, 0x00000000e0300000, 0x00000000e0300000|100%| O|  |TAMS 0x00000000e0200000, 0x00000000e0200000| Untracked 
|   3|0x00000000e0300000, 0x00000000e0400000, 0x00000000e0400000|100%|HS|  |TAMS 0x00000000e0300000, 0x00000000e0300000| Complete 
|   4|0x00000000e0400000, 0x00000000e0500000, 0x00000000e0500000|100%|HC|  |TAMS 0x00000000e0400000, 0x00000000e0400000| Complete 
|   5|0x00000000e0500000, 0x00000000e0600000, 0x00000000e0600000|100%|HC|  |TAMS 0x00000000e0500000, 0x00000000e0500000| Complete 
|   6|0x00000000e0600000, 0x00000000e0700000, 0x00000000e0700000|100%| O|  |TAMS 0x00000000e0600000, 0x00000000e0600000| Untracked 
|   7|0x00000000e0700000, 0x00000000e0800000, 0x00000000e0800000|100%| O|  |TAMS 0x00000000e0700000, 0x00000000e0700000| Untracked 
|   8|0x00000000e0800000, 0x00000000e0900000, 0x00000000e0900000|100%| O|  |TAMS 0x00000000e0800000, 0x00000000e0800000| Untracked 
|   9|0x00000000e0900000, 0x00000000e0a00000, 0x00000000e0a00000|100%| O|  |TAMS 0x00000000e0900000, 0x00000000e0900000| Untracked 
|  10|0x00000000e0a00000, 0x00000000e0b00000, 0x00000000e0b00000|100%| O|  |TAMS 0x00000000e0a00000, 0x00000000e0a00000| Untracked 
|  11|0x00000000e0b00000, 0x00000000e0c00000, 0x00000000e0c00000|100%| O|  |TAMS 0x00000000e0b00000, 0x00000000e0b00000| Untracked 
|  12|0x00000000e0c00000, 0x00000000e0c64000, 0x00000000e0d00000| 39%| O|  |TAMS 0x00000000e0c00000, 0x00000000e0c00000| Untracked 
|  13|0x00000000e0d00000, 0x00000000e0d00000, 0x00000000e0e00000|  0%| F|  |TAMS 0x00000000e0d00000, 0x00000000e0d00000| Untracked 
|  14|0x00000000e0e00000, 0x00000000e0e00000, 0x00000000e0f00000|  0%| F|  |TAMS 0x00000000e0e00000, 0x00000000e0e00000| Untracked 
|  15|0x00000000e0f00000, 0x00000000e0f00000, 0x00000000e1000000|  0%| F|  |TAMS 0x00000000e0f00000, 0x00000000e0f00000| Untracked 
|  16|0x00000000e1000000, 0x00000000e1000000, 0x00000000e1100000|  0%| F|  |TAMS 0x00000000e1000000, 0x00000000e1000000| Untracked 
|  17|0x00000000e1100000, 0x00000000e1100000, 0x00000000e1200000|  0%| F|  |TAMS 0x00000000e1100000, 0x00000000e1100000| Untracked 
|  18|0x00000000e1200000, 0x00000000e1200000, 0x00000000e1300000|  0%| F|  |TAMS 0x00000000e1200000, 0x00000000e1200000| Untracked 
|  19|0x00000000e1300000, 0x00000000e1300000, 0x00000000e1400000|  0%| F|  |TAMS 0x00000000e1300000, 0x00000000e1300000| Untracked 
|  20|0x00000000e1400000, 0x00000000e1400000, 0x00000000e1500000|  0%| F|  |TAMS 0x00000000e1400000, 0x00000000e1400000| Untracked 
|  21|0x00000000e1500000, 0x00000000e1500000, 0x00000000e1600000|  0%| F|  |TAMS 0x00000000e1500000, 0x00000000e1500000| Untracked 
|  22|0x00000000e1600000, 0x00000000e1600000, 0x00000000e1700000|  0%| F|  |TAMS 0x00000000e1600000, 0x00000000e1600000| Untracked 
|  23|0x00000000e1700000, 0x00000000e1700000, 0x00000000e1800000|  0%| F|  |TAMS 0x00000000e1700000, 0x00000000e1700000| Untracked 
|  24|0x00000000e1800000, 0x00000000e1800000, 0x00000000e1900000|  0%| F|  |TAMS 0x00000000e1800000, 0x00000000e1800000| Untracked 
|  25|0x00000000e1900000, 0x00000000e1900000, 0x00000000e1a00000|  0%| F|  |TAMS 0x00000000e1900000, 0x00000000e1900000| Untracked 
|  26|0x00000000e1a00000, 0x00000000e1a00000, 0x00000000e1b00000|  0%| F|  |TAMS 0x00000000e1a00000, 0x00000000e1a00000| Untracked 
|  27|0x00000000e1b00000, 0x00000000e1b00000, 0x00000000e1c00000|  0%| F|  |TAMS 0x00000000e1b00000, 0x00000000e1b00000| Untracked 
|  28|0x00000000e1c00000, 0x00000000e1c00000, 0x00000000e1d00000|  0%| F|  |TAMS 0x00000000e1c00000, 0x00000000e1c00000| Untracked 
|  29|0x00000000e1d00000, 0x00000000e1d00000, 0x00000000e1e00000|  0%| F|  |TAMS 0x00000000e1d00000, 0x00000000e1d00000| Untracked 
|  30|0x00000000e1e00000, 0x00000000e1e00000, 0x00000000e1f00000|  0%| F|  |TAMS 0x00000000e1e00000, 0x00000000e1e00000| Untracked 
|  31|0x00000000e1f00000, 0x00000000e1f00000, 0x00000000e2000000|  0%| F|  |TAMS 0x00000000e1f00000, 0x00000000e1f00000| Untracked 
|  32|0x00000000e2000000, 0x00000000e2000000, 0x00000000e2100000|  0%| F|  |TAMS 0x00000000e2000000, 0x00000000e2000000| Untracked 
|  33|0x00000000e2100000, 0x00000000e2100000, 0x00000000e2200000|  0%| F|  |TAMS 0x00000000e2100000, 0x00000000e2100000| Untracked 
|  34|0x00000000e2200000, 0x00000000e2200000, 0x00000000e2300000|  0%| F|  |TAMS 0x00000000e2200000, 0x00000000e2200000| Untracked 
|  35|0x00000000e2300000, 0x00000000e2300000, 0x00000000e2400000|  0%| F|  |TAMS 0x00000000e2300000, 0x00000000e2300000| Untracked 
|  36|0x00000000e2400000, 0x00000000e2400000, 0x00000000e2500000|  0%| F|  |TAMS 0x00000000e2400000, 0x00000000e2400000| Untracked 
|  37|0x00000000e2500000, 0x00000000e2500000, 0x00000000e2600000|  0%| F|  |TAMS 0x00000000e2500000, 0x00000000e2500000| Untracked 
|  38|0x00000000e2600000, 0x00000000e2600000, 0x00000000e2700000|  0%| F|  |TAMS 0x00000000e2600000, 0x00000000e2600000| Untracked 
|  39|0x00000000e2700000, 0x00000000e2700000, 0x00000000e2800000|  0%| F|  |TAMS 0x00000000e2700000, 0x00000000e2700000| Untracked 
|  40|0x00000000e2800000, 0x00000000e2800000, 0x00000000e2900000|  0%| F|  |TAMS 0x00000000e2800000, 0x00000000e2800000| Untracked 
|  41|0x00000000e2900000, 0x00000000e2900000, 0x00000000e2a00000|  0%| F|  |TAMS 0x00000000e2900000, 0x00000000e2900000| Untracked 
|  42|0x00000000e2a00000, 0x00000000e2a00000, 0x00000000e2b00000|  0%| F|  |TAMS 0x00000000e2a00000, 0x00000000e2a00000| Untracked 
|  43|0x00000000e2b00000, 0x00000000e2b00000, 0x00000000e2c00000|  0%| F|  |TAMS 0x00000000e2b00000, 0x00000000e2b00000| Untracked 
|  44|0x00000000e2c00000, 0x00000000e2c00000, 0x00000000e2d00000|  0%| F|  |TAMS 0x00000000e2c00000, 0x00000000e2c00000| Untracked 
|  45|0x00000000e2d00000, 0x00000000e2d00000, 0x00000000e2e00000|  0%| F|  |TAMS 0x00000000e2d00000, 0x00000000e2d00000| Untracked 
|  46|0x00000000e2e00000, 0x00000000e2e00000, 0x00000000e2f00000|  0%| F|  |TAMS 0x00000000e2e00000, 0x00000000e2e00000| Untracked 
|  47|0x00000000e2f00000, 0x00000000e2f00000, 0x00000000e3000000|  0%| F|  |TAMS 0x00000000e2f00000, 0x00000000e2f00000| Untracked 
|  48|0x00000000e3000000, 0x00000000e3000000, 0x00000000e3100000|  0%| F|  |TAMS 0x00000000e3000000, 0x00000000e3000000| Untracked 
|  49|0x00000000e3100000, 0x00000000e3100000, 0x00000000e3200000|  0%| F|  |TAMS 0x00000000e3100000, 0x00000000e3100000| Untracked 
|  50|0x00000000e3200000, 0x00000000e3200000, 0x00000000e3300000|  0%| F|  |TAMS 0x00000000e3200000, 0x00000000e3200000| Untracked 
|  51|0x00000000e3300000, 0x00000000e3300000, 0x00000000e3400000|  0%| F|  |TAMS 0x00000000e3300000, 0x00000000e3300000| Untracked 
|  52|0x00000000e3400000, 0x00000000e3400000, 0x00000000e3500000|  0%| F|  |TAMS 0x00000000e3400000, 0x00000000e3400000| Untracked 
|  53|0x00000000e3500000, 0x00000000e3500000, 0x00000000e3600000|  0%| F|  |TAMS 0x00000000e3500000, 0x00000000e3500000| Untracked 
|  54|0x00000000e3600000, 0x00000000e3600000, 0x00000000e3700000|  0%| F|  |TAMS 0x00000000e3600000, 0x00000000e3600000| Untracked 
|  55|0x00000000e3700000, 0x00000000e3700000, 0x00000000e3800000|  0%| F|  |TAMS 0x00000000e3700000, 0x00000000e3700000| Untracked 
|  56|0x00000000e3800000, 0x00000000e3800000, 0x00000000e3900000|  0%| F|  |TAMS 0x00000000e3800000, 0x00000000e3800000| Untracked 
|  57|0x00000000e3900000, 0x00000000e3900000, 0x00000000e3a00000|  0%| F|  |TAMS 0x00000000e3900000, 0x00000000e3900000| Untracked 
|  58|0x00000000e3a00000, 0x00000000e3a00000, 0x00000000e3b00000|  0%| F|  |TAMS 0x00000000e3a00000, 0x00000000e3a00000| Untracked 
|  59|0x00000000e3b00000, 0x00000000e3b00000, 0x00000000e3c00000|  0%| F|  |TAMS 0x00000000e3b00000, 0x00000000e3b00000| Untracked 
|  60|0x00000000e3c00000, 0x00000000e3c00000, 0x00000000e3d00000|  0%| F|  |TAMS 0x00000000e3c00000, 0x00000000e3c00000| Untracked 
|  61|0x00000000e3d00000, 0x00000000e3d00000, 0x00000000e3e00000|  0%| F|  |TAMS 0x00000000e3d00000, 0x00000000e3d00000| Untracked 
|  62|0x00000000e3e00000, 0x00000000e3e00000, 0x00000000e3f00000|  0%| F|  |TAMS 0x00000000e3e00000, 0x00000000e3e00000| Untracked 
|  63|0x00000000e3f00000, 0x00000000e3f00000, 0x00000000e4000000|  0%| F|  |TAMS 0x00000000e3f00000, 0x00000000e3f00000| Untracked 
|  64|0x00000000e4000000, 0x00000000e4000000, 0x00000000e4100000|  0%| F|  |TAMS 0x00000000e4000000, 0x00000000e4000000| Untracked 
|  65|0x00000000e4100000, 0x00000000e4100000, 0x00000000e4200000|  0%| F|  |TAMS 0x00000000e4100000, 0x00000000e4100000| Untracked 
|  66|0x00000000e4200000, 0x00000000e4200000, 0x00000000e4300000|  0%| F|  |TAMS 0x00000000e4200000, 0x00000000e4200000| Untracked 
|  67|0x00000000e4300000, 0x00000000e4300000, 0x00000000e4400000|  0%| F|  |TAMS 0x00000000e4300000, 0x00000000e4300000| Untracked 
|  68|0x00000000e4400000, 0x00000000e4400000, 0x00000000e4500000|  0%| F|  |TAMS 0x00000000e4400000, 0x00000000e4400000| Untracked 
|  69|0x00000000e4500000, 0x00000000e4500000, 0x00000000e4600000|  0%| F|  |TAMS 0x00000000e4500000, 0x00000000e4500000| Untracked 
|  70|0x00000000e4600000, 0x00000000e4600000, 0x00000000e4700000|  0%| F|  |TAMS 0x00000000e4600000, 0x00000000e4600000| Untracked 
|  71|0x00000000e4700000, 0x00000000e4700000, 0x00000000e4800000|  0%| F|  |TAMS 0x00000000e4700000, 0x00000000e4700000| Untracked 
|  72|0x00000000e4800000, 0x00000000e4800000, 0x00000000e4900000|  0%| F|  |TAMS 0x00000000e4800000, 0x00000000e4800000| Untracked 
|  73|0x00000000e4900000, 0x00000000e4900000, 0x00000000e4a00000|  0%| F|  |TAMS 0x00000000e4900000, 0x00000000e4900000| Untracked 
|  74|0x00000000e4a00000, 0x00000000e4a00000, 0x00000000e4b00000|  0%| F|  |TAMS 0x00000000e4a00000, 0x00000000e4a00000| Untracked 
|  75|0x00000000e4b00000, 0x00000000e4b00000, 0x00000000e4c00000|  0%| F|  |TAMS 0x00000000e4b00000, 0x00000000e4b00000| Untracked 
|  76|0x00000000e4c00000, 0x00000000e4c00000, 0x00000000e4d00000|  0%| F|  |TAMS 0x00000000e4c00000, 0x00000000e4c00000| Untracked 
|  77|0x00000000e4d00000, 0x00000000e4d00000, 0x00000000e4e00000|  0%| F|  |TAMS 0x00000000e4d00000, 0x00000000e4d00000| Untracked 
|  78|0x00000000e4e00000, 0x00000000e4e00000, 0x00000000e4f00000|  0%| F|  |TAMS 0x00000000e4e00000, 0x00000000e4e00000| Untracked 
|  79|0x00000000e4f00000, 0x00000000e4f00000, 0x00000000e5000000|  0%| F|  |TAMS 0x00000000e4f00000, 0x00000000e4f00000| Untracked 
|  80|0x00000000e5000000, 0x00000000e5000000, 0x00000000e5100000|  0%| F|  |TAMS 0x00000000e5000000, 0x00000000e5000000| Untracked 
|  81|0x00000000e5100000, 0x00000000e5100000, 0x00000000e5200000|  0%| F|  |TAMS 0x00000000e5100000, 0x00000000e5100000| Untracked 
|  82|0x00000000e5200000, 0x00000000e5200000, 0x00000000e5300000|  0%| F|  |TAMS 0x00000000e5200000, 0x00000000e5200000| Untracked 
|  83|0x00000000e5300000, 0x00000000e5300000, 0x00000000e5400000|  0%| F|  |TAMS 0x00000000e5300000, 0x00000000e5300000| Untracked 
|  84|0x00000000e5400000, 0x00000000e5400000, 0x00000000e5500000|  0%| F|  |TAMS 0x00000000e5400000, 0x00000000e5400000| Untracked 
|  85|0x00000000e5500000, 0x00000000e5500000, 0x00000000e5600000|  0%| F|  |TAMS 0x00000000e5500000, 0x00000000e5500000| Untracked 
|  86|0x00000000e5600000, 0x00000000e5600000, 0x00000000e5700000|  0%| F|  |TAMS 0x00000000e5600000, 0x00000000e5600000| Untracked 
|  87|0x00000000e5700000, 0x00000000e5700000, 0x00000000e5800000|  0%| F|  |TAMS 0x00000000e5700000, 0x00000000e5700000| Untracked 
|  88|0x00000000e5800000, 0x00000000e5800000, 0x00000000e5900000|  0%| F|  |TAMS 0x00000000e5800000, 0x00000000e5800000| Untracked 
|  89|0x00000000e5900000, 0x00000000e5900000, 0x00000000e5a00000|  0%| F|  |TAMS 0x00000000e5900000, 0x00000000e5900000| Untracked 
|  90|0x00000000e5a00000, 0x00000000e5a00000, 0x00000000e5b00000|  0%| F|  |TAMS 0x00000000e5a00000, 0x00000000e5a00000| Untracked 
|  91|0x00000000e5b00000, 0x00000000e5b00000, 0x00000000e5c00000|  0%| F|  |TAMS 0x00000000e5b00000, 0x00000000e5b00000| Untracked 
|  92|0x00000000e5c00000, 0x00000000e5c00000, 0x00000000e5d00000|  0%| F|  |TAMS 0x00000000e5c00000, 0x00000000e5c00000| Untracked 
|  93|0x00000000e5d00000, 0x00000000e5d00000, 0x00000000e5e00000|  0%| F|  |TAMS 0x00000000e5d00000, 0x00000000e5d00000| Untracked 
|  94|0x00000000e5e00000, 0x00000000e5e00000, 0x00000000e5f00000|  0%| F|  |TAMS 0x00000000e5e00000, 0x00000000e5e00000| Untracked 
|  95|0x00000000e5f00000, 0x00000000e5f00000, 0x00000000e6000000|  0%| F|  |TAMS 0x00000000e5f00000, 0x00000000e5f00000| Untracked 
|  96|0x00000000e6000000, 0x00000000e6000000, 0x00000000e6100000|  0%| F|  |TAMS 0x00000000e6000000, 0x00000000e6000000| Untracked 
|  97|0x00000000e6100000, 0x00000000e6100000, 0x00000000e6200000|  0%| F|  |TAMS 0x00000000e6100000, 0x00000000e6100000| Untracked 
|  98|0x00000000e6200000, 0x00000000e6200000, 0x00000000e6300000|  0%| F|  |TAMS 0x00000000e6200000, 0x00000000e6200000| Untracked 
|  99|0x00000000e6300000, 0x00000000e6300000, 0x00000000e6400000|  0%| F|  |TAMS 0x00000000e6300000, 0x00000000e6300000| Untracked 
| 100|0x00000000e6400000, 0x00000000e6400000, 0x00000000e6500000|  0%| F|  |TAMS 0x00000000e6400000, 0x00000000e6400000| Untracked 
| 101|0x00000000e6500000, 0x00000000e6500000, 0x00000000e6600000|  0%| F|  |TAMS 0x00000000e6500000, 0x00000000e6500000| Untracked 
| 102|0x00000000e6600000, 0x00000000e6600000, 0x00000000e6700000|  0%| F|  |TAMS 0x00000000e6600000, 0x00000000e6600000| Untracked 
| 103|0x00000000e6700000, 0x00000000e6700000, 0x00000000e6800000|  0%| F|  |TAMS 0x00000000e6700000, 0x00000000e6700000| Untracked 
| 104|0x00000000e6800000, 0x00000000e6800000, 0x00000000e6900000|  0%| F|  |TAMS 0x00000000e6800000, 0x00000000e6800000| Untracked 
| 105|0x00000000e6900000, 0x00000000e6900000, 0x00000000e6a00000|  0%| F|  |TAMS 0x00000000e6900000, 0x00000000e6900000| Untracked 
| 106|0x00000000e6a00000, 0x00000000e6a00000, 0x00000000e6b00000|  0%| F|  |TAMS 0x00000000e6a00000, 0x00000000e6a00000| Untracked 
| 107|0x00000000e6b00000, 0x00000000e6b00000, 0x00000000e6c00000|  0%| F|  |TAMS 0x00000000e6b00000, 0x00000000e6b00000| Untracked 
| 108|0x00000000e6c00000, 0x00000000e6c00000, 0x00000000e6d00000|  0%| F|  |TAMS 0x00000000e6c00000, 0x00000000e6c00000| Untracked 
| 109|0x00000000e6d00000, 0x00000000e6d00000, 0x00000000e6e00000|  0%| F|  |TAMS 0x00000000e6d00000, 0x00000000e6d00000| Untracked 
| 110|0x00000000e6e00000, 0x00000000e6e00000, 0x00000000e6f00000|  0%| F|  |TAMS 0x00000000e6e00000, 0x00000000e6e00000| Untracked 
| 111|0x00000000e6f00000, 0x00000000e6f00000, 0x00000000e7000000|  0%| F|  |TAMS 0x00000000e6f00000, 0x00000000e6f00000| Untracked 
| 112|0x00000000e7000000, 0x00000000e7000000, 0x00000000e7100000|  0%| F|  |TAMS 0x00000000e7000000, 0x00000000e7000000| Untracked 
| 113|0x00000000e7100000, 0x00000000e7100000, 0x00000000e7200000|  0%| F|  |TAMS 0x00000000e7100000, 0x00000000e7100000| Untracked 
| 114|0x00000000e7200000, 0x00000000e7200000, 0x00000000e7300000|  0%| F|  |TAMS 0x00000000e7200000, 0x00000000e7200000| Untracked 
| 115|0x00000000e7300000, 0x00000000e7300000, 0x00000000e7400000|  0%| F|  |TAMS 0x00000000e7300000, 0x00000000e7300000| Untracked 
| 116|0x00000000e7400000, 0x00000000e7400000, 0x00000000e7500000|  0%| F|  |TAMS 0x00000000e7400000, 0x00000000e7400000| Untracked 
| 117|0x00000000e7500000, 0x00000000e7500000, 0x00000000e7600000|  0%| F|  |TAMS 0x00000000e7500000, 0x00000000e7500000| Untracked 
| 118|0x00000000e7600000, 0x00000000e7600000, 0x00000000e7700000|  0%| F|  |TAMS 0x00000000e7600000, 0x00000000e7600000| Untracked 
| 119|0x00000000e7700000, 0x00000000e7700000, 0x00000000e7800000|  0%| F|  |TAMS 0x00000000e7700000, 0x00000000e7700000| Untracked 
| 120|0x00000000e7800000, 0x00000000e7800000, 0x00000000e7900000|  0%| F|  |TAMS 0x00000000e7800000, 0x00000000e7800000| Untracked 
| 121|0x00000000e7900000, 0x00000000e7900000, 0x00000000e7a00000|  0%| F|  |TAMS 0x00000000e7900000, 0x00000000e7900000| Untracked 
| 122|0x00000000e7a00000, 0x00000000e7a00000, 0x00000000e7b00000|  0%| F|  |TAMS 0x00000000e7a00000, 0x00000000e7a00000| Untracked 
| 123|0x00000000e7b00000, 0x00000000e7b00000, 0x00000000e7c00000|  0%| F|  |TAMS 0x00000000e7b00000, 0x00000000e7b00000| Untracked 
| 124|0x00000000e7c00000, 0x00000000e7c00000, 0x00000000e7d00000|  0%| F|  |TAMS 0x00000000e7c00000, 0x00000000e7c00000| Untracked 
| 125|0x00000000e7d00000, 0x00000000e7d00000, 0x00000000e7e00000|  0%| F|  |TAMS 0x00000000e7d00000, 0x00000000e7d00000| Untracked 
| 126|0x00000000e7e00000, 0x00000000e7e00000, 0x00000000e7f00000|  0%| F|  |TAMS 0x00000000e7e00000, 0x00000000e7e00000| Untracked 
| 127|0x00000000e7f00000, 0x00000000e7f00000, 0x00000000e8000000|  0%| F|  |TAMS 0x00000000e7f00000, 0x00000000e7f00000| Untracked 
| 128|0x00000000e8000000, 0x00000000e8000000, 0x00000000e8100000|  0%| F|  |TAMS 0x00000000e8000000, 0x00000000e8000000| Untracked 
| 129|0x00000000e8100000, 0x00000000e8100000, 0x00000000e8200000|  0%| F|  |TAMS 0x00000000e8100000, 0x00000000e8100000| Untracked 
| 130|0x00000000e8200000, 0x00000000e8200000, 0x00000000e8300000|  0%| F|  |TAMS 0x00000000e8200000, 0x00000000e8200000| Untracked 
| 131|0x00000000e8300000, 0x00000000e8300000, 0x00000000e8400000|  0%| F|  |TAMS 0x00000000e8300000, 0x00000000e8300000| Untracked 
| 132|0x00000000e8400000, 0x00000000e8400000, 0x00000000e8500000|  0%| F|  |TAMS 0x00000000e8400000, 0x00000000e8400000| Untracked 
| 133|0x00000000e8500000, 0x00000000e8500000, 0x00000000e8600000|  0%| F|  |TAMS 0x00000000e8500000, 0x00000000e8500000| Untracked 
| 134|0x00000000e8600000, 0x00000000e8600000, 0x00000000e8700000|  0%| F|  |TAMS 0x00000000e8600000, 0x00000000e8600000| Untracked 
| 135|0x00000000e8700000, 0x00000000e8700000, 0x00000000e8800000|  0%| F|  |TAMS 0x00000000e8700000, 0x00000000e8700000| Untracked 
| 136|0x00000000e8800000, 0x00000000e8800000, 0x00000000e8900000|  0%| F|  |TAMS 0x00000000e8800000, 0x00000000e8800000| Untracked 
| 137|0x00000000e8900000, 0x00000000e8900000, 0x00000000e8a00000|  0%| F|  |TAMS 0x00000000e8900000, 0x00000000e8900000| Untracked 
| 138|0x00000000e8a00000, 0x00000000e8a00000, 0x00000000e8b00000|  0%| F|  |TAMS 0x00000000e8a00000, 0x00000000e8a00000| Untracked 
| 139|0x00000000e8b00000, 0x00000000e8b00000, 0x00000000e8c00000|  0%| F|  |TAMS 0x00000000e8b00000, 0x00000000e8b00000| Untracked 
| 140|0x00000000e8c00000, 0x00000000e8c00000, 0x00000000e8d00000|  0%| F|  |TAMS 0x00000000e8c00000, 0x00000000e8c00000| Untracked 
| 141|0x00000000e8d00000, 0x00000000e8d00000, 0x00000000e8e00000|  0%| F|  |TAMS 0x00000000e8d00000, 0x00000000e8d00000| Untracked 
| 142|0x00000000e8e00000, 0x00000000e8e00000, 0x00000000e8f00000|  0%| F|  |TAMS 0x00000000e8e00000, 0x00000000e8e00000| Untracked 
| 143|0x00000000e8f00000, 0x00000000e8f00000, 0x00000000e9000000|  0%| F|  |TAMS 0x00000000e8f00000, 0x00000000e8f00000| Untracked 
| 144|0x00000000e9000000, 0x00000000e9000000, 0x00000000e9100000|  0%| F|  |TAMS 0x00000000e9000000, 0x00000000e9000000| Untracked 
| 145|0x00000000e9100000, 0x00000000e9100000, 0x00000000e9200000|  0%| F|  |TAMS 0x00000000e9100000, 0x00000000e9100000| Untracked 
| 146|0x00000000e9200000, 0x00000000e9200000, 0x00000000e9300000|  0%| F|  |TAMS 0x00000000e9200000, 0x00000000e9200000| Untracked 
| 147|0x00000000e9300000, 0x00000000e9300000, 0x00000000e9400000|  0%| F|  |TAMS 0x00000000e9300000, 0x00000000e9300000| Untracked 
| 148|0x00000000e9400000, 0x00000000e9400000, 0x00000000e9500000|  0%| F|  |TAMS 0x00000000e9400000, 0x00000000e9400000| Untracked 
| 149|0x00000000e9500000, 0x00000000e9500000, 0x00000000e9600000|  0%| F|  |TAMS 0x00000000e9500000, 0x00000000e9500000| Untracked 
| 150|0x00000000e9600000, 0x00000000e9600000, 0x00000000e9700000|  0%| F|  |TAMS 0x00000000e9600000, 0x00000000e9600000| Untracked 
| 151|0x00000000e9700000, 0x00000000e9700000, 0x00000000e9800000|  0%| F|  |TAMS 0x00000000e9700000, 0x00000000e9700000| Untracked 
| 152|0x00000000e9800000, 0x00000000e9800000, 0x00000000e9900000|  0%| F|  |TAMS 0x00000000e9800000, 0x00000000e9800000| Untracked 
| 153|0x00000000e9900000, 0x00000000e9900000, 0x00000000e9a00000|  0%| F|  |TAMS 0x00000000e9900000, 0x00000000e9900000| Untracked 
| 154|0x00000000e9a00000, 0x00000000e9a00000, 0x00000000e9b00000|  0%| F|  |TAMS 0x00000000e9a00000, 0x00000000e9a00000| Untracked 
| 155|0x00000000e9b00000, 0x00000000e9b00000, 0x00000000e9c00000|  0%| F|  |TAMS 0x00000000e9b00000, 0x00000000e9b00000| Untracked 
| 156|0x00000000e9c00000, 0x00000000e9c00000, 0x00000000e9d00000|  0%| F|  |TAMS 0x00000000e9c00000, 0x00000000e9c00000| Untracked 
| 157|0x00000000e9d00000, 0x00000000e9d00000, 0x00000000e9e00000|  0%| F|  |TAMS 0x00000000e9d00000, 0x00000000e9d00000| Untracked 
| 158|0x00000000e9e00000, 0x00000000e9e00000, 0x00000000e9f00000|  0%| F|  |TAMS 0x00000000e9e00000, 0x00000000e9e00000| Untracked 
| 159|0x00000000e9f00000, 0x00000000e9f00000, 0x00000000ea000000|  0%| F|  |TAMS 0x00000000e9f00000, 0x00000000e9f00000| Untracked 
| 160|0x00000000ea000000, 0x00000000ea000000, 0x00000000ea100000|  0%| F|  |TAMS 0x00000000ea000000, 0x00000000ea000000| Untracked 
| 161|0x00000000ea100000, 0x00000000ea100000, 0x00000000ea200000|  0%| F|  |TAMS 0x00000000ea100000, 0x00000000ea100000| Untracked 
| 162|0x00000000ea200000, 0x00000000ea200000, 0x00000000ea300000|  0%| F|  |TAMS 0x00000000ea200000, 0x00000000ea200000| Untracked 
| 163|0x00000000ea300000, 0x00000000ea300000, 0x00000000ea400000|  0%| F|  |TAMS 0x00000000ea300000, 0x00000000ea300000| Untracked 
| 164|0x00000000ea400000, 0x00000000ea400000, 0x00000000ea500000|  0%| F|  |TAMS 0x00000000ea400000, 0x00000000ea400000| Untracked 
| 165|0x00000000ea500000, 0x00000000ea500000, 0x00000000ea600000|  0%| F|  |TAMS 0x00000000ea500000, 0x00000000ea500000| Untracked 
| 166|0x00000000ea600000, 0x00000000ea600000, 0x00000000ea700000|  0%| F|  |TAMS 0x00000000ea600000, 0x00000000ea600000| Untracked 
| 167|0x00000000ea700000, 0x00000000ea700000, 0x00000000ea800000|  0%| F|  |TAMS 0x00000000ea700000, 0x00000000ea700000| Untracked 
| 168|0x00000000ea800000, 0x00000000ea800000, 0x00000000ea900000|  0%| F|  |TAMS 0x00000000ea800000, 0x00000000ea800000| Untracked 
| 169|0x00000000ea900000, 0x00000000ea900000, 0x00000000eaa00000|  0%| F|  |TAMS 0x00000000ea900000, 0x00000000ea900000| Untracked 
| 170|0x00000000eaa00000, 0x00000000eaa00000, 0x00000000eab00000|  0%| F|  |TAMS 0x00000000eaa00000, 0x00000000eaa00000| Untracked 
| 171|0x00000000eab00000, 0x00000000eab00000, 0x00000000eac00000|  0%| F|  |TAMS 0x00000000eab00000, 0x00000000eab00000| Untracked 
| 172|0x00000000eac00000, 0x00000000eac00000, 0x00000000ead00000|  0%| F|  |TAMS 0x00000000eac00000, 0x00000000eac00000| Untracked 
| 173|0x00000000ead00000, 0x00000000ead00000, 0x00000000eae00000|  0%| F|  |TAMS 0x00000000ead00000, 0x00000000ead00000| Untracked 
| 174|0x00000000eae00000, 0x00000000eae00000, 0x00000000eaf00000|  0%| F|  |TAMS 0x00000000eae00000, 0x00000000eae00000| Untracked 
| 175|0x00000000eaf00000, 0x00000000eaf00000, 0x00000000eb000000|  0%| F|  |TAMS 0x00000000eaf00000, 0x00000000eaf00000| Untracked 
| 176|0x00000000eb000000, 0x00000000eb000000, 0x00000000eb100000|  0%| F|  |TAMS 0x00000000eb000000, 0x00000000eb000000| Untracked 
| 177|0x00000000eb100000, 0x00000000eb100000, 0x00000000eb200000|  0%| F|  |TAMS 0x00000000eb100000, 0x00000000eb100000| Untracked 
| 178|0x00000000eb200000, 0x00000000eb200000, 0x00000000eb300000|  0%| F|  |TAMS 0x00000000eb200000, 0x00000000eb200000| Untracked 
| 179|0x00000000eb300000, 0x00000000eb300000, 0x00000000eb400000|  0%| F|  |TAMS 0x00000000eb300000, 0x00000000eb300000| Untracked 
| 180|0x00000000eb400000, 0x00000000eb400000, 0x00000000eb500000|  0%| F|  |TAMS 0x00000000eb400000, 0x00000000eb400000| Untracked 
| 181|0x00000000eb500000, 0x00000000eb500000, 0x00000000eb600000|  0%| F|  |TAMS 0x00000000eb500000, 0x00000000eb500000| Untracked 
| 182|0x00000000eb600000, 0x00000000eb600000, 0x00000000eb700000|  0%| F|  |TAMS 0x00000000eb600000, 0x00000000eb600000| Untracked 
| 183|0x00000000eb700000, 0x00000000eb700000, 0x00000000eb800000|  0%| F|  |TAMS 0x00000000eb700000, 0x00000000eb700000| Untracked 
| 184|0x00000000eb800000, 0x00000000eb800000, 0x00000000eb900000|  0%| F|  |TAMS 0x00000000eb800000, 0x00000000eb800000| Untracked 
| 185|0x00000000eb900000, 0x00000000eb900000, 0x00000000eba00000|  0%| F|  |TAMS 0x00000000eb900000, 0x00000000eb900000| Untracked 
| 186|0x00000000eba00000, 0x00000000eba00000, 0x00000000ebb00000|  0%| F|  |TAMS 0x00000000eba00000, 0x00000000eba00000| Untracked 
| 187|0x00000000ebb00000, 0x00000000ebb00000, 0x00000000ebc00000|  0%| F|  |TAMS 0x00000000ebb00000, 0x00000000ebb00000| Untracked 
| 188|0x00000000ebc00000, 0x00000000ebc00000, 0x00000000ebd00000|  0%| F|  |TAMS 0x00000000ebc00000, 0x00000000ebc00000| Untracked 
| 189|0x00000000ebd00000, 0x00000000ebd00000, 0x00000000ebe00000|  0%| F|  |TAMS 0x00000000ebd00000, 0x00000000ebd00000| Untracked 
| 190|0x00000000ebe00000, 0x00000000ebe00000, 0x00000000ebf00000|  0%| F|  |TAMS 0x00000000ebe00000, 0x00000000ebe00000| Untracked 
| 191|0x00000000ebf00000, 0x00000000ebf00000, 0x00000000ec000000|  0%| F|  |TAMS 0x00000000ebf00000, 0x00000000ebf00000| Untracked 
| 192|0x00000000ec000000, 0x00000000ec000000, 0x00000000ec100000|  0%| F|  |TAMS 0x00000000ec000000, 0x00000000ec000000| Untracked 
| 193|0x00000000ec100000, 0x00000000ec100000, 0x00000000ec200000|  0%| F|  |TAMS 0x00000000ec100000, 0x00000000ec100000| Untracked 
| 194|0x00000000ec200000, 0x00000000ec200000, 0x00000000ec300000|  0%| F|  |TAMS 0x00000000ec200000, 0x00000000ec200000| Untracked 
| 195|0x00000000ec300000, 0x00000000ec300000, 0x00000000ec400000|  0%| F|  |TAMS 0x00000000ec300000, 0x00000000ec300000| Untracked 
| 196|0x00000000ec400000, 0x00000000ec400000, 0x00000000ec500000|  0%| F|  |TAMS 0x00000000ec400000, 0x00000000ec400000| Untracked 
| 197|0x00000000ec500000, 0x00000000ec500000, 0x00000000ec600000|  0%| F|  |TAMS 0x00000000ec500000, 0x00000000ec500000| Untracked 
| 198|0x00000000ec600000, 0x00000000ec600000, 0x00000000ec700000|  0%| F|  |TAMS 0x00000000ec600000, 0x00000000ec600000| Untracked 
| 199|0x00000000ec700000, 0x00000000ec700000, 0x00000000ec800000|  0%| F|  |TAMS 0x00000000ec700000, 0x00000000ec700000| Untracked 
| 200|0x00000000ec800000, 0x00000000ec800000, 0x00000000ec900000|  0%| F|  |TAMS 0x00000000ec800000, 0x00000000ec800000| Untracked 
| 201|0x00000000ec900000, 0x00000000ec900000, 0x00000000eca00000|  0%| F|  |TAMS 0x00000000ec900000, 0x00000000ec900000| Untracked 
| 202|0x00000000eca00000, 0x00000000eca00000, 0x00000000ecb00000|  0%| F|  |TAMS 0x00000000eca00000, 0x00000000eca00000| Untracked 
| 203|0x00000000ecb00000, 0x00000000ecb00000, 0x00000000ecc00000|  0%| F|  |TAMS 0x00000000ecb00000, 0x00000000ecb00000| Untracked 
| 204|0x00000000ecc00000, 0x00000000ecc00000, 0x00000000ecd00000|  0%| F|  |TAMS 0x00000000ecc00000, 0x00000000ecc00000| Untracked 
| 205|0x00000000ecd00000, 0x00000000ecd00000, 0x00000000ece00000|  0%| F|  |TAMS 0x00000000ecd00000, 0x00000000ecd00000| Untracked 
| 206|0x00000000ece00000, 0x00000000ece00000, 0x00000000ecf00000|  0%| F|  |TAMS 0x00000000ece00000, 0x00000000ece00000| Untracked 
| 207|0x00000000ecf00000, 0x00000000ecf00000, 0x00000000ed000000|  0%| F|  |TAMS 0x00000000ecf00000, 0x00000000ecf00000| Untracked 
| 208|0x00000000ed000000, 0x00000000ed0d6ec0, 0x00000000ed100000| 83%| S|CS|TAMS 0x00000000ed000000, 0x00000000ed000000| Complete 
| 209|0x00000000ed100000, 0x00000000ed200000, 0x00000000ed200000|100%| S|CS|TAMS 0x00000000ed100000, 0x00000000ed100000| Complete 
| 210|0x00000000ed200000, 0x00000000ed300000, 0x00000000ed300000|100%| S|CS|TAMS 0x00000000ed200000, 0x00000000ed200000| Complete 
| 211|0x00000000ed300000, 0x00000000ed300000, 0x00000000ed400000|  0%| F|  |TAMS 0x00000000ed300000, 0x00000000ed300000| Untracked 
| 212|0x00000000ed400000, 0x00000000ed400000, 0x00000000ed500000|  0%| F|  |TAMS 0x00000000ed400000, 0x00000000ed400000| Untracked 
| 213|0x00000000ed500000, 0x00000000ed500000, 0x00000000ed600000|  0%| F|  |TAMS 0x00000000ed500000, 0x00000000ed500000| Untracked 
| 214|0x00000000ed600000, 0x00000000ed600000, 0x00000000ed700000|  0%| F|  |TAMS 0x00000000ed600000, 0x00000000ed600000| Untracked 
| 215|0x00000000ed700000, 0x00000000ed700000, 0x00000000ed800000|  0%| F|  |TAMS 0x00000000ed700000, 0x00000000ed700000| Untracked 
| 216|0x00000000ed800000, 0x00000000ed800000, 0x00000000ed900000|  0%| F|  |TAMS 0x00000000ed800000, 0x00000000ed800000| Untracked 
| 217|0x00000000ed900000, 0x00000000ed900000, 0x00000000eda00000|  0%| F|  |TAMS 0x00000000ed900000, 0x00000000ed900000| Untracked 
| 218|0x00000000eda00000, 0x00000000eda00000, 0x00000000edb00000|  0%| F|  |TAMS 0x00000000eda00000, 0x00000000eda00000| Untracked 
| 219|0x00000000edb00000, 0x00000000edb00000, 0x00000000edc00000|  0%| F|  |TAMS 0x00000000edb00000, 0x00000000edb00000| Untracked 
| 220|0x00000000edc00000, 0x00000000edc80800, 0x00000000edd00000| 50%| E|  |TAMS 0x00000000edc00000, 0x00000000edc00000| Complete 
| 221|0x00000000edd00000, 0x00000000ede00000, 0x00000000ede00000|100%| E|CS|TAMS 0x00000000edd00000, 0x00000000edd00000| Complete 
| 222|0x00000000ede00000, 0x00000000edf00000, 0x00000000edf00000|100%| E|CS|TAMS 0x00000000ede00000, 0x00000000ede00000| Complete 
| 223|0x00000000edf00000, 0x00000000ee000000, 0x00000000ee000000|100%| E|CS|TAMS 0x00000000edf00000, 0x00000000edf00000| Complete 
| 224|0x00000000ee000000, 0x00000000ee100000, 0x00000000ee100000|100%| E|CS|TAMS 0x00000000ee000000, 0x00000000ee000000| Complete 
| 225|0x00000000ee100000, 0x00000000ee200000, 0x00000000ee200000|100%| E|CS|TAMS 0x00000000ee100000, 0x00000000ee100000| Complete 
| 226|0x00000000ee200000, 0x00000000ee300000, 0x00000000ee300000|100%| E|CS|TAMS 0x00000000ee200000, 0x00000000ee200000| Complete 
| 227|0x00000000ee300000, 0x00000000ee400000, 0x00000000ee400000|100%| E|CS|TAMS 0x00000000ee300000, 0x00000000ee300000| Complete 
| 228|0x00000000ee400000, 0x00000000ee500000, 0x00000000ee500000|100%| E|CS|TAMS 0x00000000ee400000, 0x00000000ee400000| Complete 
| 229|0x00000000ee500000, 0x00000000ee600000, 0x00000000ee600000|100%| E|CS|TAMS 0x00000000ee500000, 0x00000000ee500000| Complete 
| 230|0x00000000ee600000, 0x00000000ee700000, 0x00000000ee700000|100%| E|CS|TAMS 0x00000000ee600000, 0x00000000ee600000| Complete 
| 231|0x00000000ee700000, 0x00000000ee800000, 0x00000000ee800000|100%| E|CS|TAMS 0x00000000ee700000, 0x00000000ee700000| Complete 
| 232|0x00000000ee800000, 0x00000000ee900000, 0x00000000ee900000|100%| E|CS|TAMS 0x00000000ee800000, 0x00000000ee800000| Complete 
| 233|0x00000000ee900000, 0x00000000eea00000, 0x00000000eea00000|100%| E|CS|TAMS 0x00000000ee900000, 0x00000000ee900000| Complete 
| 234|0x00000000eea00000, 0x00000000eeb00000, 0x00000000eeb00000|100%| E|CS|TAMS 0x00000000eea00000, 0x00000000eea00000| Complete 
| 235|0x00000000eeb00000, 0x00000000eec00000, 0x00000000eec00000|100%| E|CS|TAMS 0x00000000eeb00000, 0x00000000eeb00000| Complete 
| 236|0x00000000eec00000, 0x00000000eed00000, 0x00000000eed00000|100%| E|CS|TAMS 0x00000000eec00000, 0x00000000eec00000| Complete 
| 237|0x00000000eed00000, 0x00000000eee00000, 0x00000000eee00000|100%| E|CS|TAMS 0x00000000eed00000, 0x00000000eed00000| Complete 
| 238|0x00000000eee00000, 0x00000000eef00000, 0x00000000eef00000|100%| E|CS|TAMS 0x00000000eee00000, 0x00000000eee00000| Complete 
| 239|0x00000000eef00000, 0x00000000ef000000, 0x00000000ef000000|100%| E|CS|TAMS 0x00000000eef00000, 0x00000000eef00000| Complete 
| 240|0x00000000ef000000, 0x00000000ef100000, 0x00000000ef100000|100%| E|CS|TAMS 0x00000000ef000000, 0x00000000ef000000| Complete 
| 241|0x00000000ef100000, 0x00000000ef200000, 0x00000000ef200000|100%| E|CS|TAMS 0x00000000ef100000, 0x00000000ef100000| Complete 
| 242|0x00000000ef200000, 0x00000000ef300000, 0x00000000ef300000|100%| E|CS|TAMS 0x00000000ef200000, 0x00000000ef200000| Complete 
| 243|0x00000000ef300000, 0x00000000ef400000, 0x00000000ef400000|100%| E|CS|TAMS 0x00000000ef300000, 0x00000000ef300000| Complete 
| 244|0x00000000ef400000, 0x00000000ef500000, 0x00000000ef500000|100%| E|CS|TAMS 0x00000000ef400000, 0x00000000ef400000| Complete 
| 245|0x00000000ef500000, 0x00000000ef600000, 0x00000000ef600000|100%| E|CS|TAMS 0x00000000ef500000, 0x00000000ef500000| Complete 
| 246|0x00000000ef600000, 0x00000000ef700000, 0x00000000ef700000|100%| E|CS|TAMS 0x00000000ef600000, 0x00000000ef600000| Complete 
| 247|0x00000000ef700000, 0x00000000ef800000, 0x00000000ef800000|100%| E|CS|TAMS 0x00000000ef700000, 0x00000000ef700000| Complete 
| 248|0x00000000ef800000, 0x00000000ef900000, 0x00000000ef900000|100%| E|CS|TAMS 0x00000000ef800000, 0x00000000ef800000| Complete 
| 249|0x00000000ef900000, 0x00000000efa00000, 0x00000000efa00000|100%| E|CS|TAMS 0x00000000ef900000, 0x00000000ef900000| Complete 
| 250|0x00000000efa00000, 0x00000000efb00000, 0x00000000efb00000|100%| E|CS|TAMS 0x00000000efa00000, 0x00000000efa00000| Complete 
| 251|0x00000000efb00000, 0x00000000efc00000, 0x00000000efc00000|100%| E|CS|TAMS 0x00000000efb00000, 0x00000000efb00000| Complete 
| 252|0x00000000efc00000, 0x00000000efd00000, 0x00000000efd00000|100%| E|CS|TAMS 0x00000000efc00000, 0x00000000efc00000| Complete 
| 253|0x00000000efd00000, 0x00000000efe00000, 0x00000000efe00000|100%| E|CS|TAMS 0x00000000efd00000, 0x00000000efd00000| Complete 
| 254|0x00000000efe00000, 0x00000000eff00000, 0x00000000eff00000|100%| E|CS|TAMS 0x00000000efe00000, 0x00000000efe00000| Complete 
| 255|0x00000000eff00000, 0x00000000f0000000, 0x00000000f0000000|100%| E|CS|TAMS 0x00000000eff00000, 0x00000000eff00000| Complete 

Card table byte_map: [0x0000012e721f0000,0x0000012e722f0000] _byte_map_base: 0x0000012e71af0000

Marking Bits (Prev, Next): (CMBitMap*) 0x0000012e5ad1a988, (CMBitMap*) 0x0000012e5ad1a9c8
 Prev Bits: [0x0000012e723f0000, 0x0000012e72bf0000)
 Next Bits: [0x0000012e72bf0000, 0x0000012e733f0000)

Polling page: 0x0000012e58ae0000

Metaspace:

Usage:
  Non-class:     13.42 MB capacity,    13.14 MB ( 98%) used,   258.60 KB (  2%) free+waste,    28.38 KB ( <1%) overhead. 
      Class:      2.46 MB capacity,     2.29 MB ( 93%) used,   160.39 KB (  6%) free+waste,    16.06 KB ( <1%) overhead. 
       Both:     15.89 MB capacity,    15.44 MB ( 97%) used,   418.99 KB (  3%) free+waste,    44.44 KB ( <1%) overhead. 

Virtual space:
  Non-class space:       14.00 MB reserved,      13.50 MB ( 96%) committed 
      Class space:      248.00 MB reserved,       2.50 MB (  1%) committed 
             Both:      262.00 MB reserved,      16.00 MB (  6%) committed 

Chunk freelists:
   Non-Class:  13.00 KB
       Class:  6.00 KB
        Both:  19.00 KB

MaxMetaspaceSize: 256.00 MB
CompressedClassSpaceSize: 248.00 MB

CodeHeap 'non-profiled nmethods': size=120000Kb used=841Kb max_used=841Kb free=119158Kb
 bounds [0x0000012e6acc0000, 0x0000012e6af30000, 0x0000012e721f0000]
CodeHeap 'profiled nmethods': size=120000Kb used=3875Kb max_used=3875Kb free=116124Kb
 bounds [0x0000012e63790000, 0x0000012e63b60000, 0x0000012e6acc0000]
CodeHeap 'non-nmethods': size=5760Kb used=1225Kb max_used=1245Kb free=4534Kb
 bounds [0x0000012e631f0000, 0x0000012e63460000, 0x0000012e63790000]
 total_blobs=3307 nmethods=1793 adapters=394
 compilation: enabled
              stopped_count=0, restarted_count=0
 full_count=0

Compilation events (20 events):
Event: 21.799 Thread 0x0000012e75a0a000 2018       3       java.lang.invoke.Invokers$Holder::linkToTargetMethod (9 bytes)
Event: 21.800 Thread 0x0000012e75a0a000 nmethod 2018 0x0000012e63b55090 code [0x0000012e63b55260, 0x0000012e63b556e0]
Event: 21.836 Thread 0x0000012e75a0a000 2020       3       java.lang.String::substring (68 bytes)
Event: 21.837 Thread 0x0000012e75a0a000 nmethod 2020 0x0000012e63b55790 code [0x0000012e63b559c0, 0x0000012e63b561a0]
Event: 21.838 Thread 0x0000012e75a0a000 2021       1       java.lang.invoke.MethodHandleImpl::isCompileConstant (2 bytes)
Event: 21.839 Thread 0x0000012e75a0a000 nmethod 2021 0x0000012e6ad91410 code [0x0000012e6ad915a0, 0x0000012e6ad91698]
Event: 21.860 Thread 0x0000012e75a0a000 2022   !   3       java.util.concurrent.LinkedBlockingQueue::poll (128 bytes)
Event: 21.862 Thread 0x0000012e75a0a000 nmethod 2022 0x0000012e63b56410 code [0x0000012e63b567c0, 0x0000012e63b581b0]
Event: 21.887 Thread 0x0000012e75a0a000 2023       1       java.util.concurrent.ConcurrentHashMap$MapEntry::getKey (5 bytes)
Event: 21.887 Thread 0x0000012e75a0a000 nmethod 2023 0x0000012e6ad91710 code [0x0000012e6ad918a0, 0x0000012e6ad919d8]
Event: 21.893 Thread 0x0000012e75a0a000 2025       3       org.gradle.launcher.daemon.server.exec.DaemonConnectionBackedEventConsumer$ForwardEvents::moreMessagesToSend (35 bytes)
Event: 21.894 Thread 0x0000012e75a0a000 nmethod 2025 0x0000012e63b58e10 code [0x0000012e63b58fc0, 0x0000012e63b59310]
Event: 21.894 Thread 0x0000012e75a0a000 2026   !   3       org.gradle.launcher.daemon.server.exec.DaemonConnectionBackedEventConsumer$ForwardEvents::getNextEvent (27 bytes)
Event: 21.894 Thread 0x0000012e75a0a000 nmethod 2026 0x0000012e63b59410 code [0x0000012e63b595c0, 0x0000012e63b598b0]
Event: 21.930 Thread 0x0000012e75a0a000 2027       3       sun.reflect.generics.visitor.Reifier::make (9 bytes)
Event: 21.930 Thread 0x0000012e75a0a000 nmethod 2027 0x0000012e63b59a10 code [0x0000012e63b59bc0, 0x0000012e63b59e78]
Event: 21.930 Thread 0x0000012e75a0a000 2028       3       sun.reflect.generics.visitor.Reifier::<init> (10 bytes)
Event: 21.930 Thread 0x0000012e75a0a000 nmethod 2028 0x0000012e63b59f90 code [0x0000012e63b5a140, 0x0000012e63b5a378]
Event: 21.930 Thread 0x0000012e75a0a000 2029       3       sun.reflect.generics.visitor.Reifier::getResult (26 bytes)
Event: 21.930 Thread 0x0000012e75a0a000 nmethod 2029 0x0000012e63b5a410 code [0x0000012e63b5a5c0, 0x0000012e63b5a758]

GC Heap History (8 events):
Event: 0.626 GC heap before
{Heap before GC invocations=0 (full 0):
 garbage-first heap   total 262144K, used 19456K [0x00000000e0000000, 0x0000000100000000)
  region size 1024K, 14 young (14336K), 0 survivors (0K)
 Metaspace       used 2116K, capacity 5501K, committed 5760K, reserved 262144K
  class space    used 245K, capacity 576K, committed 640K, reserved 253952K
}
Event: 0.633 GC heap after
{Heap after GC invocations=1 (full 0):
 garbage-first heap   total 262144K, used 7883K [0x00000000e0000000, 0x0000000100000000)
  region size 1024K, 2 young (2048K), 2 survivors (2048K)
 Metaspace       used 2116K, capacity 5501K, committed 5760K, reserved 262144K
  class space    used 245K, capacity 576K, committed 640K, reserved 253952K
}
Event: 2.189 GC heap before
{Heap before GC invocations=1 (full 0):
 garbage-first heap   total 262144K, used 19147K [0x00000000e0000000, 0x0000000100000000)
  region size 1024K, 13 young (13312K), 2 survivors (2048K)
 Metaspace       used 3739K, capacity 6540K, committed 6656K, reserved 262144K
  class space    used 478K, capacity 753K, committed 768K, reserved 253952K
}
Event: 2.192 GC heap after
{Heap after GC invocations=2 (full 0):
 garbage-first heap   total 262144K, used 8568K [0x00000000e0000000, 0x0000000100000000)
  region size 1024K, 1 young (1024K), 1 survivors (1024K)
 Metaspace       used 3739K, capacity 6540K, committed 6656K, reserved 262144K
  class space    used 478K, capacity 753K, committed 768K, reserved 253952K
}
Event: 14.033 GC heap before
{Heap before GC invocations=2 (full 0):
 garbage-first heap   total 262144K, used 36216K [0x00000000e0000000, 0x0000000100000000)
  region size 1024K, 29 young (29696K), 1 survivors (1024K)
 Metaspace       used 3999K, capacity 6660K, committed 6784K, reserved 262144K
  class space    used 503K, capacity 793K, committed 896K, reserved 253952K
}
Event: 14.036 GC heap after
{Heap after GC invocations=3 (full 0):
 garbage-first heap   total 262144K, used 12630K [0x00000000e0000000, 0x0000000100000000)
  region size 1024K, 4 young (4096K), 4 survivors (4096K)
 Metaspace       used 3999K, capacity 6660K, committed 6784K, reserved 262144K
  class space    used 503K, capacity 793K, committed 896K, reserved 253952K
}
Event: 19.137 GC heap before
{Heap before GC invocations=3 (full 0):
 garbage-first heap   total 262144K, used 54614K [0x00000000e0000000, 0x0000000100000000)
  region size 1024K, 45 young (46080K), 4 survivors (4096K)
 Metaspace       used 11221K, capacity 11585K, committed 11776K, reserved 264192K
  class space    used 1611K, capacity 1743K, committed 1792K, reserved 253952K
}
Event: 19.144 GC heap after
{Heap after GC invocations=4 (full 0):
 garbage-first heap   total 262144K, used 15595K [0x00000000e0000000, 0x0000000100000000)
  region size 1024K, 3 young (3072K), 3 survivors (3072K)
 Metaspace       used 11221K, capacity 11585K, committed 11776K, reserved 264192K
  class space    used 1611K, capacity 1743K, committed 1792K, reserved 253952K
}

Deoptimization events (20 events):
Event: 20.221 Thread 0x0000012e763c6000 Uncommon trap: trap_request=0xffffff45 fr.pc=0x0000012e6ad1312c relative=0x000000000000052c
Event: 20.221 Thread 0x0000012e763c6000 Uncommon trap: reason=unstable_if action=reinterpret pc=0x0000012e6ad1312c method=java.util.concurrent.ConcurrentHashMap.get(Ljava/lang/Object;)Ljava/lang/Object; @ 76 c2
Event: 20.221 Thread 0x0000012e763c6000 DEOPT PACKING pc=0x0000012e6ad1312c sp=0x000000246b1f9c00
Event: 20.221 Thread 0x0000012e763c6000 DEOPT UNPACKING pc=0x0000012e6323912f sp=0x000000246b1f9b98 mode 2
Event: 21.726 Thread 0x0000012e763c6000 Uncommon trap: trap_request=0xffffffc6 fr.pc=0x0000012e6ad212b4 relative=0x0000000000000094
Event: 21.726 Thread 0x0000012e763c6000 Uncommon trap: reason=bimorphic_or_optimized_type_check action=maybe_recompile pc=0x0000012e6ad212b4 method=java.util.AbstractList$Itr.hasNext()Z @ 8 c2
Event: 21.726 Thread 0x0000012e763c6000 DEOPT PACKING pc=0x0000012e6ad212b4 sp=0x000000246b1fb5e0
Event: 21.726 Thread 0x0000012e763c6000 DEOPT UNPACKING pc=0x0000012e6323912f sp=0x000000246b1fb578 mode 2
Event: 21.726 Thread 0x0000012e763c6000 Uncommon trap: trap_request=0xffffffc6 fr.pc=0x0000012e6ad216ec relative=0x000000000000014c
Event: 21.726 Thread 0x0000012e763c6000 Uncommon trap: reason=bimorphic_or_optimized_type_check action=maybe_recompile pc=0x0000012e6ad216ec method=java.util.AbstractList$Itr.next()Ljava/lang/Object; @ 14 c2
Event: 21.726 Thread 0x0000012e763c6000 DEOPT PACKING pc=0x0000012e6ad216ec sp=0x000000246b1fb5d0
Event: 21.726 Thread 0x0000012e763c6000 DEOPT UNPACKING pc=0x0000012e6323912f sp=0x000000246b1fb568 mode 2
Event: 21.726 Thread 0x0000012e763c6000 Uncommon trap: trap_request=0xffffff45 fr.pc=0x0000012e6ad22128 relative=0x00000000000005e8
Event: 21.726 Thread 0x0000012e763c6000 Uncommon trap: reason=unstable_if action=reinterpret pc=0x0000012e6ad22128 method=java.io.File.getName()Ljava/lang/String; @ 16 c2
Event: 21.726 Thread 0x0000012e763c6000 DEOPT PACKING pc=0x0000012e6ad22128 sp=0x000000246b1fc2d0
Event: 21.726 Thread 0x0000012e763c6000 DEOPT UNPACKING pc=0x0000012e6323912f sp=0x000000246b1fc2a0 mode 2
Event: 21.726 Thread 0x0000012e763c6000 Uncommon trap: trap_request=0xffffff45 fr.pc=0x0000012e6ad1d2b8 relative=0x0000000000000478
Event: 21.726 Thread 0x0000012e763c6000 Uncommon trap: reason=unstable_if action=reinterpret pc=0x0000012e6ad1d2b8 method=java.lang.String.substring(I)Ljava/lang/String; @ 34 c2
Event: 21.726 Thread 0x0000012e763c6000 DEOPT PACKING pc=0x0000012e6ad1d2b8 sp=0x000000246b1fc250
Event: 21.726 Thread 0x0000012e763c6000 DEOPT UNPACKING pc=0x0000012e6323912f sp=0x000000246b1fc228 mode 2

Classes unloaded (0 events):
No events

Classes redefined (0 events):
No events

Internal exceptions (20 events):
Event: 0.589 Thread 0x0000012e58c1e000 Exception <a 'java/lang/NoSuchMethodError'{0x00000000ef2125f0}: 'java.lang.Object java.lang.invoke.DirectMethodHandle$Holder.invokeVirtual(java.lang.Object, java.lang.Object, java.lang.Object, java.lang.Object, java.lang.Object)'> (0x00000000ef2125f0) 
thrown [t:/workspace/open/src/hotspot/share/interpreter/linkResolver.cpp, line 767]
Event: 14.927 Thread 0x0000012e58c1e000 Exception <a 'java/lang/NoSuchMethodError'{0x00000000ef579458}: 'java.lang.Object java.lang.invoke.DirectMethodHandle$Holder.invokeStaticInit(java.lang.Object, java.lang.Object, java.lang.Object)'> (0x00000000ef579458) 
thrown [t:/workspace/open/src/hotspot/share/interpreter/linkResolver.cpp, line 767]
Event: 15.222 Thread 0x0000012e58c1e000 Exception <a 'java/lang/NoSuchMethodError'{0x00000000ef3a9ee8}: 'java.lang.Object java.lang.invoke.Invokers$Holder.invoker(java.lang.Object, java.lang.Object, java.lang.Object, java.lang.Object, java.lang.Object)'> (0x00000000ef3a9ee8) 
thrown [t:/workspace/open/src/hotspot/share/interpreter/linkResolver.cpp, line 767]
Event: 15.226 Thread 0x0000012e58c1e000 Exception <a 'java/lang/NoSuchMethodError'{0x00000000ef3b9dc8}: 'void java.lang.invoke.DelegatingMethodHandle$Holder.delegate(java.lang.Object, java.lang.Object, int, java.lang.Object)'> (0x00000000ef3b9dc8) 
thrown [t:/workspace/open/src/hotspot/share/interpreter/linkResolver.cpp, line 767]
Event: 15.357 Thread 0x0000012e58c1e000 Exception <a 'java/lang/NoSuchMethodError'{0x00000000ef0da548}: 'java.lang.Object java.lang.invoke.DirectMethodHandle$Holder.invokeStaticInit(java.lang.Object, int, int, int, int)'> (0x00000000ef0da548) 
thrown [t:/workspace/open/src/hotspot/share/interpreter/linkResolver.cpp, line 767]
Event: 15.778 Thread 0x0000012e58c1e000 Exception <a 'java/lang/NoSuchMethodError'{0x00000000eef5c278}: 'java.lang.Object java.lang.invoke.DirectMethodHandle$Holder.invokeStaticInit(java.lang.Object, java.lang.Object, int, int, int, int)'> (0x00000000eef5c278) 
thrown [t:/workspace/open/src/hotspot/share/interpreter/linkResolver.cpp, line 767]
Event: 16.986 Thread 0x0000012e58c1e000 Exception <a 'java/io/IOException'{0x00000000eedc2bb0}> (0x00000000eedc2bb0) 
thrown [t:/workspace/open/src/hotspot/share/prims/jni.cpp, line 598]
Event: 17.221 Thread 0x0000012e7709e800 Exception <a 'java/lang/NoSuchMethodError'{0x00000000eeec5e60}: 'java.lang.Object java.lang.invoke.Invokers$Holder.linkToTargetMethod(java.lang.Object, int, java.lang.Object)'> (0x00000000eeec5e60) 
thrown [t:/workspace/open/src/hotspot/share/interpreter/linkResolver.cpp, line 767]
Event: 17.604 Thread 0x0000012e763c6000 Exception <a 'java/lang/NoSuchMethodError'{0x00000000ee9f3c78}: 'void java.lang.invoke.DelegatingMethodHandle$Holder.reinvoke_L(java.lang.Object, java.lang.Object, java.lang.Object, java.lang.Object)'> (0x00000000ee9f3c78) 
thrown [t:/workspace/open/src/hotspot/share/interpreter/linkResolver.cpp, line 767]
Event: 17.641 Thread 0x0000012e763c6000 Exception <a 'java/lang/NoSuchMethodError'{0x00000000ee828d20}: 'long java.lang.invoke.DirectMethodHandle$Holder.invokeInterface(java.lang.Object, java.lang.Object)'> (0x00000000ee828d20) 
thrown [t:/workspace/open/src/hotspot/share/interpreter/linkResolver.cpp, line 767]
Event: 17.643 Thread 0x0000012e763c6000 Exception <a 'java/lang/NoSuchMethodError'{0x00000000ee847f18}: 'void java.lang.invoke.DelegatingMethodHandle$Holder.reinvoke_L(java.lang.Object, java.lang.Object, java.lang.Object, java.lang.Object, java.lang.Object, java.lang.Object, java.lang.Object)'> (0x00000000ee847f18) 
thrown [t:/workspace/open/src/hotspot/share/interpreter/linkResolver.cpp, line 767]
Event: 18.117 Thread 0x0000012e763c6000 Exception <a 'java/lang/NoSuchMethodError'{0x00000000ee36bb60}: 'java.lang.Object java.lang.invoke.DirectMethodHandle$Holder.invokeVirtual(java.lang.Object, java.lang.Object, java.lang.Object)'> (0x00000000ee36bb60) 
thrown [t:/workspace/open/src/hotspot/share/interpreter/linkResolver.cpp, line 767]
Event: 19.399 Thread 0x0000012e763c6000 Exception <a 'java/lang/NoSuchMethodError'{0x00000000ef9607d8}: 'java.lang.Object java.lang.invoke.DirectMethodHandle$Holder.invokeVirtual(java.lang.Object, java.lang.Object, java.lang.Object, java.lang.Object)'> (0x00000000ef9607d8) 
thrown [t:/workspace/open/src/hotspot/share/interpreter/linkResolver.cpp, line 767]
Event: 19.670 Thread 0x0000012e763c6000 Exception <a 'java/lang/NoSuchMethodError'{0x00000000ef6a6480}: 'int java.lang.invoke.DirectMethodHandle$Holder.invokeSpecialIFC(java.lang.Object, java.lang.Object, java.lang.Object, java.lang.Object)'> (0x00000000ef6a6480) 
thrown [t:/workspace/open/src/hotspot/share/interpreter/linkResolver.cpp, line 767]
Event: 19.671 Thread 0x0000012e763c6000 Exception <a 'java/lang/NoSuchMethodError'{0x00000000ef6b4130}: 'java.lang.Object java.lang.invoke.DirectMethodHandle$Holder.invokeInterface(java.lang.Object, java.lang.Object, java.lang.Object)'> (0x00000000ef6b4130) 
thrown [t:/workspace/open/src/hotspot/share/interpreter/linkResolver.cpp, line 767]
Event: 19.672 Thread 0x0000012e763c6000 Exception <a 'java/lang/IncompatibleClassChangeError'{0x00000000ef6b7588}: Found class java.lang.Object, but interface was expected> (0x00000000ef6b7588) 
thrown [t:/workspace/open/src/hotspot/share/interpreter/linkResolver.cpp, line 833]
Event: 20.385 Thread 0x0000012e763c6000 Exception <a 'java/lang/NoSuchMethodError'{0x00000000eed93100}: 'void java.lang.invoke.DirectMethodHandle$Holder.invokeSpecial(java.lang.Object, java.lang.Object, java.lang.Object, java.lang.Object, java.lang.Object, java.lang.Object)'> (0x00000000eed93100) 
thrown [t:/workspace/open/src/hotspot/share/interpreter/linkResolver.cpp, line 767]
Event: 21.006 Thread 0x0000012e763c6000 Exception <a 'java/lang/NoSuchMethodError'{0x00000000ee9b8c58}: 'java.lang.Object java.lang.invoke.Invokers$Holder.invoker(java.lang.Object, java.lang.Object, java.lang.Object)'> (0x00000000ee9b8c58) 
thrown [t:/workspace/open/src/hotspot/share/interpreter/linkResolver.cpp, line 767]
Event: 21.085 Thread 0x0000012e763c6000 Exception <a 'java/lang/NoSuchMethodError'{0x00000000ee8c4ec0}: 'void java.lang.invoke.DirectMethodHandle$Holder.invokeSpecial(java.lang.Object, java.lang.Object, java.lang.Object, java.lang.Object, java.lang.Object, java.lang.Object, java.lang.Object)'> (0x00000000ee8c4ec0) 
thrown [t:/workspace/open/src/hotspot/share/interpreter/linkResolver.cpp, line 767]
Event: 21.086 Thread 0x0000012e763c6000 Exception <a 'java/lang/NoSuchMethodError'{0x00000000ee8ccb80}: 'java.lang.Object java.lang.invoke.Invokers$Holder.linkToTargetMethod(java.lang.Object, java.lang.Object, java.lang.Object, java.lang.Object, java.lang.Object, java.lang.Object)'> (0x00000000ee8ccb80) 
thrown [t:/workspace/open/src/hotspot/share/interpreter/linkResolver.cpp, line 767]

Events (20 events):
Event: 21.950 loading class org/gradle/api/internal/artifacts/ArtifactPublicationServices
Event: 21.950 loading class org/gradle/api/internal/artifacts/ArtifactPublicationServices done
Event: 21.951 loading class org/gradle/api/internal/artifacts/GlobalDependencyResolutionRules
Event: 21.951 loading class org/gradle/api/internal/artifacts/GlobalDependencyResolutionRules done
Event: 21.951 loading class org/gradle/api/internal/artifacts/transform/ArtifactTransforms
Event: 21.951 loading class org/gradle/api/internal/artifacts/transform/ArtifactTransforms done
Event: 21.952 loading class org/gradle/api/internal/artifacts/ConfigurationResolver
Event: 21.952 loading class org/gradle/api/internal/artifacts/ConfigurationResolver done
Event: 21.952 loading class org/gradle/api/internal/tasks/TaskResolver
Event: 21.952 loading class org/gradle/api/internal/tasks/TaskResolver done
Event: 21.953 loading class org/gradle/api/internal/artifacts/dsl/DefaultComponentModuleMetadataHandler
Event: 21.953 loading class org/gradle/api/internal/artifacts/dsl/DefaultComponentModuleMetadataHandler done
Event: 21.954 loading class org/gradle/api/artifacts/dsl/ComponentModuleMetadataHandler
Event: 21.954 loading class org/gradle/api/artifacts/dsl/ComponentModuleMetadataHandler done
Event: 21.954 loading class org/gradle/api/internal/artifacts/ComponentModuleMetadataProcessor
Event: 21.954 loading class org/gradle/api/internal/artifacts/ComponentModuleMetadataProcessor done
Event: 21.954 loading class org/gradle/api/internal/artifacts/configurations/ConfigurationContainerInternal
Event: 21.954 loading class org/gradle/api/internal/artifacts/configurations/ConfigurationContainerInternal done
Event: 21.955 loading class org/gradle/api/artifacts/ConfigurationContainer
Event: 21.955 loading class org/gradle/api/artifacts/ConfigurationContainer done


Dynamic libraries:
0x00007ff71f110000 - 0x00007ff71f11f000 	C:\Program Files\Java\jdk-13.0.2\bin\java.exe
0x00007ffca0c80000 - 0x00007ffca0e70000 	C:\WINDOWS\SYSTEM32\ntdll.dll
0x00007ffca0580000 - 0x00007ffca0632000 	C:\WINDOWS\System32\KERNEL32.DLL
0x00007ffc9e640000 - 0x00007ffc9e8e3000 	C:\WINDOWS\System32\KERNELBASE.dll
0x00007ffc9eb80000 - 0x00007ffc9ec7a000 	C:\WINDOWS\System32\ucrtbase.dll
0x00007ffc96e10000 - 0x00007ffc96e25000 	C:\Program Files\Java\jdk-13.0.2\bin\VCRUNTIME140.dll
0x00007ffc96a00000 - 0x00007ffc96a18000 	C:\Program Files\Java\jdk-13.0.2\bin\jli.dll
0x00007ffc9ef20000 - 0x00007ffc9efc3000 	C:\WINDOWS\System32\ADVAPI32.dll
0x00007ffc9f730000 - 0x00007ffc9f7ce000 	C:\WINDOWS\System32\msvcrt.dll
0x00007ffca0370000 - 0x00007ffca0407000 	C:\WINDOWS\System32\sechost.dll
0x00007ffc9fbe0000 - 0x00007ffc9fd00000 	C:\WINDOWS\System32\RPCRT4.dll
0x00007ffc9f7d0000 - 0x00007ffc9f964000 	C:\WINDOWS\System32\USER32.dll
0x00007ffc9eb50000 - 0x00007ffc9eb71000 	C:\WINDOWS\System32\win32u.dll
0x00007ffc8a630000 - 0x00007ffc8a8b5000 	C:\WINDOWS\WinSxS\amd64_microsoft.windows.common-controls_6595b64144ccf1df_6.0.18362.778_none_e6c6b761130d4fb8\COMCTL32.dll
0x00007ffc9ee20000 - 0x00007ffc9ee46000 	C:\WINDOWS\System32\GDI32.dll
0x00007ffc9e3f0000 - 0x00007ffc9e584000 	C:\WINDOWS\System32\gdi32full.dll
0x00007ffc9fe10000 - 0x00007ffca0146000 	C:\WINDOWS\System32\combase.dll
0x00007ffc9eab0000 - 0x00007ffc9eb4e000 	C:\WINDOWS\System32\msvcp_win.dll
0x00007ffc9ec80000 - 0x00007ffc9ed00000 	C:\WINDOWS\System32\bcryptPrimitives.dll
0x00007ffc97580000 - 0x00007ffc9758a000 	C:\WINDOWS\SYSTEM32\VERSION.dll
0x00007ffc9fde0000 - 0x00007ffc9fe0e000 	C:\WINDOWS\System32\IMM32.DLL
0x00007ffc72510000 - 0x00007ffc725ab000 	C:\Program Files\Java\jdk-13.0.2\bin\msvcp140.dll
0x00007ffc61ad0000 - 0x00007ffc6262d000 	C:\Program Files\Java\jdk-13.0.2\bin\server\jvm.dll
0x00007ffca0410000 - 0x00007ffca0418000 	C:\WINDOWS\System32\PSAPI.DLL
0x00007ffc97590000 - 0x00007ffc97599000 	C:\WINDOWS\SYSTEM32\WSOCK32.dll
0x00007ffc9fd70000 - 0x00007ffc9fddf000 	C:\WINDOWS\System32\WS2_32.dll
0x00007ffc9a890000 - 0x00007ffc9a8b4000 	C:\WINDOWS\SYSTEM32\WINMM.dll
0x00007ffc9a860000 - 0x00007ffc9a88d000 	C:\WINDOWS\SYSTEM32\WINMMBASE.dll
0x00007ffc9ea60000 - 0x00007ffc9eaaa000 	C:\WINDOWS\System32\cfgmgr32.dll
0x00007ffc9db50000 - 0x00007ffc9db61000 	C:\WINDOWS\System32\kernel.appcore.dll
0x00007ffc97130000 - 0x00007ffc97140000 	C:\Program Files\Java\jdk-13.0.2\bin\verify.dll
0x00007ffc89c40000 - 0x00007ffc89e34000 	C:\WINDOWS\SYSTEM32\DBGHELP.DLL
0x00007ffc879c0000 - 0x00007ffc879ea000 	C:\WINDOWS\SYSTEM32\dbgcore.DLL
0x00007ffc85890000 - 0x00007ffc858b6000 	C:\Program Files\Java\jdk-13.0.2\bin\java.dll
0x00007ffc90d20000 - 0x00007ffc90d37000 	C:\Program Files\Java\jdk-13.0.2\bin\zip.dll
0x00007ffc96e00000 - 0x00007ffc96e0a000 	C:\Program Files\Java\jdk-13.0.2\bin\jimage.dll
0x00007ffc9f040000 - 0x00007ffc9f725000 	C:\WINDOWS\System32\SHELL32.dll
0x00007ffca06c0000 - 0x00007ffca0769000 	C:\WINDOWS\System32\shcore.dll
0x00007ffc9dc70000 - 0x00007ffc9e3f0000 	C:\WINDOWS\System32\windows.storage.dll
0x00007ffc9db90000 - 0x00007ffc9dbb3000 	C:\WINDOWS\System32\profapi.dll
0x00007ffc9dbc0000 - 0x00007ffc9dc0a000 	C:\WINDOWS\System32\powrprof.dll
0x00007ffc9db40000 - 0x00007ffc9db50000 	C:\WINDOWS\System32\UMPDC.dll
0x00007ffca0770000 - 0x00007ffca07c2000 	C:\WINDOWS\System32\shlwapi.dll
0x00007ffc9e8f0000 - 0x00007ffc9e907000 	C:\WINDOWS\System32\cryptsp.dll
0x00007ffc8f540000 - 0x00007ffc8f559000 	C:\Program Files\Java\jdk-13.0.2\bin\net.dll
0x00007ffc993e0000 - 0x00007ffc994d0000 	C:\WINDOWS\SYSTEM32\WINHTTP.dll
0x00007ffc9d3b0000 - 0x00007ffc9d417000 	C:\WINDOWS\system32\mswsock.dll
0x00007ffc8c4c0000 - 0x00007ffc8c4d3000 	C:\Program Files\Java\jdk-13.0.2\bin\nio.dll
0x00007ffc84c30000 - 0x00007ffc84c56000 	C:\Users\arpan\.gradle\native\30\windows-amd64\native-platform.dll
0x00007ffc96a40000 - 0x00007ffc96a49000 	C:\Program Files\Java\jdk-13.0.2\bin\management.dll
0x00007ffc96320000 - 0x00007ffc9632b000 	C:\Program Files\Java\jdk-13.0.2\bin\management_ext.dll
0x00007ffc9cf20000 - 0x00007ffc9cf53000 	C:\WINDOWS\system32\rsaenh.dll
0x00007ffc9ed00000 - 0x00007ffc9ed26000 	C:\WINDOWS\System32\bcrypt.dll
0x00007ffc9da60000 - 0x00007ffc9da85000 	C:\WINDOWS\SYSTEM32\USERENV.dll
0x00007ffc9d580000 - 0x00007ffc9d58c000 	C:\WINDOWS\SYSTEM32\CRYPTBASE.dll
0x00007ffc9d0c0000 - 0x00007ffc9d0fa000 	C:\WINDOWS\SYSTEM32\IPHLPAPI.DLL
0x00007ffc9f030000 - 0x00007ffc9f038000 	C:\WINDOWS\System32\NSI.dll
0x00007ffc97110000 - 0x00007ffc97126000 	C:\WINDOWS\SYSTEM32\dhcpcsvc6.DLL
0x00007ffc970f0000 - 0x00007ffc9710c000 	C:\WINDOWS\SYSTEM32\dhcpcsvc.DLL
0x00007ffc9d100000 - 0x00007ffc9d1ca000 	C:\WINDOWS\SYSTEM32\DNSAPI.dll

dbghelp: loaded successfully - version: 4.0.5 - missing functions: none
symbol engine: initialized successfully - sym options: 0x614 - pdb path: .;C:\Program Files\Java\jdk-13.0.2\bin;C:\WINDOWS\SYSTEM32;C:\WINDOWS\WinSxS\amd64_microsoft.windows.common-controls_6595b64144ccf1df_6.0.18362.778_none_e6c6b761130d4fb8;C:\Program Files\Java\jdk-13.0.2\bin\server;C:\Users\arpan\.gradle\native\30\windows-amd64

VM Arguments:
jvm_args: --add-opens=java.base/java.util=ALL-UNNAMED --add-opens=java.base/java.lang=ALL-UNNAMED --add-opens=java.base/java.lang.invoke=ALL-UNNAMED --add-opens=java.prefs/java.util.prefs=ALL-UNNAMED -XX:MaxMetaspaceSize=256m -XX:+HeapDumpOnOutOfMemoryError -Xms256m -Xmx512m -Dfile.encoding=windows-1252 -Duser.country=US -Duser.language=en -Duser.variant 
java_command: org.gradle.launcher.daemon.bootstrap.GradleDaemon 6.0
java_class_path (initial): C:\Users\arpan\.gradle\wrapper\dists\gradle-6.0-all\cra2s42cvogxluqqpvbc5e9xd\gradle-6.0\lib\gradle-launcher-6.0.jar
Launcher Type: SUN_STANDARD

[Global flags]
     intx CICompilerCount                          = 3                                         {product} {ergonomic}
   size_t CompressedClassSpaceSize                 = 260046848                                 {product} {ergonomic}
     uint ConcGCThreads                            = 1                                         {product} {ergonomic}
     uint G1ConcRefinementThreads                  = 4                                         {product} {ergonomic}
   size_t G1HeapRegionSize                         = 1048576                                   {product} {ergonomic}
    uintx GCDrainStackTargetSize                   = 64                                        {product} {ergonomic}
     bool HeapDumpOnOutOfMemoryError               = true                                   {manageable} {command line}
   size_t InitialHeapSize                          = 268435456                                 {product} {command line}
   size_t MarkStackSize                            = 4194304                                   {product} {ergonomic}
   size_t MaxHeapSize                              = 536870912                                 {product} {command line}
   size_t MaxMetaspaceSize                         = 268435456                                 {product} {command line}
   size_t MaxNewSize                               = 321912832                                 {product} {ergonomic}
   size_t MinHeapDeltaBytes                        = 1048576                                   {product} {ergonomic}
   size_t MinHeapSize                              = 268435456                                 {product} {command line}
    uintx NonNMethodCodeHeapSize                   = 5832780                                {pd product} {ergonomic}
    uintx NonProfiledCodeHeapSize                  = 122912730                              {pd product} {ergonomic}
    uintx ProfiledCodeHeapSize                     = 122912730                              {pd product} {ergonomic}
    uintx ReservedCodeCacheSize                    = 251658240                              {pd product} {ergonomic}
     bool SegmentedCodeCache                       = true                                      {product} {ergonomic}
   size_t SoftMaxHeapSize                          = 536870912                              {manageable} {ergonomic}
     bool UseCompressedClassPointers               = true                                 {lp64_product} {ergonomic}
     bool UseCompressedOops                        = true                                 {lp64_product} {ergonomic}
     bool UseG1GC                                  = true                                      {product} {ergonomic}
     bool UseLargePagesIndividualAllocation        = false                                  {pd product} {ergonomic}

Logging:
Log output configuration:
 #0: stdout all=warning uptime,level,tags
 #1: stderr all=off uptime,level,tags

Environment Variables:
JAVA_HOME=C:\Program Files\Java\jdk-13.0.2
CLASSPATH=E:\reactnative\AnimalFarm\android\\gradle\wrapper\gradle-wrapper.jar
PATH=C:\Program Files (x86)\Common Files\Oracle\Java\javapath;C:\Program Files\Java\jdk-13.0.2\bin;C:\PROGRA~1\PTC\MKSTOO~1\bin64;C:\PROGRA~1\PTC\MKSTOO~1\bin;C:\PROGRA~1\PTC\MKSTOO~1\bin\X11;C:\PROGRA~1\PTC\MKSTOO~1\mksnt;C:\Program Files (x86)\Intel\iCLS Client\;C:\Program Files\Intel\iCLS Client\;C:\ProgramData\Oracle\Java\javapath;C:\WINDOWS\system32;C:\WINDOWS;C:\WINDOWS\System32\Wbem;C:\WINDOWS\System32\WindowsPowerShell\v1.0\;C:\Program Files (x86)\NVIDIA Corporation\PhysX\Common;C:\WINDOWS\System32\OpenSSH\;C:\Program Files (x86)\Intel\Intel(R) Management Engine Components\DAL;C:\Program Files\Intel\Intel(R) Management Engine Components\DAL;C:\Program Files (x86)\Intel\Intel(R) Management Engine Components\IPT;C:\Program Files\Intel\Intel(R) Management Engine Components\IPT;C:\Program Files\NVIDIA Corporation\NVIDIA NvDLISR;C:\WINDOWS\system32;C:\WINDOWS;C:\WINDOWS\System32\Wbem;C:\WINDOWS\System32\WindowsPowerShell\v1.0\;C:\WINDOWS\System32\OpenSSH\;C:\Program Files\Microsoft VS Code\bin;C:\Program Files (x86)\Brackets\command;C:\ProgramData\chocolatey\bin;C:\Program Files\Java\jdk1.8.0_231\bin;c:\Users\arpan\AppData\Local\Android\Sdk\platform-tools;C:\Program Files\Git\cmd;C:\Program Files\nodejs\;C:\Program Files\Java\jre1.8.0_241\bin;C:\Program Files\Java\jdk-13.0.2\bin;c:\Users\arpan\AppData\Local\Android\Sdk\platform-tools;C:\Users\arpan\AppData\Local\Microsoft\WindowsApps;C:\Program Files\Microsoft VS Code\bin;C:\Program Files\Java\jdk-12.0.2\bin;C:\Program Files\heroku\bin;C:\Users\arpan\AppData\Roaming\npm;
USERNAME=arpan
DISPLAY=:0.0
OS=Windows_NT
PROCESSOR_IDENTIFIER=Intel64 Family 6 Model 142 Stepping 9, GenuineIntel



---------------  S Y S T E M  ---------------

OS: Windows 10 , 64 bit Build 18362 (10.0.18362.778)

CPU:total 4 (initial active 4) (2 cores per cpu, 2 threads per core) family 6 model 142 stepping 9, cmov, cx8, fxsr, mmx, sse, sse2, sse3, ssse3, sse4.1, sse4.2, popcnt, avx, avx2, aes, clmul, erms, 3dnowpref, lzcnt, ht, tsc, tscinvbit, bmi1, bmi2, adx, fma

Memory: 4k page, system-wide physical 8060M (1563M free)
TotalPageFile size 8060M (AvailPageFile size 2M)
current process WorkingSet (physical memory assigned to process): 149M, peak: 149M
current process commit charge ("private bytes"): 393M, peak: 393M

vm_info: Java HotSpot(TM) 64-Bit Server VM (13.0.2+8) for windows-amd64 JRE (13.0.2+8), built on Dec 11 2019 09:20:33 by "mach5one" with unknown MS VC++:1916

END.
